<?xml version="1.0" encoding="UTF-8"?>
<testsuite xmlns:xsi="http://www.w3.org/2001/XMLSchema-instance" xsi:noNamespaceSchemaLocation="https://maven.apache.org/surefire/maven-surefire-plugin/xsd/surefire-test-report-3.0.xsd" version="3.0" name="ApiTest" time="10.255" tests="8" errors="0" skipped="0" failures="0">
  <properties>
    <property name="java.specification.version" value="24"/>
    <property name="sun.cpu.isalist" value="amd64"/>
    <property name="sun.jnu.encoding" value="Cp1251"/>
    <property name="java.class.path" value="C:\Users\Sergey\IdeaProjects\RestAssured\target\test-classes;C:\Users\Sergey\IdeaProjects\RestAssured\target\classes;C:\Users\Sergey\.m2\repository\org\junit\jupiter\junit-jupiter-params\5.9.2\junit-jupiter-params-5.9.2.jar;C:\Users\Sergey\.m2\repository\org\apiguardian\apiguardian-api\1.1.2\apiguardian-api-1.1.2.jar;C:\Users\Sergey\.m2\repository\io\qameta\allure\allure-rest-assured\2.24.0\allure-rest-assured-2.24.0.jar;C:\Users\Sergey\.m2\repository\io\qameta\allure\allure-attachments\2.24.0\allure-attachments-2.24.0.jar;C:\Users\Sergey\.m2\repository\io\qameta\allure\allure-java-commons\2.24.0\allure-java-commons-2.24.0.jar;C:\Users\Sergey\.m2\repository\org\slf4j\slf4j-api\1.7.36\slf4j-api-1.7.36.jar;C:\Users\Sergey\.m2\repository\io\qameta\allure\allure-model\2.24.0\allure-model-2.24.0.jar;C:\Users\Sergey\.m2\repository\org\freemarker\freemarker\2.3.31\freemarker-2.3.31.jar;C:\Users\Sergey\.m2\repository\io\qameta\allure\allure-junit5\2.24.0\allure-junit5-2.24.0.jar;C:\Users\Sergey\.m2\repository\io\qameta\allure\allure-junit-platform\2.24.0\allure-junit-platform-2.24.0.jar;C:\Users\Sergey\.m2\repository\io\qameta\allure\allure-test-filter\2.24.0\allure-test-filter-2.24.0.jar;C:\Users\Sergey\.m2\repository\org\junit\platform\junit-platform-launcher\1.9.2\junit-platform-launcher-1.9.2.jar;C:\Users\Sergey\.m2\repository\io\rest-assured\rest-assured\5.3.0\rest-assured-5.3.0.jar;C:\Users\Sergey\.m2\repository\org\apache\groovy\groovy\4.0.6\groovy-4.0.6.jar;C:\Users\Sergey\.m2\repository\org\apache\groovy\groovy-xml\4.0.6\groovy-xml-4.0.6.jar;C:\Users\Sergey\.m2\repository\org\apache\httpcomponents\httpclient\4.5.13\httpclient-4.5.13.jar;C:\Users\Sergey\.m2\repository\org\apache\httpcomponents\httpcore\4.4.13\httpcore-4.4.13.jar;C:\Users\Sergey\.m2\repository\commons-logging\commons-logging\1.2\commons-logging-1.2.jar;C:\Users\Sergey\.m2\repository\commons-codec\commons-codec\1.11\commons-codec-1.11.jar;C:\Users\Sergey\.m2\repository\org\apache\httpcomponents\httpmime\4.5.13\httpmime-4.5.13.jar;C:\Users\Sergey\.m2\repository\org\ccil\cowan\tagsoup\tagsoup\1.2.1\tagsoup-1.2.1.jar;C:\Users\Sergey\.m2\repository\io\rest-assured\json-path\5.3.0\json-path-5.3.0.jar;C:\Users\Sergey\.m2\repository\org\apache\groovy\groovy-json\4.0.6\groovy-json-4.0.6.jar;C:\Users\Sergey\.m2\repository\io\rest-assured\rest-assured-common\5.3.0\rest-assured-common-5.3.0.jar;C:\Users\Sergey\.m2\repository\io\rest-assured\xml-path\5.3.0\xml-path-5.3.0.jar;C:\Users\Sergey\.m2\repository\org\apache\commons\commons-lang3\3.11\commons-lang3-3.11.jar;C:\Users\Sergey\.m2\repository\org\hamcrest\hamcrest\2.2\hamcrest-2.2.jar;C:\Users\Sergey\.m2\repository\org\junit\jupiter\junit-jupiter-api\5.9.2\junit-jupiter-api-5.9.2.jar;C:\Users\Sergey\.m2\repository\org\opentest4j\opentest4j\1.2.0\opentest4j-1.2.0.jar;C:\Users\Sergey\.m2\repository\org\junit\platform\junit-platform-commons\1.9.2\junit-platform-commons-1.9.2.jar;C:\Users\Sergey\.m2\repository\org\junit\jupiter\junit-jupiter-engine\5.9.2\junit-jupiter-engine-5.9.2.jar;C:\Users\Sergey\.m2\repository\org\junit\platform\junit-platform-engine\1.9.2\junit-platform-engine-1.9.2.jar;"/>
    <property name="java.vm.vendor" value="Oracle Corporation"/>
    <property name="sun.arch.data.model" value="64"/>
    <property name="user.variant" value=""/>
    <property name="java.vendor.url" value="https://java.oracle.com/"/>
    <property name="user.timezone" value="Europe/Volgograd"/>
    <property name="user.country.format" value="RU"/>
    <property name="os.name" value="Windows 11"/>
    <property name="java.vm.specification.version" value="24"/>
    <property name="sun.java.launcher" value="SUN_STANDARD"/>
    <property name="user.country" value="GB"/>
    <property name="sun.boot.library.path" value="C:\Program Files\Java\jdk-24\bin"/>
    <property name="sun.java.command" value="C:\Users\Sergey\AppData\Local\Temp\surefire600605908333166429\surefirebooter-20250620205114283_3.jar C:\Users\Sergey\AppData\Local\Temp\surefire600605908333166429 2025-06-20T20-51-14_146-jvmRun1 surefire-20250620205114283_1tmp surefire_0-20250620205114283_2tmp"/>
    <property name="jdk.debug" value="release"/>
    <property name="surefire.test.class.path" value="C:\Users\Sergey\IdeaProjects\RestAssured\target\test-classes;C:\Users\Sergey\IdeaProjects\RestAssured\target\classes;C:\Users\Sergey\.m2\repository\org\junit\jupiter\junit-jupiter-params\5.9.2\junit-jupiter-params-5.9.2.jar;C:\Users\Sergey\.m2\repository\org\apiguardian\apiguardian-api\1.1.2\apiguardian-api-1.1.2.jar;C:\Users\Sergey\.m2\repository\io\qameta\allure\allure-rest-assured\2.24.0\allure-rest-assured-2.24.0.jar;C:\Users\Sergey\.m2\repository\io\qameta\allure\allure-attachments\2.24.0\allure-attachments-2.24.0.jar;C:\Users\Sergey\.m2\repository\io\qameta\allure\allure-java-commons\2.24.0\allure-java-commons-2.24.0.jar;C:\Users\Sergey\.m2\repository\org\slf4j\slf4j-api\1.7.36\slf4j-api-1.7.36.jar;C:\Users\Sergey\.m2\repository\io\qameta\allure\allure-model\2.24.0\allure-model-2.24.0.jar;C:\Users\Sergey\.m2\repository\org\freemarker\freemarker\2.3.31\freemarker-2.3.31.jar;C:\Users\Sergey\.m2\repository\io\qameta\allure\allure-junit5\2.24.0\allure-junit5-2.24.0.jar;C:\Users\Sergey\.m2\repository\io\qameta\allure\allure-junit-platform\2.24.0\allure-junit-platform-2.24.0.jar;C:\Users\Sergey\.m2\repository\io\qameta\allure\allure-test-filter\2.24.0\allure-test-filter-2.24.0.jar;C:\Users\Sergey\.m2\repository\org\junit\platform\junit-platform-launcher\1.9.2\junit-platform-launcher-1.9.2.jar;C:\Users\Sergey\.m2\repository\io\rest-assured\rest-assured\5.3.0\rest-assured-5.3.0.jar;C:\Users\Sergey\.m2\repository\org\apache\groovy\groovy\4.0.6\groovy-4.0.6.jar;C:\Users\Sergey\.m2\repository\org\apache\groovy\groovy-xml\4.0.6\groovy-xml-4.0.6.jar;C:\Users\Sergey\.m2\repository\org\apache\httpcomponents\httpclient\4.5.13\httpclient-4.5.13.jar;C:\Users\Sergey\.m2\repository\org\apache\httpcomponents\httpcore\4.4.13\httpcore-4.4.13.jar;C:\Users\Sergey\.m2\repository\commons-logging\commons-logging\1.2\commons-logging-1.2.jar;C:\Users\Sergey\.m2\repository\commons-codec\commons-codec\1.11\commons-codec-1.11.jar;C:\Users\Sergey\.m2\repository\org\apache\httpcomponents\httpmime\4.5.13\httpmime-4.5.13.jar;C:\Users\Sergey\.m2\repository\org\ccil\cowan\tagsoup\tagsoup\1.2.1\tagsoup-1.2.1.jar;C:\Users\Sergey\.m2\repository\io\rest-assured\json-path\5.3.0\json-path-5.3.0.jar;C:\Users\Sergey\.m2\repository\org\apache\groovy\groovy-json\4.0.6\groovy-json-4.0.6.jar;C:\Users\Sergey\.m2\repository\io\rest-assured\rest-assured-common\5.3.0\rest-assured-common-5.3.0.jar;C:\Users\Sergey\.m2\repository\io\rest-assured\xml-path\5.3.0\xml-path-5.3.0.jar;C:\Users\Sergey\.m2\repository\org\apache\commons\commons-lang3\3.11\commons-lang3-3.11.jar;C:\Users\Sergey\.m2\repository\org\hamcrest\hamcrest\2.2\hamcrest-2.2.jar;C:\Users\Sergey\.m2\repository\org\junit\jupiter\junit-jupiter-api\5.9.2\junit-jupiter-api-5.9.2.jar;C:\Users\Sergey\.m2\repository\org\opentest4j\opentest4j\1.2.0\opentest4j-1.2.0.jar;C:\Users\Sergey\.m2\repository\org\junit\platform\junit-platform-commons\1.9.2\junit-platform-commons-1.9.2.jar;C:\Users\Sergey\.m2\repository\org\junit\jupiter\junit-jupiter-engine\5.9.2\junit-jupiter-engine-5.9.2.jar;C:\Users\Sergey\.m2\repository\org\junit\platform\junit-platform-engine\1.9.2\junit-platform-engine-1.9.2.jar;"/>
    <property name="allure.results.directory" value="target/allure-results"/>
    <property name="sun.cpu.endian" value="little"/>
    <property name="user.home" value="C:\Users\Sergey"/>
    <property name="user.language" value="en"/>
    <property name="java.specification.vendor" value="Oracle Corporation"/>
    <property name="java.version.date" value="2025-04-15"/>
    <property name="java.home" value="C:\Program Files\Java\jdk-24"/>
    <property name="file.separator" value="\"/>
    <property name="basedir" value="C:\Users\Sergey\IdeaProjects\RestAssured"/>
    <property name="java.vm.compressedOopsMode" value="Zero based"/>
    <property name="line.separator" value="&#10;"/>
    <property name="java.vm.specification.vendor" value="Oracle Corporation"/>
    <property name="java.specification.name" value="Java Platform API Specification"/>
    <property name="surefire.real.class.path" value="C:\Users\Sergey\AppData\Local\Temp\surefire600605908333166429\surefirebooter-20250620205114283_3.jar"/>
    <property name="user.script" value=""/>
    <property name="sun.management.compiler" value="HotSpot 64-Bit Tiered Compilers"/>
    <property name="java.runtime.version" value="24.0.1+9-30"/>
    <property name="user.name" value="Sergey"/>
    <property name="stdout.encoding" value="Cp1251"/>
    <property name="path.separator" value=";"/>
    <property name="os.version" value="10.0"/>
    <property name="java.runtime.name" value="Java(TM) SE Runtime Environment"/>
    <property name="file.encoding" value="UTF-8"/>
    <property name="java.vm.name" value="Java HotSpot(TM) 64-Bit Server VM"/>
    <property name="localRepository" value="C:\Users\Sergey\.m2\repository"/>
    <property name="java.vendor.url.bug" value="https://bugreport.java.com/bugreport/"/>
    <property name="java.io.tmpdir" value="C:\Users\Sergey\AppData\Local\Temp\"/>
    <property name="java.version" value="24.0.1"/>
    <property name="user.dir" value="C:\Users\Sergey\IdeaProjects\RestAssured"/>
    <property name="os.arch" value="amd64"/>
    <property name="java.vm.specification.name" value="Java Virtual Machine Specification"/>
    <property name="user.language.format" value="ru"/>
    <property name="sun.os.patch.level" value=""/>
    <property name="native.encoding" value="Cp1251"/>
    <property name="java.library.path" value="C:\Program Files\Java\jdk-24\bin;C:\WINDOWS\Sun\Java\bin;C:\WINDOWS\system32;C:\WINDOWS;C:\Program Files\Common Files\Oracle\Java\javapath;C:\sql_course\dbhomeXE\bin;C:\Program Files\apache-maven-3.9.9\bin;C:\Program Files\dotnet\;C:\Program Files\nodejs\;C:\Program Files (x86)\NVIDIA Corporation\PhysX\Common;C:\ProgramData\Jenkins\.jenkins\tools\hudson.plugins.gradle.GradleInstallation\Gradle_7.2\bin\gradle;C:\ProgramData\Microsoft\Windows\Start Menu\Programs\Node.js\Node.js command prompt.lnk;C:\Program Files\Git\cmd;C:\WINDOWS\system32;C:\WINDOWS;C:\WINDOWS\System32\Wbem;C:\WINDOWS\System32\WindowsPowerShell\v1.0\;C:\WINDOWS\System32\OpenSSH\;%JAVA_HOME%\bin;C:\Program Files\Cloudflare\Cloudflare WARP\;C:\Program Files\allure-2.34.0\bin;C:\Users\Sergey\AppData\Local\Programs\Python\Python312\Scripts\;C:\Users\Sergey\AppData\Local\Programs\Python\Python312\;C:\Users\Sergey\AppData\Local\Programs\Python\Python311\Scripts\;C:\Users\Sergey\AppData\Local\Programs\Python\Python311\;C:\Users\Sergey\.dotnet\tools;C:\Users\Sergey\AppData\Roaming\npm;C:\Users\Sergey\AppData\Local\Programs\Microsoft VS Code\bin;C:\ProgramData\Jenkins\.jenkins\tools\hudson.plugins.gradle.GradleInstallation\Gradle_7.2\bin;C:\ProgramData\Microsoft\Windows\Start Menu\Programs\Node.js\Node.js command prompt.lnk;C:\Program Files\JetBrains\IntelliJ IDEA 2020.3.3\bin;;C:\Users\Sergey\AppData\Local\Microsoft\WindowsApps;C:\Program Files\Java\jdk-24\bin;C:\Program Files\apache-maven-3.9.9\bin\bin;;."/>
    <property name="java.vm.info" value="mixed mode, sharing"/>
    <property name="stderr.encoding" value="Cp1251"/>
    <property name="java.vendor" value="Oracle Corporation"/>
    <property name="java.vm.version" value="24.0.1+9-30"/>
    <property name="sun.io.unicode.encoding" value="UnicodeLittle"/>
    <property name="java.class.version" value="68.0"/>
  </properties>
  <testcase name="GetToken" classname="ApiTest" time="1.212">
    <system-out><![CDATA[{
    "token": "148201de429f8ca"
}
]]></system-out>
    <system-err><![CDATA[SLF4J: Failed to load class "org.slf4j.impl.StaticLoggerBinder".
SLF4J: Defaulting to no-operation (NOP) logger implementation
SLF4J: See http://www.slf4j.org/codes.html#StaticLoggerBinder for further details.
]]></system-err>
  </testcase>
  <testcase name="createBooking" classname="ApiTest" time="0.887">
    <system-out><![CDATA[{
    "bookingid": 725,
    "booking": {
        "firstname": "Jim",
        "lastname": "Brown",
        "totalprice": 111,
        "depositpaid": true,
        "bookingdates": {
            "checkin": "2018-01-01",
            "checkout": "2019-01-01"
        }
    }
}
]]></system-out>
  </testcase>
  <testcase name="updateBooking" classname="ApiTest" time="0.877">
    <system-out><![CDATA[{
    "firstname": "James",
    "lastname": "Brown",
    "totalprice": 111,
    "depositpaid": true,
    "bookingdates": {
        "checkin": "2018-01-01",
        "checkout": "2019-01-01"
    }
}
]]></system-out>
  </testcase>
  <testcase name="partialUpdateBooking" classname="ApiTest" time="0.751">
    <system-out><![CDATA[{
    "firstname": "Jack",
    "lastname": "Bro",
    "totalprice": 111,
    "depositpaid": true,
    "bookingdates": {
        "checkin": "2018-01-01",
        "checkout": "2019-01-01"
    }
}
]]></system-out>
  </testcase>
  <testcase name="deleteBooking" classname="ApiTest" time="0.757">
    <system-out><![CDATA[Created
]]></system-out>
  </testcase>
  <testcase name="healthCheck" classname="ApiTest" time="0.764">
    <system-out><![CDATA[Created
]]></system-out>
  </testcase>
  <testcase name="GetBooking" classname="ApiTest" time="1.093">
    <system-out><![CDATA[[
    {
        "bookingid": 285
    },
    {
        "bookingid": 59
    },
    {
        "bookingid": 214
    },
    {
        "bookingid": 563
    },
    {
        "bookingid": 253
    },
    {
        "bookingid": 154
    },
    {
        "bookingid": 224
    },
    {
        "bookingid": 670
    },
    {
        "bookingid": 696
    },
    {
        "bookingid": 9
    },
    {
        "bookingid": 36
    },
    {
        "bookingid": 221
    },
    {
        "bookingid": 449
    },
    {
        "bookingid": 688
    },
    {
        "bookingid": 135
    },
    {
        "bookingid": 340
    },
    {
        "bookingid": 362
    },
    {
        "bookingid": 500
    },
    {
        "bookingid": 159
    },
    {
        "bookingid": 726
    },
    {
        "bookingid": 614
    },
    {
        "bookingid": 521
    },
    {
        "bookingid": 220
    },
    {
        "bookingid": 4
    },
    {
        "bookingid": 189
    },
    {
        "bookingid": 658
    },
    {
        "bookingid": 577
    },
    {
        "bookingid": 583
    },
    {
        "bookingid": 5
    },
    {
        "bookingid": 105
    },
    {
        "bookingid": 420
    },
    {
        "bookingid": 113
    },
    {
        "bookingid": 459
    },
    {
        "bookingid": 322
    },
    {
        "bookingid": 415
    },
    {
        "bookingid": 668
    },
    {
        "bookingid": 72
    },
    {
        "bookingid": 399
    },
    {
        "bookingid": 266
    },
    {
        "bookingid": 119
    },
    {
        "bookingid": 158
    },
    {
        "bookingid": 97
    },
    {
        "bookingid": 691
    },
    {
        "bookingid": 754
    },
    {
        "bookingid": 509
    },
    {
        "bookingid": 619
    },
    {
        "bookingid": 434
    },
    {
        "bookingid": 536
    },
    {
        "bookingid": 612
    },
    {
        "bookingid": 405
    },
    {
        "bookingid": 232
    },
    {
        "bookingid": 315
    },
    {
        "bookingid": 330
    },
    {
        "bookingid": 621
    },
    {
        "bookingid": 490
    },
    {
        "bookingid": 132
    },
    {
        "bookingid": 81
    },
    {
        "bookingid": 436
    },
    {
        "bookingid": 21
    },
    {
        "bookingid": 145
    },
    {
        "bookingid": 443
    },
    {
        "bookingid": 720
    },
    {
        "bookingid": 713
    },
    {
        "bookingid": 6
    },
    {
        "bookingid": 328
    },
    {
        "bookingid": 19
    },
    {
        "bookingid": 445
    },
    {
        "bookingid": 209
    },
    {
        "bookingid": 178
    },
    {
        "bookingid": 645
    },
    {
        "bookingid": 108
    },
    {
        "bookingid": 346
    },
    {
        "bookingid": 655
    },
    {
        "bookingid": 393
    },
    {
        "bookingid": 172
    },
    {
        "bookingid": 264
    },
    {
        "bookingid": 585
    },
    {
        "bookingid": 505
    },
    {
        "bookingid": 562
    },
    {
        "bookingid": 68
    },
    {
        "bookingid": 151
    },
    {
        "bookingid": 561
    },
    {
        "bookingid": 195
    },
    {
        "bookingid": 218
    },
    {
        "bookingid": 51
    },
    {
        "bookingid": 279
    },
    {
        "bookingid": 229
    },
    {
        "bookingid": 225
    },
    {
        "bookingid": 332
    },
    {
        "bookingid": 228
    },
    {
        "bookingid": 223
    },
    {
        "bookingid": 206
    },
    {
        "bookingid": 710
    },
    {
        "bookingid": 669
    },
    {
        "bookingid": 329
    },
    {
        "bookingid": 440
    },
    {
        "bookingid": 288
    },
    {
        "bookingid": 85
    },
    {
        "bookingid": 639
    },
    {
        "bookingid": 559
    },
    {
        "bookingid": 499
    },
    {
        "bookingid": 179
    },
    {
        "bookingid": 58
    },
    {
        "bookingid": 338
    },
    {
        "bookingid": 255
    },
    {
        "bookingid": 733
    },
    {
        "bookingid": 576
    },
    {
        "bookingid": 138
    },
    {
        "bookingid": 679
    },
    {
        "bookingid": 336
    },
    {
        "bookingid": 448
    },
    {
        "bookingid": 537
    },
    {
        "bookingid": 316
    },
    {
        "bookingid": 640
    },
    {
        "bookingid": 37
    },
    {
        "bookingid": 88
    },
    {
        "bookingid": 301
    },
    {
        "bookingid": 715
    },
    {
        "bookingid": 474
    },
    {
        "bookingid": 554
    },
    {
        "bookingid": 366
    },
    {
        "bookingid": 633
    },
    {
        "bookingid": 549
    },
    {
        "bookingid": 28
    },
    {
        "bookingid": 146
    },
    {
        "bookingid": 67
    },
    {
        "bookingid": 190
    },
    {
        "bookingid": 548
    },
    {
        "bookingid": 660
    },
    {
        "bookingid": 349
    },
    {
        "bookingid": 238
    },
    {
        "bookingid": 79
    },
    {
        "bookingid": 116
    },
    {
        "bookingid": 69
    },
    {
        "bookingid": 458
    },
    {
        "bookingid": 354
    },
    {
        "bookingid": 184
    },
    {
        "bookingid": 117
    },
    {
        "bookingid": 567
    },
    {
        "bookingid": 623
    },
    {
        "bookingid": 651
    },
    {
        "bookingid": 98
    },
    {
        "bookingid": 632
    },
    {
        "bookingid": 603
    },
    {
        "bookingid": 66
    },
    {
        "bookingid": 124
    },
    {
        "bookingid": 278
    },
    {
        "bookingid": 210
    },
    {
        "bookingid": 57
    },
    {
        "bookingid": 686
    },
    {
        "bookingid": 194
    },
    {
        "bookingid": 498
    },
    {
        "bookingid": 358
    },
    {
        "bookingid": 82
    },
    {
        "bookingid": 379
    },
    {
        "bookingid": 324
    },
    {
        "bookingid": 590
    },
    {
        "bookingid": 344
    },
    {
        "bookingid": 703
    },
    {
        "bookingid": 133
    },
    {
        "bookingid": 609
    },
    {
        "bookingid": 599
    },
    {
        "bookingid": 42
    },
    {
        "bookingid": 701
    },
    {
        "bookingid": 570
    },
    {
        "bookingid": 53
    },
    {
        "bookingid": 507
    },
    {
        "bookingid": 433
    },
    {
        "bookingid": 254
    },
    {
        "bookingid": 606
    },
    {
        "bookingid": 454
    },
    {
        "bookingid": 732
    },
    {
        "bookingid": 482
    },
    {
        "bookingid": 140
    },
    {
        "bookingid": 378
    },
    {
        "bookingid": 212
    },
    {
        "bookingid": 299
    },
    {
        "bookingid": 29
    },
    {
        "bookingid": 168
    },
    {
        "bookingid": 595
    },
    {
        "bookingid": 692
    },
    {
        "bookingid": 414
    },
    {
        "bookingid": 84
    },
    {
        "bookingid": 491
    },
    {
        "bookingid": 662
    },
    {
        "bookingid": 416
    },
    {
        "bookingid": 450
    },
    {
        "bookingid": 596
    },
    {
        "bookingid": 617
    },
    {
        "bookingid": 677
    },
    {
        "bookingid": 495
    },
    {
        "bookingid": 519
    },
    {
        "bookingid": 92
    },
    {
        "bookingid": 511
    },
    {
        "bookingid": 331
    },
    {
        "bookingid": 260
    },
    {
        "bookingid": 360
    },
    {
        "bookingid": 461
    },
    {
        "bookingid": 245
    },
    {
        "bookingid": 489
    },
    {
        "bookingid": 199
    },
    {
        "bookingid": 532
    },
    {
        "bookingid": 545
    },
    {
        "bookingid": 466
    },
    {
        "bookingid": 248
    },
    {
        "bookingid": 371
    },
    {
        "bookingid": 526
    },
    {
        "bookingid": 54
    },
    {
        "bookingid": 343
    },
    {
        "bookingid": 564
    },
    {
        "bookingid": 740
    },
    {
        "bookingid": 73
    },
    {
        "bookingid": 629
    },
    {
        "bookingid": 685
    },
    {
        "bookingid": 152
    },
    {
        "bookingid": 380
    },
    {
        "bookingid": 654
    },
    {
        "bookingid": 295
    },
    {
        "bookingid": 402
    },
    {
        "bookingid": 659
    },
    {
        "bookingid": 439
    },
    {
        "bookingid": 760
    },
    {
        "bookingid": 62
    },
    {
        "bookingid": 25
    },
    {
        "bookingid": 226
    },
    {
        "bookingid": 395
    },
    {
        "bookingid": 104
    },
    {
        "bookingid": 403
    },
    {
        "bookingid": 514
    },
    {
        "bookingid": 303
    },
    {
        "bookingid": 314
    },
    {
        "bookingid": 652
    },
    {
        "bookingid": 313
    },
    {
        "bookingid": 518
    },
    {
        "bookingid": 17
    },
    {
        "bookingid": 626
    },
    {
        "bookingid": 215
    },
    {
        "bookingid": 543
    },
    {
        "bookingid": 694
    },
    {
        "bookingid": 197
    },
    {
        "bookingid": 204
    },
    {
        "bookingid": 435
    },
    {
        "bookingid": 326
    },
    {
        "bookingid": 45
    },
    {
        "bookingid": 148
    },
    {
        "bookingid": 741
    },
    {
        "bookingid": 63
    },
    {
        "bookingid": 608
    },
    {
        "bookingid": 213
    },
    {
        "bookingid": 78
    },
    {
        "bookingid": 428
    },
    {
        "bookingid": 589
    },
    {
        "bookingid": 388
    },
    {
        "bookingid": 704
    },
    {
        "bookingid": 544
    },
    {
        "bookingid": 493
    },
    {
        "bookingid": 125
    },
    {
        "bookingid": 410
    },
    {
        "bookingid": 604
    },
    {
        "bookingid": 452
    },
    {
        "bookingid": 665
    },
    {
        "bookingid": 472
    },
    {
        "bookingid": 171
    },
    {
        "bookingid": 311
    },
    {
        "bookingid": 286
    },
    {
        "bookingid": 147
    },
    {
        "bookingid": 200
    },
    {
        "bookingid": 26
    },
    {
        "bookingid": 169
    },
    {
        "bookingid": 236
    },
    {
        "bookingid": 584
    },
    {
        "bookingid": 723
    },
    {
        "bookingid": 121
    },
    {
        "bookingid": 246
    },
    {
        "bookingid": 566
    },
    {
        "bookingid": 580
    },
    {
        "bookingid": 182
    },
    {
        "bookingid": 47
    },
    {
        "bookingid": 387
    },
    {
        "bookingid": 520
    },
    {
        "bookingid": 717
    },
    {
        "bookingid": 235
    },
    {
        "bookingid": 592
    },
    {
        "bookingid": 674
    },
    {
        "bookingid": 400
    },
    {
        "bookingid": 207
    },
    {
        "bookingid": 177
    },
    {
        "bookingid": 23
    },
    {
        "bookingid": 427
    },
    {
        "bookingid": 149
    },
    {
        "bookingid": 141
    },
    {
        "bookingid": 468
    },
    {
        "bookingid": 722
    },
    {
        "bookingid": 424
    },
    {
        "bookingid": 469
    },
    {
        "bookingid": 470
    },
    {
        "bookingid": 99
    },
    {
        "bookingid": 600
    },
    {
        "bookingid": 110
    },
    {
        "bookingid": 430
    },
    {
        "bookingid": 30
    },
    {
        "bookingid": 166
    },
    {
        "bookingid": 471
    },
    {
        "bookingid": 308
    },
    {
        "bookingid": 538
    },
    {
        "bookingid": 131
    },
    {
        "bookingid": 477
    },
    {
        "bookingid": 11
    },
    {
        "bookingid": 22
    },
    {
        "bookingid": 290
    },
    {
        "bookingid": 375
    },
    {
        "bookingid": 569
    },
    {
        "bookingid": 456
    },
    {
        "bookingid": 89
    },
    {
        "bookingid": 95
    },
    {
        "bookingid": 392
    },
    {
        "bookingid": 275
    },
    {
        "bookingid": 237
    },
    {
        "bookingid": 524
    },
    {
        "bookingid": 111
    },
    {
        "bookingid": 294
    },
    {
        "bookingid": 310
    },
    {
        "bookingid": 304
    },
    {
        "bookingid": 398
    },
    {
        "bookingid": 31
    },
    {
        "bookingid": 727
    },
    {
        "bookingid": 377
    },
    {
        "bookingid": 515
    },
    {
        "bookingid": 257
    },
    {
        "bookingid": 71
    },
    {
        "bookingid": 431
    },
    {
        "bookingid": 481
    },
    {
        "bookingid": 556
    },
    {
        "bookingid": 268
    },
    {
        "bookingid": 39
    },
    {
        "bookingid": 649
    },
    {
        "bookingid": 350
    },
    {
        "bookingid": 219
    },
    {
        "bookingid": 453
    },
    {
        "bookingid": 601
    },
    {
        "bookingid": 12
    },
    {
        "bookingid": 261
    },
    {
        "bookingid": 389
    },
    {
        "bookingid": 101
    },
    {
        "bookingid": 7
    },
    {
        "bookingid": 508
    },
    {
        "bookingid": 368
    },
    {
        "bookingid": 484
    },
    {
        "bookingid": 385
    },
    {
        "bookingid": 502
    },
    {
        "bookingid": 444
    },
    {
        "bookingid": 161
    },
    {
        "bookingid": 671
    },
    {
        "bookingid": 681
    },
    {
        "bookingid": 613
    },
    {
        "bookingid": 376
    },
    {
        "bookingid": 265
    },
    {
        "bookingid": 270
    },
    {
        "bookingid": 193
    },
    {
        "bookingid": 359
    },
    {
        "bookingid": 242
    },
    {
        "bookingid": 40
    },
    {
        "bookingid": 744
    },
    {
        "bookingid": 638
    },
    {
        "bookingid": 91
    },
    {
        "bookingid": 126
    },
    {
        "bookingid": 746
    },
    {
        "bookingid": 80
    },
    {
        "bookingid": 446
    },
    {
        "bookingid": 755
    },
    {
        "bookingid": 106
    },
    {
        "bookingid": 602
    },
    {
        "bookingid": 2
    },
    {
        "bookingid": 75
    },
    {
        "bookingid": 38
    },
    {
        "bookingid": 560
    },
    {
        "bookingid": 277
    },
    {
        "bookingid": 462
    },
    {
        "bookingid": 487
    },
    {
        "bookingid": 698
    },
    {
        "bookingid": 298
    },
    {
        "bookingid": 523
    },
    {
        "bookingid": 644
    },
    {
        "bookingid": 247
    },
    {
        "bookingid": 90
    },
    {
        "bookingid": 103
    },
    {
        "bookingid": 695
    },
    {
        "bookingid": 112
    },
    {
        "bookingid": 252
    },
    {
        "bookingid": 139
    },
    {
        "bookingid": 50
    },
    {
        "bookingid": 423
    },
    {
        "bookingid": 485
    },
    {
        "bookingid": 300
    },
    {
        "bookingid": 708
    },
    {
        "bookingid": 409
    },
    {
        "bookingid": 643
    },
    {
        "bookingid": 530
    },
    {
        "bookingid": 578
    },
    {
        "bookingid": 356
    },
    {
        "bookingid": 345
    },
    {
        "bookingid": 516
    },
    {
        "bookingid": 96
    },
    {
        "bookingid": 244
    },
    {
        "bookingid": 555
    },
    {
        "bookingid": 20
    },
    {
        "bookingid": 579
    },
    {
        "bookingid": 680
    },
    {
        "bookingid": 259
    },
    {
        "bookingid": 587
    },
    {
        "bookingid": 540
    },
    {
        "bookingid": 282
    },
    {
        "bookingid": 181
    },
    {
        "bookingid": 273
    },
    {
        "bookingid": 628
    },
    {
        "bookingid": 642
    },
    {
        "bookingid": 572
    },
    {
        "bookingid": 136
    },
    {
        "bookingid": 8
    },
    {
        "bookingid": 396
    },
    {
        "bookingid": 205
    },
    {
        "bookingid": 615
    },
    {
        "bookingid": 41
    },
    {
        "bookingid": 258
    },
    {
        "bookingid": 143
    },
    {
        "bookingid": 627
    },
    {
        "bookingid": 94
    },
    {
        "bookingid": 735
    },
    {
        "bookingid": 348
    },
    {
        "bookingid": 320
    },
    {
        "bookingid": 742
    },
    {
        "bookingid": 109
    },
    {
        "bookingid": 165
    },
    {
        "bookingid": 636
    },
    {
        "bookingid": 611
    },
    {
        "bookingid": 372
    },
    {
        "bookingid": 351
    },
    {
        "bookingid": 534
    },
    {
        "bookingid": 317
    },
    {
        "bookingid": 173
    },
    {
        "bookingid": 716
    },
    {
        "bookingid": 729
    },
    {
        "bookingid": 56
    },
    {
        "bookingid": 650
    },
    {
        "bookingid": 381
    },
    {
        "bookingid": 753
    },
    {
        "bookingid": 77
    },
    {
        "bookingid": 664
    },
    {
        "bookingid": 422
    },
    {
        "bookingid": 302
    },
    {
        "bookingid": 547
    },
    {
        "bookingid": 276
    },
    {
        "bookingid": 756
    },
    {
        "bookingid": 64
    },
    {
        "bookingid": 211
    },
    {
        "bookingid": 568
    },
    {
        "bookingid": 412
    },
    {
        "bookingid": 748
    },
    {
        "bookingid": 455
    },
    {
        "bookingid": 93
    },
    {
        "bookingid": 293
    },
    {
        "bookingid": 702
    },
    {
        "bookingid": 719
    },
    {
        "bookingid": 61
    },
    {
        "bookingid": 635
    },
    {
        "bookingid": 761
    },
    {
        "bookingid": 283
    },
    {
        "bookingid": 10
    },
    {
        "bookingid": 118
    },
    {
        "bookingid": 699
    },
    {
        "bookingid": 737
    },
    {
        "bookingid": 15
    },
    {
        "bookingid": 749
    },
    {
        "bookingid": 747
    },
    {
        "bookingid": 483
    },
    {
        "bookingid": 352
    },
    {
        "bookingid": 700
    },
    {
        "bookingid": 150
    },
    {
        "bookingid": 586
    },
    {
        "bookingid": 426
    },
    {
        "bookingid": 496
    },
    {
        "bookingid": 476
    },
    {
        "bookingid": 413
    },
    {
        "bookingid": 115
    },
    {
        "bookingid": 391
    },
    {
        "bookingid": 321
    },
    {
        "bookingid": 274
    },
    {
        "bookingid": 673
    },
    {
        "bookingid": 191
    },
    {
        "bookingid": 267
    },
    {
        "bookingid": 473
    },
    {
        "bookingid": 192
    },
    {
        "bookingid": 504
    },
    {
        "bookingid": 160
    },
    {
        "bookingid": 582
    },
    {
        "bookingid": 292
    },
    {
        "bookingid": 16
    },
    {
        "bookingid": 243
    },
    {
        "bookingid": 712
    },
    {
        "bookingid": 65
    },
    {
        "bookingid": 353
    },
    {
        "bookingid": 497
    },
    {
        "bookingid": 605
    },
    {
        "bookingid": 369
    },
    {
        "bookingid": 128
    },
    {
        "bookingid": 13
    },
    {
        "bookingid": 231
    },
    {
        "bookingid": 573
    },
    {
        "bookingid": 551
    },
    {
        "bookingid": 127
    },
    {
        "bookingid": 488
    },
    {
        "bookingid": 384
    },
    {
        "bookingid": 574
    },
    {
        "bookingid": 217
    },
    {
        "bookingid": 361
    },
    {
        "bookingid": 631
    },
    {
        "bookingid": 297
    },
    {
        "bookingid": 624
    },
    {
        "bookingid": 421
    },
    {
        "bookingid": 625
    },
    {
        "bookingid": 60
    },
    {
        "bookingid": 646
    },
    {
        "bookingid": 312
    },
    {
        "bookingid": 417
    },
    {
        "bookingid": 18
    },
    {
        "bookingid": 512
    },
    {
        "bookingid": 365
    },
    {
        "bookingid": 666
    },
    {
        "bookingid": 527
    },
    {
        "bookingid": 616
    },
    {
        "bookingid": 230
    },
    {
        "bookingid": 341
    },
    {
        "bookingid": 157
    },
    {
        "bookingid": 730
    },
    {
        "bookingid": 48
    },
    {
        "bookingid": 506
    },
    {
        "bookingid": 618
    },
    {
        "bookingid": 531
    },
    {
        "bookingid": 120
    },
    {
        "bookingid": 198
    },
    {
        "bookingid": 689
    },
    {
        "bookingid": 529
    },
    {
        "bookingid": 339
    },
    {
        "bookingid": 201
    },
    {
        "bookingid": 174
    },
    {
        "bookingid": 441
    },
    {
        "bookingid": 52
    },
    {
        "bookingid": 43
    },
    {
        "bookingid": 432
    },
    {
        "bookingid": 571
    },
    {
        "bookingid": 367
    },
    {
        "bookingid": 736
    },
    {
        "bookingid": 70
    },
    {
        "bookingid": 156
    },
    {
        "bookingid": 355
    },
    {
        "bookingid": 307
    },
    {
        "bookingid": 759
    },
    {
        "bookingid": 162
    },
    {
        "bookingid": 14
    },
    {
        "bookingid": 457
    },
    {
        "bookingid": 676
    },
    {
        "bookingid": 34
    },
    {
        "bookingid": 24
    },
    {
        "bookingid": 269
    },
    {
        "bookingid": 49
    },
    {
        "bookingid": 437
    },
    {
        "bookingid": 175
    },
    {
        "bookingid": 3
    },
    {
        "bookingid": 306
    },
    {
        "bookingid": 634
    },
    {
        "bookingid": 129
    },
    {
        "bookingid": 550
    },
    {
        "bookingid": 553
    },
    {
        "bookingid": 653
    },
    {
        "bookingid": 100
    },
    {
        "bookingid": 407
    },
    {
        "bookingid": 542
    },
    {
        "bookingid": 137
    },
    {
        "bookingid": 233
    },
    {
        "bookingid": 86
    },
    {
        "bookingid": 55
    },
    {
        "bookingid": 318
    },
    {
        "bookingid": 35
    },
    {
        "bookingid": 501
    },
    {
        "bookingid": 475
    },
    {
        "bookingid": 552
    },
    {
        "bookingid": 289
    },
    {
        "bookingid": 142
    },
    {
        "bookingid": 46
    },
    {
        "bookingid": 480
    },
    {
        "bookingid": 186
    },
    {
        "bookingid": 591
    },
    {
        "bookingid": 739
    },
    {
        "bookingid": 167
    },
    {
        "bookingid": 122
    },
    {
        "bookingid": 155
    },
    {
        "bookingid": 333
    },
    {
        "bookingid": 256
    },
    {
        "bookingid": 183
    },
    {
        "bookingid": 1
    },
    {
        "bookingid": 364
    },
    {
        "bookingid": 404
    },
    {
        "bookingid": 32
    },
    {
        "bookingid": 164
    },
    {
        "bookingid": 107
    },
    {
        "bookingid": 401
    },
    {
        "bookingid": 647
    },
    {
        "bookingid": 411
    },
    {
        "bookingid": 234
    },
    {
        "bookingid": 44
    },
    {
        "bookingid": 705
    },
    {
        "bookingid": 284
    },
    {
        "bookingid": 539
    },
    {
        "bookingid": 492
    },
    {
        "bookingid": 130
    },
    {
        "bookingid": 176
    },
    {
        "bookingid": 683
    },
    {
        "bookingid": 203
    },
    {
        "bookingid": 335
    },
    {
        "bookingid": 27
    },
    {
        "bookingid": 386
    }
]
]]></system-out>
  </testcase>
  <testcase name="GetBookingIds" classname="ApiTest" time="0.762">
    <system-out><![CDATA[[
    {
        "bookingid": 285
    },
    {
        "bookingid": 59
    },
    {
        "bookingid": 214
    },
    {
        "bookingid": 563
    },
    {
        "bookingid": 253
    },
    {
        "bookingid": 154
    },
    {
        "bookingid": 224
    },
    {
        "bookingid": 670
    },
    {
        "bookingid": 696
    },
    {
        "bookingid": 9
    },
    {
        "bookingid": 36
    },
    {
        "bookingid": 221
    },
    {
        "bookingid": 449
    },
    {
        "bookingid": 688
    },
    {
        "bookingid": 135
    },
    {
        "bookingid": 340
    },
    {
        "bookingid": 362
    },
    {
        "bookingid": 500
    },
    {
        "bookingid": 159
    },
    {
        "bookingid": 726
    },
    {
        "bookingid": 614
    },
    {
        "bookingid": 521
    },
    {
        "bookingid": 220
    },
    {
        "bookingid": 4
    },
    {
        "bookingid": 189
    },
    {
        "bookingid": 658
    },
    {
        "bookingid": 577
    },
    {
        "bookingid": 583
    },
    {
        "bookingid": 5
    },
    {
        "bookingid": 105
    },
    {
        "bookingid": 420
    },
    {
        "bookingid": 113
    },
    {
        "bookingid": 459
    },
    {
        "bookingid": 322
    },
    {
        "bookingid": 415
    },
    {
        "bookingid": 668
    },
    {
        "bookingid": 72
    },
    {
        "bookingid": 399
    },
    {
        "bookingid": 266
    },
    {
        "bookingid": 119
    },
    {
        "bookingid": 158
    },
    {
        "bookingid": 97
    },
    {
        "bookingid": 691
    },
    {
        "bookingid": 754
    },
    {
        "bookingid": 509
    },
    {
        "bookingid": 619
    },
    {
        "bookingid": 434
    },
    {
        "bookingid": 536
    },
    {
        "bookingid": 612
    },
    {
        "bookingid": 405
    },
    {
        "bookingid": 232
    },
    {
        "bookingid": 315
    },
    {
        "bookingid": 330
    },
    {
        "bookingid": 621
    },
    {
        "bookingid": 490
    },
    {
        "bookingid": 132
    },
    {
        "bookingid": 81
    },
    {
        "bookingid": 436
    },
    {
        "bookingid": 21
    },
    {
        "bookingid": 145
    },
    {
        "bookingid": 443
    },
    {
        "bookingid": 720
    },
    {
        "bookingid": 713
    },
    {
        "bookingid": 6
    },
    {
        "bookingid": 328
    },
    {
        "bookingid": 19
    },
    {
        "bookingid": 445
    },
    {
        "bookingid": 209
    },
    {
        "bookingid": 178
    },
    {
        "bookingid": 645
    },
    {
        "bookingid": 108
    },
    {
        "bookingid": 346
    },
    {
        "bookingid": 655
    },
    {
        "bookingid": 393
    },
    {
        "bookingid": 172
    },
    {
        "bookingid": 264
    },
    {
        "bookingid": 585
    },
    {
        "bookingid": 505
    },
    {
        "bookingid": 562
    },
    {
        "bookingid": 68
    },
    {
        "bookingid": 151
    },
    {
        "bookingid": 561
    },
    {
        "bookingid": 195
    },
    {
        "bookingid": 218
    },
    {
        "bookingid": 51
    },
    {
        "bookingid": 279
    },
    {
        "bookingid": 229
    },
    {
        "bookingid": 225
    },
    {
        "bookingid": 332
    },
    {
        "bookingid": 228
    },
    {
        "bookingid": 223
    },
    {
        "bookingid": 206
    },
    {
        "bookingid": 710
    },
    {
        "bookingid": 669
    },
    {
        "bookingid": 329
    },
    {
        "bookingid": 440
    },
    {
        "bookingid": 288
    },
    {
        "bookingid": 85
    },
    {
        "bookingid": 639
    },
    {
        "bookingid": 559
    },
    {
        "bookingid": 499
    },
    {
        "bookingid": 179
    },
    {
        "bookingid": 58
    },
    {
        "bookingid": 338
    },
    {
        "bookingid": 255
    },
    {
        "bookingid": 733
    },
    {
        "bookingid": 576
    },
    {
        "bookingid": 138
    },
    {
        "bookingid": 679
    },
    {
        "bookingid": 336
    },
    {
        "bookingid": 448
    },
    {
        "bookingid": 537
    },
    {
        "bookingid": 316
    },
    {
        "bookingid": 640
    },
    {
        "bookingid": 37
    },
    {
        "bookingid": 88
    },
    {
        "bookingid": 301
    },
    {
        "bookingid": 715
    },
    {
        "bookingid": 474
    },
    {
        "bookingid": 554
    },
    {
        "bookingid": 366
    },
    {
        "bookingid": 633
    },
    {
        "bookingid": 549
    },
    {
        "bookingid": 28
    },
    {
        "bookingid": 146
    },
    {
        "bookingid": 67
    },
    {
        "bookingid": 768
    },
    {
        "bookingid": 190
    },
    {
        "bookingid": 548
    },
    {
        "bookingid": 660
    },
    {
        "bookingid": 349
    },
    {
        "bookingid": 238
    },
    {
        "bookingid": 79
    },
    {
        "bookingid": 116
    },
    {
        "bookingid": 69
    },
    {
        "bookingid": 458
    },
    {
        "bookingid": 354
    },
    {
        "bookingid": 184
    },
    {
        "bookingid": 117
    },
    {
        "bookingid": 567
    },
    {
        "bookingid": 623
    },
    {
        "bookingid": 651
    },
    {
        "bookingid": 98
    },
    {
        "bookingid": 632
    },
    {
        "bookingid": 603
    },
    {
        "bookingid": 66
    },
    {
        "bookingid": 124
    },
    {
        "bookingid": 278
    },
    {
        "bookingid": 210
    },
    {
        "bookingid": 57
    },
    {
        "bookingid": 686
    },
    {
        "bookingid": 194
    },
    {
        "bookingid": 498
    },
    {
        "bookingid": 358
    },
    {
        "bookingid": 82
    },
    {
        "bookingid": 379
    },
    {
        "bookingid": 324
    },
    {
        "bookingid": 590
    },
    {
        "bookingid": 344
    },
    {
        "bookingid": 703
    },
    {
        "bookingid": 133
    },
    {
        "bookingid": 609
    },
    {
        "bookingid": 599
    },
    {
        "bookingid": 42
    },
    {
        "bookingid": 701
    },
    {
        "bookingid": 570
    },
    {
        "bookingid": 53
    },
    {
        "bookingid": 507
    },
    {
        "bookingid": 433
    },
    {
        "bookingid": 254
    },
    {
        "bookingid": 606
    },
    {
        "bookingid": 454
    },
    {
        "bookingid": 732
    },
    {
        "bookingid": 482
    },
    {
        "bookingid": 140
    },
    {
        "bookingid": 378
    },
    {
        "bookingid": 212
    },
    {
        "bookingid": 299
    },
    {
        "bookingid": 29
    },
    {
        "bookingid": 168
    },
    {
        "bookingid": 595
    },
    {
        "bookingid": 692
    },
    {
        "bookingid": 414
    },
    {
        "bookingid": 84
    },
    {
        "bookingid": 491
    },
    {
        "bookingid": 662
    },
    {
        "bookingid": 416
    },
    {
        "bookingid": 450
    },
    {
        "bookingid": 596
    },
    {
        "bookingid": 617
    },
    {
        "bookingid": 677
    },
    {
        "bookingid": 495
    },
    {
        "bookingid": 519
    },
    {
        "bookingid": 92
    },
    {
        "bookingid": 511
    },
    {
        "bookingid": 331
    },
    {
        "bookingid": 260
    },
    {
        "bookingid": 360
    },
    {
        "bookingid": 461
    },
    {
        "bookingid": 245
    },
    {
        "bookingid": 489
    },
    {
        "bookingid": 199
    },
    {
        "bookingid": 532
    },
    {
        "bookingid": 545
    },
    {
        "bookingid": 466
    },
    {
        "bookingid": 248
    },
    {
        "bookingid": 371
    },
    {
        "bookingid": 526
    },
    {
        "bookingid": 54
    },
    {
        "bookingid": 343
    },
    {
        "bookingid": 564
    },
    {
        "bookingid": 740
    },
    {
        "bookingid": 73
    },
    {
        "bookingid": 629
    },
    {
        "bookingid": 685
    },
    {
        "bookingid": 152
    },
    {
        "bookingid": 380
    },
    {
        "bookingid": 654
    },
    {
        "bookingid": 295
    },
    {
        "bookingid": 402
    },
    {
        "bookingid": 659
    },
    {
        "bookingid": 439
    },
    {
        "bookingid": 760
    },
    {
        "bookingid": 62
    },
    {
        "bookingid": 25
    },
    {
        "bookingid": 226
    },
    {
        "bookingid": 395
    },
    {
        "bookingid": 104
    },
    {
        "bookingid": 403
    },
    {
        "bookingid": 514
    },
    {
        "bookingid": 303
    },
    {
        "bookingid": 314
    },
    {
        "bookingid": 652
    },
    {
        "bookingid": 313
    },
    {
        "bookingid": 518
    },
    {
        "bookingid": 17
    },
    {
        "bookingid": 626
    },
    {
        "bookingid": 215
    },
    {
        "bookingid": 543
    },
    {
        "bookingid": 694
    },
    {
        "bookingid": 197
    },
    {
        "bookingid": 204
    },
    {
        "bookingid": 435
    },
    {
        "bookingid": 326
    },
    {
        "bookingid": 45
    },
    {
        "bookingid": 148
    },
    {
        "bookingid": 741
    },
    {
        "bookingid": 63
    },
    {
        "bookingid": 608
    },
    {
        "bookingid": 213
    },
    {
        "bookingid": 78
    },
    {
        "bookingid": 428
    },
    {
        "bookingid": 589
    },
    {
        "bookingid": 388
    },
    {
        "bookingid": 704
    },
    {
        "bookingid": 544
    },
    {
        "bookingid": 493
    },
    {
        "bookingid": 125
    },
    {
        "bookingid": 410
    },
    {
        "bookingid": 604
    },
    {
        "bookingid": 452
    },
    {
        "bookingid": 665
    },
    {
        "bookingid": 472
    },
    {
        "bookingid": 171
    },
    {
        "bookingid": 311
    },
    {
        "bookingid": 286
    },
    {
        "bookingid": 147
    },
    {
        "bookingid": 200
    },
    {
        "bookingid": 26
    },
    {
        "bookingid": 765
    },
    {
        "bookingid": 169
    },
    {
        "bookingid": 236
    },
    {
        "bookingid": 584
    },
    {
        "bookingid": 723
    },
    {
        "bookingid": 121
    },
    {
        "bookingid": 246
    },
    {
        "bookingid": 566
    },
    {
        "bookingid": 580
    },
    {
        "bookingid": 182
    },
    {
        "bookingid": 47
    },
    {
        "bookingid": 387
    },
    {
        "bookingid": 520
    },
    {
        "bookingid": 717
    },
    {
        "bookingid": 235
    },
    {
        "bookingid": 592
    },
    {
        "bookingid": 674
    },
    {
        "bookingid": 400
    },
    {
        "bookingid": 207
    },
    {
        "bookingid": 177
    },
    {
        "bookingid": 23
    },
    {
        "bookingid": 427
    },
    {
        "bookingid": 149
    },
    {
        "bookingid": 141
    },
    {
        "bookingid": 468
    },
    {
        "bookingid": 722
    },
    {
        "bookingid": 424
    },
    {
        "bookingid": 469
    },
    {
        "bookingid": 470
    },
    {
        "bookingid": 99
    },
    {
        "bookingid": 600
    },
    {
        "bookingid": 110
    },
    {
        "bookingid": 430
    },
    {
        "bookingid": 30
    },
    {
        "bookingid": 166
    },
    {
        "bookingid": 471
    },
    {
        "bookingid": 308
    },
    {
        "bookingid": 538
    },
    {
        "bookingid": 131
    },
    {
        "bookingid": 477
    },
    {
        "bookingid": 11
    },
    {
        "bookingid": 22
    },
    {
        "bookingid": 290
    },
    {
        "bookingid": 375
    },
    {
        "bookingid": 569
    },
    {
        "bookingid": 456
    },
    {
        "bookingid": 89
    },
    {
        "bookingid": 95
    },
    {
        "bookingid": 392
    },
    {
        "bookingid": 275
    },
    {
        "bookingid": 237
    },
    {
        "bookingid": 524
    },
    {
        "bookingid": 111
    },
    {
        "bookingid": 294
    },
    {
        "bookingid": 310
    },
    {
        "bookingid": 304
    },
    {
        "bookingid": 398
    },
    {
        "bookingid": 31
    },
    {
        "bookingid": 727
    },
    {
        "bookingid": 377
    },
    {
        "bookingid": 515
    },
    {
        "bookingid": 257
    },
    {
        "bookingid": 71
    },
    {
        "bookingid": 431
    },
    {
        "bookingid": 481
    },
    {
        "bookingid": 556
    },
    {
        "bookingid": 268
    },
    {
        "bookingid": 39
    },
    {
        "bookingid": 649
    },
    {
        "bookingid": 350
    },
    {
        "bookingid": 219
    },
    {
        "bookingid": 453
    },
    {
        "bookingid": 601
    },
    {
        "bookingid": 12
    },
    {
        "bookingid": 261
    },
    {
        "bookingid": 389
    },
    {
        "bookingid": 101
    },
    {
        "bookingid": 7
    },
    {
        "bookingid": 508
    },
    {
        "bookingid": 368
    },
    {
        "bookingid": 484
    },
    {
        "bookingid": 385
    },
    {
        "bookingid": 502
    },
    {
        "bookingid": 444
    },
    {
        "bookingid": 161
    },
    {
        "bookingid": 671
    },
    {
        "bookingid": 681
    },
    {
        "bookingid": 613
    },
    {
        "bookingid": 376
    },
    {
        "bookingid": 265
    },
    {
        "bookingid": 270
    },
    {
        "bookingid": 193
    },
    {
        "bookingid": 359
    },
    {
        "bookingid": 242
    },
    {
        "bookingid": 40
    },
    {
        "bookingid": 744
    },
    {
        "bookingid": 638
    },
    {
        "bookingid": 91
    },
    {
        "bookingid": 126
    },
    {
        "bookingid": 746
    },
    {
        "bookingid": 80
    },
    {
        "bookingid": 446
    },
    {
        "bookingid": 755
    },
    {
        "bookingid": 106
    },
    {
        "bookingid": 602
    },
    {
        "bookingid": 2
    },
    {
        "bookingid": 75
    },
    {
        "bookingid": 38
    },
    {
        "bookingid": 560
    },
    {
        "bookingid": 277
    },
    {
        "bookingid": 462
    },
    {
        "bookingid": 487
    },
    {
        "bookingid": 698
    },
    {
        "bookingid": 298
    },
    {
        "bookingid": 523
    },
    {
        "bookingid": 644
    },
    {
        "bookingid": 247
    },
    {
        "bookingid": 90
    },
    {
        "bookingid": 103
    },
    {
        "bookingid": 695
    },
    {
        "bookingid": 112
    },
    {
        "bookingid": 252
    },
    {
        "bookingid": 139
    },
    {
        "bookingid": 50
    },
    {
        "bookingid": 423
    },
    {
        "bookingid": 485
    },
    {
        "bookingid": 300
    },
    {
        "bookingid": 708
    },
    {
        "bookingid": 409
    },
    {
        "bookingid": 643
    },
    {
        "bookingid": 530
    },
    {
        "bookingid": 578
    },
    {
        "bookingid": 356
    },
    {
        "bookingid": 345
    },
    {
        "bookingid": 516
    },
    {
        "bookingid": 96
    },
    {
        "bookingid": 244
    },
    {
        "bookingid": 555
    },
    {
        "bookingid": 20
    },
    {
        "bookingid": 579
    },
    {
        "bookingid": 680
    },
    {
        "bookingid": 259
    },
    {
        "bookingid": 587
    },
    {
        "bookingid": 540
    },
    {
        "bookingid": 282
    },
    {
        "bookingid": 181
    },
    {
        "bookingid": 273
    },
    {
        "bookingid": 628
    },
    {
        "bookingid": 642
    },
    {
        "bookingid": 572
    },
    {
        "bookingid": 136
    },
    {
        "bookingid": 8
    },
    {
        "bookingid": 396
    },
    {
        "bookingid": 205
    },
    {
        "bookingid": 615
    },
    {
        "bookingid": 41
    },
    {
        "bookingid": 258
    },
    {
        "bookingid": 143
    },
    {
        "bookingid": 627
    },
    {
        "bookingid": 94
    },
    {
        "bookingid": 735
    },
    {
        "bookingid": 348
    },
    {
        "bookingid": 320
    },
    {
        "bookingid": 742
    },
    {
        "bookingid": 109
    },
    {
        "bookingid": 165
    },
    {
        "bookingid": 767
    },
    {
        "bookingid": 636
    },
    {
        "bookingid": 611
    },
    {
        "bookingid": 372
    },
    {
        "bookingid": 351
    },
    {
        "bookingid": 534
    },
    {
        "bookingid": 317
    },
    {
        "bookingid": 173
    },
    {
        "bookingid": 716
    },
    {
        "bookingid": 729
    },
    {
        "bookingid": 56
    },
    {
        "bookingid": 650
    },
    {
        "bookingid": 381
    },
    {
        "bookingid": 753
    },
    {
        "bookingid": 77
    },
    {
        "bookingid": 664
    },
    {
        "bookingid": 422
    },
    {
        "bookingid": 302
    },
    {
        "bookingid": 547
    },
    {
        "bookingid": 276
    },
    {
        "bookingid": 756
    },
    {
        "bookingid": 64
    },
    {
        "bookingid": 211
    },
    {
        "bookingid": 568
    },
    {
        "bookingid": 412
    },
    {
        "bookingid": 748
    },
    {
        "bookingid": 455
    },
    {
        "bookingid": 93
    },
    {
        "bookingid": 293
    },
    {
        "bookingid": 702
    },
    {
        "bookingid": 719
    },
    {
        "bookingid": 61
    },
    {
        "bookingid": 635
    },
    {
        "bookingid": 761
    },
    {
        "bookingid": 283
    },
    {
        "bookingid": 10
    },
    {
        "bookingid": 118
    },
    {
        "bookingid": 699
    },
    {
        "bookingid": 737
    },
    {
        "bookingid": 15
    },
    {
        "bookingid": 766
    },
    {
        "bookingid": 749
    },
    {
        "bookingid": 762
    },
    {
        "bookingid": 747
    },
    {
        "bookingid": 483
    },
    {
        "bookingid": 352
    },
    {
        "bookingid": 700
    },
    {
        "bookingid": 150
    },
    {
        "bookingid": 586
    },
    {
        "bookingid": 426
    },
    {
        "bookingid": 496
    },
    {
        "bookingid": 476
    },
    {
        "bookingid": 413
    },
    {
        "bookingid": 115
    },
    {
        "bookingid": 391
    },
    {
        "bookingid": 321
    },
    {
        "bookingid": 274
    },
    {
        "bookingid": 673
    },
    {
        "bookingid": 191
    },
    {
        "bookingid": 267
    },
    {
        "bookingid": 473
    },
    {
        "bookingid": 192
    },
    {
        "bookingid": 504
    },
    {
        "bookingid": 160
    },
    {
        "bookingid": 582
    },
    {
        "bookingid": 292
    },
    {
        "bookingid": 16
    },
    {
        "bookingid": 243
    },
    {
        "bookingid": 712
    },
    {
        "bookingid": 65
    },
    {
        "bookingid": 353
    },
    {
        "bookingid": 497
    },
    {
        "bookingid": 605
    },
    {
        "bookingid": 369
    },
    {
        "bookingid": 128
    },
    {
        "bookingid": 13
    },
    {
        "bookingid": 231
    },
    {
        "bookingid": 573
    },
    {
        "bookingid": 551
    },
    {
        "bookingid": 127
    },
    {
        "bookingid": 488
    },
    {
        "bookingid": 384
    },
    {
        "bookingid": 574
    },
    {
        "bookingid": 217
    },
    {
        "bookingid": 361
    },
    {
        "bookingid": 631
    },
    {
        "bookingid": 297
    },
    {
        "bookingid": 624
    },
    {
        "bookingid": 421
    },
    {
        "bookingid": 625
    },
    {
        "bookingid": 60
    },
    {
        "bookingid": 646
    },
    {
        "bookingid": 312
    },
    {
        "bookingid": 417
    },
    {
        "bookingid": 18
    },
    {
        "bookingid": 512
    },
    {
        "bookingid": 365
    },
    {
        "bookingid": 666
    },
    {
        "bookingid": 527
    },
    {
        "bookingid": 616
    },
    {
        "bookingid": 230
    },
    {
        "bookingid": 341
    },
    {
        "bookingid": 157
    },
    {
        "bookingid": 730
    },
    {
        "bookingid": 48
    },
    {
        "bookingid": 506
    },
    {
        "bookingid": 618
    },
    {
        "bookingid": 531
    },
    {
        "bookingid": 120
    },
    {
        "bookingid": 198
    },
    {
        "bookingid": 689
    },
    {
        "bookingid": 529
    },
    {
        "bookingid": 339
    },
    {
        "bookingid": 201
    },
    {
        "bookingid": 174
    },
    {
        "bookingid": 441
    },
    {
        "bookingid": 52
    },
    {
        "bookingid": 43
    },
    {
        "bookingid": 432
    },
    {
        "bookingid": 571
    },
    {
        "bookingid": 367
    },
    {
        "bookingid": 736
    },
    {
        "bookingid": 70
    },
    {
        "bookingid": 156
    },
    {
        "bookingid": 355
    },
    {
        "bookingid": 307
    },
    {
        "bookingid": 759
    },
    {
        "bookingid": 162
    },
    {
        "bookingid": 14
    },
    {
        "bookingid": 457
    },
    {
        "bookingid": 676
    },
    {
        "bookingid": 34
    },
    {
        "bookingid": 24
    },
    {
        "bookingid": 269
    },
    {
        "bookingid": 49
    },
    {
        "bookingid": 437
    },
    {
        "bookingid": 175
    },
    {
        "bookingid": 3
    },
    {
        "bookingid": 306
    },
    {
        "bookingid": 634
    },
    {
        "bookingid": 129
    },
    {
        "bookingid": 550
    },
    {
        "bookingid": 553
    },
    {
        "bookingid": 653
    },
    {
        "bookingid": 100
    },
    {
        "bookingid": 407
    },
    {
        "bookingid": 542
    },
    {
        "bookingid": 137
    },
    {
        "bookingid": 233
    },
    {
        "bookingid": 86
    },
    {
        "bookingid": 55
    },
    {
        "bookingid": 318
    },
    {
        "bookingid": 35
    },
    {
        "bookingid": 501
    },
    {
        "bookingid": 475
    },
    {
        "bookingid": 552
    },
    {
        "bookingid": 289
    },
    {
        "bookingid": 142
    },
    {
        "bookingid": 46
    },
    {
        "bookingid": 480
    },
    {
        "bookingid": 186
    },
    {
        "bookingid": 591
    },
    {
        "bookingid": 739
    },
    {
        "bookingid": 167
    },
    {
        "bookingid": 122
    },
    {
        "bookingid": 155
    },
    {
        "bookingid": 333
    },
    {
        "bookingid": 256
    },
    {
        "bookingid": 183
    },
    {
        "bookingid": 1
    },
    {
        "bookingid": 364
    },
    {
        "bookingid": 404
    },
    {
        "bookingid": 32
    },
    {
        "bookingid": 164
    },
    {
        "bookingid": 107
    },
    {
        "bookingid": 401
    },
    {
        "bookingid": 647
    },
    {
        "bookingid": 411
    },
    {
        "bookingid": 234
    },
    {
        "bookingid": 44
    },
    {
        "bookingid": 705
    },
    {
        "bookingid": 284
    },
    {
        "bookingid": 539
    },
    {
        "bookingid": 492
    },
    {
        "bookingid": 130
    },
    {
        "bookingid": 769
    },
    {
        "bookingid": 176
    },
    {
        "bookingid": 683
    },
    {
        "bookingid": 203
    },
    {
        "bookingid": 335
    },
    {
        "bookingid": 27
    },
    {
        "bookingid": 386
    }
]
]]></system-out>
  </testcase>
</testsuite>