<?xml version="1.0" encoding="UTF-8"?>
<testsuite xmlns:xsi="http://www.w3.org/2001/XMLSchema-instance" xsi:noNamespaceSchemaLocation="https://maven.apache.org/surefire/maven-surefire-plugin/xsd/surefire-test-report-3.0.xsd" version="3.0" name="ApiTest" time="14.539" tests="8" errors="0" skipped="0" failures="0">
  <properties>
    <property name="java.specification.version" value="21"/>
    <property name="sun.cpu.isalist" value="amd64"/>
    <property name="sun.jnu.encoding" value="Cp1251"/>
    <property name="java.class.path" value="C:\Users\Sergey\IdeaProjects\RestAssured\target\test-classes;C:\Users\Sergey\IdeaProjects\RestAssured\target\classes;C:\Users\Sergey\.m2\repository\org\junit\jupiter\junit-jupiter-params\5.9.2\junit-jupiter-params-5.9.2.jar;C:\Users\Sergey\.m2\repository\org\apiguardian\apiguardian-api\1.1.2\apiguardian-api-1.1.2.jar;C:\Users\Sergey\.m2\repository\io\qameta\allure\allure-rest-assured\2.24.0\allure-rest-assured-2.24.0.jar;C:\Users\Sergey\.m2\repository\io\qameta\allure\allure-attachments\2.24.0\allure-attachments-2.24.0.jar;C:\Users\Sergey\.m2\repository\io\qameta\allure\allure-java-commons\2.24.0\allure-java-commons-2.24.0.jar;C:\Users\Sergey\.m2\repository\org\slf4j\slf4j-api\1.7.36\slf4j-api-1.7.36.jar;C:\Users\Sergey\.m2\repository\io\qameta\allure\allure-model\2.24.0\allure-model-2.24.0.jar;C:\Users\Sergey\.m2\repository\org\freemarker\freemarker\2.3.31\freemarker-2.3.31.jar;C:\Users\Sergey\.m2\repository\io\qameta\allure\allure-junit5\2.24.0\allure-junit5-2.24.0.jar;C:\Users\Sergey\.m2\repository\io\qameta\allure\allure-junit-platform\2.24.0\allure-junit-platform-2.24.0.jar;C:\Users\Sergey\.m2\repository\io\qameta\allure\allure-test-filter\2.24.0\allure-test-filter-2.24.0.jar;C:\Users\Sergey\.m2\repository\org\junit\platform\junit-platform-launcher\1.9.2\junit-platform-launcher-1.9.2.jar;C:\Users\Sergey\.m2\repository\io\rest-assured\rest-assured\5.3.0\rest-assured-5.3.0.jar;C:\Users\Sergey\.m2\repository\org\apache\groovy\groovy\4.0.6\groovy-4.0.6.jar;C:\Users\Sergey\.m2\repository\org\apache\groovy\groovy-xml\4.0.6\groovy-xml-4.0.6.jar;C:\Users\Sergey\.m2\repository\org\apache\httpcomponents\httpclient\4.5.13\httpclient-4.5.13.jar;C:\Users\Sergey\.m2\repository\org\apache\httpcomponents\httpcore\4.4.13\httpcore-4.4.13.jar;C:\Users\Sergey\.m2\repository\commons-logging\commons-logging\1.2\commons-logging-1.2.jar;C:\Users\Sergey\.m2\repository\commons-codec\commons-codec\1.11\commons-codec-1.11.jar;C:\Users\Sergey\.m2\repository\org\apache\httpcomponents\httpmime\4.5.13\httpmime-4.5.13.jar;C:\Users\Sergey\.m2\repository\org\ccil\cowan\tagsoup\tagsoup\1.2.1\tagsoup-1.2.1.jar;C:\Users\Sergey\.m2\repository\io\rest-assured\json-path\5.3.0\json-path-5.3.0.jar;C:\Users\Sergey\.m2\repository\org\apache\groovy\groovy-json\4.0.6\groovy-json-4.0.6.jar;C:\Users\Sergey\.m2\repository\io\rest-assured\rest-assured-common\5.3.0\rest-assured-common-5.3.0.jar;C:\Users\Sergey\.m2\repository\io\rest-assured\xml-path\5.3.0\xml-path-5.3.0.jar;C:\Users\Sergey\.m2\repository\org\apache\commons\commons-lang3\3.11\commons-lang3-3.11.jar;C:\Users\Sergey\.m2\repository\org\hamcrest\hamcrest\2.2\hamcrest-2.2.jar;C:\Users\Sergey\.m2\repository\org\junit\jupiter\junit-jupiter-api\5.9.2\junit-jupiter-api-5.9.2.jar;C:\Users\Sergey\.m2\repository\org\opentest4j\opentest4j\1.2.0\opentest4j-1.2.0.jar;C:\Users\Sergey\.m2\repository\org\junit\platform\junit-platform-commons\1.9.2\junit-platform-commons-1.9.2.jar;C:\Users\Sergey\.m2\repository\org\junit\jupiter\junit-jupiter-engine\5.9.2\junit-jupiter-engine-5.9.2.jar;C:\Users\Sergey\.m2\repository\org\junit\platform\junit-platform-engine\1.9.2\junit-platform-engine-1.9.2.jar;"/>
    <property name="java.vm.vendor" value="Oracle Corporation"/>
    <property name="sun.arch.data.model" value="64"/>
    <property name="user.variant" value=""/>
    <property name="java.vendor.url" value="https://java.oracle.com/"/>
    <property name="user.timezone" value="Europe/Volgograd"/>
    <property name="user.country.format" value="RU"/>
    <property name="os.name" value="Windows 11"/>
    <property name="java.vm.specification.version" value="21"/>
    <property name="sun.java.launcher" value="SUN_STANDARD"/>
    <property name="user.country" value="GB"/>
    <property name="sun.boot.library.path" value="C:\Program Files\Java\jdk-21\bin"/>
    <property name="sun.java.command" value="C:\Users\Sergey\AppData\Local\Temp\surefire2041668404817846151\surefirebooter-20250624145757297_3.jar C:\Users\Sergey\AppData\Local\Temp\surefire2041668404817846151 2025-06-24T14-57-57_034-jvmRun1 surefire-20250624145757297_1tmp surefire_0-20250624145757297_2tmp"/>
    <property name="jdk.debug" value="release"/>
    <property name="surefire.test.class.path" value="C:\Users\Sergey\IdeaProjects\RestAssured\target\test-classes;C:\Users\Sergey\IdeaProjects\RestAssured\target\classes;C:\Users\Sergey\.m2\repository\org\junit\jupiter\junit-jupiter-params\5.9.2\junit-jupiter-params-5.9.2.jar;C:\Users\Sergey\.m2\repository\org\apiguardian\apiguardian-api\1.1.2\apiguardian-api-1.1.2.jar;C:\Users\Sergey\.m2\repository\io\qameta\allure\allure-rest-assured\2.24.0\allure-rest-assured-2.24.0.jar;C:\Users\Sergey\.m2\repository\io\qameta\allure\allure-attachments\2.24.0\allure-attachments-2.24.0.jar;C:\Users\Sergey\.m2\repository\io\qameta\allure\allure-java-commons\2.24.0\allure-java-commons-2.24.0.jar;C:\Users\Sergey\.m2\repository\org\slf4j\slf4j-api\1.7.36\slf4j-api-1.7.36.jar;C:\Users\Sergey\.m2\repository\io\qameta\allure\allure-model\2.24.0\allure-model-2.24.0.jar;C:\Users\Sergey\.m2\repository\org\freemarker\freemarker\2.3.31\freemarker-2.3.31.jar;C:\Users\Sergey\.m2\repository\io\qameta\allure\allure-junit5\2.24.0\allure-junit5-2.24.0.jar;C:\Users\Sergey\.m2\repository\io\qameta\allure\allure-junit-platform\2.24.0\allure-junit-platform-2.24.0.jar;C:\Users\Sergey\.m2\repository\io\qameta\allure\allure-test-filter\2.24.0\allure-test-filter-2.24.0.jar;C:\Users\Sergey\.m2\repository\org\junit\platform\junit-platform-launcher\1.9.2\junit-platform-launcher-1.9.2.jar;C:\Users\Sergey\.m2\repository\io\rest-assured\rest-assured\5.3.0\rest-assured-5.3.0.jar;C:\Users\Sergey\.m2\repository\org\apache\groovy\groovy\4.0.6\groovy-4.0.6.jar;C:\Users\Sergey\.m2\repository\org\apache\groovy\groovy-xml\4.0.6\groovy-xml-4.0.6.jar;C:\Users\Sergey\.m2\repository\org\apache\httpcomponents\httpclient\4.5.13\httpclient-4.5.13.jar;C:\Users\Sergey\.m2\repository\org\apache\httpcomponents\httpcore\4.4.13\httpcore-4.4.13.jar;C:\Users\Sergey\.m2\repository\commons-logging\commons-logging\1.2\commons-logging-1.2.jar;C:\Users\Sergey\.m2\repository\commons-codec\commons-codec\1.11\commons-codec-1.11.jar;C:\Users\Sergey\.m2\repository\org\apache\httpcomponents\httpmime\4.5.13\httpmime-4.5.13.jar;C:\Users\Sergey\.m2\repository\org\ccil\cowan\tagsoup\tagsoup\1.2.1\tagsoup-1.2.1.jar;C:\Users\Sergey\.m2\repository\io\rest-assured\json-path\5.3.0\json-path-5.3.0.jar;C:\Users\Sergey\.m2\repository\org\apache\groovy\groovy-json\4.0.6\groovy-json-4.0.6.jar;C:\Users\Sergey\.m2\repository\io\rest-assured\rest-assured-common\5.3.0\rest-assured-common-5.3.0.jar;C:\Users\Sergey\.m2\repository\io\rest-assured\xml-path\5.3.0\xml-path-5.3.0.jar;C:\Users\Sergey\.m2\repository\org\apache\commons\commons-lang3\3.11\commons-lang3-3.11.jar;C:\Users\Sergey\.m2\repository\org\hamcrest\hamcrest\2.2\hamcrest-2.2.jar;C:\Users\Sergey\.m2\repository\org\junit\jupiter\junit-jupiter-api\5.9.2\junit-jupiter-api-5.9.2.jar;C:\Users\Sergey\.m2\repository\org\opentest4j\opentest4j\1.2.0\opentest4j-1.2.0.jar;C:\Users\Sergey\.m2\repository\org\junit\platform\junit-platform-commons\1.9.2\junit-platform-commons-1.9.2.jar;C:\Users\Sergey\.m2\repository\org\junit\jupiter\junit-jupiter-engine\5.9.2\junit-jupiter-engine-5.9.2.jar;C:\Users\Sergey\.m2\repository\org\junit\platform\junit-platform-engine\1.9.2\junit-platform-engine-1.9.2.jar;"/>
    <property name="sun.cpu.endian" value="little"/>
    <property name="allure.results.directory" value="target/allure-results"/>
    <property name="user.home" value="C:\Users\Sergey"/>
    <property name="user.language" value="en"/>
    <property name="java.specification.vendor" value="Oracle Corporation"/>
    <property name="java.version.date" value="2025-04-15"/>
    <property name="java.home" value="C:\Program Files\Java\jdk-21"/>
    <property name="file.separator" value="\"/>
    <property name="basedir" value="C:\Users\Sergey\IdeaProjects\RestAssured"/>
    <property name="java.vm.compressedOopsMode" value="Zero based"/>
    <property name="line.separator" value="&#10;"/>
    <property name="java.vm.specification.vendor" value="Oracle Corporation"/>
    <property name="java.specification.name" value="Java Platform API Specification"/>
    <property name="surefire.real.class.path" value="C:\Users\Sergey\AppData\Local\Temp\surefire2041668404817846151\surefirebooter-20250624145757297_3.jar"/>
    <property name="user.script" value=""/>
    <property name="sun.management.compiler" value="HotSpot 64-Bit Tiered Compilers"/>
    <property name="java.runtime.version" value="21.0.7+8-LTS-245"/>
    <property name="user.name" value="Sergey"/>
    <property name="stdout.encoding" value="Cp1251"/>
    <property name="path.separator" value=";"/>
    <property name="os.version" value="10.0"/>
    <property name="java.runtime.name" value="Java(TM) SE Runtime Environment"/>
    <property name="file.encoding" value="UTF-8"/>
    <property name="java.vm.name" value="Java HotSpot(TM) 64-Bit Server VM"/>
    <property name="localRepository" value="C:\Users\Sergey\.m2\repository"/>
    <property name="java.vendor.url.bug" value="https://bugreport.java.com/bugreport/"/>
    <property name="java.io.tmpdir" value="C:\Users\Sergey\AppData\Local\Temp\"/>
    <property name="java.version" value="21.0.7"/>
    <property name="user.dir" value="C:\Users\Sergey\IdeaProjects\RestAssured"/>
    <property name="os.arch" value="amd64"/>
    <property name="java.vm.specification.name" value="Java Virtual Machine Specification"/>
    <property name="user.language.format" value="ru"/>
    <property name="sun.os.patch.level" value=""/>
    <property name="native.encoding" value="Cp1251"/>
    <property name="java.library.path" value="C:\Program Files\Java\jdk-21\bin;C:\WINDOWS\Sun\Java\bin;C:\WINDOWS\system32;C:\WINDOWS;C:\Program Files\Common Files\Oracle\Java\javapath;C:\sql_course\dbhomeXE\bin;C:\Program Files\apache-maven-3.9.9\bin;C:\Program Files\dotnet\;C:\Program Files\nodejs\;C:\Program Files (x86)\NVIDIA Corporation\PhysX\Common;C:\ProgramData\Jenkins\.jenkins\tools\hudson.plugins.gradle.GradleInstallation\Gradle_7.2\bin\gradle;C:\ProgramData\Microsoft\Windows\Start Menu\Programs\Node.js\Node.js command prompt.lnk;C:\Program Files\Git\cmd;C:\WINDOWS\system32;C:\WINDOWS;C:\WINDOWS\System32\Wbem;C:\WINDOWS\System32\WindowsPowerShell\v1.0\;C:\WINDOWS\System32\OpenSSH\;%JAVA_HOME%\bin;C:\Program Files\Cloudflare\Cloudflare WARP\;C:\Program Files\allure-2.34.0\bin;C:\Users\Sergey\AppData\Local\Programs\Python\Python312\Scripts\;C:\Users\Sergey\AppData\Local\Programs\Python\Python312\;C:\Users\Sergey\AppData\Local\Programs\Python\Python311\Scripts\;C:\Users\Sergey\AppData\Local\Programs\Python\Python311\;C:\Users\Sergey\.dotnet\tools;C:\Users\Sergey\AppData\Roaming\npm;C:\Users\Sergey\AppData\Local\Programs\Microsoft VS Code\bin;C:\ProgramData\Jenkins\.jenkins\tools\hudson.plugins.gradle.GradleInstallation\Gradle_7.2\bin;C:\ProgramData\Microsoft\Windows\Start Menu\Programs\Node.js\Node.js command prompt.lnk;C:\Program Files\JetBrains\IntelliJ IDEA 2020.3.3\bin;;C:\Users\Sergey\AppData\Local\Microsoft\WindowsApps;C:\Program Files\Java\jdk-21\bin;C:\Program Files\apache-maven-3.9.9\bin\bin;;."/>
    <property name="java.vm.info" value="mixed mode, sharing"/>
    <property name="stderr.encoding" value="Cp1251"/>
    <property name="java.vendor" value="Oracle Corporation"/>
    <property name="java.vm.version" value="21.0.7+8-LTS-245"/>
    <property name="sun.io.unicode.encoding" value="UnicodeLittle"/>
    <property name="java.class.version" value="65.0"/>
  </properties>
  <testcase name="GetToken" classname="ApiTest" time="1.608">
    <system-out><![CDATA[{
    "token": "d59ea557a6fb80f"
}
]]></system-out>
    <system-err><![CDATA[SLF4J: Failed to load class "org.slf4j.impl.StaticLoggerBinder".
SLF4J: Defaulting to no-operation (NOP) logger implementation
SLF4J: See http://www.slf4j.org/codes.html#StaticLoggerBinder for further details.
]]></system-err>
  </testcase>
  <testcase name="createBooking" classname="ApiTest" time="0.837">
    <system-out><![CDATA[{
    "bookingid": 3966,
    "booking": {
        "firstname": "Jim",
        "lastname": "Brown",
        "totalprice": 111,
        "depositpaid": true,
        "bookingdates": {
            "checkin": "2018-01-01",
            "checkout": "2019-01-01"
        }
    }
}
]]></system-out>
  </testcase>
  <testcase name="updateBooking" classname="ApiTest" time="0.977">
    <system-out><![CDATA[{
    "firstname": "James",
    "lastname": "Brown",
    "totalprice": 111,
    "depositpaid": true,
    "bookingdates": {
        "checkin": "2018-01-01",
        "checkout": "2019-01-01"
    }
}
]]></system-out>
  </testcase>
  <testcase name="partialUpdateBooking" classname="ApiTest" time="0.864">
    <system-out><![CDATA[{
    "firstname": "Jack",
    "lastname": "Bro",
    "totalprice": 111,
    "depositpaid": true,
    "bookingdates": {
        "checkin": "2018-01-01",
        "checkout": "2019-01-01"
    }
}
]]></system-out>
  </testcase>
  <testcase name="deleteBooking" classname="ApiTest" time="0.785">
    <system-out><![CDATA[Created
]]></system-out>
  </testcase>
  <testcase name="healthCheck" classname="ApiTest" time="0.891">
    <system-out><![CDATA[Created
]]></system-out>
  </testcase>
  <testcase name="GetBooking" classname="ApiTest" time="1.497">
    <system-out><![CDATA[[
    {
        "bookingid": 2676
    },
    {
        "bookingid": 1416
    },
    {
        "bookingid": 2779
    },
    {
        "bookingid": 2674
    },
    {
        "bookingid": 718
    },
    {
        "bookingid": 1948
    },
    {
        "bookingid": 1980
    },
    {
        "bookingid": 1823
    },
    {
        "bookingid": 3050
    },
    {
        "bookingid": 3772
    },
    {
        "bookingid": 2982
    },
    {
        "bookingid": 3520
    },
    {
        "bookingid": 2049
    },
    {
        "bookingid": 2802
    },
    {
        "bookingid": 2794
    },
    {
        "bookingid": 1555
    },
    {
        "bookingid": 622
    },
    {
        "bookingid": 3678
    },
    {
        "bookingid": 143
    },
    {
        "bookingid": 594
    },
    {
        "bookingid": 3738
    },
    {
        "bookingid": 1127
    },
    {
        "bookingid": 2733
    },
    {
        "bookingid": 3913
    },
    {
        "bookingid": 257
    },
    {
        "bookingid": 3468
    },
    {
        "bookingid": 3410
    },
    {
        "bookingid": 1417
    },
    {
        "bookingid": 3516
    },
    {
        "bookingid": 1056
    },
    {
        "bookingid": 2811
    },
    {
        "bookingid": 1491
    },
    {
        "bookingid": 1517
    },
    {
        "bookingid": 2257
    },
    {
        "bookingid": 3140
    },
    {
        "bookingid": 820
    },
    {
        "bookingid": 3472
    },
    {
        "bookingid": 1572
    },
    {
        "bookingid": 287
    },
    {
        "bookingid": 3764
    },
    {
        "bookingid": 2112
    },
    {
        "bookingid": 3089
    },
    {
        "bookingid": 596
    },
    {
        "bookingid": 3830
    },
    {
        "bookingid": 3733
    },
    {
        "bookingid": 1154
    },
    {
        "bookingid": 653
    },
    {
        "bookingid": 3730
    },
    {
        "bookingid": 2609
    },
    {
        "bookingid": 3087
    },
    {
        "bookingid": 3132
    },
    {
        "bookingid": 3838
    },
    {
        "bookingid": 1281
    },
    {
        "bookingid": 366
    },
    {
        "bookingid": 1921
    },
    {
        "bookingid": 1721
    },
    {
        "bookingid": 500
    },
    {
        "bookingid": 3705
    },
    {
        "bookingid": 200
    },
    {
        "bookingid": 1753
    },
    {
        "bookingid": 2593
    },
    {
        "bookingid": 1631
    },
    {
        "bookingid": 644
    },
    {
        "bookingid": 1802
    },
    {
        "bookingid": 2495
    },
    {
        "bookingid": 1130
    },
    {
        "bookingid": 3053
    },
    {
        "bookingid": 3704
    },
    {
        "bookingid": 3872
    },
    {
        "bookingid": 2192
    },
    {
        "bookingid": 706
    },
    {
        "bookingid": 1679
    },
    {
        "bookingid": 3534
    },
    {
        "bookingid": 3598
    },
    {
        "bookingid": 3912
    },
    {
        "bookingid": 3304
    },
    {
        "bookingid": 1033
    },
    {
        "bookingid": 1648
    },
    {
        "bookingid": 3889
    },
    {
        "bookingid": 1199
    },
    {
        "bookingid": 821
    },
    {
        "bookingid": 687
    },
    {
        "bookingid": 1550
    },
    {
        "bookingid": 3221
    },
    {
        "bookingid": 3774
    },
    {
        "bookingid": 1291
    },
    {
        "bookingid": 855
    },
    {
        "bookingid": 1045
    },
    {
        "bookingid": 2157
    },
    {
        "bookingid": 583
    },
    {
        "bookingid": 2478
    },
    {
        "bookingid": 230
    },
    {
        "bookingid": 1664
    },
    {
        "bookingid": 3071
    },
    {
        "bookingid": 133
    },
    {
        "bookingid": 1907
    },
    {
        "bookingid": 828
    },
    {
        "bookingid": 1807
    },
    {
        "bookingid": 3319
    },
    {
        "bookingid": 272
    },
    {
        "bookingid": 1514
    },
    {
        "bookingid": 56
    },
    {
        "bookingid": 2617
    },
    {
        "bookingid": 2561
    },
    {
        "bookingid": 538
    },
    {
        "bookingid": 2897
    },
    {
        "bookingid": 1633
    },
    {
        "bookingid": 3694
    },
    {
        "bookingid": 2987
    },
    {
        "bookingid": 408
    },
    {
        "bookingid": 3837
    },
    {
        "bookingid": 429
    },
    {
        "bookingid": 2466
    },
    {
        "bookingid": 3154
    },
    {
        "bookingid": 2614
    },
    {
        "bookingid": 1507
    },
    {
        "bookingid": 2694
    },
    {
        "bookingid": 648
    },
    {
        "bookingid": 3741
    },
    {
        "bookingid": 54
    },
    {
        "bookingid": 114
    },
    {
        "bookingid": 1005
    },
    {
        "bookingid": 3734
    },
    {
        "bookingid": 1640
    },
    {
        "bookingid": 165
    },
    {
        "bookingid": 3614
    },
    {
        "bookingid": 1477
    },
    {
        "bookingid": 461
    },
    {
        "bookingid": 774
    },
    {
        "bookingid": 2296
    },
    {
        "bookingid": 2534
    },
    {
        "bookingid": 2860
    },
    {
        "bookingid": 3814
    },
    {
        "bookingid": 1499
    },
    {
        "bookingid": 1541
    },
    {
        "bookingid": 2958
    },
    {
        "bookingid": 3877
    },
    {
        "bookingid": 3775
    },
    {
        "bookingid": 866
    },
    {
        "bookingid": 1851
    },
    {
        "bookingid": 745
    },
    {
        "bookingid": 3443
    },
    {
        "bookingid": 3767
    },
    {
        "bookingid": 1072
    },
    {
        "bookingid": 2234
    },
    {
        "bookingid": 1703
    },
    {
        "bookingid": 2830
    },
    {
        "bookingid": 4004
    },
    {
        "bookingid": 602
    },
    {
        "bookingid": 1618
    },
    {
        "bookingid": 2941
    },
    {
        "bookingid": 2167
    },
    {
        "bookingid": 300
    },
    {
        "bookingid": 1813
    },
    {
        "bookingid": 3773
    },
    {
        "bookingid": 354
    },
    {
        "bookingid": 3851
    },
    {
        "bookingid": 3388
    },
    {
        "bookingid": 2190
    },
    {
        "bookingid": 2486
    },
    {
        "bookingid": 621
    },
    {
        "bookingid": 2316
    },
    {
        "bookingid": 1257
    },
    {
        "bookingid": 2207
    },
    {
        "bookingid": 3461
    },
    {
        "bookingid": 1456
    },
    {
        "bookingid": 2052
    },
    {
        "bookingid": 1543
    },
    {
        "bookingid": 2454
    },
    {
        "bookingid": 396
    },
    {
        "bookingid": 1219
    },
    {
        "bookingid": 1320
    },
    {
        "bookingid": 409
    },
    {
        "bookingid": 983
    },
    {
        "bookingid": 1558
    },
    {
        "bookingid": 3947
    },
    {
        "bookingid": 38
    },
    {
        "bookingid": 2738
    },
    {
        "bookingid": 314
    },
    {
        "bookingid": 2871
    },
    {
        "bookingid": 1549
    },
    {
        "bookingid": 488
    },
    {
        "bookingid": 264
    },
    {
        "bookingid": 2127
    },
    {
        "bookingid": 2916
    },
    {
        "bookingid": 1272
    },
    {
        "bookingid": 3425
    },
    {
        "bookingid": 128
    },
    {
        "bookingid": 199
    },
    {
        "bookingid": 2817
    },
    {
        "bookingid": 3274
    },
    {
        "bookingid": 44
    },
    {
        "bookingid": 2742
    },
    {
        "bookingid": 2448
    },
    {
        "bookingid": 1381
    },
    {
        "bookingid": 1345
    },
    {
        "bookingid": 504
    },
    {
        "bookingid": 1110
    },
    {
        "bookingid": 566
    },
    {
        "bookingid": 497
    },
    {
        "bookingid": 2056
    },
    {
        "bookingid": 3908
    },
    {
        "bookingid": 3366
    },
    {
        "bookingid": 647
    },
    {
        "bookingid": 2231
    },
    {
        "bookingid": 3112
    },
    {
        "bookingid": 3419
    },
    {
        "bookingid": 1240
    },
    {
        "bookingid": 1556
    },
    {
        "bookingid": 1957
    },
    {
        "bookingid": 562
    },
    {
        "bookingid": 1029
    },
    {
        "bookingid": 716
    },
    {
        "bookingid": 3178
    },
    {
        "bookingid": 1196
    },
    {
        "bookingid": 2082
    },
    {
        "bookingid": 2508
    },
    {
        "bookingid": 175
    },
    {
        "bookingid": 2312
    },
    {
        "bookingid": 2000
    },
    {
        "bookingid": 2833
    },
    {
        "bookingid": 3333
    },
    {
        "bookingid": 1179
    },
    {
        "bookingid": 100
    },
    {
        "bookingid": 1399
    },
    {
        "bookingid": 1429
    },
    {
        "bookingid": 1886
    },
    {
        "bookingid": 3564
    },
    {
        "bookingid": 674
    },
    {
        "bookingid": 891
    },
    {
        "bookingid": 834
    },
    {
        "bookingid": 2793
    },
    {
        "bookingid": 179
    },
    {
        "bookingid": 185
    },
    {
        "bookingid": 276
    },
    {
        "bookingid": 1104
    },
    {
        "bookingid": 521
    },
    {
        "bookingid": 893
    },
    {
        "bookingid": 645
    },
    {
        "bookingid": 1364
    },
    {
        "bookingid": 612
    },
    {
        "bookingid": 1588
    },
    {
        "bookingid": 2925
    },
    {
        "bookingid": 2221
    },
    {
        "bookingid": 198
    },
    {
        "bookingid": 2815
    },
    {
        "bookingid": 2483
    },
    {
        "bookingid": 1490
    },
    {
        "bookingid": 3068
    },
    {
        "bookingid": 2542
    },
    {
        "bookingid": 2893
    },
    {
        "bookingid": 1235
    },
    {
        "bookingid": 26
    },
    {
        "bookingid": 3846
    },
    {
        "bookingid": 3228
    },
    {
        "bookingid": 3208
    },
    {
        "bookingid": 2225
    },
    {
        "bookingid": 1315
    },
    {
        "bookingid": 1418
    },
    {
        "bookingid": 734
    },
    {
        "bookingid": 453
    },
    {
        "bookingid": 1307
    },
    {
        "bookingid": 341
    },
    {
        "bookingid": 1447
    },
    {
        "bookingid": 2672
    },
    {
        "bookingid": 1287
    },
    {
        "bookingid": 3396
    },
    {
        "bookingid": 1366
    },
    {
        "bookingid": 1619
    },
    {
        "bookingid": 2504
    },
    {
        "bookingid": 2616
    },
    {
        "bookingid": 2577
    },
    {
        "bookingid": 2900
    },
    {
        "bookingid": 2850
    },
    {
        "bookingid": 123
    },
    {
        "bookingid": 1132
    },
    {
        "bookingid": 1452
    },
    {
        "bookingid": 2502
    },
    {
        "bookingid": 3062
    },
    {
        "bookingid": 2280
    },
    {
        "bookingid": 3418
    },
    {
        "bookingid": 938
    },
    {
        "bookingid": 55
    },
    {
        "bookingid": 2439
    },
    {
        "bookingid": 2691
    },
    {
        "bookingid": 1069
    },
    {
        "bookingid": 2381
    },
    {
        "bookingid": 1655
    },
    {
        "bookingid": 3794
    },
    {
        "bookingid": 523
    },
    {
        "bookingid": 3352
    },
    {
        "bookingid": 2143
    },
    {
        "bookingid": 58
    },
    {
        "bookingid": 282
    },
    {
        "bookingid": 2571
    },
    {
        "bookingid": 860
    },
    {
        "bookingid": 2894
    },
    {
        "bookingid": 3561
    },
    {
        "bookingid": 2400
    },
    {
        "bookingid": 735
    },
    {
        "bookingid": 3044
    },
    {
        "bookingid": 1078
    },
    {
        "bookingid": 729
    },
    {
        "bookingid": 1225
    },
    {
        "bookingid": 263
    },
    {
        "bookingid": 489
    },
    {
        "bookingid": 3243
    },
    {
        "bookingid": 1868
    },
    {
        "bookingid": 3339
    },
    {
        "bookingid": 360
    },
    {
        "bookingid": 529
    },
    {
        "bookingid": 2087
    },
    {
        "bookingid": 2004
    },
    {
        "bookingid": 2884
    },
    {
        "bookingid": 1678
    },
    {
        "bookingid": 31
    },
    {
        "bookingid": 3919
    },
    {
        "bookingid": 3976
    },
    {
        "bookingid": 10
    },
    {
        "bookingid": 1816
    },
    {
        "bookingid": 3945
    },
    {
        "bookingid": 722
    },
    {
        "bookingid": 2632
    },
    {
        "bookingid": 3011
    },
    {
        "bookingid": 1439
    },
    {
        "bookingid": 3595
    },
    {
        "bookingid": 3093
    },
    {
        "bookingid": 1964
    },
    {
        "bookingid": 2133
    },
    {
        "bookingid": 3576
    },
    {
        "bookingid": 1947
    },
    {
        "bookingid": 3252
    },
    {
        "bookingid": 1126
    },
    {
        "bookingid": 1832
    },
    {
        "bookingid": 3371
    },
    {
        "bookingid": 3373
    },
    {
        "bookingid": 544
    },
    {
        "bookingid": 3361
    },
    {
        "bookingid": 2175
    },
    {
        "bookingid": 2036
    },
    {
        "bookingid": 2686
    },
    {
        "bookingid": 2713
    },
    {
        "bookingid": 3142
    },
    {
        "bookingid": 971
    },
    {
        "bookingid": 3325
    },
    {
        "bookingid": 3036
    },
    {
        "bookingid": 625
    },
    {
        "bookingid": 1922
    },
    {
        "bookingid": 2842
    },
    {
        "bookingid": 1770
    },
    {
        "bookingid": 2729
    },
    {
        "bookingid": 3802
    },
    {
        "bookingid": 2284
    },
    {
        "bookingid": 3434
    },
    {
        "bookingid": 2971
    },
    {
        "bookingid": 2376
    },
    {
        "bookingid": 2539
    },
    {
        "bookingid": 2215
    },
    {
        "bookingid": 70
    },
    {
        "bookingid": 2402
    },
    {
        "bookingid": 2853
    },
    {
        "bookingid": 414
    },
    {
        "bookingid": 3280
    },
    {
        "bookingid": 3255
    },
    {
        "bookingid": 246
    },
    {
        "bookingid": 1378
    },
    {
        "bookingid": 131
    },
    {
        "bookingid": 3439
    },
    {
        "bookingid": 684
    },
    {
        "bookingid": 206
    },
    {
        "bookingid": 1445
    },
    {
        "bookingid": 61
    },
    {
        "bookingid": 3499
    },
    {
        "bookingid": 239
    },
    {
        "bookingid": 1669
    },
    {
        "bookingid": 2252
    },
    {
        "bookingid": 187
    },
    {
        "bookingid": 236
    },
    {
        "bookingid": 2863
    },
    {
        "bookingid": 98
    },
    {
        "bookingid": 2992
    },
    {
        "bookingid": 917
    },
    {
        "bookingid": 2696
    },
    {
        "bookingid": 3088
    },
    {
        "bookingid": 3015
    },
    {
        "bookingid": 2697
    },
    {
        "bookingid": 2239
    },
    {
        "bookingid": 663
    },
    {
        "bookingid": 2088
    },
    {
        "bookingid": 2535
    },
    {
        "bookingid": 1060
    },
    {
        "bookingid": 2823
    },
    {
        "bookingid": 2333
    },
    {
        "bookingid": 1988
    },
    {
        "bookingid": 2622
    },
    {
        "bookingid": 2310
    },
    {
        "bookingid": 3800
    },
    {
        "bookingid": 888
    },
    {
        "bookingid": 3963
    },
    {
        "bookingid": 3090
    },
    {
        "bookingid": 3458
    },
    {
        "bookingid": 2541
    },
    {
        "bookingid": 2367
    },
    {
        "bookingid": 3713
    },
    {
        "bookingid": 1739
    },
    {
        "bookingid": 1950
    },
    {
        "bookingid": 1534
    },
    {
        "bookingid": 2776
    },
    {
        "bookingid": 1827
    },
    {
        "bookingid": 1413
    },
    {
        "bookingid": 483
    },
    {
        "bookingid": 618
    },
    {
        "bookingid": 3413
    },
    {
        "bookingid": 3205
    },
    {
        "bookingid": 2874
    },
    {
        "bookingid": 3778
    },
    {
        "bookingid": 1808
    },
    {
        "bookingid": 3284
    },
    {
        "bookingid": 2492
    },
    {
        "bookingid": 2188
    },
    {
        "bookingid": 153
    },
    {
        "bookingid": 2146
    },
    {
        "bookingid": 3085
    },
    {
        "bookingid": 811
    },
    {
        "bookingid": 693
    },
    {
        "bookingid": 2436
    },
    {
        "bookingid": 3311
    },
    {
        "bookingid": 1323
    },
    {
        "bookingid": 573
    },
    {
        "bookingid": 2464
    },
    {
        "bookingid": 2532
    },
    {
        "bookingid": 2391
    },
    {
        "bookingid": 2899
    },
    {
        "bookingid": 2615
    },
    {
        "bookingid": 2767
    },
    {
        "bookingid": 1759
    },
    {
        "bookingid": 1410
    },
    {
        "bookingid": 3841
    },
    {
        "bookingid": 2431
    },
    {
        "bookingid": 1255
    },
    {
        "bookingid": 2579
    },
    {
        "bookingid": 3504
    },
    {
        "bookingid": 1007
    },
    {
        "bookingid": 911
    },
    {
        "bookingid": 3380
    },
    {
        "bookingid": 3077
    },
    {
        "bookingid": 350
    },
    {
        "bookingid": 2635
    },
    {
        "bookingid": 1929
    },
    {
        "bookingid": 2882
    },
    {
        "bookingid": 3401
    },
    {
        "bookingid": 2348
    },
    {
        "bookingid": 3398
    },
    {
        "bookingid": 907
    },
    {
        "bookingid": 3712
    },
    {
        "bookingid": 1426
    },
    {
        "bookingid": 2746
    },
    {
        "bookingid": 910
    },
    {
        "bookingid": 221
    },
    {
        "bookingid": 2139
    },
    {
        "bookingid": 2172
    },
    {
        "bookingid": 1818
    },
    {
        "bookingid": 3308
    },
    {
        "bookingid": 1487
    },
    {
        "bookingid": 714
    },
    {
        "bookingid": 818
    },
    {
        "bookingid": 1247
    },
    {
        "bookingid": 3040
    },
    {
        "bookingid": 3721
    },
    {
        "bookingid": 1592
    },
    {
        "bookingid": 2104
    },
    {
        "bookingid": 863
    },
    {
        "bookingid": 627
    },
    {
        "bookingid": 1725
    },
    {
        "bookingid": 2531
    },
    {
        "bookingid": 2707
    },
    {
        "bookingid": 193
    },
    {
        "bookingid": 1414
    },
    {
        "bookingid": 2520
    },
    {
        "bookingid": 530
    },
    {
        "bookingid": 2946
    },
    {
        "bookingid": 1853
    },
    {
        "bookingid": 2142
    },
    {
        "bookingid": 385
    },
    {
        "bookingid": 3323
    },
    {
        "bookingid": 3901
    },
    {
        "bookingid": 3710
    },
    {
        "bookingid": 1440
    },
    {
        "bookingid": 1221
    },
    {
        "bookingid": 2410
    },
    {
        "bookingid": 3547
    },
    {
        "bookingid": 2335
    },
    {
        "bookingid": 2797
    },
    {
        "bookingid": 2566
    },
    {
        "bookingid": 1510
    },
    {
        "bookingid": 680
    },
    {
        "bookingid": 2028
    },
    {
        "bookingid": 1597
    },
    {
        "bookingid": 169
    },
    {
        "bookingid": 2651
    },
    {
        "bookingid": 2476
    },
    {
        "bookingid": 1229
    },
    {
        "bookingid": 347
    },
    {
        "bookingid": 931
    },
    {
        "bookingid": 403
    },
    {
        "bookingid": 2936
    },
    {
        "bookingid": 3409
    },
    {
        "bookingid": 3446
    },
    {
        "bookingid": 2689
    },
    {
        "bookingid": 2084
    },
    {
        "bookingid": 2177
    },
    {
        "bookingid": 326
    },
    {
        "bookingid": 1645
    },
    {
        "bookingid": 3618
    },
    {
        "bookingid": 3168
    },
    {
        "bookingid": 3868
    },
    {
        "bookingid": 1585
    },
    {
        "bookingid": 1008
    },
    {
        "bookingid": 1887
    },
    {
        "bookingid": 2419
    },
    {
        "bookingid": 305
    },
    {
        "bookingid": 1896
    },
    {
        "bookingid": 2372
    },
    {
        "bookingid": 1099
    },
    {
        "bookingid": 1306
    },
    {
        "bookingid": 2944
    },
    {
        "bookingid": 2276
    },
    {
        "bookingid": 3844
    },
    {
        "bookingid": 2668
    },
    {
        "bookingid": 1113
    },
    {
        "bookingid": 1084
    },
    {
        "bookingid": 548
    },
    {
        "bookingid": 507
    },
    {
        "bookingid": 1035
    },
    {
        "bookingid": 1279
    },
    {
        "bookingid": 2573
    },
    {
        "bookingid": 2695
    },
    {
        "bookingid": 3297
    },
    {
        "bookingid": 3111
    },
    {
        "bookingid": 1172
    },
    {
        "bookingid": 2368
    },
    {
        "bookingid": 297
    },
    {
        "bookingid": 3244
    },
    {
        "bookingid": 1061
    },
    {
        "bookingid": 1359
    },
    {
        "bookingid": 3832
    },
    {
        "bookingid": 3322
    },
    {
        "bookingid": 3860
    },
    {
        "bookingid": 1649
    },
    {
        "bookingid": 3491
    },
    {
        "bookingid": 2358
    },
    {
        "bookingid": 2885
    },
    {
        "bookingid": 2740
    },
    {
        "bookingid": 2254
    },
    {
        "bookingid": 2303
    },
    {
        "bookingid": 3199
    },
    {
        "bookingid": 3187
    },
    {
        "bookingid": 3127
    },
    {
        "bookingid": 1382
    },
    {
        "bookingid": 3099
    },
    {
        "bookingid": 3972
    },
    {
        "bookingid": 2491
    },
    {
        "bookingid": 2295
    },
    {
        "bookingid": 3607
    },
    {
        "bookingid": 3685
    },
    {
        "bookingid": 572
    },
    {
        "bookingid": 604
    },
    {
        "bookingid": 2760
    },
    {
        "bookingid": 1071
    },
    {
        "bookingid": 3902
    },
    {
        "bookingid": 536
    },
    {
        "bookingid": 2162
    },
    {
        "bookingid": 3989
    },
    {
        "bookingid": 1716
    },
    {
        "bookingid": 1783
    },
    {
        "bookingid": 3498
    },
    {
        "bookingid": 1332
    },
    {
        "bookingid": 2421
    },
    {
        "bookingid": 2917
    },
    {
        "bookingid": 3293
    },
    {
        "bookingid": 2128
    },
    {
        "bookingid": 1646
    },
    {
        "bookingid": 3615
    },
    {
        "bookingid": 1002
    },
    {
        "bookingid": 823
    },
    {
        "bookingid": 3390
    },
    {
        "bookingid": 747
    },
    {
        "bookingid": 1769
    },
    {
        "bookingid": 3998
    },
    {
        "bookingid": 3725
    },
    {
        "bookingid": 3625
    },
    {
        "bookingid": 2290
    },
    {
        "bookingid": 1055
    },
    {
        "bookingid": 3573
    },
    {
        "bookingid": 2208
    },
    {
        "bookingid": 2365
    },
    {
        "bookingid": 966
    },
    {
        "bookingid": 678
    },
    {
        "bookingid": 614
    },
    {
        "bookingid": 512
    },
    {
        "bookingid": 3954
    },
    {
        "bookingid": 223
    },
    {
        "bookingid": 3916
    },
    {
        "bookingid": 2416
    },
    {
        "bookingid": 970
    },
    {
        "bookingid": 139
    },
    {
        "bookingid": 3922
    },
    {
        "bookingid": 935
    },
    {
        "bookingid": 651
    },
    {
        "bookingid": 3272
    },
    {
        "bookingid": 1496
    },
    {
        "bookingid": 2183
    },
    {
        "bookingid": 1940
    },
    {
        "bookingid": 1848
    },
    {
        "bookingid": 3546
    },
    {
        "bookingid": 375
    },
    {
        "bookingid": 578
    },
    {
        "bookingid": 37
    },
    {
        "bookingid": 479
    },
    {
        "bookingid": 3463
    },
    {
        "bookingid": 1942
    },
    {
        "bookingid": 3928
    },
    {
        "bookingid": 2406
    },
    {
        "bookingid": 3076
    },
    {
        "bookingid": 3139
    },
    {
        "bookingid": 1571
    },
    {
        "bookingid": 2688
    },
    {
        "bookingid": 363
    },
    {
        "bookingid": 2222
    },
    {
        "bookingid": 1576
    },
    {
        "bookingid": 157
    },
    {
        "bookingid": 3683
    },
    {
        "bookingid": 1676
    },
    {
        "bookingid": 2083
    },
    {
        "bookingid": 2473
    },
    {
        "bookingid": 3905
    },
    {
        "bookingid": 2
    },
    {
        "bookingid": 831
    },
    {
        "bookingid": 1266
    },
    {
        "bookingid": 2597
    },
    {
        "bookingid": 1897
    },
    {
        "bookingid": 3405
    },
    {
        "bookingid": 2718
    },
    {
        "bookingid": 3171
    },
    {
        "bookingid": 1461
    },
    {
        "bookingid": 1025
    },
    {
        "bookingid": 1656
    },
    {
        "bookingid": 1162
    },
    {
        "bookingid": 2923
    },
    {
        "bookingid": 2137
    },
    {
        "bookingid": 1760
    },
    {
        "bookingid": 2634
    },
    {
        "bookingid": 1338
    },
    {
        "bookingid": 1604
    },
    {
        "bookingid": 1039
    },
    {
        "bookingid": 1324
    },
    {
        "bookingid": 1473
    },
    {
        "bookingid": 2116
    },
    {
        "bookingid": 3336
    },
    {
        "bookingid": 2185
    },
    {
        "bookingid": 1624
    },
    {
        "bookingid": 3267
    },
    {
        "bookingid": 1294
    },
    {
        "bookingid": 717
    },
    {
        "bookingid": 2095
    },
    {
        "bookingid": 1391
    },
    {
        "bookingid": 1771
    },
    {
        "bookingid": 3316
    },
    {
        "bookingid": 1355
    },
    {
        "bookingid": 32
    },
    {
        "bookingid": 635
    },
    {
        "bookingid": 801
    },
    {
        "bookingid": 1495
    },
    {
        "bookingid": 1123
    },
    {
        "bookingid": 3958
    },
    {
        "bookingid": 103
    },
    {
        "bookingid": 2631
    },
    {
        "bookingid": 4002
    },
    {
        "bookingid": 934
    },
    {
        "bookingid": 3103
    },
    {
        "bookingid": 2259
    },
    {
        "bookingid": 517
    },
    {
        "bookingid": 3568
    },
    {
        "bookingid": 2757
    },
    {
        "bookingid": 2813
    },
    {
        "bookingid": 800
    },
    {
        "bookingid": 1212
    },
    {
        "bookingid": 3933
    },
    {
        "bookingid": 1878
    },
    {
        "bookingid": 1520
    },
    {
        "bookingid": 2230
    },
    {
        "bookingid": 3172
    },
    {
        "bookingid": 3766
    },
    {
        "bookingid": 332
    },
    {
        "bookingid": 3114
    },
    {
        "bookingid": 597
    },
    {
        "bookingid": 3072
    },
    {
        "bookingid": 2646
    },
    {
        "bookingid": 2997
    },
    {
        "bookingid": 599
    },
    {
        "bookingid": 2524
    },
    {
        "bookingid": 1913
    },
    {
        "bookingid": 1339
    },
    {
        "bookingid": 261
    },
    {
        "bookingid": 853
    },
    {
        "bookingid": 2567
    },
    {
        "bookingid": 399
    },
    {
        "bookingid": 944
    },
    {
        "bookingid": 2675
    },
    {
        "bookingid": 526
    },
    {
        "bookingid": 3620
    },
    {
        "bookingid": 1368
    },
    {
        "bookingid": 3835
    },
    {
        "bookingid": 856
    },
    {
        "bookingid": 3104
    },
    {
        "bookingid": 1253
    },
    {
        "bookingid": 2440
    },
    {
        "bookingid": 3270
    },
    {
        "bookingid": 3436
    },
    {
        "bookingid": 2165
    },
    {
        "bookingid": 3884
    },
    {
        "bookingid": 1497
    },
    {
        "bookingid": 793
    },
    {
        "bookingid": 57
    },
    {
        "bookingid": 760
    },
    {
        "bookingid": 1776
    },
    {
        "bookingid": 2058
    },
    {
        "bookingid": 2414
    },
    {
        "bookingid": 1505
    },
    {
        "bookingid": 2722
    },
    {
        "bookingid": 1871
    },
    {
        "bookingid": 1844
    },
    {
        "bookingid": 1573
    },
    {
        "bookingid": 2528
    },
    {
        "bookingid": 1328
    },
    {
        "bookingid": 1910
    },
    {
        "bookingid": 3639
    },
    {
        "bookingid": 1174
    },
    {
        "bookingid": 3661
    },
    {
        "bookingid": 9
    },
    {
        "bookingid": 105
    },
    {
        "bookingid": 3449
    },
    {
        "bookingid": 3754
    },
    {
        "bookingid": 1288
    },
    {
        "bookingid": 1254
    },
    {
        "bookingid": 1893
    },
    {
        "bookingid": 244
    },
    {
        "bookingid": 1686
    },
    {
        "bookingid": 824
    },
    {
        "bookingid": 2449
    },
    {
        "bookingid": 2801
    },
    {
        "bookingid": 3032
    },
    {
        "bookingid": 1524
    },
    {
        "bookingid": 493
    },
    {
        "bookingid": 2507
    },
    {
        "bookingid": 337
    },
    {
        "bookingid": 954
    },
    {
        "bookingid": 2012
    },
    {
        "bookingid": 3347
    },
    {
        "bookingid": 2352
    },
    {
        "bookingid": 626
    },
    {
        "bookingid": 2525
    },
    {
        "bookingid": 3688
    },
    {
        "bookingid": 850
    },
    {
        "bookingid": 2267
    },
    {
        "bookingid": 1898
    },
    {
        "bookingid": 1146
    },
    {
        "bookingid": 3673
    },
    {
        "bookingid": 2880
    },
    {
        "bookingid": 290
    },
    {
        "bookingid": 2550
    },
    {
        "bookingid": 2905
    },
    {
        "bookingid": 3699
    },
    {
        "bookingid": 2510
    },
    {
        "bookingid": 3757
    },
    {
        "bookingid": 260
    },
    {
        "bookingid": 1696
    },
    {
        "bookingid": 2643
    },
    {
        "bookingid": 757
    },
    {
        "bookingid": 3874
    },
    {
        "bookingid": 3833
    },
    {
        "bookingid": 2233
    },
    {
        "bookingid": 3904
    },
    {
        "bookingid": 1264
    },
    {
        "bookingid": 825
    },
    {
        "bookingid": 3251
    },
    {
        "bookingid": 3109
    },
    {
        "bookingid": 1237
    },
    {
        "bookingid": 3596
    },
    {
        "bookingid": 1884
    },
    {
        "bookingid": 2843
    },
    {
        "bookingid": 1931
    },
    {
        "bookingid": 2237
    },
    {
        "bookingid": 3235
    },
    {
        "bookingid": 2013
    },
    {
        "bookingid": 1260
    },
    {
        "bookingid": 795
    },
    {
        "bookingid": 2278
    },
    {
        "bookingid": 1747
    },
    {
        "bookingid": 3309
    },
    {
        "bookingid": 3465
    },
    {
        "bookingid": 865
    },
    {
        "bookingid": 3160
    },
    {
        "bookingid": 848
    },
    {
        "bookingid": 444
    },
    {
        "bookingid": 3979
    },
    {
        "bookingid": 2980
    },
    {
        "bookingid": 3650
    },
    {
        "bookingid": 1347
    },
    {
        "bookingid": 3791
    },
    {
        "bookingid": 2655
    },
    {
        "bookingid": 3718
    },
    {
        "bookingid": 3937
    },
    {
        "bookingid": 2446
    },
    {
        "bookingid": 3885
    },
    {
        "bookingid": 3946
    },
    {
        "bookingid": 727
    },
    {
        "bookingid": 3059
    },
    {
        "bookingid": 2552
    },
    {
        "bookingid": 780
    },
    {
        "bookingid": 1513
    },
    {
        "bookingid": 576
    },
    {
        "bookingid": 1767
    },
    {
        "bookingid": 1540
    },
    {
        "bookingid": 2046
    },
    {
        "bookingid": 3638
    },
    {
        "bookingid": 3303
    },
    {
        "bookingid": 3098
    },
    {
        "bookingid": 707
    },
    {
        "bookingid": 732
    },
    {
        "bookingid": 3412
    },
    {
        "bookingid": 36
    },
    {
        "bookingid": 3903
    },
    {
        "bookingid": 540
    },
    {
        "bookingid": 1637
    },
    {
        "bookingid": 3776
    },
    {
        "bookingid": 3950
    },
    {
        "bookingid": 1518
    },
    {
        "bookingid": 2168
    },
    {
        "bookingid": 2106
    },
    {
        "bookingid": 1606
    },
    {
        "bookingid": 2002
    },
    {
        "bookingid": 719
    },
    {
        "bookingid": 211
    },
    {
        "bookingid": 638
    },
    {
        "bookingid": 2291
    },
    {
        "bookingid": 95
    },
    {
        "bookingid": 2564
    },
    {
        "bookingid": 3751
    },
    {
        "bookingid": 2374
    },
    {
        "bookingid": 3606
    },
    {
        "bookingid": 1057
    },
    {
        "bookingid": 991
    },
    {
        "bookingid": 3314
    },
    {
        "bookingid": 1252
    },
    {
        "bookingid": 2289
    },
    {
        "bookingid": 2587
    },
    {
        "bookingid": 659
    },
    {
        "bookingid": 2928
    },
    {
        "bookingid": 569
    },
    {
        "bookingid": 148
    },
    {
        "bookingid": 1938
    },
    {
        "bookingid": 1101
    },
    {
        "bookingid": 3432
    },
    {
        "bookingid": 1568
    },
    {
        "bookingid": 2470
    },
    {
        "bookingid": 3477
    },
    {
        "bookingid": 3649
    },
    {
        "bookingid": 2968
    },
    {
        "bookingid": 2578
    },
    {
        "bookingid": 222
    },
    {
        "bookingid": 3667
    },
    {
        "bookingid": 492
    },
    {
        "bookingid": 3786
    },
    {
        "bookingid": 2711
    },
    {
        "bookingid": 2026
    },
    {
        "bookingid": 2758
    },
    {
        "bookingid": 637
    },
    {
        "bookingid": 675
    },
    {
        "bookingid": 1147
    },
    {
        "bookingid": 2983
    },
    {
        "bookingid": 468
    },
    {
        "bookingid": 3163
    },
    {
        "bookingid": 2998
    },
    {
        "bookingid": 2255
    },
    {
        "bookingid": 475
    },
    {
        "bookingid": 205
    },
    {
        "bookingid": 1363
    },
    {
        "bookingid": 3740
    },
    {
        "bookingid": 3394
    },
    {
        "bookingid": 2357
    },
    {
        "bookingid": 1080
    },
    {
        "bookingid": 3581
    },
    {
        "bookingid": 1956
    },
    {
        "bookingid": 374
    },
    {
        "bookingid": 1620
    },
    {
        "bookingid": 3939
    },
    {
        "bookingid": 2605
    },
    {
        "bookingid": 92
    },
    {
        "bookingid": 1503
    },
    {
        "bookingid": 2258
    },
    {
        "bookingid": 3716
    },
    {
        "bookingid": 2202
    },
    {
        "bookingid": 2210
    },
    {
        "bookingid": 322
    },
    {
        "bookingid": 1303
    },
    {
        "bookingid": 3033
    },
    {
        "bookingid": 3192
    },
    {
        "bookingid": 490
    },
    {
        "bookingid": 2876
    },
    {
        "bookingid": 1459
    },
    {
        "bookingid": 577
    },
    {
        "bookingid": 52
    },
    {
        "bookingid": 1502
    },
    {
        "bookingid": 3204
    },
    {
        "bookingid": 3709
    },
    {
        "bookingid": 1991
    },
    {
        "bookingid": 3445
    },
    {
        "bookingid": 2599
    },
    {
        "bookingid": 1744
    },
    {
        "bookingid": 1377
    },
    {
        "bookingid": 2340
    },
    {
        "bookingid": 3209
    },
    {
        "bookingid": 3562
    },
    {
        "bookingid": 194
    },
    {
        "bookingid": 2717
    },
    {
        "bookingid": 1183
    },
    {
        "bookingid": 3853
    },
    {
        "bookingid": 3305
    },
    {
        "bookingid": 277
    },
    {
        "bookingid": 3329
    },
    {
        "bookingid": 2404
    },
    {
        "bookingid": 2107
    },
    {
        "bookingid": 3836
    },
    {
        "bookingid": 1511
    },
    {
        "bookingid": 348
    },
    {
        "bookingid": 2236
    },
    {
        "bookingid": 3363
    },
    {
        "bookingid": 1296
    },
    {
        "bookingid": 2469
    },
    {
        "bookingid": 3917
    },
    {
        "bookingid": 1735
    },
    {
        "bookingid": 2010
    },
    {
        "bookingid": 3268
    },
    {
        "bookingid": 515
    },
    {
        "bookingid": 3027
    },
    {
        "bookingid": 2136
    },
    {
        "bookingid": 3348
    },
    {
        "bookingid": 482
    },
    {
        "bookingid": 3719
    },
    {
        "bookingid": 2642
    },
    {
        "bookingid": 3990
    },
    {
        "bookingid": 188
    },
    {
        "bookingid": 3735
    },
    {
        "bookingid": 286
    },
    {
        "bookingid": 2841
    },
    {
        "bookingid": 668
    },
    {
        "bookingid": 1372
    },
    {
        "bookingid": 3391
    },
    {
        "bookingid": 484
    },
    {
        "bookingid": 527
    },
    {
        "bookingid": 3821
    },
    {
        "bookingid": 3382
    },
    {
        "bookingid": 2836
    },
    {
        "bookingid": 351
    },
    {
        "bookingid": 1293
    },
    {
        "bookingid": 873
    },
    {
        "bookingid": 85
    },
    {
        "bookingid": 3292
    },
    {
        "bookingid": 3759
    },
    {
        "bookingid": 2891
    },
    {
        "bookingid": 3856
    },
    {
        "bookingid": 883
    },
    {
        "bookingid": 3541
    },
    {
        "bookingid": 1214
    },
    {
        "bookingid": 3571
    },
    {
        "bookingid": 1385
    },
    {
        "bookingid": 2839
    },
    {
        "bookingid": 2021
    },
    {
        "bookingid": 2331
    },
    {
        "bookingid": 365
    },
    {
        "bookingid": 195
    },
    {
        "bookingid": 3374
    },
    {
        "bookingid": 3466
    },
    {
        "bookingid": 83
    },
    {
        "bookingid": 2773
    },
    {
        "bookingid": 1449
    },
    {
        "bookingid": 3143
    },
    {
        "bookingid": 1083
    },
    {
        "bookingid": 3271
    },
    {
        "bookingid": 740
    },
    {
        "bookingid": 2437
    },
    {
        "bookingid": 1486
    },
    {
        "bookingid": 3420
    },
    {
        "bookingid": 418
    },
    {
        "bookingid": 3523
    },
    {
        "bookingid": 2781
    },
    {
        "bookingid": 5
    },
    {
        "bookingid": 1454
    },
    {
        "bookingid": 1932
    },
    {
        "bookingid": 3315
    },
    {
        "bookingid": 80
    },
    {
        "bookingid": 2752
    },
    {
        "bookingid": 1748
    },
    {
        "bookingid": 1817
    },
    {
        "bookingid": 2667
    },
    {
        "bookingid": 4000
    },
    {
        "bookingid": 2805
    },
    {
        "bookingid": 756
    },
    {
        "bookingid": 2485
    },
    {
        "bookingid": 2868
    },
    {
        "bookingid": 3697
    },
    {
        "bookingid": 3123
    },
    {
        "bookingid": 1586
    },
    {
        "bookingid": 270
    },
    {
        "bookingid": 3680
    },
    {
        "bookingid": 2509
    },
    {
        "bookingid": 2715
    },
    {
        "bookingid": 2170
    },
    {
        "bookingid": 3124
    },
    {
        "bookingid": 2558
    },
    {
        "bookingid": 2822
    },
    {
        "bookingid": 3012
    },
    {
        "bookingid": 968
    },
    {
        "bookingid": 3570
    },
    {
        "bookingid": 1169
    },
    {
        "bookingid": 1407
    },
    {
        "bookingid": 3485
    },
    {
        "bookingid": 752
    },
    {
        "bookingid": 652
    },
    {
        "bookingid": 2972
    },
    {
        "bookingid": 3646
    },
    {
        "bookingid": 1928
    },
    {
        "bookingid": 2855
    },
    {
        "bookingid": 2204
    },
    {
        "bookingid": 3138
    },
    {
        "bookingid": 2341
    },
    {
        "bookingid": 3423
    },
    {
        "bookingid": 2612
    },
    {
        "bookingid": 1864
    },
    {
        "bookingid": 804
    },
    {
        "bookingid": 377
    },
    {
        "bookingid": 994
    },
    {
        "bookingid": 3435
    },
    {
        "bookingid": 59
    },
    {
        "bookingid": 293
    },
    {
        "bookingid": 1482
    },
    {
        "bookingid": 1700
    },
    {
        "bookingid": 617
    },
    {
        "bookingid": 666
    },
    {
        "bookingid": 728
    },
    {
        "bookingid": 2487
    },
    {
        "bookingid": 2764
    },
    {
        "bookingid": 319
    },
    {
        "bookingid": 1627
    },
    {
        "bookingid": 1673
    },
    {
        "bookingid": 1351
    },
    {
        "bookingid": 1369
    },
    {
        "bookingid": 840
    },
    {
        "bookingid": 40
    },
    {
        "bookingid": 746
    },
    {
        "bookingid": 3377
    },
    {
        "bookingid": 2943
    },
    {
        "bookingid": 3065
    },
    {
        "bookingid": 2279
    },
    {
        "bookingid": 134
    },
    {
        "bookingid": 19
    },
    {
        "bookingid": 3612
    },
    {
        "bookingid": 1152
    },
    {
        "bookingid": 3659
    },
    {
        "bookingid": 830
    },
    {
        "bookingid": 2264
    },
    {
        "bookingid": 2251
    },
    {
        "bookingid": 3331
    },
    {
        "bookingid": 3727
    },
    {
        "bookingid": 1682
    },
    {
        "bookingid": 158
    },
    {
        "bookingid": 767
    },
    {
        "bookingid": 1630
    },
    {
        "bookingid": 3281
    },
    {
        "bookingid": 2393
    },
    {
        "bookingid": 3266
    },
    {
        "bookingid": 3193
    },
    {
        "bookingid": 2751
    },
    {
        "bookingid": 1906
    },
    {
        "bookingid": 1796
    },
    {
        "bookingid": 3225
    },
    {
        "bookingid": 288
    },
    {
        "bookingid": 3078
    },
    {
        "bookingid": 1982
    },
    {
        "bookingid": 29
    },
    {
        "bookingid": 874
    },
    {
        "bookingid": 3181
    },
    {
        "bookingid": 3823
    },
    {
        "bookingid": 933
    },
    {
        "bookingid": 3637
    },
    {
        "bookingid": 2625
    },
    {
        "bookingid": 378
    },
    {
        "bookingid": 2932
    },
    {
        "bookingid": 2092
    },
    {
        "bookingid": 1124
    },
    {
        "bookingid": 3993
    },
    {
        "bookingid": 1107
    },
    {
        "bookingid": 1352
    },
    {
        "bookingid": 3852
    },
    {
        "bookingid": 2710
    },
    {
        "bookingid": 1165
    },
    {
        "bookingid": 3529
    },
    {
        "bookingid": 3715
    },
    {
        "bookingid": 2169
    },
    {
        "bookingid": 2772
    },
    {
        "bookingid": 27
    },
    {
        "bookingid": 2514
    },
    {
        "bookingid": 3047
    },
    {
        "bookingid": 1528
    },
    {
        "bookingid": 2555
    },
    {
        "bookingid": 3755
    },
    {
        "bookingid": 642
    },
    {
        "bookingid": 464
    },
    {
        "bookingid": 20
    },
    {
        "bookingid": 327
    },
    {
        "bookingid": 189
    },
    {
        "bookingid": 1148
    },
    {
        "bookingid": 2993
    },
    {
        "bookingid": 3440
    },
    {
        "bookingid": 2451
    },
    {
        "bookingid": 3898
    },
    {
        "bookingid": 14
    },
    {
        "bookingid": 2883
    },
    {
        "bookingid": 901
    },
    {
        "bookingid": 1019
    },
    {
        "bookingid": 2098
    },
    {
        "bookingid": 3723
    },
    {
        "bookingid": 428
    },
    {
        "bookingid": 905
    },
    {
        "bookingid": 921
    },
    {
        "bookingid": 1960
    },
    {
        "bookingid": 2240
    },
    {
        "bookingid": 3148
    },
    {
        "bookingid": 2600
    },
    {
        "bookingid": 1336
    },
    {
        "bookingid": 1855
    },
    {
        "bookingid": 2389
    },
    {
        "bookingid": 1192
    },
    {
        "bookingid": 24
    },
    {
        "bookingid": 682
    },
    {
        "bookingid": 1998
    },
    {
        "bookingid": 77
    },
    {
        "bookingid": 3508
    },
    {
        "bookingid": 553
    },
    {
        "bookingid": 3583
    },
    {
        "bookingid": 91
    },
    {
        "bookingid": 1812
    },
    {
        "bookingid": 2067
    },
    {
        "bookingid": 1310
    },
    {
        "bookingid": 2329
    },
    {
        "bookingid": 1809
    },
    {
        "bookingid": 1824
    },
    {
        "bookingid": 2835
    },
    {
        "bookingid": 3295
    },
    {
        "bookingid": 2680
    },
    {
        "bookingid": 3544
    },
    {
        "bookingid": 1131
    },
    {
        "bookingid": 356
    },
    {
        "bookingid": 487
    },
    {
        "bookingid": 2720
    },
    {
        "bookingid": 2304
    },
    {
        "bookingid": 754
    },
    {
        "bookingid": 3670
    },
    {
        "bookingid": 3355
    },
    {
        "bookingid": 2219
    },
    {
        "bookingid": 160
    },
    {
        "bookingid": 2275
    },
    {
        "bookingid": 344
    },
    {
        "bookingid": 3816
    },
    {
        "bookingid": 2945
    },
    {
        "bookingid": 1603
    },
    {
        "bookingid": 3681
    },
    {
        "bookingid": 2477
    },
    {
        "bookingid": 1268
    },
    {
        "bookingid": 3675
    },
    {
        "bookingid": 224
    },
    {
        "bookingid": 147
    },
    {
        "bookingid": 3664
    },
    {
        "bookingid": 3861
    },
    {
        "bookingid": 2896
    },
    {
        "bookingid": 1924
    },
    {
        "bookingid": 3995
    },
    {
        "bookingid": 630
    },
    {
        "bookingid": 3975
    },
    {
        "bookingid": 720
    },
    {
        "bookingid": 2973
    },
    {
        "bookingid": 1899
    },
    {
        "bookingid": 3829
    },
    {
        "bookingid": 3200
    },
    {
        "bookingid": 3502
    },
    {
        "bookingid": 329
    },
    {
        "bookingid": 4
    },
    {
        "bookingid": 1443
    },
    {
        "bookingid": 2123
    },
    {
        "bookingid": 1010
    },
    {
        "bookingid": 1289
    },
    {
        "bookingid": 296
    },
    {
        "bookingid": 2100
    },
    {
        "bookingid": 2206
    },
    {
        "bookingid": 4005
    },
    {
        "bookingid": 1059
    },
    {
        "bookingid": 1209
    },
    {
        "bookingid": 2080
    },
    {
        "bookingid": 885
    },
    {
        "bookingid": 937
    },
    {
        "bookingid": 2698
    },
    {
        "bookingid": 1498
    },
    {
        "bookingid": 3144
    },
    {
        "bookingid": 868
    },
    {
        "bookingid": 149
    },
    {
        "bookingid": 1580
    },
    {
        "bookingid": 3009
    },
    {
        "bookingid": 914
    },
    {
        "bookingid": 370
    },
    {
        "bookingid": 814
    },
    {
        "bookingid": 2217
    },
    {
        "bookingid": 1354
    },
    {
        "bookingid": 2388
    },
    {
        "bookingid": 909
    },
    {
        "bookingid": 2574
    },
    {
        "bookingid": 2553
    },
    {
        "bookingid": 321
    },
    {
        "bookingid": 2854
    },
    {
        "bookingid": 1097
    },
    {
        "bookingid": 3126
    },
    {
        "bookingid": 435
    },
    {
        "bookingid": 180
    },
    {
        "bookingid": 2991
    },
    {
        "bookingid": 2832
    },
    {
        "bookingid": 2629
    },
    {
        "bookingid": 3211
    },
    {
        "bookingid": 2425
    },
    {
        "bookingid": 1082
    },
    {
        "bookingid": 1704
    },
    {
        "bookingid": 3064
    },
    {
        "bookingid": 3785
    },
    {
        "bookingid": 3729
    },
    {
        "bookingid": 3986
    },
    {
        "bookingid": 763
    },
    {
        "bookingid": 1643
    },
    {
        "bookingid": 1718
    },
    {
        "bookingid": 1064
    },
    {
        "bookingid": 1672
    },
    {
        "bookingid": 3213
    },
    {
        "bookingid": 1877
    },
    {
        "bookingid": 3328
    },
    {
        "bookingid": 2153
    },
    {
        "bookingid": 1349
    },
    {
        "bookingid": 1526
    },
    {
        "bookingid": 232
    },
    {
        "bookingid": 3988
    },
    {
        "bookingid": 1728
    },
    {
        "bookingid": 3162
    },
    {
        "bookingid": 1
    },
    {
        "bookingid": 2216
    },
    {
        "bookingid": 2149
    },
    {
        "bookingid": 3655
    },
    {
        "bookingid": 3150
    },
    {
        "bookingid": 2282
    },
    {
        "bookingid": 2209
    },
    {
        "bookingid": 3024
    },
    {
        "bookingid": 2269
    },
    {
        "bookingid": 1314
    },
    {
        "bookingid": 3691
    },
    {
        "bookingid": 3346
    },
    {
        "bookingid": 1118
    },
    {
        "bookingid": 1775
    },
    {
        "bookingid": 920
    },
    {
        "bookingid": 1859
    },
    {
        "bookingid": 3233
    },
    {
        "bookingid": 1163
    },
    {
        "bookingid": 3891
    },
    {
        "bookingid": 2152
    },
    {
        "bookingid": 876
    },
    {
        "bookingid": 1793
    },
    {
        "bookingid": 434
    },
    {
        "bookingid": 68
    },
    {
        "bookingid": 3819
    },
    {
        "bookingid": 1738
    },
    {
        "bookingid": 2512
    },
    {
        "bookingid": 1658
    },
    {
        "bookingid": 870
    },
    {
        "bookingid": 1160
    },
    {
        "bookingid": 2322
    },
    {
        "bookingid": 401
    },
    {
        "bookingid": 3871
    },
    {
        "bookingid": 681
    },
    {
        "bookingid": 2755
    },
    {
        "bookingid": 30
    },
    {
        "bookingid": 2355
    },
    {
        "bookingid": 2189
    },
    {
        "bookingid": 1790
    },
    {
        "bookingid": 2156
    },
    {
        "bookingid": 552
    },
    {
        "bookingid": 534
    },
    {
        "bookingid": 1041
    },
    {
        "bookingid": 437
    },
    {
        "bookingid": 1842
    },
    {
        "bookingid": 1995
    },
    {
        "bookingid": 2881
    },
    {
        "bookingid": 3236
    },
    {
        "bookingid": 372
    },
    {
        "bookingid": 1207
    },
    {
        "bookingid": 117
    },
    {
        "bookingid": 2814
    },
    {
        "bookingid": 639
    },
    {
        "bookingid": 1653
    },
    {
        "bookingid": 2787
    },
    {
        "bookingid": 786
    },
    {
        "bookingid": 1149
    },
    {
        "bookingid": 2930
    },
    {
        "bookingid": 2432
    },
    {
        "bookingid": 3824
    },
    {
        "bookingid": 999
    },
    {
        "bookingid": 176
    },
    {
        "bookingid": 1778
    },
    {
        "bookingid": 655
    },
    {
        "bookingid": 3248
    },
    {
        "bookingid": 2628
    },
    {
        "bookingid": 1276
    },
    {
        "bookingid": 3530
    },
    {
        "bookingid": 1213
    },
    {
        "bookingid": 1740
    },
    {
        "bookingid": 278
    },
    {
        "bookingid": 275
    },
    {
        "bookingid": 2638
    },
    {
        "bookingid": 3887
    },
    {
        "bookingid": 1522
    },
    {
        "bookingid": 362
    },
    {
        "bookingid": 3051
    },
    {
        "bookingid": 3519
    },
    {
        "bookingid": 1021
    },
    {
        "bookingid": 3286
    },
    {
        "bookingid": 2159
    },
    {
        "bookingid": 89
    },
    {
        "bookingid": 1670
    },
    {
        "bookingid": 531
    },
    {
        "bookingid": 1570
    },
    {
        "bookingid": 3601
    },
    {
        "bookingid": 2641
    },
    {
        "bookingid": 3610
    },
    {
        "bookingid": 2589
    },
    {
        "bookingid": 2174
    },
    {
        "bookingid": 3964
    },
    {
        "bookingid": 3501
    },
    {
        "bookingid": 979
    },
    {
        "bookingid": 3042
    },
    {
        "bookingid": 411
    },
    {
        "bookingid": 1663
    },
    {
        "bookingid": 1890
    },
    {
        "bookingid": 3094
    },
    {
        "bookingid": 1271
    },
    {
        "bookingid": 2838
    },
    {
        "bookingid": 252
    },
    {
        "bookingid": 3923
    },
    {
        "bookingid": 895
    },
    {
        "bookingid": 2148
    },
    {
        "bookingid": 1594
    },
    {
        "bookingid": 2785
    },
    {
        "bookingid": 2727
    },
    {
        "bookingid": 1722
    },
    {
        "bookingid": 2281
    },
    {
        "bookingid": 2442
    },
    {
        "bookingid": 1437
    },
    {
        "bookingid": 1344
    },
    {
        "bookingid": 962
    },
    {
        "bookingid": 328
    },
    {
        "bookingid": 1591
    },
    {
        "bookingid": 481
    },
    {
        "bookingid": 1141
    },
    {
        "bookingid": 1715
    },
    {
        "bookingid": 1444
    },
    {
        "bookingid": 3166
    },
    {
        "bookingid": 688
    },
    {
        "bookingid": 3537
    },
    {
        "bookingid": 2399
    },
    {
        "bookingid": 2154
    },
    {
        "bookingid": 3220
    },
    {
        "bookingid": 2976
    },
    {
        "bookingid": 2728
    },
    {
        "bookingid": 1312
    },
    {
        "bookingid": 1754
    },
    {
        "bookingid": 1519
    },
    {
        "bookingid": 738
    },
    {
        "bookingid": 1749
    },
    {
        "bookingid": 3720
    },
    {
        "bookingid": 2356
    },
    {
        "bookingid": 432
    },
    {
        "bookingid": 785
    },
    {
        "bookingid": 214
    },
    {
        "bookingid": 3788
    },
    {
        "bookingid": 1492
    },
    {
        "bookingid": 1666
    },
    {
        "bookingid": 2363
    },
    {
        "bookingid": 2064
    },
    {
        "bookingid": 692
    },
    {
        "bookingid": 1180
    },
    {
        "bookingid": 2294
    },
    {
        "bookingid": 291
    },
    {
        "bookingid": 3031
    },
    {
        "bookingid": 1710
    },
    {
        "bookingid": 338
    },
    {
        "bookingid": 1875
    },
    {
        "bookingid": 1874
    },
    {
        "bookingid": 2647
    },
    {
        "bookingid": 781
    },
    {
        "bookingid": 3079
    },
    {
        "bookingid": 2527
    },
    {
        "bookingid": 2812
    },
    {
        "bookingid": 443
    },
    {
        "bookingid": 3997
    },
    {
        "bookingid": 3480
    },
    {
        "bookingid": 2648
    },
    {
        "bookingid": 94
    },
    {
        "bookingid": 3555
    },
    {
        "bookingid": 978
    },
    {
        "bookingid": 3624
    },
    {
        "bookingid": 384
    },
    {
        "bookingid": 805
    },
    {
        "bookingid": 1393
    },
    {
        "bookingid": 1488
    },
    {
        "bookingid": 1693
    },
    {
        "bookingid": 2806
    },
    {
        "bookingid": 457
    },
    {
        "bookingid": 3385
    },
    {
        "bookingid": 3613
    },
    {
        "bookingid": 541
    },
    {
        "bookingid": 2844
    },
    {
        "bookingid": 2263
    },
    {
        "bookingid": 555
    },
    {
        "bookingid": 3684
    },
    {
        "bookingid": 631
    },
    {
        "bookingid": 1872
    },
    {
        "bookingid": 2057
    },
    {
        "bookingid": 2309
    },
    {
        "bookingid": 6
    },
    {
        "bookingid": 1901
    },
    {
        "bookingid": 2193
    },
    {
        "bookingid": 3781
    },
    {
        "bookingid": 2458
    },
    {
        "bookingid": 803
    },
    {
        "bookingid": 699
    },
    {
        "bookingid": 942
    },
    {
        "bookingid": 3737
    },
    {
        "bookingid": 1987
    },
    {
        "bookingid": 2070
    },
    {
        "bookingid": 2786
    },
    {
        "bookingid": 3556
    },
    {
        "bookingid": 3115
    },
    {
        "bookingid": 1920
    },
    {
        "bookingid": 3167
    },
    {
        "bookingid": 1326
    },
    {
        "bookingid": 3818
    },
    {
        "bookingid": 3257
    },
    {
        "bookingid": 3332
    },
    {
        "bookingid": 3470
    },
    {
        "bookingid": 2409
    },
    {
        "bookingid": 2590
    },
    {
        "bookingid": 3971
    },
    {
        "bookingid": 1327
    },
    {
        "bookingid": 88
    },
    {
        "bookingid": 3636
    },
    {
        "bookingid": 496
    },
    {
        "bookingid": 3808
    },
    {
        "bookingid": 798
    },
    {
        "bookingid": 3873
    },
    {
        "bookingid": 3579
    },
    {
        "bookingid": 1657
    },
    {
        "bookingid": 3107
    },
    {
        "bookingid": 502
    },
    {
        "bookingid": 607
    },
    {
        "bookingid": 1667
    },
    {
        "bookingid": 458
    },
    {
        "bookingid": 1863
    },
    {
        "bookingid": 1090
    },
    {
        "bookingid": 1096
    },
    {
        "bookingid": 63
    },
    {
        "bookingid": 1757
    },
    {
        "bookingid": 1933
    },
    {
        "bookingid": 1972
    },
    {
        "bookingid": 3125
    },
    {
        "bookingid": 2387
    },
    {
        "bookingid": 3956
    },
    {
        "bookingid": 2007
    },
    {
        "bookingid": 3241
    },
    {
        "bookingid": 1709
    },
    {
        "bookingid": 3376
    },
    {
        "bookingid": 513
    },
    {
        "bookingid": 1804
    },
    {
        "bookingid": 2426
    },
    {
        "bookingid": 425
    },
    {
        "bookingid": 897
    },
    {
        "bookingid": 3880
    },
    {
        "bookingid": 3706
    },
    {
        "bookingid": 845
    },
    {
        "bookingid": 3550
    },
    {
        "bookingid": 3518
    },
    {
        "bookingid": 744
    },
    {
        "bookingid": 1690
    },
    {
        "bookingid": 2288
    },
    {
        "bookingid": 2933
    },
    {
        "bookingid": 3354
    },
    {
        "bookingid": 3867
    },
    {
        "bookingid": 841
    },
    {
        "bookingid": 3121
    },
    {
        "bookingid": 1923
    },
    {
        "bookingid": 3593
    },
    {
        "bookingid": 2737
    },
    {
        "bookingid": 1869
    },
    {
        "bookingid": 1836
    },
    {
        "bookingid": 787
    },
    {
        "bookingid": 2488
    },
    {
        "bookingid": 1508
    },
    {
        "bookingid": 1133
    },
    {
        "bookingid": 3879
    },
    {
        "bookingid": 3147
    },
    {
        "bookingid": 658
    },
    {
        "bookingid": 218
    },
    {
        "bookingid": 724
    },
    {
        "bookingid": 2791
    },
    {
        "bookingid": 2445
    },
    {
        "bookingid": 420
    },
    {
        "bookingid": 12
    },
    {
        "bookingid": 2040
    },
    {
        "bookingid": 2799
    },
    {
        "bookingid": 676
    },
    {
        "bookingid": 1397
    },
    {
        "bookingid": 3429
    },
    {
        "bookingid": 1224
    },
    {
        "bookingid": 3626
    },
    {
        "bookingid": 2670
    },
    {
        "bookingid": 2580
    },
    {
        "bookingid": 3034
    },
    {
        "bookingid": 2110
    },
    {
        "bookingid": 2981
    },
    {
        "bookingid": 1900
    },
    {
        "bookingid": 11
    },
    {
        "bookingid": 3278
    },
    {
        "bookingid": 1930
    },
    {
        "bookingid": 1405
    },
    {
        "bookingid": 229
    },
    {
        "bookingid": 1421
    },
    {
        "bookingid": 3464
    },
    {
        "bookingid": 1051
    },
    {
        "bookingid": 1396
    },
    {
        "bookingid": 1251
    },
    {
        "bookingid": 2829
    },
    {
        "bookingid": 2115
    },
    {
        "bookingid": 3724
    },
    {
        "bookingid": 33
    },
    {
        "bookingid": 318
    },
    {
        "bookingid": 301
    },
    {
        "bookingid": 753
    },
    {
        "bookingid": 3587
    },
    {
        "bookingid": 3002
    },
    {
        "bookingid": 2074
    },
    {
        "bookingid": 2238
    },
    {
        "bookingid": 2807
    },
    {
        "bookingid": 2730
    },
    {
        "bookingid": 298
    },
    {
        "bookingid": 3978
    },
    {
        "bookingid": 3739
    },
    {
        "bookingid": 3511
    },
    {
        "bookingid": 1963
    },
    {
        "bookingid": 2091
    },
    {
        "bookingid": 2890
    },
    {
        "bookingid": 2077
    },
    {
        "bookingid": 835
    },
    {
        "bookingid": 3931
    },
    {
        "bookingid": 2650
    },
    {
        "bookingid": 3481
    },
    {
        "bookingid": 2059
    },
    {
        "bookingid": 3790
    },
    {
        "bookingid": 1246
    },
    {
        "bookingid": 2315
    },
    {
        "bookingid": 3218
    },
    {
        "bookingid": 390
    },
    {
        "bookingid": 884
    },
    {
        "bookingid": 2948
    },
    {
        "bookingid": 3782
    },
    {
        "bookingid": 376
    },
    {
        "bookingid": 220
    },
    {
        "bookingid": 3654
    },
    {
        "bookingid": 1805
    },
    {
        "bookingid": 3676
    },
    {
        "bookingid": 3195
    },
    {
        "bookingid": 3287
    },
    {
        "bookingid": 1136
    },
    {
        "bookingid": 2113
    },
    {
        "bookingid": 3368
    },
    {
        "bookingid": 280
    },
    {
        "bookingid": 990
    },
    {
        "bookingid": 988
    },
    {
        "bookingid": 705
    },
    {
        "bookingid": 610
    },
    {
        "bookingid": 3493
    },
    {
        "bookingid": 448
    },
    {
        "bookingid": 3422
    },
    {
        "bookingid": 312
    },
    {
        "bookingid": 283
    },
    {
        "bookingid": 2178
    },
    {
        "bookingid": 3180
    },
    {
        "bookingid": 21
    },
    {
        "bookingid": 3536
    },
    {
        "bookingid": 3159
    },
    {
        "bookingid": 2927
    },
    {
        "bookingid": 806
    },
    {
        "bookingid": 759
    },
    {
        "bookingid": 152
    },
    {
        "bookingid": 2568
    },
    {
        "bookingid": 1917
    },
    {
        "bookingid": 1239
    },
    {
        "bookingid": 3799
    },
    {
        "bookingid": 2055
    },
    {
        "bookingid": 1835
    },
    {
        "bookingid": 2313
    },
    {
        "bookingid": 2556
    },
    {
        "bookingid": 650
    },
    {
        "bookingid": 2790
    },
    {
        "bookingid": 1850
    },
    {
        "bookingid": 2017
    },
    {
        "bookingid": 3848
    },
    {
        "bookingid": 2784
    },
    {
        "bookingid": 904
    },
    {
        "bookingid": 2382
    },
    {
        "bookingid": 1675
    },
    {
        "bookingid": 660
    },
    {
        "bookingid": 3653
    },
    {
        "bookingid": 3469
    },
    {
        "bookingid": 1904
    },
    {
        "bookingid": 3524
    },
    {
        "bookingid": 3652
    },
    {
        "bookingid": 2319
    },
    {
        "bookingid": 1766
    },
    {
        "bookingid": 2560
    },
    {
        "bookingid": 2912
    },
    {
        "bookingid": 256
    },
    {
        "bookingid": 554
    },
    {
        "bookingid": 3174
    },
    {
        "bookingid": 2423
    },
    {
        "bookingid": 1013
    },
    {
        "bookingid": 1319
    },
    {
        "bookingid": 2145
    },
    {
        "bookingid": 266
    },
    {
        "bookingid": 1554
    },
    {
        "bookingid": 1043
    },
    {
        "bookingid": 2118
    },
    {
        "bookingid": 1608
    },
    {
        "bookingid": 777
    },
    {
        "bookingid": 605
    },
    {
        "bookingid": 3080
    },
    {
        "bookingid": 3177
    },
    {
        "bookingid": 1423
    },
    {
        "bookingid": 178
    },
    {
        "bookingid": 2908
    },
    {
        "bookingid": 2970
    },
    {
        "bookingid": 3944
    },
    {
        "bookingid": 2298
    },
    {
        "bookingid": 108
    },
    {
        "bookingid": 3531
    },
    {
        "bookingid": 212
    },
    {
        "bookingid": 2050
    },
    {
        "bookingid": 3474
    },
    {
        "bookingid": 558
    },
    {
        "bookingid": 817
    },
    {
        "bookingid": 951
    },
    {
        "bookingid": 3866
    },
    {
        "bookingid": 3301
    },
    {
        "bookingid": 3666
    },
    {
        "bookingid": 1036
    },
    {
        "bookingid": 78
    },
    {
        "bookingid": 3604
    },
    {
        "bookingid": 3608
    },
    {
        "bookingid": 1579
    },
    {
        "bookingid": 2543
    },
    {
        "bookingid": 633
    },
    {
        "bookingid": 2332
    },
    {
        "bookingid": 53
    },
    {
        "bookingid": 2911
    },
    {
        "bookingid": 2505
    },
    {
        "bookingid": 1087
    },
    {
        "bookingid": 826
    },
    {
        "bookingid": 1400
    },
    {
        "bookingid": 447
    },
    {
        "bookingid": 1112
    },
    {
        "bookingid": 913
    },
    {
        "bookingid": 3379
    },
    {
        "bookingid": 1746
    },
    {
        "bookingid": 1374
    },
    {
        "bookingid": 1428
    },
    {
        "bookingid": 173
    },
    {
        "bookingid": 137
    },
    {
        "bookingid": 708
    },
    {
        "bookingid": 993
    },
    {
        "bookingid": 2023
    },
    {
        "bookingid": 2940
    },
    {
        "bookingid": 2744
    },
    {
        "bookingid": 2671
    },
    {
        "bookingid": 2025
    },
    {
        "bookingid": 2866
    },
    {
        "bookingid": 1799
    },
    {
        "bookingid": 463
    },
    {
        "bookingid": 382
    },
    {
        "bookingid": 355
    },
    {
        "bookingid": 245
    },
    {
        "bookingid": 1801
    },
    {
        "bookingid": 815
    },
    {
        "bookingid": 579
    },
    {
        "bookingid": 1243
    },
    {
        "bookingid": 1242
    },
    {
        "bookingid": 1053
    },
    {
        "bookingid": 2051
    },
    {
        "bookingid": 611
    },
    {
        "bookingid": 741
    },
    {
        "bookingid": 2704
    },
    {
        "bookingid": 2872
    },
    {
        "bookingid": 565
    },
    {
        "bookingid": 3515
    },
    {
        "bookingid": 2967
    },
    {
        "bookingid": 1151
    },
    {
        "bookingid": 1762
    },
    {
        "bookingid": 1854
    },
    {
        "bookingid": 1285
    },
    {
        "bookingid": 2029
    },
    {
        "bookingid": 854
    },
    {
        "bookingid": 1557
    },
    {
        "bookingid": 1120
    },
    {
        "bookingid": 2246
    },
    {
        "bookingid": 3455
    },
    {
        "bookingid": 551
    },
    {
        "bookingid": 3462
    },
    {
        "bookingid": 1784
    },
    {
        "bookingid": 1731
    },
    {
        "bookingid": 2610
    },
    {
        "bookingid": 3507
    },
    {
        "bookingid": 532
    },
    {
        "bookingid": 1786
    },
    {
        "bookingid": 3671
    },
    {
        "bookingid": 1390
    },
    {
        "bookingid": 3803
    },
    {
        "bookingid": 2345
    },
    {
        "bookingid": 2699
    },
    {
        "bookingid": 2576
    },
    {
        "bookingid": 1384
    },
    {
        "bookingid": 1552
    },
    {
        "bookingid": 2009
    },
    {
        "bookingid": 1717
    },
    {
        "bookingid": 3752
    },
    {
        "bookingid": 2658
    },
    {
        "bookingid": 1732
    },
    {
        "bookingid": 183
    },
    {
        "bookingid": 3648
    },
    {
        "bookingid": 3969
    },
    {
        "bookingid": 388
    },
    {
        "bookingid": 3589
    },
    {
        "bookingid": 1810
    },
    {
        "bookingid": 2453
    },
    {
        "bookingid": 1438
    },
    {
        "bookingid": 1360
    },
    {
        "bookingid": 1119
    },
    {
        "bookingid": 3262
    },
    {
        "bookingid": 259
    },
    {
        "bookingid": 1999
    },
    {
        "bookingid": 99
    },
    {
        "bookingid": 723
    },
    {
        "bookingid": 1723
    },
    {
        "bookingid": 1638
    },
    {
        "bookingid": 2523
    },
    {
        "bookingid": 393
    },
    {
        "bookingid": 2130
    },
    {
        "bookingid": 3326
    },
    {
        "bookingid": 3489
    },
    {
        "bookingid": 2265
    },
    {
        "bookingid": 2603
    },
    {
        "bookingid": 2965
    },
    {
        "bookingid": 336
    },
    {
        "bookingid": 3748
    },
    {
        "bookingid": 2405
    },
    {
        "bookingid": 1761
    },
    {
        "bookingid": 2479
    },
    {
        "bookingid": 1472
    },
    {
        "bookingid": 1432
    },
    {
        "bookingid": 182
    },
    {
        "bookingid": 1797
    },
    {
        "bookingid": 667
    },
    {
        "bookingid": 906
    },
    {
        "bookingid": 1561
    },
    {
        "bookingid": 2506
    },
    {
        "bookingid": 1615
    },
    {
        "bookingid": 1063
    },
    {
        "bookingid": 3793
    },
    {
        "bookingid": 608
    },
    {
        "bookingid": 2489
    },
    {
        "bookingid": 268
    },
    {
        "bookingid": 1978
    },
    {
        "bookingid": 2754
    },
    {
        "bookingid": 1598
    },
    {
        "bookingid": 3008
    },
    {
        "bookingid": 1941
    },
    {
        "bookingid": 1325
    },
    {
        "bookingid": 2201
    },
    {
        "bookingid": 790
    },
    {
        "bookingid": 3651
    },
    {
        "bookingid": 1317
    },
    {
        "bookingid": 292
    },
    {
        "bookingid": 2336
    },
    {
        "bookingid": 2094
    },
    {
        "bookingid": 3340
    },
    {
        "bookingid": 1176
    },
    {
        "bookingid": 1301
    },
    {
        "bookingid": 877
    },
    {
        "bookingid": 2681
    },
    {
        "bookingid": 926
    },
    {
        "bookingid": 269
    },
    {
        "bookingid": 235
    },
    {
        "bookingid": 3029
    },
    {
        "bookingid": 2371
    },
    {
        "bookingid": 124
    },
    {
        "bookingid": 166
    },
    {
        "bookingid": 3343
    },
    {
        "bookingid": 704
    },
    {
        "bookingid": 1565
    },
    {
        "bookingid": 353
    },
    {
        "bookingid": 2016
    },
    {
        "bookingid": 3495
    },
    {
        "bookingid": 2200
    },
    {
        "bookingid": 1713
    },
    {
        "bookingid": 3674
    },
    {
        "bookingid": 308
    },
    {
        "bookingid": 2383
    },
    {
        "bookingid": 3186
    },
    {
        "bookingid": 2394
    },
    {
        "bookingid": 1795
    },
    {
        "bookingid": 1404
    },
    {
        "bookingid": 969
    },
    {
        "bookingid": 2964
    },
    {
        "bookingid": 1460
    },
    {
        "bookingid": 1660
    },
    {
        "bookingid": 613
    },
    {
        "bookingid": 3265
    },
    {
        "bookingid": 2022
    },
    {
        "bookingid": 359
    },
    {
        "bookingid": 859
    },
    {
        "bookingid": 1527
    },
    {
        "bookingid": 796
    },
    {
        "bookingid": 2633
    },
    {
        "bookingid": 2920
    },
    {
        "bookingid": 1210
    },
    {
        "bookingid": 3930
    },
    {
        "bookingid": 571
    },
    {
        "bookingid": 111
    },
    {
        "bookingid": 2902
    },
    {
        "bookingid": 1406
    },
    {
        "bookingid": 1756
    },
    {
        "bookingid": 784
    },
    {
        "bookingid": 575
    },
    {
        "bookingid": 1386
    },
    {
        "bookingid": 585
    },
    {
        "bookingid": 3276
    },
    {
        "bookingid": 3763
    },
    {
        "bookingid": 3483
    },
    {
        "bookingid": 1614
    },
    {
        "bookingid": 3553
    },
    {
        "bookingid": 302
    },
    {
        "bookingid": 593
    },
    {
        "bookingid": 1697
    },
    {
        "bookingid": 1042
    },
    {
        "bookingid": 2526
    },
    {
        "bookingid": 2197
    },
    {
        "bookingid": 2299
    },
    {
        "bookingid": 1218
    },
    {
        "bookingid": 1200
    },
    {
        "bookingid": 3845
    },
    {
        "bookingid": 3118
    },
    {
        "bookingid": 1231
    },
    {
        "bookingid": 3549
    },
    {
        "bookingid": 2181
    },
    {
        "bookingid": 690
    },
    {
        "bookingid": 1098
    },
    {
        "bookingid": 446
    },
    {
        "bookingid": 476
    },
    {
        "bookingid": 3813
    },
    {
        "bookingid": 2584
    },
    {
        "bookingid": 1023
    },
    {
        "bookingid": 2471
    },
    {
        "bookingid": 1267
    },
    {
        "bookingid": 3145
    },
    {
        "bookingid": 3310
    },
    {
        "bookingid": 120
    },
    {
        "bookingid": 3350
    },
    {
        "bookingid": 3761
    },
    {
        "bookingid": 113
    },
    {
        "bookingid": 1168
    },
    {
        "bookingid": 1651
    },
    {
        "bookingid": 450
    },
    {
        "bookingid": 460
    },
    {
        "bookingid": 3924
    },
    {
        "bookingid": 142
    },
    {
        "bookingid": 3038
    },
    {
        "bookingid": 3014
    },
    {
        "bookingid": 391
    },
    {
        "bookingid": 1153
    },
    {
        "bookingid": 2132
    },
    {
        "bookingid": 2703
    },
    {
        "bookingid": 616
    },
    {
        "bookingid": 3359
    },
    {
        "bookingid": 3005
    },
    {
        "bookingid": 97
    },
    {
        "bookingid": 1343
    },
    {
        "bookingid": 2649
    },
    {
        "bookingid": 3597
    },
    {
        "bookingid": 3484
    },
    {
        "bookingid": 1335
    },
    {
        "bookingid": 1142
    },
    {
        "bookingid": 82
    },
    {
        "bookingid": 1750
    },
    {
        "bookingid": 442
    },
    {
        "bookingid": 3634
    },
    {
        "bookingid": 1001
    },
    {
        "bookingid": 2800
    },
    {
        "bookingid": 1469
    },
    {
        "bookingid": 1106
    },
    {
        "bookingid": 3146
    },
    {
        "bookingid": 3479
    },
    {
        "bookingid": 1911
    },
    {
        "bookingid": 600
    },
    {
        "bookingid": 2889
    },
    {
        "bookingid": 1882
    },
    {
        "bookingid": 519
    },
    {
        "bookingid": 1342
    },
    {
        "bookingid": 265
    },
    {
        "bookingid": 3512
    },
    {
        "bookingid": 2515
    },
    {
        "bookingid": 2422
    },
    {
        "bookingid": 768
    },
    {
        "bookingid": 1189
    },
    {
        "bookingid": 3896
    },
    {
        "bookingid": 3239
    },
    {
        "bookingid": 3883
    },
    {
        "bookingid": 1927
    },
    {
        "bookingid": 3117
    },
    {
        "bookingid": 3952
    },
    {
        "bookingid": 996
    },
    {
        "bookingid": 1955
    },
    {
        "bookingid": 947
    },
    {
        "bookingid": 2256
    },
    {
        "bookingid": 3797
    },
    {
        "bookingid": 2006
    },
    {
        "bookingid": 3013
    },
    {
        "bookingid": 981
    },
    {
        "bookingid": 3097
    },
    {
        "bookingid": 929
    },
    {
        "bookingid": 1248
    },
    {
        "bookingid": 1062
    },
    {
        "bookingid": 422
    },
    {
        "bookingid": 1383
    },
    {
        "bookingid": 3261
    },
    {
        "bookingid": 315
    },
    {
        "bookingid": 217
    },
    {
        "bookingid": 2182
    },
    {
        "bookingid": 1531
    },
    {
        "bookingid": 3577
    },
    {
        "bookingid": 1607
    },
    {
        "bookingid": 3018
    },
    {
        "bookingid": 788
    },
    {
        "bookingid": 3442
    },
    {
        "bookingid": 1478
    },
    {
        "bookingid": 1111
    },
    {
        "bookingid": 932
    },
    {
        "bookingid": 2623
    },
    {
        "bookingid": 2949
    },
    {
        "bookingid": 2270
    },
    {
        "bookingid": 3742
    },
    {
        "bookingid": 3054
    },
    {
        "bookingid": 3826
    },
    {
        "bookingid": 2989
    },
    {
        "bookingid": 2450
    },
    {
        "bookingid": 701
    },
    {
        "bookingid": 2411
    },
    {
        "bookingid": 2950
    },
    {
        "bookingid": 1009
    },
    {
        "bookingid": 1654
    },
    {
        "bookingid": 1493
    },
    {
        "bookingid": 144
    },
    {
        "bookingid": 2618
    },
    {
        "bookingid": 3929
    },
    {
        "bookingid": 439
    },
    {
        "bookingid": 2131
    },
    {
        "bookingid": 1089
    },
    {
        "bookingid": 518
    },
    {
        "bookingid": 737
    },
    {
        "bookingid": 1706
    },
    {
        "bookingid": 2223
    },
    {
        "bookingid": 3700
    },
    {
        "bookingid": 1789
    },
    {
        "bookingid": 3048
    },
    {
        "bookingid": 2588
    },
    {
        "bookingid": 3961
    },
    {
        "bookingid": 3259
    },
    {
        "bookingid": 3982
    },
    {
        "bookingid": 3938
    },
    {
        "bookingid": 503
    },
    {
        "bookingid": 426
    },
    {
        "bookingid": 2327
    },
    {
        "bookingid": 3633
    },
    {
        "bookingid": 1726
    },
    {
        "bookingid": 1105
    },
    {
        "bookingid": 2065
    },
    {
        "bookingid": 3365
    },
    {
        "bookingid": 358
    },
    {
        "bookingid": 2540
    },
    {
        "bookingid": 629
    },
    {
        "bookingid": 23
    },
    {
        "bookingid": 3692
    },
    {
        "bookingid": 1782
    },
    {
        "bookingid": 1826
    },
    {
        "bookingid": 2975
    },
    {
        "bookingid": 3415
    },
    {
        "bookingid": 2019
    },
    {
        "bookingid": 1516
    },
    {
        "bookingid": 1781
    },
    {
        "bookingid": 2212
    },
    {
        "bookingid": 810
    },
    {
        "bookingid": 1297
    },
    {
        "bookingid": 1262
    },
    {
        "bookingid": 3153
    },
    {
        "bookingid": 1068
    },
    {
        "bookingid": 2071
    },
    {
        "bookingid": 3948
    },
    {
        "bookingid": 3645
    },
    {
        "bookingid": 330
    },
    {
        "bookingid": 1050
    },
    {
        "bookingid": 3865
    },
    {
        "bookingid": 1300
    },
    {
        "bookingid": 2001
    },
    {
        "bookingid": 898
    },
    {
        "bookingid": 974
    },
    {
        "bookingid": 1471
    },
    {
        "bookingid": 1736
    },
    {
        "bookingid": 1395
    },
    {
        "bookingid": 1879
    },
    {
        "bookingid": 2592
    },
    {
        "bookingid": 556
    },
    {
        "bookingid": 405
    },
    {
        "bookingid": 524
    },
    {
        "bookingid": 1187
    },
    {
        "bookingid": 2521
    },
    {
        "bookingid": 3580
    },
    {
        "bookingid": 987
    },
    {
        "bookingid": 963
    },
    {
        "bookingid": 151
    },
    {
        "bookingid": 238
    },
    {
        "bookingid": 3389
    },
    {
        "bookingid": 698
    },
    {
        "bookingid": 3173
    },
    {
        "bookingid": 1692
    },
    {
        "bookingid": 1589
    },
    {
        "bookingid": 1401
    },
    {
        "bookingid": 3526
    },
    {
        "bookingid": 1206
    },
    {
        "bookingid": 2493
    },
    {
        "bookingid": 397
    },
    {
        "bookingid": 2121
    },
    {
        "bookingid": 3698
    },
    {
        "bookingid": 1135
    },
    {
        "bookingid": 3566
    },
    {
        "bookingid": 2105
    },
    {
        "bookingid": 3486
    },
    {
        "bookingid": 1283
    },
    {
        "bookingid": 2901
    },
    {
        "bookingid": 3102
    },
    {
        "bookingid": 3197
    },
    {
        "bookingid": 1195
    },
    {
        "bookingid": 3591
    },
    {
        "bookingid": 950
    },
    {
        "bookingid": 3129
    },
    {
        "bookingid": 417
    },
    {
        "bookingid": 3157
    },
    {
        "bookingid": 2934
    },
    {
        "bookingid": 45
    },
    {
        "bookingid": 2759
    },
    {
        "bookingid": 2639
    },
    {
        "bookingid": 2397
    },
    {
        "bookingid": 832
    },
    {
        "bookingid": 3007
    },
    {
        "bookingid": 750
    },
    {
        "bookingid": 3179
    },
    {
        "bookingid": 2725
    },
    {
        "bookingid": 1959
    },
    {
        "bookingid": 2768
    },
    {
        "bookingid": 505
    },
    {
        "bookingid": 240
    },
    {
        "bookingid": 3552
    },
    {
        "bookingid": 3535
    },
    {
        "bookingid": 1341
    },
    {
        "bookingid": 1233
    },
    {
        "bookingid": 1333
    },
    {
        "bookingid": 2462
    },
    {
        "bookingid": 2418
    },
    {
        "bookingid": 1962
    },
    {
        "bookingid": 2656
    },
    {
        "bookingid": 1380
    },
    {
        "bookingid": 1371
    },
    {
        "bookingid": 498
    },
    {
        "bookingid": 3381
    },
    {
        "bookingid": 3427
    },
    {
        "bookingid": 2465
    },
    {
        "bookingid": 3906
    },
    {
        "bookingid": 1916
    },
    {
        "bookingid": 1979
    },
    {
        "bookingid": 164
    },
    {
        "bookingid": 2499
    },
    {
        "bookingid": 3878
    },
    {
        "bookingid": 948
    },
    {
        "bookingid": 1567
    },
    {
        "bookingid": 64
    },
    {
        "bookingid": 869
    },
    {
        "bookingid": 3282
    },
    {
        "bookingid": 2619
    },
    {
        "bookingid": 127
    },
    {
        "bookingid": 3839
    },
    {
        "bookingid": 3932
    },
    {
        "bookingid": 2339
    },
    {
        "bookingid": 1030
    },
    {
        "bookingid": 695
    },
    {
        "bookingid": 2709
    },
    {
        "bookingid": 3910
    },
    {
        "bookingid": 17
    },
    {
        "bookingid": 1914
    },
    {
        "bookingid": 2962
    },
    {
        "bookingid": 1582
    },
    {
        "bookingid": 3619
    },
    {
        "bookingid": 3886
    },
    {
        "bookingid": 1117
    },
    {
        "bookingid": 3055
    },
    {
        "bookingid": 1166
    },
    {
        "bookingid": 1847
    },
    {
        "bookingid": 1975
    },
    {
        "bookingid": 2749
    },
    {
        "bookingid": 894
    },
    {
        "bookingid": 2099
    },
    {
        "bookingid": 2073
    },
    {
        "bookingid": 1040
    },
    {
        "bookingid": 1216
    },
    {
        "bookingid": 2261
    },
    {
        "bookingid": 2763
    },
    {
        "bookingid": 2324
    },
    {
        "bookingid": 1830
    },
    {
        "bookingid": 1605
    },
    {
        "bookingid": 1468
    },
    {
        "bookingid": 3657
    },
    {
        "bookingid": 1841
    },
    {
        "bookingid": 2467
    },
    {
        "bookingid": 1973
    },
    {
        "bookingid": 765
    },
    {
        "bookingid": 997
    },
    {
        "bookingid": 847
    },
    {
        "bookingid": 1003
    },
    {
        "bookingid": 2346
    },
    {
        "bookingid": 875
    },
    {
        "bookingid": 771
    },
    {
        "bookingid": 547
    },
    {
        "bookingid": 1203
    },
    {
        "bookingid": 2140
    },
    {
        "bookingid": 2443
    },
    {
        "bookingid": 1535
    },
    {
        "bookingid": 28
    },
    {
        "bookingid": 3227
    },
    {
        "bookingid": 702
    },
    {
        "bookingid": 1011
    },
    {
        "bookingid": 3847
    },
    {
        "bookingid": 2536
    },
    {
        "bookingid": 769
    },
    {
        "bookingid": 3424
    },
    {
        "bookingid": 3317
    },
    {
        "bookingid": 2679
    },
    {
        "bookingid": 65
    },
    {
        "bookingid": 2334
    },
    {
        "bookingid": 47
    },
    {
        "bookingid": 416
    },
    {
        "bookingid": 3505
    },
    {
        "bookingid": 406
    },
    {
        "bookingid": 2173
    },
    {
        "bookingid": 247
    },
    {
        "bookingid": 1018
    },
    {
        "bookingid": 1217
    },
    {
        "bookingid": 3994
    },
    {
        "bookingid": 584
    },
    {
        "bookingid": 8
    },
    {
        "bookingid": 2821
    },
    {
        "bookingid": 2428
    },
    {
        "bookingid": 237
    },
    {
        "bookingid": 3496
    },
    {
        "bookingid": 1905
    },
    {
        "bookingid": 713
    },
    {
        "bookingid": 2194
    },
    {
        "bookingid": 3302
    },
    {
        "bookingid": 1202
    },
    {
        "bookingid": 202
    },
    {
        "bookingid": 3585
    },
    {
        "bookingid": 3395
    },
    {
        "bookingid": 1318
    },
    {
        "bookingid": 927
    },
    {
        "bookingid": 2956
    },
    {
        "bookingid": 3811
    },
    {
        "bookingid": 3565
    },
    {
        "bookingid": 1791
    },
    {
        "bookingid": 3804
    },
    {
        "bookingid": 2314
    },
    {
        "bookingid": 2570
    },
    {
        "bookingid": 1204
    },
    {
        "bookingid": 404
    },
    {
        "bookingid": 923
    },
    {
        "bookingid": 2545
    },
    {
        "bookingid": 3968
    },
    {
        "bookingid": 2591
    },
    {
        "bookingid": 1581
    },
    {
        "bookingid": 2272
    },
    {
        "bookingid": 1193
    },
    {
        "bookingid": 976
    },
    {
        "bookingid": 778
    },
    {
        "bookingid": 2765
    },
    {
        "bookingid": 3210
    },
    {
        "bookingid": 225
    },
    {
        "bookingid": 3640
    },
    {
        "bookingid": 2857
    },
    {
        "bookingid": 2081
    },
    {
        "bookingid": 761
    },
    {
        "bookingid": 1536
    },
    {
        "bookingid": 775
    },
    {
        "bookingid": 3135
    },
    {
        "bookingid": 3899
    },
    {
        "bookingid": 3402
    },
    {
        "bookingid": 2044
    },
    {
        "bookingid": 306
    },
    {
        "bookingid": 1892
    },
    {
        "bookingid": 960
    },
    {
        "bookingid": 3022
    },
    {
        "bookingid": 3974
    },
    {
        "bookingid": 2482
    },
    {
        "bookingid": 3084
    },
    {
        "bookingid": 3453
    },
    {
        "bookingid": 1625
    },
    {
        "bookingid": 2377
    },
    {
        "bookingid": 1680
    },
    {
        "bookingid": 1358
    },
    {
        "bookingid": 451
    },
    {
        "bookingid": 1857
    },
    {
        "bookingid": 3892
    },
    {
        "bookingid": 1228
    },
    {
        "bookingid": 170
    },
    {
        "bookingid": 1144
    },
    {
        "bookingid": 2926
    },
    {
        "bookingid": 1683
    },
    {
        "bookingid": 3621
    },
    {
        "bookingid": 3809
    },
    {
        "bookingid": 3106
    },
    {
        "bookingid": 3663
    },
    {
        "bookingid": 1636
    },
    {
        "bookingid": 3859
    },
    {
        "bookingid": 2657
    },
    {
        "bookingid": 1230
    },
    {
        "bookingid": 1687
    },
    {
        "bookingid": 589
    },
    {
        "bookingid": 3254
    },
    {
        "bookingid": 140
    },
    {
        "bookingid": 203
    },
    {
        "bookingid": 3020
    },
    {
        "bookingid": 2909
    },
    {
        "bookingid": 975
    },
    {
        "bookingid": 2626
    },
    {
        "bookingid": 1402
    },
    {
        "bookingid": 141
    },
    {
        "bookingid": 1054
    },
    {
        "bookingid": 215
    },
    {
        "bookingid": 2990
    },
    {
        "bookingid": 2395
    },
    {
        "bookingid": 250
    },
    {
        "bookingid": 413
    },
    {
        "bookingid": 74
    },
    {
        "bookingid": 1862
    },
    {
        "bookingid": 3120
    },
    {
        "bookingid": 3338
    },
    {
        "bookingid": 1773
    },
    {
        "bookingid": 3428
    },
    {
        "bookingid": 3749
    },
    {
        "bookingid": 2096
    },
    {
        "bookingid": 2796
    },
    {
        "bookingid": 2549
    },
    {
        "bookingid": 2906
    },
    {
        "bookingid": 3403
    },
    {
        "bookingid": 1547
    },
    {
        "bookingid": 3567
    },
    {
        "bookingid": 1462
    },
    {
        "bookingid": 2242
    },
    {
        "bookingid": 3743
    },
    {
        "bookingid": 379
    },
    {
        "bookingid": 671
    },
    {
        "bookingid": 431
    },
    {
        "bookingid": 511
    },
    {
        "bookingid": 3690
    },
    {
        "bookingid": 3890
    },
    {
        "bookingid": 2582
    },
    {
        "bookingid": 1431
    },
    {
        "bookingid": 1375
    },
    {
        "bookingid": 317
    },
    {
        "bookingid": 3189
    },
    {
        "bookingid": 2481
    },
    {
        "bookingid": 3962
    },
    {
        "bookingid": 1596
    },
    {
        "bookingid": 2516
    },
    {
        "bookingid": 462
    },
    {
        "bookingid": 387
    },
    {
        "bookingid": 3260
    },
    {
        "bookingid": 588
    },
    {
        "bookingid": 2851
    },
    {
        "bookingid": 2247
    },
    {
        "bookingid": 383
    },
    {
        "bookingid": 1356
    },
    {
        "bookingid": 15
    },
    {
        "bookingid": 838
    },
    {
        "bookingid": 41
    },
    {
        "bookingid": 3514
    },
    {
        "bookingid": 1137
    },
    {
        "bookingid": 1024
    },
    {
        "bookingid": 1302
    },
    {
        "bookingid": 3920
    },
    {
        "bookingid": 799
    },
    {
        "bookingid": 560
    },
    {
        "bookingid": 1175
    },
    {
        "bookingid": 2862
    },
    {
        "bookingid": 2403
    },
    {
        "bookingid": 299
    },
    {
        "bookingid": 1116
    },
    {
        "bookingid": 122
    },
    {
        "bookingid": 1831
    },
    {
        "bookingid": 1476
    },
    {
        "bookingid": 545
    },
    {
        "bookingid": 2953
    },
    {
        "bookingid": 2845
    },
    {
        "bookingid": 3296
    },
    {
        "bookingid": 634
    },
    {
        "bookingid": 918
    },
    {
        "bookingid": 3202
    },
    {
        "bookingid": 398
    },
    {
        "bookingid": 1727
    },
    {
        "bookingid": 2043
    },
    {
        "bookingid": 2228
    },
    {
        "bookingid": 3294
    },
    {
        "bookingid": 1455
    },
    {
        "bookingid": 2607
    },
    {
        "bookingid": 1595
    },
    {
        "bookingid": 2840
    },
    {
        "bookingid": 121
    },
    {
        "bookingid": 3188
    },
    {
        "bookingid": 1074
    },
    {
        "bookingid": 973
    },
    {
        "bookingid": 980
    },
    {
        "bookingid": 172
    },
    {
        "bookingid": 3203
    },
    {
        "bookingid": 472
    },
    {
        "bookingid": 537
    },
    {
        "bookingid": 3437
    },
    {
        "bookingid": 3091
    },
    {
        "bookingid": 1466
    },
    {
        "bookingid": 3165
    },
    {
        "bookingid": 163
    },
    {
        "bookingid": 1182
    },
    {
        "bookingid": 2954
    },
    {
        "bookingid": 2914
    },
    {
        "bookingid": 2351
    },
    {
        "bookingid": 102
    },
    {
        "bookingid": 1434
    },
    {
        "bookingid": 3815
    },
    {
        "bookingid": 1408
    },
    {
        "bookingid": 3475
    },
    {
        "bookingid": 3016
    },
    {
        "bookingid": 890
    },
    {
        "bookingid": 469
    },
    {
        "bookingid": 2827
    },
    {
        "bookingid": 62
    },
    {
        "bookingid": 274
    },
    {
        "bookingid": 25
    },
    {
        "bookingid": 1976
    },
    {
        "bookingid": 3957
    },
    {
        "bookingid": 184
    },
    {
        "bookingid": 1621
    },
    {
        "bookingid": 3631
    },
    {
        "bookingid": 1974
    },
    {
        "bookingid": 2061
    },
    {
        "bookingid": 703
    },
    {
        "bookingid": 508
    },
    {
        "bookingid": 3980
    },
    {
        "bookingid": 197
    },
    {
        "bookingid": 1919
    },
    {
        "bookingid": 4003
    },
    {
        "bookingid": 2155
    },
    {
        "bookingid": 941
    },
    {
        "bookingid": 2379
    },
    {
        "bookingid": 3030
    },
    {
        "bookingid": 3574
    },
    {
        "bookingid": 3540
    },
    {
        "bookingid": 591
    },
    {
        "bookingid": 2777
    },
    {
        "bookingid": 3384
    },
    {
        "bookingid": 3238
    },
    {
        "bookingid": 2042
    },
    {
        "bookingid": 3416
    },
    {
        "bookingid": 2151
    },
    {
        "bookingid": 3004
    },
    {
        "bookingid": 35
    },
    {
        "bookingid": 320
    },
    {
        "bookingid": 1424
    },
    {
        "bookingid": 110
    },
    {
        "bookingid": 3689
    },
    {
        "bookingid": 587
    },
    {
        "bookingid": 478
    },
    {
        "bookingid": 67
    },
    {
        "bookingid": 2959
    },
    {
        "bookingid": 309
    },
    {
        "bookingid": 2935
    },
    {
        "bookingid": 2662
    },
    {
        "bookingid": 3408
    },
    {
        "bookingid": 1091
    },
    {
        "bookingid": 731
    },
    {
        "bookingid": 1173
    },
    {
        "bookingid": 1188
    },
    {
        "bookingid": 1639
    },
    {
        "bookingid": 3911
    },
    {
        "bookingid": 2984
    },
    {
        "bookingid": 3627
    },
    {
        "bookingid": 958
    },
    {
        "bookingid": 466
    },
    {
        "bookingid": 1081
    },
    {
        "bookingid": 945
    },
    {
        "bookingid": 3215
    },
    {
        "bookingid": 3783
    },
    {
        "bookingid": 3232
    },
    {
        "bookingid": 2665
    },
    {
        "bookingid": 1186
    },
    {
        "bookingid": 2562
    },
    {
        "bookingid": 2385
    },
    {
        "bookingid": 3987
    },
    {
        "bookingid": 1038
    },
    {
        "bookingid": 2586
    },
    {
        "bookingid": 345
    },
    {
        "bookingid": 3450
    },
    {
        "bookingid": 1544
    },
    {
        "bookingid": 2119
    },
    {
        "bookingid": 1745
    },
    {
        "bookingid": 670
    },
    {
        "bookingid": 872
    },
    {
        "bookingid": 2608
    },
    {
        "bookingid": 2459
    },
    {
        "bookingid": 3768
    },
    {
        "bookingid": 3796
    },
    {
        "bookingid": 2685
    },
    {
        "bookingid": 2775
    },
    {
        "bookingid": 2283
    },
    {
        "bookingid": 207
    },
    {
        "bookingid": 1996
    },
    {
        "bookingid": 1953
    },
    {
        "bookingid": 843
    },
    {
        "bookingid": 1674
    },
    {
        "bookingid": 2714
    },
    {
        "bookingid": 2349
    },
    {
        "bookingid": 1600
    },
    {
        "bookingid": 2808
    },
    {
        "bookingid": 902
    },
    {
        "bookingid": 1829
    },
    {
        "bookingid": 2008
    },
    {
        "bookingid": 2875
    },
    {
        "bookingid": 369
    },
    {
        "bookingid": 839
    },
    {
        "bookingid": 1860
    },
    {
        "bookingid": 3925
    },
    {
        "bookingid": 2163
    },
    {
        "bookingid": 2030
    },
    {
        "bookingid": 49
    },
    {
        "bookingid": 2878
    },
    {
        "bookingid": 3943
    },
    {
        "bookingid": 2498
    },
    {
        "bookingid": 342
    },
    {
        "bookingid": 3362
    },
    {
        "bookingid": 2678
    },
    {
        "bookingid": 3506
    },
    {
        "bookingid": 1430
    },
    {
        "bookingid": 3827
    },
    {
        "bookingid": 3222
    },
    {
        "bookingid": 3600
    },
    {
        "bookingid": 887
    },
    {
        "bookingid": 2748
    },
    {
        "bookingid": 1574
    },
    {
        "bookingid": 1966
    },
    {
        "bookingid": 3130
    },
    {
        "bookingid": 2961
    },
    {
        "bookingid": 2594
    },
    {
        "bookingid": 2974
    },
    {
        "bookingid": 43
    },
    {
        "bookingid": 2693
    },
    {
        "bookingid": 1895
    },
    {
        "bookingid": 3855
    },
    {
        "bookingid": 1157
    },
    {
        "bookingid": 2245
    },
    {
        "bookingid": 136
    },
    {
        "bookingid": 2102
    },
    {
        "bookingid": 1575
    },
    {
        "bookingid": 1838
    },
    {
        "bookingid": 2305
    },
    {
        "bookingid": 1234
    },
    {
        "bookingid": 846
    },
    {
        "bookingid": 3770
    },
    {
        "bookingid": 1837
    },
    {
        "bookingid": 18
    },
    {
        "bookingid": 3183
    },
    {
        "bookingid": 1815
    },
    {
        "bookingid": 2196
    },
    {
        "bookingid": 3584
    },
    {
        "bookingid": 2413
    },
    {
        "bookingid": 3559
    },
    {
        "bookingid": 1093
    },
    {
        "bookingid": 2501
    },
    {
        "bookingid": 7
    },
    {
        "bookingid": 2778
    },
    {
        "bookingid": 3242
    },
    {
        "bookingid": 3399
    },
    {
        "bookingid": 2323
    },
    {
        "bookingid": 1227
    },
    {
        "bookingid": 39
    },
    {
        "bookingid": 1422
    },
    {
        "bookingid": 1650
    },
    {
        "bookingid": 1546
    },
    {
        "bookingid": 1269
    },
    {
        "bookingid": 2731
    },
    {
        "bookingid": 3955
    },
    {
        "bookingid": 2125
    },
    {
        "bookingid": 3635
    },
    {
        "bookingid": 3459
    },
    {
        "bookingid": 1780
    },
    {
        "bookingid": 3075
    },
    {
        "bookingid": 1698
    },
    {
        "bookingid": 686
    },
    {
        "bookingid": 1952
    },
    {
        "bookingid": 3528
    },
    {
        "bookingid": 3940
    },
    {
        "bookingid": 2999
    },
    {
        "bookingid": 2661
    },
    {
        "bookingid": 3341
    },
    {
        "bookingid": 159
    },
    {
        "bookingid": 3370
    },
    {
        "bookingid": 2078
    },
    {
        "bookingid": 2517
    },
    {
        "bookingid": 2986
    },
    {
        "bookingid": 2766
    },
    {
        "bookingid": 657
    },
    {
        "bookingid": 231
    },
    {
        "bookingid": 1828
    },
    {
        "bookingid": 2782
    },
    {
        "bookingid": 549
    },
    {
        "bookingid": 3487
    },
    {
        "bookingid": 568
    },
    {
        "bookingid": 73
    },
    {
        "bookingid": 115
    },
    {
        "bookingid": 3060
    },
    {
        "bookingid": 1000
    },
    {
        "bookingid": 3131
    },
    {
        "bookingid": 1970
    },
    {
        "bookingid": 1885
    },
    {
        "bookingid": 3312
    },
    {
        "bookingid": 311
    },
    {
        "bookingid": 86
    },
    {
        "bookingid": 3630
    },
    {
        "bookingid": 2947
    },
    {
        "bookingid": 271
    },
    {
        "bookingid": 2122
    },
    {
        "bookingid": 696
    },
    {
        "bookingid": 2101
    },
    {
        "bookingid": 1032
    },
    {
        "bookingid": 3981
    },
    {
        "bookingid": 107
    },
    {
        "bookingid": 1171
    },
    {
        "bookingid": 2306
    },
    {
        "bookingid": 1845
    },
    {
        "bookingid": 3056
    },
    {
        "bookingid": 467
    },
    {
        "bookingid": 3219
    },
    {
        "bookingid": 2360
    },
    {
        "bookingid": 3543
    },
    {
        "bookingid": 1946
    },
    {
        "bookingid": 3404
    },
    {
        "bookingid": 1322
    },
    {
        "bookingid": 1937
    },
    {
        "bookingid": 782
    },
    {
        "bookingid": 2869
    },
    {
        "bookingid": 2427
    },
    {
        "bookingid": 2248
    },
    {
        "bookingid": 1282
    },
    {
        "bookingid": 3217
    },
    {
        "bookingid": 2429
    },
    {
        "bookingid": 3588
    },
    {
        "bookingid": 34
    },
    {
        "bookingid": 440
    },
    {
        "bookingid": 69
    },
    {
        "bookingid": 2461
    },
    {
        "bookingid": 2354
    },
    {
        "bookingid": 3289
    },
    {
        "bookingid": 1197
    },
    {
        "bookingid": 3862
    },
    {
        "bookingid": 2342
    },
    {
        "bookingid": 2826
    },
    {
        "bookingid": 1027
    },
    {
        "bookingid": 2227
    },
    {
        "bookingid": 2706
    },
    {
        "bookingid": 1274
    },
    {
        "bookingid": 2320
    },
    {
        "bookingid": 2922
    },
    {
        "bookingid": 955
    },
    {
        "bookingid": 51
    },
    {
        "bookingid": 1712
    },
    {
        "bookingid": 924
    },
    {
        "bookingid": 1981
    },
    {
        "bookingid": 953
    },
    {
        "bookingid": 1613
    },
    {
        "bookingid": 3290
    },
    {
        "bookingid": 1634
    },
    {
        "bookingid": 48
    },
    {
        "bookingid": 1969
    },
    {
        "bookingid": 2034
    },
    {
        "bookingid": 3452
    },
    {
        "bookingid": 3353
    },
    {
        "bookingid": 1563
    },
    {
        "bookingid": 1708
    },
    {
        "bookingid": 2548
    },
    {
        "bookingid": 3456
    },
    {
        "bookingid": 956
    },
    {
        "bookingid": 334
    },
    {
        "bookingid": 3230
    },
    {
        "bookingid": 471
    },
    {
        "bookingid": 1159
    },
    {
        "bookingid": 130
    },
    {
        "bookingid": 208
    },
    {
        "bookingid": 3356
    },
    {
        "bookingid": 2364
    },
    {
        "bookingid": 1076
    },
    {
        "bookingid": 3996
    },
    {
        "bookingid": 1553
    },
    {
        "bookingid": 1965
    },
    {
        "bookingid": 957
    },
    {
        "bookingid": 862
    },
    {
        "bookingid": 394
    },
    {
        "bookingid": 3548
    },
    {
        "bookingid": 3758
    },
    {
        "bookingid": 2035
    },
    {
        "bookingid": 3156
    },
    {
        "bookingid": 1866
    },
    {
        "bookingid": 3096
    },
    {
        "bookingid": 1095
    },
    {
        "bookingid": 3444
    },
    {
        "bookingid": 452
    },
    {
        "bookingid": 1299
    },
    {
        "bookingid": 2041
    },
    {
        "bookingid": 1626
    },
    {
        "bookingid": 2457
    },
    {
        "bookingid": 2918
    },
    {
        "bookingid": 2736
    },
    {
        "bookingid": 915
    },
    {
        "bookingid": 2430
    },
    {
        "bookingid": 3063
    },
    {
        "bookingid": 3249
    },
    {
        "bookingid": 563
    },
    {
        "bookingid": 1277
    },
    {
        "bookingid": 1939
    },
    {
        "bookingid": 1453
    },
    {
        "bookingid": 743
    },
    {
        "bookingid": 3335
    },
    {
        "bookingid": 22
    },
    {
        "bookingid": 1474
    },
    {
        "bookingid": 1880
    },
    {
        "bookingid": 772
    },
    {
        "bookingid": 253
    },
    {
        "bookingid": 1465
    },
    {
        "bookingid": 2859
    },
    {
        "bookingid": 1419
    },
    {
        "bookingid": 1612
    },
    {
        "bookingid": 2369
    },
    {
        "bookingid": 76
    },
    {
        "bookingid": 3801
    },
    {
        "bookingid": 2598
    },
    {
        "bookingid": 1483
    },
    {
        "bookingid": 2664
    },
    {
        "bookingid": 3223
    },
    {
        "bookingid": 13
    },
    {
        "bookingid": 2037
    },
    {
        "bookingid": 1822
    },
    {
        "bookingid": 1691
    },
    {
        "bookingid": 2328
    },
    {
        "bookingid": 2031
    },
    {
        "bookingid": 632
    },
    {
        "bookingid": 1075
    },
    {
        "bookingid": 3
    },
    {
        "bookingid": 3246
    },
    {
        "bookingid": 2076
    },
    {
        "bookingid": 373
    },
    {
        "bookingid": 2596
    },
    {
        "bookingid": 1480
    },
    {
        "bookingid": 3069
    },
    {
        "bookingid": 879
    },
    {
        "bookingid": 2297
    },
    {
        "bookingid": 3001
    },
    {
        "bookingid": 1145
    },
    {
        "bookingid": 2820
    },
    {
        "bookingid": 1529
    },
    {
        "bookingid": 3026
    },
    {
        "bookingid": 3035
    },
    {
        "bookingid": 1990
    },
    {
        "bookingid": 2068
    },
    {
        "bookingid": 2273
    },
    {
        "bookingid": 2743
    },
    {
        "bookingid": 1304
    },
    {
        "bookingid": 1538
    },
    {
        "bookingid": 1993
    },
    {
        "bookingid": 1446
    },
    {
        "bookingid": 1245
    },
    {
        "bookingid": 1184
    },
    {
        "bookingid": 3045
    },
    {
        "bookingid": 665
    },
    {
        "bookingid": 118
    },
    {
        "bookingid": 2861
    },
    {
        "bookingid": 1765
    },
    {
        "bookingid": 2690
    },
    {
        "bookingid": 3744
    },
    {
        "bookingid": 2723
    },
    {
        "bookingid": 889
    },
    {
        "bookingid": 802
    },
    {
        "bookingid": 1741
    },
    {
        "bookingid": 1702
    },
    {
        "bookingid": 3810
    },
    {
        "bookingid": 2186
    },
    {
        "bookingid": 1128
    },
    {
        "bookingid": 3703
    },
    {
        "bookingid": 1016
    },
    {
        "bookingid": 423
    },
    {
        "bookingid": 251
    },
    {
        "bookingid": 2856
    },
    {
        "bookingid": 1044
    },
    {
        "bookingid": 1261
    }
]
]]></system-out>
  </testcase>
  <testcase name="GetBookingIds" classname="ApiTest" time="1.808">
    <system-out><![CDATA[[
    {
        "bookingid": 2676
    },
    {
        "bookingid": 1416
    },
    {
        "bookingid": 2779
    },
    {
        "bookingid": 2674
    },
    {
        "bookingid": 718
    },
    {
        "bookingid": 1948
    },
    {
        "bookingid": 1980
    },
    {
        "bookingid": 1823
    },
    {
        "bookingid": 3050
    },
    {
        "bookingid": 3772
    },
    {
        "bookingid": 2982
    },
    {
        "bookingid": 3520
    },
    {
        "bookingid": 2049
    },
    {
        "bookingid": 2802
    },
    {
        "bookingid": 2794
    },
    {
        "bookingid": 1555
    },
    {
        "bookingid": 622
    },
    {
        "bookingid": 3678
    },
    {
        "bookingid": 143
    },
    {
        "bookingid": 594
    },
    {
        "bookingid": 3738
    },
    {
        "bookingid": 1127
    },
    {
        "bookingid": 2733
    },
    {
        "bookingid": 3913
    },
    {
        "bookingid": 257
    },
    {
        "bookingid": 3468
    },
    {
        "bookingid": 3410
    },
    {
        "bookingid": 1417
    },
    {
        "bookingid": 3516
    },
    {
        "bookingid": 1056
    },
    {
        "bookingid": 2811
    },
    {
        "bookingid": 1491
    },
    {
        "bookingid": 1517
    },
    {
        "bookingid": 2257
    },
    {
        "bookingid": 3140
    },
    {
        "bookingid": 820
    },
    {
        "bookingid": 3472
    },
    {
        "bookingid": 1572
    },
    {
        "bookingid": 287
    },
    {
        "bookingid": 3764
    },
    {
        "bookingid": 2112
    },
    {
        "bookingid": 3089
    },
    {
        "bookingid": 596
    },
    {
        "bookingid": 3830
    },
    {
        "bookingid": 3733
    },
    {
        "bookingid": 1154
    },
    {
        "bookingid": 653
    },
    {
        "bookingid": 3730
    },
    {
        "bookingid": 2609
    },
    {
        "bookingid": 3087
    },
    {
        "bookingid": 3132
    },
    {
        "bookingid": 3838
    },
    {
        "bookingid": 1281
    },
    {
        "bookingid": 366
    },
    {
        "bookingid": 1921
    },
    {
        "bookingid": 1721
    },
    {
        "bookingid": 500
    },
    {
        "bookingid": 3705
    },
    {
        "bookingid": 200
    },
    {
        "bookingid": 1753
    },
    {
        "bookingid": 2593
    },
    {
        "bookingid": 1631
    },
    {
        "bookingid": 644
    },
    {
        "bookingid": 1802
    },
    {
        "bookingid": 2495
    },
    {
        "bookingid": 1130
    },
    {
        "bookingid": 3053
    },
    {
        "bookingid": 3704
    },
    {
        "bookingid": 3872
    },
    {
        "bookingid": 2192
    },
    {
        "bookingid": 706
    },
    {
        "bookingid": 4008
    },
    {
        "bookingid": 1679
    },
    {
        "bookingid": 3534
    },
    {
        "bookingid": 3598
    },
    {
        "bookingid": 3912
    },
    {
        "bookingid": 3304
    },
    {
        "bookingid": 1033
    },
    {
        "bookingid": 1648
    },
    {
        "bookingid": 3889
    },
    {
        "bookingid": 1199
    },
    {
        "bookingid": 821
    },
    {
        "bookingid": 687
    },
    {
        "bookingid": 1550
    },
    {
        "bookingid": 3221
    },
    {
        "bookingid": 3774
    },
    {
        "bookingid": 1291
    },
    {
        "bookingid": 855
    },
    {
        "bookingid": 1045
    },
    {
        "bookingid": 2157
    },
    {
        "bookingid": 583
    },
    {
        "bookingid": 2478
    },
    {
        "bookingid": 230
    },
    {
        "bookingid": 1664
    },
    {
        "bookingid": 3071
    },
    {
        "bookingid": 133
    },
    {
        "bookingid": 1907
    },
    {
        "bookingid": 828
    },
    {
        "bookingid": 1807
    },
    {
        "bookingid": 3319
    },
    {
        "bookingid": 272
    },
    {
        "bookingid": 1514
    },
    {
        "bookingid": 56
    },
    {
        "bookingid": 2617
    },
    {
        "bookingid": 2561
    },
    {
        "bookingid": 538
    },
    {
        "bookingid": 2897
    },
    {
        "bookingid": 1633
    },
    {
        "bookingid": 3694
    },
    {
        "bookingid": 2987
    },
    {
        "bookingid": 408
    },
    {
        "bookingid": 3837
    },
    {
        "bookingid": 429
    },
    {
        "bookingid": 2466
    },
    {
        "bookingid": 3154
    },
    {
        "bookingid": 2614
    },
    {
        "bookingid": 1507
    },
    {
        "bookingid": 2694
    },
    {
        "bookingid": 648
    },
    {
        "bookingid": 3741
    },
    {
        "bookingid": 54
    },
    {
        "bookingid": 114
    },
    {
        "bookingid": 1005
    },
    {
        "bookingid": 3734
    },
    {
        "bookingid": 1640
    },
    {
        "bookingid": 165
    },
    {
        "bookingid": 3614
    },
    {
        "bookingid": 1477
    },
    {
        "bookingid": 461
    },
    {
        "bookingid": 774
    },
    {
        "bookingid": 2296
    },
    {
        "bookingid": 2534
    },
    {
        "bookingid": 2860
    },
    {
        "bookingid": 3814
    },
    {
        "bookingid": 1499
    },
    {
        "bookingid": 1541
    },
    {
        "bookingid": 2958
    },
    {
        "bookingid": 3877
    },
    {
        "bookingid": 3775
    },
    {
        "bookingid": 866
    },
    {
        "bookingid": 1851
    },
    {
        "bookingid": 745
    },
    {
        "bookingid": 3443
    },
    {
        "bookingid": 3767
    },
    {
        "bookingid": 1072
    },
    {
        "bookingid": 2234
    },
    {
        "bookingid": 1703
    },
    {
        "bookingid": 2830
    },
    {
        "bookingid": 4004
    },
    {
        "bookingid": 602
    },
    {
        "bookingid": 1618
    },
    {
        "bookingid": 2941
    },
    {
        "bookingid": 2167
    },
    {
        "bookingid": 300
    },
    {
        "bookingid": 1813
    },
    {
        "bookingid": 3773
    },
    {
        "bookingid": 354
    },
    {
        "bookingid": 3851
    },
    {
        "bookingid": 3388
    },
    {
        "bookingid": 2190
    },
    {
        "bookingid": 2486
    },
    {
        "bookingid": 621
    },
    {
        "bookingid": 2316
    },
    {
        "bookingid": 1257
    },
    {
        "bookingid": 4012
    },
    {
        "bookingid": 2207
    },
    {
        "bookingid": 3461
    },
    {
        "bookingid": 1456
    },
    {
        "bookingid": 2052
    },
    {
        "bookingid": 1543
    },
    {
        "bookingid": 2454
    },
    {
        "bookingid": 396
    },
    {
        "bookingid": 1219
    },
    {
        "bookingid": 1320
    },
    {
        "bookingid": 409
    },
    {
        "bookingid": 983
    },
    {
        "bookingid": 1558
    },
    {
        "bookingid": 3947
    },
    {
        "bookingid": 38
    },
    {
        "bookingid": 2738
    },
    {
        "bookingid": 314
    },
    {
        "bookingid": 2871
    },
    {
        "bookingid": 1549
    },
    {
        "bookingid": 488
    },
    {
        "bookingid": 264
    },
    {
        "bookingid": 2127
    },
    {
        "bookingid": 2916
    },
    {
        "bookingid": 1272
    },
    {
        "bookingid": 3425
    },
    {
        "bookingid": 128
    },
    {
        "bookingid": 199
    },
    {
        "bookingid": 2817
    },
    {
        "bookingid": 3274
    },
    {
        "bookingid": 44
    },
    {
        "bookingid": 2742
    },
    {
        "bookingid": 2448
    },
    {
        "bookingid": 1381
    },
    {
        "bookingid": 1345
    },
    {
        "bookingid": 504
    },
    {
        "bookingid": 1110
    },
    {
        "bookingid": 566
    },
    {
        "bookingid": 497
    },
    {
        "bookingid": 2056
    },
    {
        "bookingid": 3908
    },
    {
        "bookingid": 3366
    },
    {
        "bookingid": 647
    },
    {
        "bookingid": 2231
    },
    {
        "bookingid": 3112
    },
    {
        "bookingid": 3419
    },
    {
        "bookingid": 1240
    },
    {
        "bookingid": 1556
    },
    {
        "bookingid": 1957
    },
    {
        "bookingid": 562
    },
    {
        "bookingid": 1029
    },
    {
        "bookingid": 716
    },
    {
        "bookingid": 3178
    },
    {
        "bookingid": 1196
    },
    {
        "bookingid": 2082
    },
    {
        "bookingid": 2508
    },
    {
        "bookingid": 175
    },
    {
        "bookingid": 2312
    },
    {
        "bookingid": 2000
    },
    {
        "bookingid": 2833
    },
    {
        "bookingid": 3333
    },
    {
        "bookingid": 1179
    },
    {
        "bookingid": 100
    },
    {
        "bookingid": 1399
    },
    {
        "bookingid": 1429
    },
    {
        "bookingid": 1886
    },
    {
        "bookingid": 3564
    },
    {
        "bookingid": 674
    },
    {
        "bookingid": 891
    },
    {
        "bookingid": 834
    },
    {
        "bookingid": 2793
    },
    {
        "bookingid": 179
    },
    {
        "bookingid": 185
    },
    {
        "bookingid": 276
    },
    {
        "bookingid": 1104
    },
    {
        "bookingid": 521
    },
    {
        "bookingid": 893
    },
    {
        "bookingid": 645
    },
    {
        "bookingid": 1364
    },
    {
        "bookingid": 612
    },
    {
        "bookingid": 1588
    },
    {
        "bookingid": 2925
    },
    {
        "bookingid": 2221
    },
    {
        "bookingid": 198
    },
    {
        "bookingid": 2815
    },
    {
        "bookingid": 2483
    },
    {
        "bookingid": 1490
    },
    {
        "bookingid": 3068
    },
    {
        "bookingid": 2542
    },
    {
        "bookingid": 2893
    },
    {
        "bookingid": 1235
    },
    {
        "bookingid": 26
    },
    {
        "bookingid": 3846
    },
    {
        "bookingid": 3228
    },
    {
        "bookingid": 3208
    },
    {
        "bookingid": 2225
    },
    {
        "bookingid": 1315
    },
    {
        "bookingid": 1418
    },
    {
        "bookingid": 734
    },
    {
        "bookingid": 453
    },
    {
        "bookingid": 1307
    },
    {
        "bookingid": 341
    },
    {
        "bookingid": 1447
    },
    {
        "bookingid": 2672
    },
    {
        "bookingid": 1287
    },
    {
        "bookingid": 3396
    },
    {
        "bookingid": 1366
    },
    {
        "bookingid": 1619
    },
    {
        "bookingid": 2504
    },
    {
        "bookingid": 2616
    },
    {
        "bookingid": 2577
    },
    {
        "bookingid": 2900
    },
    {
        "bookingid": 2850
    },
    {
        "bookingid": 123
    },
    {
        "bookingid": 1132
    },
    {
        "bookingid": 1452
    },
    {
        "bookingid": 2502
    },
    {
        "bookingid": 3062
    },
    {
        "bookingid": 2280
    },
    {
        "bookingid": 3418
    },
    {
        "bookingid": 938
    },
    {
        "bookingid": 55
    },
    {
        "bookingid": 2439
    },
    {
        "bookingid": 2691
    },
    {
        "bookingid": 1069
    },
    {
        "bookingid": 2381
    },
    {
        "bookingid": 1655
    },
    {
        "bookingid": 3794
    },
    {
        "bookingid": 523
    },
    {
        "bookingid": 3352
    },
    {
        "bookingid": 2143
    },
    {
        "bookingid": 58
    },
    {
        "bookingid": 282
    },
    {
        "bookingid": 2571
    },
    {
        "bookingid": 860
    },
    {
        "bookingid": 2894
    },
    {
        "bookingid": 3561
    },
    {
        "bookingid": 2400
    },
    {
        "bookingid": 735
    },
    {
        "bookingid": 3044
    },
    {
        "bookingid": 1078
    },
    {
        "bookingid": 729
    },
    {
        "bookingid": 1225
    },
    {
        "bookingid": 263
    },
    {
        "bookingid": 489
    },
    {
        "bookingid": 3243
    },
    {
        "bookingid": 1868
    },
    {
        "bookingid": 3339
    },
    {
        "bookingid": 360
    },
    {
        "bookingid": 529
    },
    {
        "bookingid": 2087
    },
    {
        "bookingid": 2004
    },
    {
        "bookingid": 2884
    },
    {
        "bookingid": 1678
    },
    {
        "bookingid": 31
    },
    {
        "bookingid": 3919
    },
    {
        "bookingid": 3976
    },
    {
        "bookingid": 10
    },
    {
        "bookingid": 1816
    },
    {
        "bookingid": 3945
    },
    {
        "bookingid": 722
    },
    {
        "bookingid": 2632
    },
    {
        "bookingid": 3011
    },
    {
        "bookingid": 1439
    },
    {
        "bookingid": 3595
    },
    {
        "bookingid": 3093
    },
    {
        "bookingid": 1964
    },
    {
        "bookingid": 2133
    },
    {
        "bookingid": 3576
    },
    {
        "bookingid": 1947
    },
    {
        "bookingid": 3252
    },
    {
        "bookingid": 1126
    },
    {
        "bookingid": 1832
    },
    {
        "bookingid": 3371
    },
    {
        "bookingid": 3373
    },
    {
        "bookingid": 544
    },
    {
        "bookingid": 3361
    },
    {
        "bookingid": 2175
    },
    {
        "bookingid": 2036
    },
    {
        "bookingid": 2686
    },
    {
        "bookingid": 2713
    },
    {
        "bookingid": 3142
    },
    {
        "bookingid": 971
    },
    {
        "bookingid": 3325
    },
    {
        "bookingid": 3036
    },
    {
        "bookingid": 625
    },
    {
        "bookingid": 1922
    },
    {
        "bookingid": 2842
    },
    {
        "bookingid": 1770
    },
    {
        "bookingid": 2729
    },
    {
        "bookingid": 3802
    },
    {
        "bookingid": 2284
    },
    {
        "bookingid": 3434
    },
    {
        "bookingid": 2971
    },
    {
        "bookingid": 2376
    },
    {
        "bookingid": 2539
    },
    {
        "bookingid": 2215
    },
    {
        "bookingid": 70
    },
    {
        "bookingid": 2402
    },
    {
        "bookingid": 2853
    },
    {
        "bookingid": 414
    },
    {
        "bookingid": 3280
    },
    {
        "bookingid": 3255
    },
    {
        "bookingid": 246
    },
    {
        "bookingid": 1378
    },
    {
        "bookingid": 131
    },
    {
        "bookingid": 3439
    },
    {
        "bookingid": 684
    },
    {
        "bookingid": 206
    },
    {
        "bookingid": 1445
    },
    {
        "bookingid": 61
    },
    {
        "bookingid": 3499
    },
    {
        "bookingid": 239
    },
    {
        "bookingid": 1669
    },
    {
        "bookingid": 2252
    },
    {
        "bookingid": 187
    },
    {
        "bookingid": 236
    },
    {
        "bookingid": 2863
    },
    {
        "bookingid": 98
    },
    {
        "bookingid": 2992
    },
    {
        "bookingid": 917
    },
    {
        "bookingid": 2696
    },
    {
        "bookingid": 3088
    },
    {
        "bookingid": 3015
    },
    {
        "bookingid": 2697
    },
    {
        "bookingid": 2239
    },
    {
        "bookingid": 663
    },
    {
        "bookingid": 2088
    },
    {
        "bookingid": 2535
    },
    {
        "bookingid": 1060
    },
    {
        "bookingid": 2823
    },
    {
        "bookingid": 2333
    },
    {
        "bookingid": 1988
    },
    {
        "bookingid": 2622
    },
    {
        "bookingid": 2310
    },
    {
        "bookingid": 3800
    },
    {
        "bookingid": 888
    },
    {
        "bookingid": 3963
    },
    {
        "bookingid": 3090
    },
    {
        "bookingid": 3458
    },
    {
        "bookingid": 2541
    },
    {
        "bookingid": 2367
    },
    {
        "bookingid": 3713
    },
    {
        "bookingid": 1739
    },
    {
        "bookingid": 1950
    },
    {
        "bookingid": 1534
    },
    {
        "bookingid": 2776
    },
    {
        "bookingid": 1827
    },
    {
        "bookingid": 1413
    },
    {
        "bookingid": 483
    },
    {
        "bookingid": 618
    },
    {
        "bookingid": 3413
    },
    {
        "bookingid": 3205
    },
    {
        "bookingid": 2874
    },
    {
        "bookingid": 3778
    },
    {
        "bookingid": 1808
    },
    {
        "bookingid": 3284
    },
    {
        "bookingid": 2492
    },
    {
        "bookingid": 2188
    },
    {
        "bookingid": 153
    },
    {
        "bookingid": 2146
    },
    {
        "bookingid": 3085
    },
    {
        "bookingid": 811
    },
    {
        "bookingid": 693
    },
    {
        "bookingid": 2436
    },
    {
        "bookingid": 3311
    },
    {
        "bookingid": 1323
    },
    {
        "bookingid": 573
    },
    {
        "bookingid": 2464
    },
    {
        "bookingid": 2532
    },
    {
        "bookingid": 2391
    },
    {
        "bookingid": 2899
    },
    {
        "bookingid": 2615
    },
    {
        "bookingid": 2767
    },
    {
        "bookingid": 1759
    },
    {
        "bookingid": 1410
    },
    {
        "bookingid": 3841
    },
    {
        "bookingid": 2431
    },
    {
        "bookingid": 1255
    },
    {
        "bookingid": 2579
    },
    {
        "bookingid": 3504
    },
    {
        "bookingid": 1007
    },
    {
        "bookingid": 911
    },
    {
        "bookingid": 3380
    },
    {
        "bookingid": 3077
    },
    {
        "bookingid": 350
    },
    {
        "bookingid": 2635
    },
    {
        "bookingid": 1929
    },
    {
        "bookingid": 2882
    },
    {
        "bookingid": 3401
    },
    {
        "bookingid": 2348
    },
    {
        "bookingid": 3398
    },
    {
        "bookingid": 907
    },
    {
        "bookingid": 3712
    },
    {
        "bookingid": 1426
    },
    {
        "bookingid": 2746
    },
    {
        "bookingid": 910
    },
    {
        "bookingid": 221
    },
    {
        "bookingid": 2139
    },
    {
        "bookingid": 2172
    },
    {
        "bookingid": 1818
    },
    {
        "bookingid": 3308
    },
    {
        "bookingid": 1487
    },
    {
        "bookingid": 714
    },
    {
        "bookingid": 818
    },
    {
        "bookingid": 1247
    },
    {
        "bookingid": 3040
    },
    {
        "bookingid": 3721
    },
    {
        "bookingid": 1592
    },
    {
        "bookingid": 2104
    },
    {
        "bookingid": 863
    },
    {
        "bookingid": 627
    },
    {
        "bookingid": 1725
    },
    {
        "bookingid": 2531
    },
    {
        "bookingid": 2707
    },
    {
        "bookingid": 193
    },
    {
        "bookingid": 1414
    },
    {
        "bookingid": 2520
    },
    {
        "bookingid": 530
    },
    {
        "bookingid": 2946
    },
    {
        "bookingid": 1853
    },
    {
        "bookingid": 2142
    },
    {
        "bookingid": 385
    },
    {
        "bookingid": 3323
    },
    {
        "bookingid": 3901
    },
    {
        "bookingid": 3710
    },
    {
        "bookingid": 1440
    },
    {
        "bookingid": 1221
    },
    {
        "bookingid": 2410
    },
    {
        "bookingid": 3547
    },
    {
        "bookingid": 2335
    },
    {
        "bookingid": 2797
    },
    {
        "bookingid": 2566
    },
    {
        "bookingid": 1510
    },
    {
        "bookingid": 680
    },
    {
        "bookingid": 2028
    },
    {
        "bookingid": 1597
    },
    {
        "bookingid": 169
    },
    {
        "bookingid": 2651
    },
    {
        "bookingid": 2476
    },
    {
        "bookingid": 1229
    },
    {
        "bookingid": 347
    },
    {
        "bookingid": 931
    },
    {
        "bookingid": 403
    },
    {
        "bookingid": 2936
    },
    {
        "bookingid": 3409
    },
    {
        "bookingid": 3446
    },
    {
        "bookingid": 2689
    },
    {
        "bookingid": 2084
    },
    {
        "bookingid": 2177
    },
    {
        "bookingid": 326
    },
    {
        "bookingid": 1645
    },
    {
        "bookingid": 3618
    },
    {
        "bookingid": 3168
    },
    {
        "bookingid": 3868
    },
    {
        "bookingid": 1585
    },
    {
        "bookingid": 1008
    },
    {
        "bookingid": 1887
    },
    {
        "bookingid": 2419
    },
    {
        "bookingid": 305
    },
    {
        "bookingid": 1896
    },
    {
        "bookingid": 2372
    },
    {
        "bookingid": 1099
    },
    {
        "bookingid": 1306
    },
    {
        "bookingid": 2944
    },
    {
        "bookingid": 2276
    },
    {
        "bookingid": 3844
    },
    {
        "bookingid": 2668
    },
    {
        "bookingid": 1113
    },
    {
        "bookingid": 1084
    },
    {
        "bookingid": 548
    },
    {
        "bookingid": 507
    },
    {
        "bookingid": 1035
    },
    {
        "bookingid": 1279
    },
    {
        "bookingid": 2573
    },
    {
        "bookingid": 2695
    },
    {
        "bookingid": 3297
    },
    {
        "bookingid": 3111
    },
    {
        "bookingid": 1172
    },
    {
        "bookingid": 2368
    },
    {
        "bookingid": 297
    },
    {
        "bookingid": 3244
    },
    {
        "bookingid": 1061
    },
    {
        "bookingid": 1359
    },
    {
        "bookingid": 3832
    },
    {
        "bookingid": 3322
    },
    {
        "bookingid": 3860
    },
    {
        "bookingid": 1649
    },
    {
        "bookingid": 3491
    },
    {
        "bookingid": 2358
    },
    {
        "bookingid": 2885
    },
    {
        "bookingid": 2740
    },
    {
        "bookingid": 2254
    },
    {
        "bookingid": 2303
    },
    {
        "bookingid": 3199
    },
    {
        "bookingid": 3187
    },
    {
        "bookingid": 3127
    },
    {
        "bookingid": 1382
    },
    {
        "bookingid": 3099
    },
    {
        "bookingid": 3972
    },
    {
        "bookingid": 2491
    },
    {
        "bookingid": 2295
    },
    {
        "bookingid": 3607
    },
    {
        "bookingid": 3685
    },
    {
        "bookingid": 572
    },
    {
        "bookingid": 604
    },
    {
        "bookingid": 2760
    },
    {
        "bookingid": 1071
    },
    {
        "bookingid": 3902
    },
    {
        "bookingid": 536
    },
    {
        "bookingid": 2162
    },
    {
        "bookingid": 3989
    },
    {
        "bookingid": 1716
    },
    {
        "bookingid": 1783
    },
    {
        "bookingid": 3498
    },
    {
        "bookingid": 1332
    },
    {
        "bookingid": 2421
    },
    {
        "bookingid": 2917
    },
    {
        "bookingid": 3293
    },
    {
        "bookingid": 2128
    },
    {
        "bookingid": 1646
    },
    {
        "bookingid": 3615
    },
    {
        "bookingid": 1002
    },
    {
        "bookingid": 823
    },
    {
        "bookingid": 3390
    },
    {
        "bookingid": 747
    },
    {
        "bookingid": 1769
    },
    {
        "bookingid": 3998
    },
    {
        "bookingid": 4009
    },
    {
        "bookingid": 3725
    },
    {
        "bookingid": 3625
    },
    {
        "bookingid": 2290
    },
    {
        "bookingid": 1055
    },
    {
        "bookingid": 3573
    },
    {
        "bookingid": 2208
    },
    {
        "bookingid": 2365
    },
    {
        "bookingid": 966
    },
    {
        "bookingid": 678
    },
    {
        "bookingid": 614
    },
    {
        "bookingid": 512
    },
    {
        "bookingid": 3954
    },
    {
        "bookingid": 223
    },
    {
        "bookingid": 3916
    },
    {
        "bookingid": 2416
    },
    {
        "bookingid": 970
    },
    {
        "bookingid": 139
    },
    {
        "bookingid": 3922
    },
    {
        "bookingid": 935
    },
    {
        "bookingid": 651
    },
    {
        "bookingid": 3272
    },
    {
        "bookingid": 1496
    },
    {
        "bookingid": 2183
    },
    {
        "bookingid": 1940
    },
    {
        "bookingid": 1848
    },
    {
        "bookingid": 3546
    },
    {
        "bookingid": 375
    },
    {
        "bookingid": 578
    },
    {
        "bookingid": 37
    },
    {
        "bookingid": 479
    },
    {
        "bookingid": 3463
    },
    {
        "bookingid": 1942
    },
    {
        "bookingid": 3928
    },
    {
        "bookingid": 2406
    },
    {
        "bookingid": 3076
    },
    {
        "bookingid": 3139
    },
    {
        "bookingid": 1571
    },
    {
        "bookingid": 2688
    },
    {
        "bookingid": 363
    },
    {
        "bookingid": 2222
    },
    {
        "bookingid": 1576
    },
    {
        "bookingid": 157
    },
    {
        "bookingid": 3683
    },
    {
        "bookingid": 1676
    },
    {
        "bookingid": 2083
    },
    {
        "bookingid": 2473
    },
    {
        "bookingid": 3905
    },
    {
        "bookingid": 2
    },
    {
        "bookingid": 831
    },
    {
        "bookingid": 1266
    },
    {
        "bookingid": 2597
    },
    {
        "bookingid": 1897
    },
    {
        "bookingid": 3405
    },
    {
        "bookingid": 2718
    },
    {
        "bookingid": 3171
    },
    {
        "bookingid": 1461
    },
    {
        "bookingid": 1025
    },
    {
        "bookingid": 1656
    },
    {
        "bookingid": 1162
    },
    {
        "bookingid": 2923
    },
    {
        "bookingid": 2137
    },
    {
        "bookingid": 1760
    },
    {
        "bookingid": 2634
    },
    {
        "bookingid": 1338
    },
    {
        "bookingid": 1604
    },
    {
        "bookingid": 1039
    },
    {
        "bookingid": 1324
    },
    {
        "bookingid": 1473
    },
    {
        "bookingid": 2116
    },
    {
        "bookingid": 3336
    },
    {
        "bookingid": 2185
    },
    {
        "bookingid": 1624
    },
    {
        "bookingid": 3267
    },
    {
        "bookingid": 1294
    },
    {
        "bookingid": 717
    },
    {
        "bookingid": 2095
    },
    {
        "bookingid": 1391
    },
    {
        "bookingid": 1771
    },
    {
        "bookingid": 3316
    },
    {
        "bookingid": 1355
    },
    {
        "bookingid": 32
    },
    {
        "bookingid": 635
    },
    {
        "bookingid": 801
    },
    {
        "bookingid": 1495
    },
    {
        "bookingid": 1123
    },
    {
        "bookingid": 3958
    },
    {
        "bookingid": 103
    },
    {
        "bookingid": 2631
    },
    {
        "bookingid": 4002
    },
    {
        "bookingid": 934
    },
    {
        "bookingid": 3103
    },
    {
        "bookingid": 2259
    },
    {
        "bookingid": 517
    },
    {
        "bookingid": 3568
    },
    {
        "bookingid": 2757
    },
    {
        "bookingid": 2813
    },
    {
        "bookingid": 800
    },
    {
        "bookingid": 1212
    },
    {
        "bookingid": 3933
    },
    {
        "bookingid": 1878
    },
    {
        "bookingid": 1520
    },
    {
        "bookingid": 2230
    },
    {
        "bookingid": 3172
    },
    {
        "bookingid": 3766
    },
    {
        "bookingid": 332
    },
    {
        "bookingid": 3114
    },
    {
        "bookingid": 597
    },
    {
        "bookingid": 3072
    },
    {
        "bookingid": 2646
    },
    {
        "bookingid": 2997
    },
    {
        "bookingid": 599
    },
    {
        "bookingid": 2524
    },
    {
        "bookingid": 1913
    },
    {
        "bookingid": 1339
    },
    {
        "bookingid": 261
    },
    {
        "bookingid": 853
    },
    {
        "bookingid": 2567
    },
    {
        "bookingid": 399
    },
    {
        "bookingid": 944
    },
    {
        "bookingid": 2675
    },
    {
        "bookingid": 526
    },
    {
        "bookingid": 3620
    },
    {
        "bookingid": 1368
    },
    {
        "bookingid": 3835
    },
    {
        "bookingid": 856
    },
    {
        "bookingid": 3104
    },
    {
        "bookingid": 1253
    },
    {
        "bookingid": 2440
    },
    {
        "bookingid": 3270
    },
    {
        "bookingid": 3436
    },
    {
        "bookingid": 2165
    },
    {
        "bookingid": 3884
    },
    {
        "bookingid": 1497
    },
    {
        "bookingid": 793
    },
    {
        "bookingid": 57
    },
    {
        "bookingid": 760
    },
    {
        "bookingid": 1776
    },
    {
        "bookingid": 2058
    },
    {
        "bookingid": 2414
    },
    {
        "bookingid": 1505
    },
    {
        "bookingid": 2722
    },
    {
        "bookingid": 1871
    },
    {
        "bookingid": 1844
    },
    {
        "bookingid": 1573
    },
    {
        "bookingid": 2528
    },
    {
        "bookingid": 1328
    },
    {
        "bookingid": 1910
    },
    {
        "bookingid": 3639
    },
    {
        "bookingid": 1174
    },
    {
        "bookingid": 3661
    },
    {
        "bookingid": 9
    },
    {
        "bookingid": 105
    },
    {
        "bookingid": 3449
    },
    {
        "bookingid": 3754
    },
    {
        "bookingid": 1288
    },
    {
        "bookingid": 1254
    },
    {
        "bookingid": 1893
    },
    {
        "bookingid": 244
    },
    {
        "bookingid": 1686
    },
    {
        "bookingid": 824
    },
    {
        "bookingid": 2449
    },
    {
        "bookingid": 2801
    },
    {
        "bookingid": 3032
    },
    {
        "bookingid": 1524
    },
    {
        "bookingid": 493
    },
    {
        "bookingid": 2507
    },
    {
        "bookingid": 337
    },
    {
        "bookingid": 954
    },
    {
        "bookingid": 2012
    },
    {
        "bookingid": 3347
    },
    {
        "bookingid": 2352
    },
    {
        "bookingid": 626
    },
    {
        "bookingid": 2525
    },
    {
        "bookingid": 3688
    },
    {
        "bookingid": 850
    },
    {
        "bookingid": 2267
    },
    {
        "bookingid": 1898
    },
    {
        "bookingid": 1146
    },
    {
        "bookingid": 3673
    },
    {
        "bookingid": 2880
    },
    {
        "bookingid": 290
    },
    {
        "bookingid": 2550
    },
    {
        "bookingid": 2905
    },
    {
        "bookingid": 3699
    },
    {
        "bookingid": 2510
    },
    {
        "bookingid": 3757
    },
    {
        "bookingid": 260
    },
    {
        "bookingid": 1696
    },
    {
        "bookingid": 2643
    },
    {
        "bookingid": 757
    },
    {
        "bookingid": 3874
    },
    {
        "bookingid": 3833
    },
    {
        "bookingid": 2233
    },
    {
        "bookingid": 3904
    },
    {
        "bookingid": 1264
    },
    {
        "bookingid": 825
    },
    {
        "bookingid": 3251
    },
    {
        "bookingid": 3109
    },
    {
        "bookingid": 1237
    },
    {
        "bookingid": 3596
    },
    {
        "bookingid": 1884
    },
    {
        "bookingid": 2843
    },
    {
        "bookingid": 1931
    },
    {
        "bookingid": 2237
    },
    {
        "bookingid": 3235
    },
    {
        "bookingid": 2013
    },
    {
        "bookingid": 1260
    },
    {
        "bookingid": 795
    },
    {
        "bookingid": 2278
    },
    {
        "bookingid": 1747
    },
    {
        "bookingid": 3309
    },
    {
        "bookingid": 3465
    },
    {
        "bookingid": 865
    },
    {
        "bookingid": 3160
    },
    {
        "bookingid": 848
    },
    {
        "bookingid": 444
    },
    {
        "bookingid": 3979
    },
    {
        "bookingid": 2980
    },
    {
        "bookingid": 3650
    },
    {
        "bookingid": 1347
    },
    {
        "bookingid": 3791
    },
    {
        "bookingid": 2655
    },
    {
        "bookingid": 3718
    },
    {
        "bookingid": 3937
    },
    {
        "bookingid": 2446
    },
    {
        "bookingid": 3885
    },
    {
        "bookingid": 3946
    },
    {
        "bookingid": 727
    },
    {
        "bookingid": 3059
    },
    {
        "bookingid": 2552
    },
    {
        "bookingid": 780
    },
    {
        "bookingid": 1513
    },
    {
        "bookingid": 576
    },
    {
        "bookingid": 1767
    },
    {
        "bookingid": 1540
    },
    {
        "bookingid": 2046
    },
    {
        "bookingid": 3638
    },
    {
        "bookingid": 3303
    },
    {
        "bookingid": 3098
    },
    {
        "bookingid": 707
    },
    {
        "bookingid": 732
    },
    {
        "bookingid": 3412
    },
    {
        "bookingid": 36
    },
    {
        "bookingid": 3903
    },
    {
        "bookingid": 540
    },
    {
        "bookingid": 1637
    },
    {
        "bookingid": 3776
    },
    {
        "bookingid": 3950
    },
    {
        "bookingid": 1518
    },
    {
        "bookingid": 2168
    },
    {
        "bookingid": 2106
    },
    {
        "bookingid": 1606
    },
    {
        "bookingid": 2002
    },
    {
        "bookingid": 719
    },
    {
        "bookingid": 211
    },
    {
        "bookingid": 638
    },
    {
        "bookingid": 2291
    },
    {
        "bookingid": 95
    },
    {
        "bookingid": 2564
    },
    {
        "bookingid": 3751
    },
    {
        "bookingid": 2374
    },
    {
        "bookingid": 3606
    },
    {
        "bookingid": 1057
    },
    {
        "bookingid": 991
    },
    {
        "bookingid": 3314
    },
    {
        "bookingid": 1252
    },
    {
        "bookingid": 2289
    },
    {
        "bookingid": 2587
    },
    {
        "bookingid": 659
    },
    {
        "bookingid": 2928
    },
    {
        "bookingid": 569
    },
    {
        "bookingid": 148
    },
    {
        "bookingid": 1938
    },
    {
        "bookingid": 1101
    },
    {
        "bookingid": 3432
    },
    {
        "bookingid": 1568
    },
    {
        "bookingid": 2470
    },
    {
        "bookingid": 3477
    },
    {
        "bookingid": 3649
    },
    {
        "bookingid": 2968
    },
    {
        "bookingid": 2578
    },
    {
        "bookingid": 222
    },
    {
        "bookingid": 3667
    },
    {
        "bookingid": 492
    },
    {
        "bookingid": 3786
    },
    {
        "bookingid": 2711
    },
    {
        "bookingid": 2026
    },
    {
        "bookingid": 2758
    },
    {
        "bookingid": 637
    },
    {
        "bookingid": 675
    },
    {
        "bookingid": 1147
    },
    {
        "bookingid": 2983
    },
    {
        "bookingid": 468
    },
    {
        "bookingid": 3163
    },
    {
        "bookingid": 2998
    },
    {
        "bookingid": 2255
    },
    {
        "bookingid": 475
    },
    {
        "bookingid": 205
    },
    {
        "bookingid": 1363
    },
    {
        "bookingid": 3740
    },
    {
        "bookingid": 3394
    },
    {
        "bookingid": 2357
    },
    {
        "bookingid": 1080
    },
    {
        "bookingid": 3581
    },
    {
        "bookingid": 1956
    },
    {
        "bookingid": 374
    },
    {
        "bookingid": 1620
    },
    {
        "bookingid": 3939
    },
    {
        "bookingid": 2605
    },
    {
        "bookingid": 92
    },
    {
        "bookingid": 1503
    },
    {
        "bookingid": 2258
    },
    {
        "bookingid": 3716
    },
    {
        "bookingid": 2202
    },
    {
        "bookingid": 2210
    },
    {
        "bookingid": 322
    },
    {
        "bookingid": 1303
    },
    {
        "bookingid": 3033
    },
    {
        "bookingid": 3192
    },
    {
        "bookingid": 490
    },
    {
        "bookingid": 2876
    },
    {
        "bookingid": 1459
    },
    {
        "bookingid": 577
    },
    {
        "bookingid": 52
    },
    {
        "bookingid": 1502
    },
    {
        "bookingid": 3204
    },
    {
        "bookingid": 3709
    },
    {
        "bookingid": 1991
    },
    {
        "bookingid": 3445
    },
    {
        "bookingid": 2599
    },
    {
        "bookingid": 1744
    },
    {
        "bookingid": 1377
    },
    {
        "bookingid": 2340
    },
    {
        "bookingid": 3209
    },
    {
        "bookingid": 3562
    },
    {
        "bookingid": 194
    },
    {
        "bookingid": 2717
    },
    {
        "bookingid": 1183
    },
    {
        "bookingid": 3853
    },
    {
        "bookingid": 3305
    },
    {
        "bookingid": 277
    },
    {
        "bookingid": 3329
    },
    {
        "bookingid": 2404
    },
    {
        "bookingid": 2107
    },
    {
        "bookingid": 3836
    },
    {
        "bookingid": 1511
    },
    {
        "bookingid": 348
    },
    {
        "bookingid": 2236
    },
    {
        "bookingid": 3363
    },
    {
        "bookingid": 1296
    },
    {
        "bookingid": 2469
    },
    {
        "bookingid": 3917
    },
    {
        "bookingid": 1735
    },
    {
        "bookingid": 2010
    },
    {
        "bookingid": 3268
    },
    {
        "bookingid": 515
    },
    {
        "bookingid": 3027
    },
    {
        "bookingid": 2136
    },
    {
        "bookingid": 3348
    },
    {
        "bookingid": 482
    },
    {
        "bookingid": 3719
    },
    {
        "bookingid": 2642
    },
    {
        "bookingid": 3990
    },
    {
        "bookingid": 188
    },
    {
        "bookingid": 3735
    },
    {
        "bookingid": 286
    },
    {
        "bookingid": 2841
    },
    {
        "bookingid": 668
    },
    {
        "bookingid": 1372
    },
    {
        "bookingid": 3391
    },
    {
        "bookingid": 484
    },
    {
        "bookingid": 527
    },
    {
        "bookingid": 3821
    },
    {
        "bookingid": 3382
    },
    {
        "bookingid": 2836
    },
    {
        "bookingid": 351
    },
    {
        "bookingid": 1293
    },
    {
        "bookingid": 873
    },
    {
        "bookingid": 85
    },
    {
        "bookingid": 3292
    },
    {
        "bookingid": 3759
    },
    {
        "bookingid": 2891
    },
    {
        "bookingid": 3856
    },
    {
        "bookingid": 883
    },
    {
        "bookingid": 3541
    },
    {
        "bookingid": 1214
    },
    {
        "bookingid": 3571
    },
    {
        "bookingid": 1385
    },
    {
        "bookingid": 2839
    },
    {
        "bookingid": 2021
    },
    {
        "bookingid": 2331
    },
    {
        "bookingid": 365
    },
    {
        "bookingid": 195
    },
    {
        "bookingid": 3374
    },
    {
        "bookingid": 3466
    },
    {
        "bookingid": 83
    },
    {
        "bookingid": 2773
    },
    {
        "bookingid": 1449
    },
    {
        "bookingid": 3143
    },
    {
        "bookingid": 1083
    },
    {
        "bookingid": 3271
    },
    {
        "bookingid": 740
    },
    {
        "bookingid": 2437
    },
    {
        "bookingid": 1486
    },
    {
        "bookingid": 3420
    },
    {
        "bookingid": 418
    },
    {
        "bookingid": 3523
    },
    {
        "bookingid": 2781
    },
    {
        "bookingid": 5
    },
    {
        "bookingid": 1454
    },
    {
        "bookingid": 1932
    },
    {
        "bookingid": 3315
    },
    {
        "bookingid": 80
    },
    {
        "bookingid": 2752
    },
    {
        "bookingid": 1748
    },
    {
        "bookingid": 1817
    },
    {
        "bookingid": 2667
    },
    {
        "bookingid": 4000
    },
    {
        "bookingid": 2805
    },
    {
        "bookingid": 756
    },
    {
        "bookingid": 2485
    },
    {
        "bookingid": 2868
    },
    {
        "bookingid": 3697
    },
    {
        "bookingid": 3123
    },
    {
        "bookingid": 1586
    },
    {
        "bookingid": 270
    },
    {
        "bookingid": 3680
    },
    {
        "bookingid": 2509
    },
    {
        "bookingid": 2715
    },
    {
        "bookingid": 2170
    },
    {
        "bookingid": 3124
    },
    {
        "bookingid": 2558
    },
    {
        "bookingid": 2822
    },
    {
        "bookingid": 3012
    },
    {
        "bookingid": 968
    },
    {
        "bookingid": 3570
    },
    {
        "bookingid": 1169
    },
    {
        "bookingid": 1407
    },
    {
        "bookingid": 3485
    },
    {
        "bookingid": 752
    },
    {
        "bookingid": 652
    },
    {
        "bookingid": 2972
    },
    {
        "bookingid": 3646
    },
    {
        "bookingid": 1928
    },
    {
        "bookingid": 2855
    },
    {
        "bookingid": 2204
    },
    {
        "bookingid": 3138
    },
    {
        "bookingid": 2341
    },
    {
        "bookingid": 3423
    },
    {
        "bookingid": 2612
    },
    {
        "bookingid": 1864
    },
    {
        "bookingid": 804
    },
    {
        "bookingid": 377
    },
    {
        "bookingid": 994
    },
    {
        "bookingid": 3435
    },
    {
        "bookingid": 59
    },
    {
        "bookingid": 293
    },
    {
        "bookingid": 1482
    },
    {
        "bookingid": 1700
    },
    {
        "bookingid": 617
    },
    {
        "bookingid": 666
    },
    {
        "bookingid": 728
    },
    {
        "bookingid": 2487
    },
    {
        "bookingid": 2764
    },
    {
        "bookingid": 319
    },
    {
        "bookingid": 1627
    },
    {
        "bookingid": 1673
    },
    {
        "bookingid": 1351
    },
    {
        "bookingid": 1369
    },
    {
        "bookingid": 840
    },
    {
        "bookingid": 40
    },
    {
        "bookingid": 746
    },
    {
        "bookingid": 3377
    },
    {
        "bookingid": 2943
    },
    {
        "bookingid": 3065
    },
    {
        "bookingid": 2279
    },
    {
        "bookingid": 134
    },
    {
        "bookingid": 19
    },
    {
        "bookingid": 3612
    },
    {
        "bookingid": 1152
    },
    {
        "bookingid": 3659
    },
    {
        "bookingid": 830
    },
    {
        "bookingid": 2264
    },
    {
        "bookingid": 2251
    },
    {
        "bookingid": 3331
    },
    {
        "bookingid": 3727
    },
    {
        "bookingid": 1682
    },
    {
        "bookingid": 158
    },
    {
        "bookingid": 767
    },
    {
        "bookingid": 1630
    },
    {
        "bookingid": 3281
    },
    {
        "bookingid": 2393
    },
    {
        "bookingid": 3266
    },
    {
        "bookingid": 3193
    },
    {
        "bookingid": 2751
    },
    {
        "bookingid": 1906
    },
    {
        "bookingid": 1796
    },
    {
        "bookingid": 3225
    },
    {
        "bookingid": 4013
    },
    {
        "bookingid": 288
    },
    {
        "bookingid": 3078
    },
    {
        "bookingid": 1982
    },
    {
        "bookingid": 29
    },
    {
        "bookingid": 874
    },
    {
        "bookingid": 3181
    },
    {
        "bookingid": 3823
    },
    {
        "bookingid": 933
    },
    {
        "bookingid": 3637
    },
    {
        "bookingid": 2625
    },
    {
        "bookingid": 378
    },
    {
        "bookingid": 2932
    },
    {
        "bookingid": 2092
    },
    {
        "bookingid": 1124
    },
    {
        "bookingid": 3993
    },
    {
        "bookingid": 1107
    },
    {
        "bookingid": 1352
    },
    {
        "bookingid": 3852
    },
    {
        "bookingid": 2710
    },
    {
        "bookingid": 1165
    },
    {
        "bookingid": 3529
    },
    {
        "bookingid": 3715
    },
    {
        "bookingid": 2169
    },
    {
        "bookingid": 2772
    },
    {
        "bookingid": 27
    },
    {
        "bookingid": 2514
    },
    {
        "bookingid": 3047
    },
    {
        "bookingid": 1528
    },
    {
        "bookingid": 2555
    },
    {
        "bookingid": 3755
    },
    {
        "bookingid": 642
    },
    {
        "bookingid": 464
    },
    {
        "bookingid": 20
    },
    {
        "bookingid": 327
    },
    {
        "bookingid": 189
    },
    {
        "bookingid": 1148
    },
    {
        "bookingid": 2993
    },
    {
        "bookingid": 3440
    },
    {
        "bookingid": 2451
    },
    {
        "bookingid": 3898
    },
    {
        "bookingid": 14
    },
    {
        "bookingid": 2883
    },
    {
        "bookingid": 901
    },
    {
        "bookingid": 1019
    },
    {
        "bookingid": 2098
    },
    {
        "bookingid": 3723
    },
    {
        "bookingid": 428
    },
    {
        "bookingid": 905
    },
    {
        "bookingid": 921
    },
    {
        "bookingid": 1960
    },
    {
        "bookingid": 4011
    },
    {
        "bookingid": 2240
    },
    {
        "bookingid": 3148
    },
    {
        "bookingid": 2600
    },
    {
        "bookingid": 1336
    },
    {
        "bookingid": 1855
    },
    {
        "bookingid": 2389
    },
    {
        "bookingid": 1192
    },
    {
        "bookingid": 24
    },
    {
        "bookingid": 682
    },
    {
        "bookingid": 1998
    },
    {
        "bookingid": 77
    },
    {
        "bookingid": 3508
    },
    {
        "bookingid": 553
    },
    {
        "bookingid": 3583
    },
    {
        "bookingid": 91
    },
    {
        "bookingid": 1812
    },
    {
        "bookingid": 2067
    },
    {
        "bookingid": 1310
    },
    {
        "bookingid": 2329
    },
    {
        "bookingid": 1809
    },
    {
        "bookingid": 1824
    },
    {
        "bookingid": 2835
    },
    {
        "bookingid": 3295
    },
    {
        "bookingid": 2680
    },
    {
        "bookingid": 3544
    },
    {
        "bookingid": 1131
    },
    {
        "bookingid": 356
    },
    {
        "bookingid": 487
    },
    {
        "bookingid": 2720
    },
    {
        "bookingid": 2304
    },
    {
        "bookingid": 754
    },
    {
        "bookingid": 3670
    },
    {
        "bookingid": 3355
    },
    {
        "bookingid": 2219
    },
    {
        "bookingid": 160
    },
    {
        "bookingid": 2275
    },
    {
        "bookingid": 344
    },
    {
        "bookingid": 3816
    },
    {
        "bookingid": 2945
    },
    {
        "bookingid": 1603
    },
    {
        "bookingid": 3681
    },
    {
        "bookingid": 2477
    },
    {
        "bookingid": 1268
    },
    {
        "bookingid": 3675
    },
    {
        "bookingid": 224
    },
    {
        "bookingid": 147
    },
    {
        "bookingid": 3664
    },
    {
        "bookingid": 3861
    },
    {
        "bookingid": 2896
    },
    {
        "bookingid": 1924
    },
    {
        "bookingid": 3995
    },
    {
        "bookingid": 630
    },
    {
        "bookingid": 3975
    },
    {
        "bookingid": 720
    },
    {
        "bookingid": 2973
    },
    {
        "bookingid": 1899
    },
    {
        "bookingid": 3829
    },
    {
        "bookingid": 3200
    },
    {
        "bookingid": 3502
    },
    {
        "bookingid": 329
    },
    {
        "bookingid": 4
    },
    {
        "bookingid": 1443
    },
    {
        "bookingid": 2123
    },
    {
        "bookingid": 1010
    },
    {
        "bookingid": 1289
    },
    {
        "bookingid": 296
    },
    {
        "bookingid": 2100
    },
    {
        "bookingid": 2206
    },
    {
        "bookingid": 4005
    },
    {
        "bookingid": 1059
    },
    {
        "bookingid": 1209
    },
    {
        "bookingid": 2080
    },
    {
        "bookingid": 885
    },
    {
        "bookingid": 937
    },
    {
        "bookingid": 2698
    },
    {
        "bookingid": 1498
    },
    {
        "bookingid": 3144
    },
    {
        "bookingid": 868
    },
    {
        "bookingid": 149
    },
    {
        "bookingid": 1580
    },
    {
        "bookingid": 3009
    },
    {
        "bookingid": 914
    },
    {
        "bookingid": 370
    },
    {
        "bookingid": 814
    },
    {
        "bookingid": 2217
    },
    {
        "bookingid": 1354
    },
    {
        "bookingid": 2388
    },
    {
        "bookingid": 909
    },
    {
        "bookingid": 2574
    },
    {
        "bookingid": 2553
    },
    {
        "bookingid": 321
    },
    {
        "bookingid": 2854
    },
    {
        "bookingid": 1097
    },
    {
        "bookingid": 3126
    },
    {
        "bookingid": 435
    },
    {
        "bookingid": 180
    },
    {
        "bookingid": 2991
    },
    {
        "bookingid": 2832
    },
    {
        "bookingid": 2629
    },
    {
        "bookingid": 3211
    },
    {
        "bookingid": 2425
    },
    {
        "bookingid": 1082
    },
    {
        "bookingid": 1704
    },
    {
        "bookingid": 3064
    },
    {
        "bookingid": 3785
    },
    {
        "bookingid": 3729
    },
    {
        "bookingid": 3986
    },
    {
        "bookingid": 763
    },
    {
        "bookingid": 1643
    },
    {
        "bookingid": 1718
    },
    {
        "bookingid": 1064
    },
    {
        "bookingid": 1672
    },
    {
        "bookingid": 3213
    },
    {
        "bookingid": 1877
    },
    {
        "bookingid": 3328
    },
    {
        "bookingid": 2153
    },
    {
        "bookingid": 1349
    },
    {
        "bookingid": 1526
    },
    {
        "bookingid": 232
    },
    {
        "bookingid": 3988
    },
    {
        "bookingid": 1728
    },
    {
        "bookingid": 3162
    },
    {
        "bookingid": 1
    },
    {
        "bookingid": 2216
    },
    {
        "bookingid": 2149
    },
    {
        "bookingid": 3655
    },
    {
        "bookingid": 3150
    },
    {
        "bookingid": 2282
    },
    {
        "bookingid": 2209
    },
    {
        "bookingid": 3024
    },
    {
        "bookingid": 2269
    },
    {
        "bookingid": 1314
    },
    {
        "bookingid": 3691
    },
    {
        "bookingid": 3346
    },
    {
        "bookingid": 1118
    },
    {
        "bookingid": 1775
    },
    {
        "bookingid": 920
    },
    {
        "bookingid": 1859
    },
    {
        "bookingid": 3233
    },
    {
        "bookingid": 1163
    },
    {
        "bookingid": 3891
    },
    {
        "bookingid": 2152
    },
    {
        "bookingid": 876
    },
    {
        "bookingid": 1793
    },
    {
        "bookingid": 434
    },
    {
        "bookingid": 68
    },
    {
        "bookingid": 3819
    },
    {
        "bookingid": 1738
    },
    {
        "bookingid": 2512
    },
    {
        "bookingid": 1658
    },
    {
        "bookingid": 870
    },
    {
        "bookingid": 1160
    },
    {
        "bookingid": 2322
    },
    {
        "bookingid": 401
    },
    {
        "bookingid": 3871
    },
    {
        "bookingid": 681
    },
    {
        "bookingid": 2755
    },
    {
        "bookingid": 30
    },
    {
        "bookingid": 2355
    },
    {
        "bookingid": 2189
    },
    {
        "bookingid": 1790
    },
    {
        "bookingid": 2156
    },
    {
        "bookingid": 552
    },
    {
        "bookingid": 534
    },
    {
        "bookingid": 1041
    },
    {
        "bookingid": 437
    },
    {
        "bookingid": 1842
    },
    {
        "bookingid": 1995
    },
    {
        "bookingid": 2881
    },
    {
        "bookingid": 3236
    },
    {
        "bookingid": 372
    },
    {
        "bookingid": 1207
    },
    {
        "bookingid": 117
    },
    {
        "bookingid": 2814
    },
    {
        "bookingid": 639
    },
    {
        "bookingid": 1653
    },
    {
        "bookingid": 2787
    },
    {
        "bookingid": 786
    },
    {
        "bookingid": 1149
    },
    {
        "bookingid": 2930
    },
    {
        "bookingid": 2432
    },
    {
        "bookingid": 3824
    },
    {
        "bookingid": 999
    },
    {
        "bookingid": 176
    },
    {
        "bookingid": 1778
    },
    {
        "bookingid": 655
    },
    {
        "bookingid": 3248
    },
    {
        "bookingid": 2628
    },
    {
        "bookingid": 1276
    },
    {
        "bookingid": 3530
    },
    {
        "bookingid": 1213
    },
    {
        "bookingid": 1740
    },
    {
        "bookingid": 278
    },
    {
        "bookingid": 275
    },
    {
        "bookingid": 2638
    },
    {
        "bookingid": 3887
    },
    {
        "bookingid": 1522
    },
    {
        "bookingid": 362
    },
    {
        "bookingid": 3051
    },
    {
        "bookingid": 3519
    },
    {
        "bookingid": 1021
    },
    {
        "bookingid": 3286
    },
    {
        "bookingid": 2159
    },
    {
        "bookingid": 89
    },
    {
        "bookingid": 1670
    },
    {
        "bookingid": 531
    },
    {
        "bookingid": 1570
    },
    {
        "bookingid": 3601
    },
    {
        "bookingid": 2641
    },
    {
        "bookingid": 3610
    },
    {
        "bookingid": 2589
    },
    {
        "bookingid": 2174
    },
    {
        "bookingid": 3964
    },
    {
        "bookingid": 3501
    },
    {
        "bookingid": 979
    },
    {
        "bookingid": 3042
    },
    {
        "bookingid": 411
    },
    {
        "bookingid": 1663
    },
    {
        "bookingid": 1890
    },
    {
        "bookingid": 3094
    },
    {
        "bookingid": 1271
    },
    {
        "bookingid": 2838
    },
    {
        "bookingid": 252
    },
    {
        "bookingid": 3923
    },
    {
        "bookingid": 895
    },
    {
        "bookingid": 2148
    },
    {
        "bookingid": 1594
    },
    {
        "bookingid": 2785
    },
    {
        "bookingid": 2727
    },
    {
        "bookingid": 1722
    },
    {
        "bookingid": 2281
    },
    {
        "bookingid": 2442
    },
    {
        "bookingid": 1437
    },
    {
        "bookingid": 1344
    },
    {
        "bookingid": 962
    },
    {
        "bookingid": 328
    },
    {
        "bookingid": 1591
    },
    {
        "bookingid": 481
    },
    {
        "bookingid": 1141
    },
    {
        "bookingid": 1715
    },
    {
        "bookingid": 1444
    },
    {
        "bookingid": 3166
    },
    {
        "bookingid": 688
    },
    {
        "bookingid": 3537
    },
    {
        "bookingid": 2399
    },
    {
        "bookingid": 2154
    },
    {
        "bookingid": 3220
    },
    {
        "bookingid": 2976
    },
    {
        "bookingid": 2728
    },
    {
        "bookingid": 1312
    },
    {
        "bookingid": 1754
    },
    {
        "bookingid": 1519
    },
    {
        "bookingid": 738
    },
    {
        "bookingid": 1749
    },
    {
        "bookingid": 3720
    },
    {
        "bookingid": 2356
    },
    {
        "bookingid": 432
    },
    {
        "bookingid": 785
    },
    {
        "bookingid": 214
    },
    {
        "bookingid": 3788
    },
    {
        "bookingid": 1492
    },
    {
        "bookingid": 1666
    },
    {
        "bookingid": 2363
    },
    {
        "bookingid": 2064
    },
    {
        "bookingid": 692
    },
    {
        "bookingid": 1180
    },
    {
        "bookingid": 2294
    },
    {
        "bookingid": 291
    },
    {
        "bookingid": 3031
    },
    {
        "bookingid": 1710
    },
    {
        "bookingid": 338
    },
    {
        "bookingid": 1875
    },
    {
        "bookingid": 1874
    },
    {
        "bookingid": 2647
    },
    {
        "bookingid": 781
    },
    {
        "bookingid": 3079
    },
    {
        "bookingid": 2527
    },
    {
        "bookingid": 2812
    },
    {
        "bookingid": 443
    },
    {
        "bookingid": 3997
    },
    {
        "bookingid": 3480
    },
    {
        "bookingid": 2648
    },
    {
        "bookingid": 94
    },
    {
        "bookingid": 3555
    },
    {
        "bookingid": 978
    },
    {
        "bookingid": 3624
    },
    {
        "bookingid": 384
    },
    {
        "bookingid": 805
    },
    {
        "bookingid": 1393
    },
    {
        "bookingid": 1488
    },
    {
        "bookingid": 1693
    },
    {
        "bookingid": 2806
    },
    {
        "bookingid": 457
    },
    {
        "bookingid": 3385
    },
    {
        "bookingid": 3613
    },
    {
        "bookingid": 541
    },
    {
        "bookingid": 2844
    },
    {
        "bookingid": 2263
    },
    {
        "bookingid": 555
    },
    {
        "bookingid": 3684
    },
    {
        "bookingid": 631
    },
    {
        "bookingid": 1872
    },
    {
        "bookingid": 2057
    },
    {
        "bookingid": 2309
    },
    {
        "bookingid": 6
    },
    {
        "bookingid": 1901
    },
    {
        "bookingid": 2193
    },
    {
        "bookingid": 3781
    },
    {
        "bookingid": 2458
    },
    {
        "bookingid": 803
    },
    {
        "bookingid": 699
    },
    {
        "bookingid": 942
    },
    {
        "bookingid": 3737
    },
    {
        "bookingid": 1987
    },
    {
        "bookingid": 2070
    },
    {
        "bookingid": 2786
    },
    {
        "bookingid": 3556
    },
    {
        "bookingid": 3115
    },
    {
        "bookingid": 1920
    },
    {
        "bookingid": 3167
    },
    {
        "bookingid": 1326
    },
    {
        "bookingid": 3818
    },
    {
        "bookingid": 3257
    },
    {
        "bookingid": 3332
    },
    {
        "bookingid": 3470
    },
    {
        "bookingid": 2409
    },
    {
        "bookingid": 2590
    },
    {
        "bookingid": 3971
    },
    {
        "bookingid": 1327
    },
    {
        "bookingid": 88
    },
    {
        "bookingid": 3636
    },
    {
        "bookingid": 496
    },
    {
        "bookingid": 3808
    },
    {
        "bookingid": 798
    },
    {
        "bookingid": 3873
    },
    {
        "bookingid": 3579
    },
    {
        "bookingid": 1657
    },
    {
        "bookingid": 3107
    },
    {
        "bookingid": 502
    },
    {
        "bookingid": 607
    },
    {
        "bookingid": 1667
    },
    {
        "bookingid": 458
    },
    {
        "bookingid": 1863
    },
    {
        "bookingid": 1090
    },
    {
        "bookingid": 1096
    },
    {
        "bookingid": 63
    },
    {
        "bookingid": 1757
    },
    {
        "bookingid": 1933
    },
    {
        "bookingid": 1972
    },
    {
        "bookingid": 3125
    },
    {
        "bookingid": 2387
    },
    {
        "bookingid": 3956
    },
    {
        "bookingid": 2007
    },
    {
        "bookingid": 3241
    },
    {
        "bookingid": 1709
    },
    {
        "bookingid": 3376
    },
    {
        "bookingid": 513
    },
    {
        "bookingid": 1804
    },
    {
        "bookingid": 2426
    },
    {
        "bookingid": 425
    },
    {
        "bookingid": 897
    },
    {
        "bookingid": 3880
    },
    {
        "bookingid": 3706
    },
    {
        "bookingid": 845
    },
    {
        "bookingid": 3550
    },
    {
        "bookingid": 3518
    },
    {
        "bookingid": 744
    },
    {
        "bookingid": 1690
    },
    {
        "bookingid": 2288
    },
    {
        "bookingid": 2933
    },
    {
        "bookingid": 3354
    },
    {
        "bookingid": 3867
    },
    {
        "bookingid": 841
    },
    {
        "bookingid": 3121
    },
    {
        "bookingid": 1923
    },
    {
        "bookingid": 3593
    },
    {
        "bookingid": 2737
    },
    {
        "bookingid": 1869
    },
    {
        "bookingid": 1836
    },
    {
        "bookingid": 787
    },
    {
        "bookingid": 2488
    },
    {
        "bookingid": 1508
    },
    {
        "bookingid": 1133
    },
    {
        "bookingid": 3879
    },
    {
        "bookingid": 3147
    },
    {
        "bookingid": 658
    },
    {
        "bookingid": 218
    },
    {
        "bookingid": 724
    },
    {
        "bookingid": 2791
    },
    {
        "bookingid": 2445
    },
    {
        "bookingid": 420
    },
    {
        "bookingid": 12
    },
    {
        "bookingid": 2040
    },
    {
        "bookingid": 2799
    },
    {
        "bookingid": 676
    },
    {
        "bookingid": 1397
    },
    {
        "bookingid": 3429
    },
    {
        "bookingid": 1224
    },
    {
        "bookingid": 3626
    },
    {
        "bookingid": 2670
    },
    {
        "bookingid": 2580
    },
    {
        "bookingid": 3034
    },
    {
        "bookingid": 2110
    },
    {
        "bookingid": 2981
    },
    {
        "bookingid": 1900
    },
    {
        "bookingid": 11
    },
    {
        "bookingid": 3278
    },
    {
        "bookingid": 1930
    },
    {
        "bookingid": 1405
    },
    {
        "bookingid": 229
    },
    {
        "bookingid": 1421
    },
    {
        "bookingid": 3464
    },
    {
        "bookingid": 1051
    },
    {
        "bookingid": 1396
    },
    {
        "bookingid": 1251
    },
    {
        "bookingid": 2829
    },
    {
        "bookingid": 2115
    },
    {
        "bookingid": 3724
    },
    {
        "bookingid": 33
    },
    {
        "bookingid": 318
    },
    {
        "bookingid": 301
    },
    {
        "bookingid": 753
    },
    {
        "bookingid": 3587
    },
    {
        "bookingid": 3002
    },
    {
        "bookingid": 2074
    },
    {
        "bookingid": 2238
    },
    {
        "bookingid": 2807
    },
    {
        "bookingid": 2730
    },
    {
        "bookingid": 298
    },
    {
        "bookingid": 3978
    },
    {
        "bookingid": 3739
    },
    {
        "bookingid": 3511
    },
    {
        "bookingid": 1963
    },
    {
        "bookingid": 2091
    },
    {
        "bookingid": 2890
    },
    {
        "bookingid": 2077
    },
    {
        "bookingid": 835
    },
    {
        "bookingid": 3931
    },
    {
        "bookingid": 2650
    },
    {
        "bookingid": 3481
    },
    {
        "bookingid": 2059
    },
    {
        "bookingid": 3790
    },
    {
        "bookingid": 1246
    },
    {
        "bookingid": 2315
    },
    {
        "bookingid": 3218
    },
    {
        "bookingid": 390
    },
    {
        "bookingid": 884
    },
    {
        "bookingid": 2948
    },
    {
        "bookingid": 3782
    },
    {
        "bookingid": 376
    },
    {
        "bookingid": 220
    },
    {
        "bookingid": 3654
    },
    {
        "bookingid": 1805
    },
    {
        "bookingid": 3676
    },
    {
        "bookingid": 3195
    },
    {
        "bookingid": 3287
    },
    {
        "bookingid": 1136
    },
    {
        "bookingid": 2113
    },
    {
        "bookingid": 3368
    },
    {
        "bookingid": 280
    },
    {
        "bookingid": 990
    },
    {
        "bookingid": 988
    },
    {
        "bookingid": 705
    },
    {
        "bookingid": 610
    },
    {
        "bookingid": 3493
    },
    {
        "bookingid": 448
    },
    {
        "bookingid": 3422
    },
    {
        "bookingid": 312
    },
    {
        "bookingid": 283
    },
    {
        "bookingid": 2178
    },
    {
        "bookingid": 3180
    },
    {
        "bookingid": 21
    },
    {
        "bookingid": 3536
    },
    {
        "bookingid": 3159
    },
    {
        "bookingid": 2927
    },
    {
        "bookingid": 806
    },
    {
        "bookingid": 759
    },
    {
        "bookingid": 152
    },
    {
        "bookingid": 2568
    },
    {
        "bookingid": 1917
    },
    {
        "bookingid": 1239
    },
    {
        "bookingid": 3799
    },
    {
        "bookingid": 2055
    },
    {
        "bookingid": 1835
    },
    {
        "bookingid": 2313
    },
    {
        "bookingid": 2556
    },
    {
        "bookingid": 650
    },
    {
        "bookingid": 2790
    },
    {
        "bookingid": 1850
    },
    {
        "bookingid": 2017
    },
    {
        "bookingid": 3848
    },
    {
        "bookingid": 2784
    },
    {
        "bookingid": 904
    },
    {
        "bookingid": 2382
    },
    {
        "bookingid": 1675
    },
    {
        "bookingid": 660
    },
    {
        "bookingid": 3653
    },
    {
        "bookingid": 3469
    },
    {
        "bookingid": 1904
    },
    {
        "bookingid": 3524
    },
    {
        "bookingid": 3652
    },
    {
        "bookingid": 2319
    },
    {
        "bookingid": 1766
    },
    {
        "bookingid": 2560
    },
    {
        "bookingid": 2912
    },
    {
        "bookingid": 256
    },
    {
        "bookingid": 554
    },
    {
        "bookingid": 3174
    },
    {
        "bookingid": 2423
    },
    {
        "bookingid": 1013
    },
    {
        "bookingid": 1319
    },
    {
        "bookingid": 2145
    },
    {
        "bookingid": 266
    },
    {
        "bookingid": 1554
    },
    {
        "bookingid": 1043
    },
    {
        "bookingid": 2118
    },
    {
        "bookingid": 1608
    },
    {
        "bookingid": 777
    },
    {
        "bookingid": 605
    },
    {
        "bookingid": 3080
    },
    {
        "bookingid": 3177
    },
    {
        "bookingid": 1423
    },
    {
        "bookingid": 178
    },
    {
        "bookingid": 2908
    },
    {
        "bookingid": 2970
    },
    {
        "bookingid": 3944
    },
    {
        "bookingid": 2298
    },
    {
        "bookingid": 108
    },
    {
        "bookingid": 3531
    },
    {
        "bookingid": 212
    },
    {
        "bookingid": 2050
    },
    {
        "bookingid": 3474
    },
    {
        "bookingid": 558
    },
    {
        "bookingid": 817
    },
    {
        "bookingid": 951
    },
    {
        "bookingid": 3866
    },
    {
        "bookingid": 3301
    },
    {
        "bookingid": 3666
    },
    {
        "bookingid": 1036
    },
    {
        "bookingid": 78
    },
    {
        "bookingid": 3604
    },
    {
        "bookingid": 3608
    },
    {
        "bookingid": 1579
    },
    {
        "bookingid": 2543
    },
    {
        "bookingid": 633
    },
    {
        "bookingid": 2332
    },
    {
        "bookingid": 53
    },
    {
        "bookingid": 2911
    },
    {
        "bookingid": 2505
    },
    {
        "bookingid": 1087
    },
    {
        "bookingid": 826
    },
    {
        "bookingid": 1400
    },
    {
        "bookingid": 447
    },
    {
        "bookingid": 1112
    },
    {
        "bookingid": 913
    },
    {
        "bookingid": 3379
    },
    {
        "bookingid": 1746
    },
    {
        "bookingid": 1374
    },
    {
        "bookingid": 1428
    },
    {
        "bookingid": 173
    },
    {
        "bookingid": 137
    },
    {
        "bookingid": 708
    },
    {
        "bookingid": 993
    },
    {
        "bookingid": 2023
    },
    {
        "bookingid": 2940
    },
    {
        "bookingid": 2744
    },
    {
        "bookingid": 2671
    },
    {
        "bookingid": 2025
    },
    {
        "bookingid": 2866
    },
    {
        "bookingid": 1799
    },
    {
        "bookingid": 463
    },
    {
        "bookingid": 382
    },
    {
        "bookingid": 355
    },
    {
        "bookingid": 245
    },
    {
        "bookingid": 1801
    },
    {
        "bookingid": 815
    },
    {
        "bookingid": 579
    },
    {
        "bookingid": 1243
    },
    {
        "bookingid": 1242
    },
    {
        "bookingid": 1053
    },
    {
        "bookingid": 2051
    },
    {
        "bookingid": 611
    },
    {
        "bookingid": 741
    },
    {
        "bookingid": 2704
    },
    {
        "bookingid": 2872
    },
    {
        "bookingid": 565
    },
    {
        "bookingid": 3515
    },
    {
        "bookingid": 2967
    },
    {
        "bookingid": 1151
    },
    {
        "bookingid": 1762
    },
    {
        "bookingid": 1854
    },
    {
        "bookingid": 1285
    },
    {
        "bookingid": 2029
    },
    {
        "bookingid": 854
    },
    {
        "bookingid": 1557
    },
    {
        "bookingid": 1120
    },
    {
        "bookingid": 2246
    },
    {
        "bookingid": 3455
    },
    {
        "bookingid": 551
    },
    {
        "bookingid": 3462
    },
    {
        "bookingid": 1784
    },
    {
        "bookingid": 1731
    },
    {
        "bookingid": 2610
    },
    {
        "bookingid": 3507
    },
    {
        "bookingid": 532
    },
    {
        "bookingid": 1786
    },
    {
        "bookingid": 3671
    },
    {
        "bookingid": 1390
    },
    {
        "bookingid": 3803
    },
    {
        "bookingid": 2345
    },
    {
        "bookingid": 2699
    },
    {
        "bookingid": 2576
    },
    {
        "bookingid": 1384
    },
    {
        "bookingid": 1552
    },
    {
        "bookingid": 2009
    },
    {
        "bookingid": 1717
    },
    {
        "bookingid": 3752
    },
    {
        "bookingid": 2658
    },
    {
        "bookingid": 1732
    },
    {
        "bookingid": 183
    },
    {
        "bookingid": 3648
    },
    {
        "bookingid": 3969
    },
    {
        "bookingid": 388
    },
    {
        "bookingid": 3589
    },
    {
        "bookingid": 1810
    },
    {
        "bookingid": 2453
    },
    {
        "bookingid": 1438
    },
    {
        "bookingid": 1360
    },
    {
        "bookingid": 1119
    },
    {
        "bookingid": 3262
    },
    {
        "bookingid": 259
    },
    {
        "bookingid": 1999
    },
    {
        "bookingid": 99
    },
    {
        "bookingid": 723
    },
    {
        "bookingid": 1723
    },
    {
        "bookingid": 1638
    },
    {
        "bookingid": 2523
    },
    {
        "bookingid": 393
    },
    {
        "bookingid": 2130
    },
    {
        "bookingid": 3326
    },
    {
        "bookingid": 3489
    },
    {
        "bookingid": 2265
    },
    {
        "bookingid": 2603
    },
    {
        "bookingid": 2965
    },
    {
        "bookingid": 336
    },
    {
        "bookingid": 3748
    },
    {
        "bookingid": 2405
    },
    {
        "bookingid": 1761
    },
    {
        "bookingid": 2479
    },
    {
        "bookingid": 1472
    },
    {
        "bookingid": 1432
    },
    {
        "bookingid": 182
    },
    {
        "bookingid": 1797
    },
    {
        "bookingid": 667
    },
    {
        "bookingid": 906
    },
    {
        "bookingid": 1561
    },
    {
        "bookingid": 2506
    },
    {
        "bookingid": 1615
    },
    {
        "bookingid": 1063
    },
    {
        "bookingid": 3793
    },
    {
        "bookingid": 608
    },
    {
        "bookingid": 2489
    },
    {
        "bookingid": 268
    },
    {
        "bookingid": 1978
    },
    {
        "bookingid": 2754
    },
    {
        "bookingid": 1598
    },
    {
        "bookingid": 3008
    },
    {
        "bookingid": 1941
    },
    {
        "bookingid": 1325
    },
    {
        "bookingid": 2201
    },
    {
        "bookingid": 790
    },
    {
        "bookingid": 3651
    },
    {
        "bookingid": 1317
    },
    {
        "bookingid": 292
    },
    {
        "bookingid": 2336
    },
    {
        "bookingid": 2094
    },
    {
        "bookingid": 3340
    },
    {
        "bookingid": 1176
    },
    {
        "bookingid": 1301
    },
    {
        "bookingid": 877
    },
    {
        "bookingid": 2681
    },
    {
        "bookingid": 926
    },
    {
        "bookingid": 269
    },
    {
        "bookingid": 235
    },
    {
        "bookingid": 3029
    },
    {
        "bookingid": 2371
    },
    {
        "bookingid": 124
    },
    {
        "bookingid": 166
    },
    {
        "bookingid": 3343
    },
    {
        "bookingid": 704
    },
    {
        "bookingid": 1565
    },
    {
        "bookingid": 353
    },
    {
        "bookingid": 2016
    },
    {
        "bookingid": 3495
    },
    {
        "bookingid": 2200
    },
    {
        "bookingid": 1713
    },
    {
        "bookingid": 3674
    },
    {
        "bookingid": 308
    },
    {
        "bookingid": 2383
    },
    {
        "bookingid": 3186
    },
    {
        "bookingid": 2394
    },
    {
        "bookingid": 1795
    },
    {
        "bookingid": 1404
    },
    {
        "bookingid": 969
    },
    {
        "bookingid": 2964
    },
    {
        "bookingid": 1460
    },
    {
        "bookingid": 1660
    },
    {
        "bookingid": 613
    },
    {
        "bookingid": 3265
    },
    {
        "bookingid": 2022
    },
    {
        "bookingid": 359
    },
    {
        "bookingid": 859
    },
    {
        "bookingid": 1527
    },
    {
        "bookingid": 796
    },
    {
        "bookingid": 2633
    },
    {
        "bookingid": 2920
    },
    {
        "bookingid": 1210
    },
    {
        "bookingid": 3930
    },
    {
        "bookingid": 571
    },
    {
        "bookingid": 111
    },
    {
        "bookingid": 2902
    },
    {
        "bookingid": 1406
    },
    {
        "bookingid": 1756
    },
    {
        "bookingid": 784
    },
    {
        "bookingid": 575
    },
    {
        "bookingid": 1386
    },
    {
        "bookingid": 585
    },
    {
        "bookingid": 3276
    },
    {
        "bookingid": 3763
    },
    {
        "bookingid": 3483
    },
    {
        "bookingid": 1614
    },
    {
        "bookingid": 3553
    },
    {
        "bookingid": 302
    },
    {
        "bookingid": 593
    },
    {
        "bookingid": 1697
    },
    {
        "bookingid": 1042
    },
    {
        "bookingid": 2526
    },
    {
        "bookingid": 2197
    },
    {
        "bookingid": 2299
    },
    {
        "bookingid": 1218
    },
    {
        "bookingid": 1200
    },
    {
        "bookingid": 3845
    },
    {
        "bookingid": 3118
    },
    {
        "bookingid": 1231
    },
    {
        "bookingid": 3549
    },
    {
        "bookingid": 2181
    },
    {
        "bookingid": 690
    },
    {
        "bookingid": 1098
    },
    {
        "bookingid": 446
    },
    {
        "bookingid": 476
    },
    {
        "bookingid": 3813
    },
    {
        "bookingid": 2584
    },
    {
        "bookingid": 1023
    },
    {
        "bookingid": 2471
    },
    {
        "bookingid": 1267
    },
    {
        "bookingid": 3145
    },
    {
        "bookingid": 3310
    },
    {
        "bookingid": 120
    },
    {
        "bookingid": 3350
    },
    {
        "bookingid": 3761
    },
    {
        "bookingid": 113
    },
    {
        "bookingid": 1168
    },
    {
        "bookingid": 1651
    },
    {
        "bookingid": 450
    },
    {
        "bookingid": 460
    },
    {
        "bookingid": 3924
    },
    {
        "bookingid": 142
    },
    {
        "bookingid": 3038
    },
    {
        "bookingid": 3014
    },
    {
        "bookingid": 391
    },
    {
        "bookingid": 1153
    },
    {
        "bookingid": 2132
    },
    {
        "bookingid": 2703
    },
    {
        "bookingid": 616
    },
    {
        "bookingid": 3359
    },
    {
        "bookingid": 3005
    },
    {
        "bookingid": 97
    },
    {
        "bookingid": 1343
    },
    {
        "bookingid": 2649
    },
    {
        "bookingid": 3597
    },
    {
        "bookingid": 3484
    },
    {
        "bookingid": 1335
    },
    {
        "bookingid": 1142
    },
    {
        "bookingid": 82
    },
    {
        "bookingid": 1750
    },
    {
        "bookingid": 442
    },
    {
        "bookingid": 3634
    },
    {
        "bookingid": 1001
    },
    {
        "bookingid": 2800
    },
    {
        "bookingid": 1469
    },
    {
        "bookingid": 1106
    },
    {
        "bookingid": 3146
    },
    {
        "bookingid": 3479
    },
    {
        "bookingid": 1911
    },
    {
        "bookingid": 600
    },
    {
        "bookingid": 2889
    },
    {
        "bookingid": 1882
    },
    {
        "bookingid": 519
    },
    {
        "bookingid": 1342
    },
    {
        "bookingid": 265
    },
    {
        "bookingid": 3512
    },
    {
        "bookingid": 2515
    },
    {
        "bookingid": 2422
    },
    {
        "bookingid": 768
    },
    {
        "bookingid": 1189
    },
    {
        "bookingid": 3896
    },
    {
        "bookingid": 3239
    },
    {
        "bookingid": 3883
    },
    {
        "bookingid": 1927
    },
    {
        "bookingid": 3117
    },
    {
        "bookingid": 3952
    },
    {
        "bookingid": 996
    },
    {
        "bookingid": 1955
    },
    {
        "bookingid": 947
    },
    {
        "bookingid": 2256
    },
    {
        "bookingid": 3797
    },
    {
        "bookingid": 2006
    },
    {
        "bookingid": 3013
    },
    {
        "bookingid": 981
    },
    {
        "bookingid": 3097
    },
    {
        "bookingid": 929
    },
    {
        "bookingid": 1248
    },
    {
        "bookingid": 1062
    },
    {
        "bookingid": 422
    },
    {
        "bookingid": 1383
    },
    {
        "bookingid": 3261
    },
    {
        "bookingid": 315
    },
    {
        "bookingid": 217
    },
    {
        "bookingid": 2182
    },
    {
        "bookingid": 1531
    },
    {
        "bookingid": 3577
    },
    {
        "bookingid": 1607
    },
    {
        "bookingid": 3018
    },
    {
        "bookingid": 788
    },
    {
        "bookingid": 3442
    },
    {
        "bookingid": 1478
    },
    {
        "bookingid": 1111
    },
    {
        "bookingid": 932
    },
    {
        "bookingid": 2623
    },
    {
        "bookingid": 2949
    },
    {
        "bookingid": 2270
    },
    {
        "bookingid": 3742
    },
    {
        "bookingid": 3054
    },
    {
        "bookingid": 3826
    },
    {
        "bookingid": 2989
    },
    {
        "bookingid": 2450
    },
    {
        "bookingid": 701
    },
    {
        "bookingid": 2411
    },
    {
        "bookingid": 2950
    },
    {
        "bookingid": 1009
    },
    {
        "bookingid": 1654
    },
    {
        "bookingid": 1493
    },
    {
        "bookingid": 144
    },
    {
        "bookingid": 2618
    },
    {
        "bookingid": 3929
    },
    {
        "bookingid": 439
    },
    {
        "bookingid": 2131
    },
    {
        "bookingid": 1089
    },
    {
        "bookingid": 518
    },
    {
        "bookingid": 737
    },
    {
        "bookingid": 1706
    },
    {
        "bookingid": 2223
    },
    {
        "bookingid": 3700
    },
    {
        "bookingid": 1789
    },
    {
        "bookingid": 3048
    },
    {
        "bookingid": 2588
    },
    {
        "bookingid": 3961
    },
    {
        "bookingid": 3259
    },
    {
        "bookingid": 3982
    },
    {
        "bookingid": 3938
    },
    {
        "bookingid": 503
    },
    {
        "bookingid": 426
    },
    {
        "bookingid": 2327
    },
    {
        "bookingid": 3633
    },
    {
        "bookingid": 1726
    },
    {
        "bookingid": 1105
    },
    {
        "bookingid": 2065
    },
    {
        "bookingid": 3365
    },
    {
        "bookingid": 358
    },
    {
        "bookingid": 2540
    },
    {
        "bookingid": 629
    },
    {
        "bookingid": 23
    },
    {
        "bookingid": 3692
    },
    {
        "bookingid": 1782
    },
    {
        "bookingid": 1826
    },
    {
        "bookingid": 2975
    },
    {
        "bookingid": 3415
    },
    {
        "bookingid": 2019
    },
    {
        "bookingid": 1516
    },
    {
        "bookingid": 1781
    },
    {
        "bookingid": 2212
    },
    {
        "bookingid": 810
    },
    {
        "bookingid": 1297
    },
    {
        "bookingid": 1262
    },
    {
        "bookingid": 3153
    },
    {
        "bookingid": 1068
    },
    {
        "bookingid": 2071
    },
    {
        "bookingid": 3948
    },
    {
        "bookingid": 3645
    },
    {
        "bookingid": 330
    },
    {
        "bookingid": 1050
    },
    {
        "bookingid": 3865
    },
    {
        "bookingid": 1300
    },
    {
        "bookingid": 2001
    },
    {
        "bookingid": 898
    },
    {
        "bookingid": 974
    },
    {
        "bookingid": 1471
    },
    {
        "bookingid": 1736
    },
    {
        "bookingid": 1395
    },
    {
        "bookingid": 1879
    },
    {
        "bookingid": 2592
    },
    {
        "bookingid": 556
    },
    {
        "bookingid": 405
    },
    {
        "bookingid": 524
    },
    {
        "bookingid": 1187
    },
    {
        "bookingid": 2521
    },
    {
        "bookingid": 3580
    },
    {
        "bookingid": 987
    },
    {
        "bookingid": 963
    },
    {
        "bookingid": 151
    },
    {
        "bookingid": 238
    },
    {
        "bookingid": 3389
    },
    {
        "bookingid": 698
    },
    {
        "bookingid": 3173
    },
    {
        "bookingid": 1692
    },
    {
        "bookingid": 1589
    },
    {
        "bookingid": 1401
    },
    {
        "bookingid": 3526
    },
    {
        "bookingid": 1206
    },
    {
        "bookingid": 2493
    },
    {
        "bookingid": 397
    },
    {
        "bookingid": 2121
    },
    {
        "bookingid": 3698
    },
    {
        "bookingid": 1135
    },
    {
        "bookingid": 3566
    },
    {
        "bookingid": 2105
    },
    {
        "bookingid": 3486
    },
    {
        "bookingid": 1283
    },
    {
        "bookingid": 2901
    },
    {
        "bookingid": 3102
    },
    {
        "bookingid": 3197
    },
    {
        "bookingid": 1195
    },
    {
        "bookingid": 3591
    },
    {
        "bookingid": 950
    },
    {
        "bookingid": 3129
    },
    {
        "bookingid": 417
    },
    {
        "bookingid": 3157
    },
    {
        "bookingid": 2934
    },
    {
        "bookingid": 45
    },
    {
        "bookingid": 2759
    },
    {
        "bookingid": 2639
    },
    {
        "bookingid": 2397
    },
    {
        "bookingid": 832
    },
    {
        "bookingid": 3007
    },
    {
        "bookingid": 750
    },
    {
        "bookingid": 3179
    },
    {
        "bookingid": 2725
    },
    {
        "bookingid": 1959
    },
    {
        "bookingid": 2768
    },
    {
        "bookingid": 505
    },
    {
        "bookingid": 240
    },
    {
        "bookingid": 3552
    },
    {
        "bookingid": 3535
    },
    {
        "bookingid": 1341
    },
    {
        "bookingid": 1233
    },
    {
        "bookingid": 1333
    },
    {
        "bookingid": 2462
    },
    {
        "bookingid": 2418
    },
    {
        "bookingid": 1962
    },
    {
        "bookingid": 2656
    },
    {
        "bookingid": 1380
    },
    {
        "bookingid": 1371
    },
    {
        "bookingid": 498
    },
    {
        "bookingid": 3381
    },
    {
        "bookingid": 3427
    },
    {
        "bookingid": 2465
    },
    {
        "bookingid": 3906
    },
    {
        "bookingid": 1916
    },
    {
        "bookingid": 1979
    },
    {
        "bookingid": 164
    },
    {
        "bookingid": 2499
    },
    {
        "bookingid": 3878
    },
    {
        "bookingid": 948
    },
    {
        "bookingid": 1567
    },
    {
        "bookingid": 64
    },
    {
        "bookingid": 869
    },
    {
        "bookingid": 3282
    },
    {
        "bookingid": 2619
    },
    {
        "bookingid": 127
    },
    {
        "bookingid": 3839
    },
    {
        "bookingid": 3932
    },
    {
        "bookingid": 2339
    },
    {
        "bookingid": 1030
    },
    {
        "bookingid": 695
    },
    {
        "bookingid": 2709
    },
    {
        "bookingid": 3910
    },
    {
        "bookingid": 17
    },
    {
        "bookingid": 1914
    },
    {
        "bookingid": 2962
    },
    {
        "bookingid": 1582
    },
    {
        "bookingid": 3619
    },
    {
        "bookingid": 3886
    },
    {
        "bookingid": 1117
    },
    {
        "bookingid": 3055
    },
    {
        "bookingid": 1166
    },
    {
        "bookingid": 1847
    },
    {
        "bookingid": 1975
    },
    {
        "bookingid": 2749
    },
    {
        "bookingid": 894
    },
    {
        "bookingid": 2099
    },
    {
        "bookingid": 2073
    },
    {
        "bookingid": 1040
    },
    {
        "bookingid": 1216
    },
    {
        "bookingid": 2261
    },
    {
        "bookingid": 2763
    },
    {
        "bookingid": 2324
    },
    {
        "bookingid": 1830
    },
    {
        "bookingid": 1605
    },
    {
        "bookingid": 1468
    },
    {
        "bookingid": 3657
    },
    {
        "bookingid": 1841
    },
    {
        "bookingid": 2467
    },
    {
        "bookingid": 1973
    },
    {
        "bookingid": 765
    },
    {
        "bookingid": 997
    },
    {
        "bookingid": 847
    },
    {
        "bookingid": 1003
    },
    {
        "bookingid": 2346
    },
    {
        "bookingid": 875
    },
    {
        "bookingid": 771
    },
    {
        "bookingid": 547
    },
    {
        "bookingid": 1203
    },
    {
        "bookingid": 2140
    },
    {
        "bookingid": 2443
    },
    {
        "bookingid": 1535
    },
    {
        "bookingid": 28
    },
    {
        "bookingid": 3227
    },
    {
        "bookingid": 702
    },
    {
        "bookingid": 1011
    },
    {
        "bookingid": 3847
    },
    {
        "bookingid": 2536
    },
    {
        "bookingid": 769
    },
    {
        "bookingid": 3424
    },
    {
        "bookingid": 3317
    },
    {
        "bookingid": 2679
    },
    {
        "bookingid": 65
    },
    {
        "bookingid": 2334
    },
    {
        "bookingid": 47
    },
    {
        "bookingid": 416
    },
    {
        "bookingid": 3505
    },
    {
        "bookingid": 406
    },
    {
        "bookingid": 2173
    },
    {
        "bookingid": 247
    },
    {
        "bookingid": 1018
    },
    {
        "bookingid": 1217
    },
    {
        "bookingid": 3994
    },
    {
        "bookingid": 584
    },
    {
        "bookingid": 8
    },
    {
        "bookingid": 2821
    },
    {
        "bookingid": 2428
    },
    {
        "bookingid": 237
    },
    {
        "bookingid": 3496
    },
    {
        "bookingid": 1905
    },
    {
        "bookingid": 713
    },
    {
        "bookingid": 2194
    },
    {
        "bookingid": 3302
    },
    {
        "bookingid": 1202
    },
    {
        "bookingid": 202
    },
    {
        "bookingid": 3585
    },
    {
        "bookingid": 3395
    },
    {
        "bookingid": 1318
    },
    {
        "bookingid": 927
    },
    {
        "bookingid": 2956
    },
    {
        "bookingid": 3811
    },
    {
        "bookingid": 3565
    },
    {
        "bookingid": 1791
    },
    {
        "bookingid": 3804
    },
    {
        "bookingid": 2314
    },
    {
        "bookingid": 2570
    },
    {
        "bookingid": 1204
    },
    {
        "bookingid": 404
    },
    {
        "bookingid": 923
    },
    {
        "bookingid": 2545
    },
    {
        "bookingid": 3968
    },
    {
        "bookingid": 2591
    },
    {
        "bookingid": 1581
    },
    {
        "bookingid": 2272
    },
    {
        "bookingid": 1193
    },
    {
        "bookingid": 976
    },
    {
        "bookingid": 778
    },
    {
        "bookingid": 2765
    },
    {
        "bookingid": 3210
    },
    {
        "bookingid": 225
    },
    {
        "bookingid": 3640
    },
    {
        "bookingid": 2857
    },
    {
        "bookingid": 2081
    },
    {
        "bookingid": 761
    },
    {
        "bookingid": 1536
    },
    {
        "bookingid": 775
    },
    {
        "bookingid": 3135
    },
    {
        "bookingid": 3899
    },
    {
        "bookingid": 3402
    },
    {
        "bookingid": 2044
    },
    {
        "bookingid": 306
    },
    {
        "bookingid": 1892
    },
    {
        "bookingid": 960
    },
    {
        "bookingid": 3022
    },
    {
        "bookingid": 3974
    },
    {
        "bookingid": 2482
    },
    {
        "bookingid": 3084
    },
    {
        "bookingid": 3453
    },
    {
        "bookingid": 1625
    },
    {
        "bookingid": 2377
    },
    {
        "bookingid": 1680
    },
    {
        "bookingid": 1358
    },
    {
        "bookingid": 451
    },
    {
        "bookingid": 1857
    },
    {
        "bookingid": 3892
    },
    {
        "bookingid": 1228
    },
    {
        "bookingid": 170
    },
    {
        "bookingid": 1144
    },
    {
        "bookingid": 2926
    },
    {
        "bookingid": 1683
    },
    {
        "bookingid": 3621
    },
    {
        "bookingid": 3809
    },
    {
        "bookingid": 3106
    },
    {
        "bookingid": 3663
    },
    {
        "bookingid": 1636
    },
    {
        "bookingid": 3859
    },
    {
        "bookingid": 2657
    },
    {
        "bookingid": 1230
    },
    {
        "bookingid": 1687
    },
    {
        "bookingid": 589
    },
    {
        "bookingid": 3254
    },
    {
        "bookingid": 140
    },
    {
        "bookingid": 203
    },
    {
        "bookingid": 3020
    },
    {
        "bookingid": 2909
    },
    {
        "bookingid": 975
    },
    {
        "bookingid": 2626
    },
    {
        "bookingid": 1402
    },
    {
        "bookingid": 141
    },
    {
        "bookingid": 1054
    },
    {
        "bookingid": 215
    },
    {
        "bookingid": 2990
    },
    {
        "bookingid": 2395
    },
    {
        "bookingid": 250
    },
    {
        "bookingid": 413
    },
    {
        "bookingid": 74
    },
    {
        "bookingid": 1862
    },
    {
        "bookingid": 3120
    },
    {
        "bookingid": 3338
    },
    {
        "bookingid": 1773
    },
    {
        "bookingid": 3428
    },
    {
        "bookingid": 3749
    },
    {
        "bookingid": 2096
    },
    {
        "bookingid": 2796
    },
    {
        "bookingid": 2549
    },
    {
        "bookingid": 2906
    },
    {
        "bookingid": 3403
    },
    {
        "bookingid": 1547
    },
    {
        "bookingid": 3567
    },
    {
        "bookingid": 1462
    },
    {
        "bookingid": 2242
    },
    {
        "bookingid": 3743
    },
    {
        "bookingid": 379
    },
    {
        "bookingid": 671
    },
    {
        "bookingid": 431
    },
    {
        "bookingid": 511
    },
    {
        "bookingid": 3690
    },
    {
        "bookingid": 3890
    },
    {
        "bookingid": 2582
    },
    {
        "bookingid": 1431
    },
    {
        "bookingid": 1375
    },
    {
        "bookingid": 317
    },
    {
        "bookingid": 3189
    },
    {
        "bookingid": 2481
    },
    {
        "bookingid": 3962
    },
    {
        "bookingid": 1596
    },
    {
        "bookingid": 2516
    },
    {
        "bookingid": 462
    },
    {
        "bookingid": 387
    },
    {
        "bookingid": 3260
    },
    {
        "bookingid": 588
    },
    {
        "bookingid": 2851
    },
    {
        "bookingid": 2247
    },
    {
        "bookingid": 383
    },
    {
        "bookingid": 1356
    },
    {
        "bookingid": 15
    },
    {
        "bookingid": 838
    },
    {
        "bookingid": 41
    },
    {
        "bookingid": 3514
    },
    {
        "bookingid": 1137
    },
    {
        "bookingid": 1024
    },
    {
        "bookingid": 1302
    },
    {
        "bookingid": 3920
    },
    {
        "bookingid": 799
    },
    {
        "bookingid": 560
    },
    {
        "bookingid": 1175
    },
    {
        "bookingid": 2862
    },
    {
        "bookingid": 2403
    },
    {
        "bookingid": 299
    },
    {
        "bookingid": 1116
    },
    {
        "bookingid": 122
    },
    {
        "bookingid": 1831
    },
    {
        "bookingid": 1476
    },
    {
        "bookingid": 545
    },
    {
        "bookingid": 2953
    },
    {
        "bookingid": 2845
    },
    {
        "bookingid": 3296
    },
    {
        "bookingid": 634
    },
    {
        "bookingid": 918
    },
    {
        "bookingid": 3202
    },
    {
        "bookingid": 398
    },
    {
        "bookingid": 1727
    },
    {
        "bookingid": 2043
    },
    {
        "bookingid": 2228
    },
    {
        "bookingid": 3294
    },
    {
        "bookingid": 1455
    },
    {
        "bookingid": 2607
    },
    {
        "bookingid": 1595
    },
    {
        "bookingid": 2840
    },
    {
        "bookingid": 121
    },
    {
        "bookingid": 3188
    },
    {
        "bookingid": 1074
    },
    {
        "bookingid": 973
    },
    {
        "bookingid": 980
    },
    {
        "bookingid": 172
    },
    {
        "bookingid": 3203
    },
    {
        "bookingid": 472
    },
    {
        "bookingid": 537
    },
    {
        "bookingid": 3437
    },
    {
        "bookingid": 3091
    },
    {
        "bookingid": 1466
    },
    {
        "bookingid": 3165
    },
    {
        "bookingid": 163
    },
    {
        "bookingid": 1182
    },
    {
        "bookingid": 2954
    },
    {
        "bookingid": 2914
    },
    {
        "bookingid": 2351
    },
    {
        "bookingid": 102
    },
    {
        "bookingid": 1434
    },
    {
        "bookingid": 3815
    },
    {
        "bookingid": 1408
    },
    {
        "bookingid": 3475
    },
    {
        "bookingid": 3016
    },
    {
        "bookingid": 890
    },
    {
        "bookingid": 469
    },
    {
        "bookingid": 2827
    },
    {
        "bookingid": 62
    },
    {
        "bookingid": 274
    },
    {
        "bookingid": 25
    },
    {
        "bookingid": 1976
    },
    {
        "bookingid": 3957
    },
    {
        "bookingid": 184
    },
    {
        "bookingid": 1621
    },
    {
        "bookingid": 3631
    },
    {
        "bookingid": 1974
    },
    {
        "bookingid": 2061
    },
    {
        "bookingid": 703
    },
    {
        "bookingid": 508
    },
    {
        "bookingid": 3980
    },
    {
        "bookingid": 197
    },
    {
        "bookingid": 1919
    },
    {
        "bookingid": 4003
    },
    {
        "bookingid": 2155
    },
    {
        "bookingid": 941
    },
    {
        "bookingid": 2379
    },
    {
        "bookingid": 3030
    },
    {
        "bookingid": 3574
    },
    {
        "bookingid": 3540
    },
    {
        "bookingid": 591
    },
    {
        "bookingid": 2777
    },
    {
        "bookingid": 3384
    },
    {
        "bookingid": 3238
    },
    {
        "bookingid": 2042
    },
    {
        "bookingid": 3416
    },
    {
        "bookingid": 2151
    },
    {
        "bookingid": 3004
    },
    {
        "bookingid": 35
    },
    {
        "bookingid": 320
    },
    {
        "bookingid": 1424
    },
    {
        "bookingid": 110
    },
    {
        "bookingid": 3689
    },
    {
        "bookingid": 587
    },
    {
        "bookingid": 478
    },
    {
        "bookingid": 67
    },
    {
        "bookingid": 2959
    },
    {
        "bookingid": 309
    },
    {
        "bookingid": 2935
    },
    {
        "bookingid": 2662
    },
    {
        "bookingid": 3408
    },
    {
        "bookingid": 1091
    },
    {
        "bookingid": 731
    },
    {
        "bookingid": 1173
    },
    {
        "bookingid": 1188
    },
    {
        "bookingid": 1639
    },
    {
        "bookingid": 3911
    },
    {
        "bookingid": 2984
    },
    {
        "bookingid": 3627
    },
    {
        "bookingid": 958
    },
    {
        "bookingid": 466
    },
    {
        "bookingid": 1081
    },
    {
        "bookingid": 945
    },
    {
        "bookingid": 3215
    },
    {
        "bookingid": 3783
    },
    {
        "bookingid": 3232
    },
    {
        "bookingid": 2665
    },
    {
        "bookingid": 1186
    },
    {
        "bookingid": 2562
    },
    {
        "bookingid": 2385
    },
    {
        "bookingid": 3987
    },
    {
        "bookingid": 1038
    },
    {
        "bookingid": 2586
    },
    {
        "bookingid": 345
    },
    {
        "bookingid": 3450
    },
    {
        "bookingid": 1544
    },
    {
        "bookingid": 2119
    },
    {
        "bookingid": 1745
    },
    {
        "bookingid": 670
    },
    {
        "bookingid": 872
    },
    {
        "bookingid": 2608
    },
    {
        "bookingid": 2459
    },
    {
        "bookingid": 3768
    },
    {
        "bookingid": 3796
    },
    {
        "bookingid": 2685
    },
    {
        "bookingid": 2775
    },
    {
        "bookingid": 2283
    },
    {
        "bookingid": 207
    },
    {
        "bookingid": 1996
    },
    {
        "bookingid": 1953
    },
    {
        "bookingid": 843
    },
    {
        "bookingid": 1674
    },
    {
        "bookingid": 2714
    },
    {
        "bookingid": 2349
    },
    {
        "bookingid": 1600
    },
    {
        "bookingid": 2808
    },
    {
        "bookingid": 902
    },
    {
        "bookingid": 1829
    },
    {
        "bookingid": 2008
    },
    {
        "bookingid": 2875
    },
    {
        "bookingid": 369
    },
    {
        "bookingid": 839
    },
    {
        "bookingid": 1860
    },
    {
        "bookingid": 3925
    },
    {
        "bookingid": 2163
    },
    {
        "bookingid": 2030
    },
    {
        "bookingid": 49
    },
    {
        "bookingid": 2878
    },
    {
        "bookingid": 3943
    },
    {
        "bookingid": 2498
    },
    {
        "bookingid": 342
    },
    {
        "bookingid": 3362
    },
    {
        "bookingid": 2678
    },
    {
        "bookingid": 3506
    },
    {
        "bookingid": 1430
    },
    {
        "bookingid": 3827
    },
    {
        "bookingid": 3222
    },
    {
        "bookingid": 3600
    },
    {
        "bookingid": 887
    },
    {
        "bookingid": 2748
    },
    {
        "bookingid": 1574
    },
    {
        "bookingid": 1966
    },
    {
        "bookingid": 3130
    },
    {
        "bookingid": 2961
    },
    {
        "bookingid": 2594
    },
    {
        "bookingid": 2974
    },
    {
        "bookingid": 43
    },
    {
        "bookingid": 2693
    },
    {
        "bookingid": 1895
    },
    {
        "bookingid": 3855
    },
    {
        "bookingid": 1157
    },
    {
        "bookingid": 2245
    },
    {
        "bookingid": 136
    },
    {
        "bookingid": 2102
    },
    {
        "bookingid": 1575
    },
    {
        "bookingid": 1838
    },
    {
        "bookingid": 2305
    },
    {
        "bookingid": 1234
    },
    {
        "bookingid": 846
    },
    {
        "bookingid": 3770
    },
    {
        "bookingid": 1837
    },
    {
        "bookingid": 18
    },
    {
        "bookingid": 3183
    },
    {
        "bookingid": 1815
    },
    {
        "bookingid": 2196
    },
    {
        "bookingid": 3584
    },
    {
        "bookingid": 2413
    },
    {
        "bookingid": 3559
    },
    {
        "bookingid": 1093
    },
    {
        "bookingid": 2501
    },
    {
        "bookingid": 7
    },
    {
        "bookingid": 2778
    },
    {
        "bookingid": 3242
    },
    {
        "bookingid": 3399
    },
    {
        "bookingid": 2323
    },
    {
        "bookingid": 1227
    },
    {
        "bookingid": 39
    },
    {
        "bookingid": 1422
    },
    {
        "bookingid": 1650
    },
    {
        "bookingid": 1546
    },
    {
        "bookingid": 1269
    },
    {
        "bookingid": 2731
    },
    {
        "bookingid": 3955
    },
    {
        "bookingid": 2125
    },
    {
        "bookingid": 3635
    },
    {
        "bookingid": 3459
    },
    {
        "bookingid": 1780
    },
    {
        "bookingid": 3075
    },
    {
        "bookingid": 1698
    },
    {
        "bookingid": 686
    },
    {
        "bookingid": 1952
    },
    {
        "bookingid": 3528
    },
    {
        "bookingid": 3940
    },
    {
        "bookingid": 2999
    },
    {
        "bookingid": 2661
    },
    {
        "bookingid": 3341
    },
    {
        "bookingid": 159
    },
    {
        "bookingid": 3370
    },
    {
        "bookingid": 2078
    },
    {
        "bookingid": 2517
    },
    {
        "bookingid": 2986
    },
    {
        "bookingid": 2766
    },
    {
        "bookingid": 657
    },
    {
        "bookingid": 231
    },
    {
        "bookingid": 1828
    },
    {
        "bookingid": 2782
    },
    {
        "bookingid": 549
    },
    {
        "bookingid": 3487
    },
    {
        "bookingid": 568
    },
    {
        "bookingid": 73
    },
    {
        "bookingid": 115
    },
    {
        "bookingid": 3060
    },
    {
        "bookingid": 1000
    },
    {
        "bookingid": 3131
    },
    {
        "bookingid": 1970
    },
    {
        "bookingid": 1885
    },
    {
        "bookingid": 3312
    },
    {
        "bookingid": 311
    },
    {
        "bookingid": 86
    },
    {
        "bookingid": 3630
    },
    {
        "bookingid": 2947
    },
    {
        "bookingid": 271
    },
    {
        "bookingid": 2122
    },
    {
        "bookingid": 696
    },
    {
        "bookingid": 2101
    },
    {
        "bookingid": 1032
    },
    {
        "bookingid": 3981
    },
    {
        "bookingid": 107
    },
    {
        "bookingid": 1171
    },
    {
        "bookingid": 2306
    },
    {
        "bookingid": 1845
    },
    {
        "bookingid": 3056
    },
    {
        "bookingid": 467
    },
    {
        "bookingid": 3219
    },
    {
        "bookingid": 2360
    },
    {
        "bookingid": 3543
    },
    {
        "bookingid": 1946
    },
    {
        "bookingid": 3404
    },
    {
        "bookingid": 1322
    },
    {
        "bookingid": 1937
    },
    {
        "bookingid": 782
    },
    {
        "bookingid": 2869
    },
    {
        "bookingid": 2427
    },
    {
        "bookingid": 2248
    },
    {
        "bookingid": 1282
    },
    {
        "bookingid": 3217
    },
    {
        "bookingid": 2429
    },
    {
        "bookingid": 3588
    },
    {
        "bookingid": 34
    },
    {
        "bookingid": 440
    },
    {
        "bookingid": 69
    },
    {
        "bookingid": 2461
    },
    {
        "bookingid": 2354
    },
    {
        "bookingid": 3289
    },
    {
        "bookingid": 1197
    },
    {
        "bookingid": 3862
    },
    {
        "bookingid": 2342
    },
    {
        "bookingid": 2826
    },
    {
        "bookingid": 1027
    },
    {
        "bookingid": 2227
    },
    {
        "bookingid": 2706
    },
    {
        "bookingid": 1274
    },
    {
        "bookingid": 2320
    },
    {
        "bookingid": 2922
    },
    {
        "bookingid": 955
    },
    {
        "bookingid": 51
    },
    {
        "bookingid": 1712
    },
    {
        "bookingid": 924
    },
    {
        "bookingid": 1981
    },
    {
        "bookingid": 953
    },
    {
        "bookingid": 1613
    },
    {
        "bookingid": 3290
    },
    {
        "bookingid": 1634
    },
    {
        "bookingid": 48
    },
    {
        "bookingid": 1969
    },
    {
        "bookingid": 2034
    },
    {
        "bookingid": 3452
    },
    {
        "bookingid": 3353
    },
    {
        "bookingid": 1563
    },
    {
        "bookingid": 1708
    },
    {
        "bookingid": 2548
    },
    {
        "bookingid": 3456
    },
    {
        "bookingid": 956
    },
    {
        "bookingid": 334
    },
    {
        "bookingid": 3230
    },
    {
        "bookingid": 471
    },
    {
        "bookingid": 1159
    },
    {
        "bookingid": 130
    },
    {
        "bookingid": 208
    },
    {
        "bookingid": 3356
    },
    {
        "bookingid": 2364
    },
    {
        "bookingid": 1076
    },
    {
        "bookingid": 3996
    },
    {
        "bookingid": 1553
    },
    {
        "bookingid": 1965
    },
    {
        "bookingid": 957
    },
    {
        "bookingid": 862
    },
    {
        "bookingid": 394
    },
    {
        "bookingid": 3548
    },
    {
        "bookingid": 3758
    },
    {
        "bookingid": 2035
    },
    {
        "bookingid": 3156
    },
    {
        "bookingid": 1866
    },
    {
        "bookingid": 3096
    },
    {
        "bookingid": 1095
    },
    {
        "bookingid": 3444
    },
    {
        "bookingid": 452
    },
    {
        "bookingid": 1299
    },
    {
        "bookingid": 2041
    },
    {
        "bookingid": 1626
    },
    {
        "bookingid": 2457
    },
    {
        "bookingid": 2918
    },
    {
        "bookingid": 2736
    },
    {
        "bookingid": 915
    },
    {
        "bookingid": 2430
    },
    {
        "bookingid": 3063
    },
    {
        "bookingid": 3249
    },
    {
        "bookingid": 563
    },
    {
        "bookingid": 1277
    },
    {
        "bookingid": 1939
    },
    {
        "bookingid": 1453
    },
    {
        "bookingid": 743
    },
    {
        "bookingid": 3335
    },
    {
        "bookingid": 22
    },
    {
        "bookingid": 1474
    },
    {
        "bookingid": 1880
    },
    {
        "bookingid": 772
    },
    {
        "bookingid": 253
    },
    {
        "bookingid": 1465
    },
    {
        "bookingid": 2859
    },
    {
        "bookingid": 1419
    },
    {
        "bookingid": 1612
    },
    {
        "bookingid": 2369
    },
    {
        "bookingid": 76
    },
    {
        "bookingid": 3801
    },
    {
        "bookingid": 2598
    },
    {
        "bookingid": 1483
    },
    {
        "bookingid": 2664
    },
    {
        "bookingid": 3223
    },
    {
        "bookingid": 13
    },
    {
        "bookingid": 2037
    },
    {
        "bookingid": 1822
    },
    {
        "bookingid": 1691
    },
    {
        "bookingid": 2328
    },
    {
        "bookingid": 2031
    },
    {
        "bookingid": 632
    },
    {
        "bookingid": 1075
    },
    {
        "bookingid": 3
    },
    {
        "bookingid": 3246
    },
    {
        "bookingid": 2076
    },
    {
        "bookingid": 373
    },
    {
        "bookingid": 2596
    },
    {
        "bookingid": 1480
    },
    {
        "bookingid": 3069
    },
    {
        "bookingid": 879
    },
    {
        "bookingid": 2297
    },
    {
        "bookingid": 3001
    },
    {
        "bookingid": 1145
    },
    {
        "bookingid": 2820
    },
    {
        "bookingid": 1529
    },
    {
        "bookingid": 3026
    },
    {
        "bookingid": 3035
    },
    {
        "bookingid": 1990
    },
    {
        "bookingid": 2068
    },
    {
        "bookingid": 2273
    },
    {
        "bookingid": 2743
    },
    {
        "bookingid": 1304
    },
    {
        "bookingid": 1538
    },
    {
        "bookingid": 1993
    },
    {
        "bookingid": 1446
    },
    {
        "bookingid": 1245
    },
    {
        "bookingid": 1184
    },
    {
        "bookingid": 3045
    },
    {
        "bookingid": 665
    },
    {
        "bookingid": 118
    },
    {
        "bookingid": 2861
    },
    {
        "bookingid": 1765
    },
    {
        "bookingid": 2690
    },
    {
        "bookingid": 3744
    },
    {
        "bookingid": 2723
    },
    {
        "bookingid": 889
    },
    {
        "bookingid": 802
    },
    {
        "bookingid": 1741
    },
    {
        "bookingid": 1702
    },
    {
        "bookingid": 3810
    },
    {
        "bookingid": 2186
    },
    {
        "bookingid": 1128
    },
    {
        "bookingid": 3703
    },
    {
        "bookingid": 1016
    },
    {
        "bookingid": 423
    },
    {
        "bookingid": 251
    },
    {
        "bookingid": 2856
    },
    {
        "bookingid": 1044
    },
    {
        "bookingid": 1261
    }
]
]]></system-out>
  </testcase>
</testsuite>