<?xml version="1.0" encoding="UTF-8"?>
<testsuite xmlns:xsi="http://www.w3.org/2001/XMLSchema-instance" xsi:noNamespaceSchemaLocation="https://maven.apache.org/surefire/maven-surefire-plugin/xsd/surefire-test-report-3.0.xsd" version="3.0" name="ApiTest" time="11.363" tests="8" errors="0" skipped="0" failures="0">
  <properties>
    <property name="java.specification.version" value="21"/>
    <property name="sun.cpu.isalist" value="amd64"/>
    <property name="sun.jnu.encoding" value="Cp1251"/>
    <property name="java.class.path" value="C:\Users\Sergey\IdeaProjects\RestAssured\target\test-classes;C:\Users\Sergey\IdeaProjects\RestAssured\target\classes;C:\Users\Sergey\.m2\repository\org\junit\jupiter\junit-jupiter-params\5.9.2\junit-jupiter-params-5.9.2.jar;C:\Users\Sergey\.m2\repository\org\apiguardian\apiguardian-api\1.1.2\apiguardian-api-1.1.2.jar;C:\Users\Sergey\.m2\repository\io\qameta\allure\allure-rest-assured\2.24.0\allure-rest-assured-2.24.0.jar;C:\Users\Sergey\.m2\repository\io\qameta\allure\allure-attachments\2.24.0\allure-attachments-2.24.0.jar;C:\Users\Sergey\.m2\repository\io\qameta\allure\allure-java-commons\2.24.0\allure-java-commons-2.24.0.jar;C:\Users\Sergey\.m2\repository\org\slf4j\slf4j-api\1.7.36\slf4j-api-1.7.36.jar;C:\Users\Sergey\.m2\repository\io\qameta\allure\allure-model\2.24.0\allure-model-2.24.0.jar;C:\Users\Sergey\.m2\repository\org\freemarker\freemarker\2.3.31\freemarker-2.3.31.jar;C:\Users\Sergey\.m2\repository\io\qameta\allure\allure-junit5\2.24.0\allure-junit5-2.24.0.jar;C:\Users\Sergey\.m2\repository\io\qameta\allure\allure-junit-platform\2.24.0\allure-junit-platform-2.24.0.jar;C:\Users\Sergey\.m2\repository\io\qameta\allure\allure-test-filter\2.24.0\allure-test-filter-2.24.0.jar;C:\Users\Sergey\.m2\repository\org\junit\platform\junit-platform-launcher\1.9.2\junit-platform-launcher-1.9.2.jar;C:\Users\Sergey\.m2\repository\io\rest-assured\rest-assured\5.3.0\rest-assured-5.3.0.jar;C:\Users\Sergey\.m2\repository\org\apache\groovy\groovy\4.0.6\groovy-4.0.6.jar;C:\Users\Sergey\.m2\repository\org\apache\groovy\groovy-xml\4.0.6\groovy-xml-4.0.6.jar;C:\Users\Sergey\.m2\repository\org\apache\httpcomponents\httpclient\4.5.13\httpclient-4.5.13.jar;C:\Users\Sergey\.m2\repository\org\apache\httpcomponents\httpcore\4.4.13\httpcore-4.4.13.jar;C:\Users\Sergey\.m2\repository\commons-logging\commons-logging\1.2\commons-logging-1.2.jar;C:\Users\Sergey\.m2\repository\commons-codec\commons-codec\1.11\commons-codec-1.11.jar;C:\Users\Sergey\.m2\repository\org\apache\httpcomponents\httpmime\4.5.13\httpmime-4.5.13.jar;C:\Users\Sergey\.m2\repository\org\ccil\cowan\tagsoup\tagsoup\1.2.1\tagsoup-1.2.1.jar;C:\Users\Sergey\.m2\repository\io\rest-assured\json-path\5.3.0\json-path-5.3.0.jar;C:\Users\Sergey\.m2\repository\org\apache\groovy\groovy-json\4.0.6\groovy-json-4.0.6.jar;C:\Users\Sergey\.m2\repository\io\rest-assured\rest-assured-common\5.3.0\rest-assured-common-5.3.0.jar;C:\Users\Sergey\.m2\repository\io\rest-assured\xml-path\5.3.0\xml-path-5.3.0.jar;C:\Users\Sergey\.m2\repository\org\apache\commons\commons-lang3\3.11\commons-lang3-3.11.jar;C:\Users\Sergey\.m2\repository\org\hamcrest\hamcrest\2.2\hamcrest-2.2.jar;C:\Users\Sergey\.m2\repository\org\junit\jupiter\junit-jupiter-api\5.9.2\junit-jupiter-api-5.9.2.jar;C:\Users\Sergey\.m2\repository\org\opentest4j\opentest4j\1.2.0\opentest4j-1.2.0.jar;C:\Users\Sergey\.m2\repository\org\junit\platform\junit-platform-commons\1.9.2\junit-platform-commons-1.9.2.jar;C:\Users\Sergey\.m2\repository\org\junit\jupiter\junit-jupiter-engine\5.9.2\junit-jupiter-engine-5.9.2.jar;C:\Users\Sergey\.m2\repository\org\junit\platform\junit-platform-engine\1.9.2\junit-platform-engine-1.9.2.jar;"/>
    <property name="java.vm.vendor" value="Oracle Corporation"/>
    <property name="sun.arch.data.model" value="64"/>
    <property name="user.variant" value=""/>
    <property name="java.vendor.url" value="https://java.oracle.com/"/>
    <property name="user.timezone" value="Europe/Volgograd"/>
    <property name="user.country.format" value="RU"/>
    <property name="os.name" value="Windows 11"/>
    <property name="java.vm.specification.version" value="21"/>
    <property name="sun.java.launcher" value="SUN_STANDARD"/>
    <property name="user.country" value="GB"/>
    <property name="sun.boot.library.path" value="C:\Program Files\Java\jdk-21\bin"/>
    <property name="sun.java.command" value="C:\Users\Sergey\AppData\Local\Temp\surefire3045618502550502191\surefirebooter-20250623142805118_3.jar C:\Users\Sergey\AppData\Local\Temp\surefire3045618502550502191 2025-06-23T14-28-04_921-jvmRun1 surefire-20250623142805118_1tmp surefire_0-20250623142805118_2tmp"/>
    <property name="jdk.debug" value="release"/>
    <property name="surefire.test.class.path" value="C:\Users\Sergey\IdeaProjects\RestAssured\target\test-classes;C:\Users\Sergey\IdeaProjects\RestAssured\target\classes;C:\Users\Sergey\.m2\repository\org\junit\jupiter\junit-jupiter-params\5.9.2\junit-jupiter-params-5.9.2.jar;C:\Users\Sergey\.m2\repository\org\apiguardian\apiguardian-api\1.1.2\apiguardian-api-1.1.2.jar;C:\Users\Sergey\.m2\repository\io\qameta\allure\allure-rest-assured\2.24.0\allure-rest-assured-2.24.0.jar;C:\Users\Sergey\.m2\repository\io\qameta\allure\allure-attachments\2.24.0\allure-attachments-2.24.0.jar;C:\Users\Sergey\.m2\repository\io\qameta\allure\allure-java-commons\2.24.0\allure-java-commons-2.24.0.jar;C:\Users\Sergey\.m2\repository\org\slf4j\slf4j-api\1.7.36\slf4j-api-1.7.36.jar;C:\Users\Sergey\.m2\repository\io\qameta\allure\allure-model\2.24.0\allure-model-2.24.0.jar;C:\Users\Sergey\.m2\repository\org\freemarker\freemarker\2.3.31\freemarker-2.3.31.jar;C:\Users\Sergey\.m2\repository\io\qameta\allure\allure-junit5\2.24.0\allure-junit5-2.24.0.jar;C:\Users\Sergey\.m2\repository\io\qameta\allure\allure-junit-platform\2.24.0\allure-junit-platform-2.24.0.jar;C:\Users\Sergey\.m2\repository\io\qameta\allure\allure-test-filter\2.24.0\allure-test-filter-2.24.0.jar;C:\Users\Sergey\.m2\repository\org\junit\platform\junit-platform-launcher\1.9.2\junit-platform-launcher-1.9.2.jar;C:\Users\Sergey\.m2\repository\io\rest-assured\rest-assured\5.3.0\rest-assured-5.3.0.jar;C:\Users\Sergey\.m2\repository\org\apache\groovy\groovy\4.0.6\groovy-4.0.6.jar;C:\Users\Sergey\.m2\repository\org\apache\groovy\groovy-xml\4.0.6\groovy-xml-4.0.6.jar;C:\Users\Sergey\.m2\repository\org\apache\httpcomponents\httpclient\4.5.13\httpclient-4.5.13.jar;C:\Users\Sergey\.m2\repository\org\apache\httpcomponents\httpcore\4.4.13\httpcore-4.4.13.jar;C:\Users\Sergey\.m2\repository\commons-logging\commons-logging\1.2\commons-logging-1.2.jar;C:\Users\Sergey\.m2\repository\commons-codec\commons-codec\1.11\commons-codec-1.11.jar;C:\Users\Sergey\.m2\repository\org\apache\httpcomponents\httpmime\4.5.13\httpmime-4.5.13.jar;C:\Users\Sergey\.m2\repository\org\ccil\cowan\tagsoup\tagsoup\1.2.1\tagsoup-1.2.1.jar;C:\Users\Sergey\.m2\repository\io\rest-assured\json-path\5.3.0\json-path-5.3.0.jar;C:\Users\Sergey\.m2\repository\org\apache\groovy\groovy-json\4.0.6\groovy-json-4.0.6.jar;C:\Users\Sergey\.m2\repository\io\rest-assured\rest-assured-common\5.3.0\rest-assured-common-5.3.0.jar;C:\Users\Sergey\.m2\repository\io\rest-assured\xml-path\5.3.0\xml-path-5.3.0.jar;C:\Users\Sergey\.m2\repository\org\apache\commons\commons-lang3\3.11\commons-lang3-3.11.jar;C:\Users\Sergey\.m2\repository\org\hamcrest\hamcrest\2.2\hamcrest-2.2.jar;C:\Users\Sergey\.m2\repository\org\junit\jupiter\junit-jupiter-api\5.9.2\junit-jupiter-api-5.9.2.jar;C:\Users\Sergey\.m2\repository\org\opentest4j\opentest4j\1.2.0\opentest4j-1.2.0.jar;C:\Users\Sergey\.m2\repository\org\junit\platform\junit-platform-commons\1.9.2\junit-platform-commons-1.9.2.jar;C:\Users\Sergey\.m2\repository\org\junit\jupiter\junit-jupiter-engine\5.9.2\junit-jupiter-engine-5.9.2.jar;C:\Users\Sergey\.m2\repository\org\junit\platform\junit-platform-engine\1.9.2\junit-platform-engine-1.9.2.jar;"/>
    <property name="allure.results.directory" value="target/allure-results"/>
    <property name="sun.cpu.endian" value="little"/>
    <property name="user.home" value="C:\Users\Sergey"/>
    <property name="user.language" value="en"/>
    <property name="java.specification.vendor" value="Oracle Corporation"/>
    <property name="java.version.date" value="2025-04-15"/>
    <property name="java.home" value="C:\Program Files\Java\jdk-21"/>
    <property name="file.separator" value="\"/>
    <property name="basedir" value="C:\Users\Sergey\IdeaProjects\RestAssured"/>
    <property name="java.vm.compressedOopsMode" value="Zero based"/>
    <property name="line.separator" value="&#10;"/>
    <property name="java.vm.specification.vendor" value="Oracle Corporation"/>
    <property name="java.specification.name" value="Java Platform API Specification"/>
    <property name="surefire.real.class.path" value="C:\Users\Sergey\AppData\Local\Temp\surefire3045618502550502191\surefirebooter-20250623142805118_3.jar"/>
    <property name="user.script" value=""/>
    <property name="sun.management.compiler" value="HotSpot 64-Bit Tiered Compilers"/>
    <property name="java.runtime.version" value="21.0.7+8-LTS-245"/>
    <property name="user.name" value="Sergey"/>
    <property name="stdout.encoding" value="Cp1251"/>
    <property name="path.separator" value=";"/>
    <property name="os.version" value="10.0"/>
    <property name="java.runtime.name" value="Java(TM) SE Runtime Environment"/>
    <property name="file.encoding" value="UTF-8"/>
    <property name="java.vm.name" value="Java HotSpot(TM) 64-Bit Server VM"/>
    <property name="localRepository" value="C:\Users\Sergey\.m2\repository"/>
    <property name="java.vendor.url.bug" value="https://bugreport.java.com/bugreport/"/>
    <property name="java.io.tmpdir" value="C:\Users\Sergey\AppData\Local\Temp\"/>
    <property name="java.version" value="21.0.7"/>
    <property name="user.dir" value="C:\Users\Sergey\IdeaProjects\RestAssured"/>
    <property name="os.arch" value="amd64"/>
    <property name="java.vm.specification.name" value="Java Virtual Machine Specification"/>
    <property name="user.language.format" value="ru"/>
    <property name="sun.os.patch.level" value=""/>
    <property name="native.encoding" value="Cp1251"/>
    <property name="java.library.path" value="C:\Program Files\Java\jdk-21\bin;C:\WINDOWS\Sun\Java\bin;C:\WINDOWS\system32;C:\WINDOWS;C:\Program Files\Common Files\Oracle\Java\javapath;C:\sql_course\dbhomeXE\bin;C:\Program Files\apache-maven-3.9.9\bin;C:\Program Files\dotnet\;C:\Program Files\nodejs\;C:\Program Files (x86)\NVIDIA Corporation\PhysX\Common;C:\ProgramData\Jenkins\.jenkins\tools\hudson.plugins.gradle.GradleInstallation\Gradle_7.2\bin\gradle;C:\ProgramData\Microsoft\Windows\Start Menu\Programs\Node.js\Node.js command prompt.lnk;C:\Program Files\Git\cmd;C:\WINDOWS\system32;C:\WINDOWS;C:\WINDOWS\System32\Wbem;C:\WINDOWS\System32\WindowsPowerShell\v1.0\;C:\WINDOWS\System32\OpenSSH\;%JAVA_HOME%\bin;C:\Program Files\Cloudflare\Cloudflare WARP\;C:\Program Files\allure-2.34.0\bin;C:\Users\Sergey\AppData\Local\Programs\Python\Python312\Scripts\;C:\Users\Sergey\AppData\Local\Programs\Python\Python312\;C:\Users\Sergey\AppData\Local\Programs\Python\Python311\Scripts\;C:\Users\Sergey\AppData\Local\Programs\Python\Python311\;C:\Users\Sergey\.dotnet\tools;C:\Users\Sergey\AppData\Roaming\npm;C:\Users\Sergey\AppData\Local\Programs\Microsoft VS Code\bin;C:\ProgramData\Jenkins\.jenkins\tools\hudson.plugins.gradle.GradleInstallation\Gradle_7.2\bin;C:\ProgramData\Microsoft\Windows\Start Menu\Programs\Node.js\Node.js command prompt.lnk;C:\Program Files\JetBrains\IntelliJ IDEA 2020.3.3\bin;;C:\Users\Sergey\AppData\Local\Microsoft\WindowsApps;C:\Program Files\Java\jdk-21\bin;C:\Program Files\apache-maven-3.9.9\bin\bin;;."/>
    <property name="java.vm.info" value="mixed mode, sharing"/>
    <property name="stderr.encoding" value="Cp1251"/>
    <property name="java.vendor" value="Oracle Corporation"/>
    <property name="java.vm.version" value="21.0.7+8-LTS-245"/>
    <property name="sun.io.unicode.encoding" value="UnicodeLittle"/>
    <property name="java.class.version" value="65.0"/>
  </properties>
  <testcase name="GetToken" classname="ApiTest" time="1.317">
    <system-out><![CDATA[{
    "token": "ea0bd741f3389b9"
}
]]></system-out>
    <system-err><![CDATA[SLF4J: Failed to load class "org.slf4j.impl.StaticLoggerBinder".
SLF4J: Defaulting to no-operation (NOP) logger implementation
SLF4J: See http://www.slf4j.org/codes.html#StaticLoggerBinder for further details.
]]></system-err>
  </testcase>
  <testcase name="createBooking" classname="ApiTest" time="0.705">
    <system-out><![CDATA[{
    "bookingid": 4173,
    "booking": {
        "firstname": "Jim",
        "lastname": "Brown",
        "totalprice": 111,
        "depositpaid": true,
        "bookingdates": {
            "checkin": "2018-01-01",
            "checkout": "2019-01-01"
        }
    }
}
]]></system-out>
  </testcase>
  <testcase name="updateBooking" classname="ApiTest" time="0.763">
    <system-out><![CDATA[{
    "firstname": "James",
    "lastname": "Brown",
    "totalprice": 111,
    "depositpaid": true,
    "bookingdates": {
        "checkin": "2018-01-01",
        "checkout": "2019-01-01"
    }
}
]]></system-out>
  </testcase>
  <testcase name="partialUpdateBooking" classname="ApiTest" time="0.752">
    <system-out><![CDATA[{
    "firstname": "Jack",
    "lastname": "Bro",
    "totalprice": 111,
    "depositpaid": true,
    "bookingdates": {
        "checkin": "2018-01-01",
        "checkout": "2019-01-01"
    }
}
]]></system-out>
  </testcase>
  <testcase name="deleteBooking" classname="ApiTest" time="0.936">
    <system-out><![CDATA[Created
]]></system-out>
  </testcase>
  <testcase name="healthCheck" classname="ApiTest" time="0.735">
    <system-out><![CDATA[Created
]]></system-out>
  </testcase>
  <testcase name="GetBooking" classname="ApiTest" time="1.314">
    <system-out><![CDATA[[
    {
        "bookingid": 3582
    },
    {
        "bookingid": 2791
    },
    {
        "bookingid": 3277
    },
    {
        "bookingid": 3145
    },
    {
        "bookingid": 2987
    },
    {
        "bookingid": 1151
    },
    {
        "bookingid": 900
    },
    {
        "bookingid": 2464
    },
    {
        "bookingid": 3973
    },
    {
        "bookingid": 3753
    },
    {
        "bookingid": 3543
    },
    {
        "bookingid": 1779
    },
    {
        "bookingid": 935
    },
    {
        "bookingid": 4048
    },
    {
        "bookingid": 2382
    },
    {
        "bookingid": 623
    },
    {
        "bookingid": 1648
    },
    {
        "bookingid": 4206
    },
    {
        "bookingid": 399
    },
    {
        "bookingid": 1901
    },
    {
        "bookingid": 3787
    },
    {
        "bookingid": 1127
    },
    {
        "bookingid": 62
    },
    {
        "bookingid": 826
    },
    {
        "bookingid": 2290
    },
    {
        "bookingid": 3219
    },
    {
        "bookingid": 151
    },
    {
        "bookingid": 3805
    },
    {
        "bookingid": 936
    },
    {
        "bookingid": 3417
    },
    {
        "bookingid": 1591
    },
    {
        "bookingid": 1138
    },
    {
        "bookingid": 17
    },
    {
        "bookingid": 2174
    },
    {
        "bookingid": 3007
    },
    {
        "bookingid": 183
    },
    {
        "bookingid": 1665
    },
    {
        "bookingid": 3440
    },
    {
        "bookingid": 903
    },
    {
        "bookingid": 2936
    },
    {
        "bookingid": 3089
    },
    {
        "bookingid": 1098
    },
    {
        "bookingid": 2157
    },
    {
        "bookingid": 3228
    },
    {
        "bookingid": 1748
    },
    {
        "bookingid": 3549
    },
    {
        "bookingid": 1543
    },
    {
        "bookingid": 3944
    },
    {
        "bookingid": 32
    },
    {
        "bookingid": 3534
    },
    {
        "bookingid": 1005
    },
    {
        "bookingid": 1012
    },
    {
        "bookingid": 169
    },
    {
        "bookingid": 2574
    },
    {
        "bookingid": 1013
    },
    {
        "bookingid": 3968
    },
    {
        "bookingid": 2198
    },
    {
        "bookingid": 3392
    },
    {
        "bookingid": 2190
    },
    {
        "bookingid": 50
    },
    {
        "bookingid": 848
    },
    {
        "bookingid": 3140
    },
    {
        "bookingid": 223
    },
    {
        "bookingid": 3941
    },
    {
        "bookingid": 1532
    },
    {
        "bookingid": 1836
    },
    {
        "bookingid": 2735
    },
    {
        "bookingid": 2536
    },
    {
        "bookingid": 3800
    },
    {
        "bookingid": 352
    },
    {
        "bookingid": 3830
    },
    {
        "bookingid": 3377
    },
    {
        "bookingid": 3394
    },
    {
        "bookingid": 955
    },
    {
        "bookingid": 4137
    },
    {
        "bookingid": 409
    },
    {
        "bookingid": 125
    },
    {
        "bookingid": 2730
    },
    {
        "bookingid": 168
    },
    {
        "bookingid": 2557
    },
    {
        "bookingid": 1922
    },
    {
        "bookingid": 2680
    },
    {
        "bookingid": 1226
    },
    {
        "bookingid": 2762
    },
    {
        "bookingid": 2856
    },
    {
        "bookingid": 360
    },
    {
        "bookingid": 1022
    },
    {
        "bookingid": 884
    },
    {
        "bookingid": 3102
    },
    {
        "bookingid": 1918
    },
    {
        "bookingid": 3467
    },
    {
        "bookingid": 1321
    },
    {
        "bookingid": 3640
    },
    {
        "bookingid": 1756
    },
    {
        "bookingid": 990
    },
    {
        "bookingid": 1410
    },
    {
        "bookingid": 4003
    },
    {
        "bookingid": 4149
    },
    {
        "bookingid": 293
    },
    {
        "bookingid": 2891
    },
    {
        "bookingid": 1394
    },
    {
        "bookingid": 1334
    },
    {
        "bookingid": 2003
    },
    {
        "bookingid": 1678
    },
    {
        "bookingid": 1728
    },
    {
        "bookingid": 3737
    },
    {
        "bookingid": 273
    },
    {
        "bookingid": 92
    },
    {
        "bookingid": 2949
    },
    {
        "bookingid": 1219
    },
    {
        "bookingid": 1347
    },
    {
        "bookingid": 2670
    },
    {
        "bookingid": 2622
    },
    {
        "bookingid": 3804
    },
    {
        "bookingid": 2603
    },
    {
        "bookingid": 218
    },
    {
        "bookingid": 2699
    },
    {
        "bookingid": 259
    },
    {
        "bookingid": 1790
    },
    {
        "bookingid": 2383
    },
    {
        "bookingid": 144
    },
    {
        "bookingid": 2703
    },
    {
        "bookingid": 2317
    },
    {
        "bookingid": 791
    },
    {
        "bookingid": 2681
    },
    {
        "bookingid": 3434
    },
    {
        "bookingid": 3739
    },
    {
        "bookingid": 4005
    },
    {
        "bookingid": 2458
    },
    {
        "bookingid": 1118
    },
    {
        "bookingid": 2395
    },
    {
        "bookingid": 4049
    },
    {
        "bookingid": 2532
    },
    {
        "bookingid": 1192
    },
    {
        "bookingid": 933
    },
    {
        "bookingid": 1305
    },
    {
        "bookingid": 192
    },
    {
        "bookingid": 1631
    },
    {
        "bookingid": 3378
    },
    {
        "bookingid": 2798
    },
    {
        "bookingid": 993
    },
    {
        "bookingid": 985
    },
    {
        "bookingid": 3707
    },
    {
        "bookingid": 1393
    },
    {
        "bookingid": 3190
    },
    {
        "bookingid": 372
    },
    {
        "bookingid": 432
    },
    {
        "bookingid": 3652
    },
    {
        "bookingid": 1054
    },
    {
        "bookingid": 1810
    },
    {
        "bookingid": 3371
    },
    {
        "bookingid": 3617
    },
    {
        "bookingid": 1579
    },
    {
        "bookingid": 1494
    },
    {
        "bookingid": 2311
    },
    {
        "bookingid": 3844
    },
    {
        "bookingid": 1320
    },
    {
        "bookingid": 43
    },
    {
        "bookingid": 2998
    },
    {
        "bookingid": 1162
    },
    {
        "bookingid": 2931
    },
    {
        "bookingid": 943
    },
    {
        "bookingid": 3100
    },
    {
        "bookingid": 1738
    },
    {
        "bookingid": 1806
    },
    {
        "bookingid": 2785
    },
    {
        "bookingid": 3359
    },
    {
        "bookingid": 3080
    },
    {
        "bookingid": 3887
    },
    {
        "bookingid": 573
    },
    {
        "bookingid": 1782
    },
    {
        "bookingid": 3717
    },
    {
        "bookingid": 2145
    },
    {
        "bookingid": 433
    },
    {
        "bookingid": 2019
    },
    {
        "bookingid": 2238
    },
    {
        "bookingid": 167
    },
    {
        "bookingid": 1826
    },
    {
        "bookingid": 1657
    },
    {
        "bookingid": 838
    },
    {
        "bookingid": 1247
    },
    {
        "bookingid": 3174
    },
    {
        "bookingid": 1896
    },
    {
        "bookingid": 2612
    },
    {
        "bookingid": 2494
    },
    {
        "bookingid": 3736
    },
    {
        "bookingid": 2748
    },
    {
        "bookingid": 2120
    },
    {
        "bookingid": 3412
    },
    {
        "bookingid": 3574
    },
    {
        "bookingid": 3884
    },
    {
        "bookingid": 1712
    },
    {
        "bookingid": 2925
    },
    {
        "bookingid": 580
    },
    {
        "bookingid": 2189
    },
    {
        "bookingid": 4128
    },
    {
        "bookingid": 2843
    },
    {
        "bookingid": 3470
    },
    {
        "bookingid": 1692
    },
    {
        "bookingid": 3176
    },
    {
        "bookingid": 1807
    },
    {
        "bookingid": 1136
    },
    {
        "bookingid": 1633
    },
    {
        "bookingid": 3374
    },
    {
        "bookingid": 3183
    },
    {
        "bookingid": 722
    },
    {
        "bookingid": 1183
    },
    {
        "bookingid": 1517
    },
    {
        "bookingid": 2812
    },
    {
        "bookingid": 2716
    },
    {
        "bookingid": 3352
    },
    {
        "bookingid": 864
    },
    {
        "bookingid": 2677
    },
    {
        "bookingid": 2118
    },
    {
        "bookingid": 1306
    },
    {
        "bookingid": 783
    },
    {
        "bookingid": 2977
    },
    {
        "bookingid": 782
    },
    {
        "bookingid": 3165
    },
    {
        "bookingid": 1290
    },
    {
        "bookingid": 1011
    },
    {
        "bookingid": 499
    },
    {
        "bookingid": 3340
    },
    {
        "bookingid": 644
    },
    {
        "bookingid": 2560
    },
    {
        "bookingid": 692
    },
    {
        "bookingid": 2435
    },
    {
        "bookingid": 3598
    },
    {
        "bookingid": 1116
    },
    {
        "bookingid": 2870
    },
    {
        "bookingid": 2112
    },
    {
        "bookingid": 4150
    },
    {
        "bookingid": 461
    },
    {
        "bookingid": 291
    },
    {
        "bookingid": 2013
    },
    {
        "bookingid": 1076
    },
    {
        "bookingid": 1682
    },
    {
        "bookingid": 2970
    },
    {
        "bookingid": 535
    },
    {
        "bookingid": 1555
    },
    {
        "bookingid": 2379
    },
    {
        "bookingid": 2813
    },
    {
        "bookingid": 3057
    },
    {
        "bookingid": 25
    },
    {
        "bookingid": 3206
    },
    {
        "bookingid": 3772
    },
    {
        "bookingid": 1685
    },
    {
        "bookingid": 3611
    },
    {
        "bookingid": 3704
    },
    {
        "bookingid": 3330
    },
    {
        "bookingid": 320
    },
    {
        "bookingid": 4086
    },
    {
        "bookingid": 2323
    },
    {
        "bookingid": 3513
    },
    {
        "bookingid": 2326
    },
    {
        "bookingid": 3316
    },
    {
        "bookingid": 511
    },
    {
        "bookingid": 3450
    },
    {
        "bookingid": 1762
    },
    {
        "bookingid": 636
    },
    {
        "bookingid": 2222
    },
    {
        "bookingid": 1470
    },
    {
        "bookingid": 347
    },
    {
        "bookingid": 824
    },
    {
        "bookingid": 2465
    },
    {
        "bookingid": 3720
    },
    {
        "bookingid": 2994
    },
    {
        "bookingid": 3201
    },
    {
        "bookingid": 2741
    },
    {
        "bookingid": 3050
    },
    {
        "bookingid": 2866
    },
    {
        "bookingid": 614
    },
    {
        "bookingid": 1596
    },
    {
        "bookingid": 2844
    },
    {
        "bookingid": 2776
    },
    {
        "bookingid": 3782
    },
    {
        "bookingid": 3388
    },
    {
        "bookingid": 2922
    },
    {
        "bookingid": 2049
    },
    {
        "bookingid": 651
    },
    {
        "bookingid": 172
    },
    {
        "bookingid": 927
    },
    {
        "bookingid": 2297
    },
    {
        "bookingid": 1088
    },
    {
        "bookingid": 325
    },
    {
        "bookingid": 2350
    },
    {
        "bookingid": 1189
    },
    {
        "bookingid": 921
    },
    {
        "bookingid": 3718
    },
    {
        "bookingid": 2673
    },
    {
        "bookingid": 4043
    },
    {
        "bookingid": 337
    },
    {
        "bookingid": 4032
    },
    {
        "bookingid": 1153
    },
    {
        "bookingid": 3425
    },
    {
        "bookingid": 2419
    },
    {
        "bookingid": 3120
    },
    {
        "bookingid": 239
    },
    {
        "bookingid": 2656
    },
    {
        "bookingid": 2886
    },
    {
        "bookingid": 69
    },
    {
        "bookingid": 530
    },
    {
        "bookingid": 2424
    },
    {
        "bookingid": 2039
    },
    {
        "bookingid": 2130
    },
    {
        "bookingid": 1741
    },
    {
        "bookingid": 2389
    },
    {
        "bookingid": 2054
    },
    {
        "bookingid": 2105
    },
    {
        "bookingid": 2786
    },
    {
        "bookingid": 2961
    },
    {
        "bookingid": 26
    },
    {
        "bookingid": 3910
    },
    {
        "bookingid": 106
    },
    {
        "bookingid": 2375
    },
    {
        "bookingid": 456
    },
    {
        "bookingid": 3618
    },
    {
        "bookingid": 2523
    },
    {
        "bookingid": 235
    },
    {
        "bookingid": 1726
    },
    {
        "bookingid": 2862
    },
    {
        "bookingid": 3850
    },
    {
        "bookingid": 2593
    },
    {
        "bookingid": 4184
    },
    {
        "bookingid": 4017
    },
    {
        "bookingid": 1368
    },
    {
        "bookingid": 1236
    },
    {
        "bookingid": 3818
    },
    {
        "bookingid": 317
    },
    {
        "bookingid": 18
    },
    {
        "bookingid": 2329
    },
    {
        "bookingid": 1382
    },
    {
        "bookingid": 763
    },
    {
        "bookingid": 2446
    },
    {
        "bookingid": 1507
    },
    {
        "bookingid": 3750
    },
    {
        "bookingid": 3873
    },
    {
        "bookingid": 2610
    },
    {
        "bookingid": 3817
    },
    {
        "bookingid": 392
    },
    {
        "bookingid": 3977
    },
    {
        "bookingid": 1823
    },
    {
        "bookingid": 1277
    },
    {
        "bookingid": 2525
    },
    {
        "bookingid": 1068
    },
    {
        "bookingid": 3724
    },
    {
        "bookingid": 1038
    },
    {
        "bookingid": 617
    },
    {
        "bookingid": 2899
    },
    {
        "bookingid": 2649
    },
    {
        "bookingid": 3905
    },
    {
        "bookingid": 2472
    },
    {
        "bookingid": 2219
    },
    {
        "bookingid": 2456
    },
    {
        "bookingid": 2900
    },
    {
        "bookingid": 752
    },
    {
        "bookingid": 1028
    },
    {
        "bookingid": 371
    },
    {
        "bookingid": 135
    },
    {
        "bookingid": 1438
    },
    {
        "bookingid": 356
    },
    {
        "bookingid": 2647
    },
    {
        "bookingid": 1362
    },
    {
        "bookingid": 2563
    },
    {
        "bookingid": 410
    },
    {
        "bookingid": 1434
    },
    {
        "bookingid": 1624
    },
    {
        "bookingid": 3258
    },
    {
        "bookingid": 2614
    },
    {
        "bookingid": 1662
    },
    {
        "bookingid": 199
    },
    {
        "bookingid": 4202
    },
    {
        "bookingid": 894
    },
    {
        "bookingid": 1035
    },
    {
        "bookingid": 2764
    },
    {
        "bookingid": 1868
    },
    {
        "bookingid": 571
    },
    {
        "bookingid": 2362
    },
    {
        "bookingid": 3907
    },
    {
        "bookingid": 3195
    },
    {
        "bookingid": 731
    },
    {
        "bookingid": 2826
    },
    {
        "bookingid": 4
    },
    {
        "bookingid": 1840
    },
    {
        "bookingid": 3463
    },
    {
        "bookingid": 4166
    },
    {
        "bookingid": 4143
    },
    {
        "bookingid": 1168
    },
    {
        "bookingid": 2147
    },
    {
        "bookingid": 3796
    },
    {
        "bookingid": 3257
    },
    {
        "bookingid": 3974
    },
    {
        "bookingid": 1341
    },
    {
        "bookingid": 2230
    },
    {
        "bookingid": 3637
    },
    {
        "bookingid": 4061
    },
    {
        "bookingid": 1567
    },
    {
        "bookingid": 2304
    },
    {
        "bookingid": 2072
    },
    {
        "bookingid": 3288
    },
    {
        "bookingid": 1546
    },
    {
        "bookingid": 61
    },
    {
        "bookingid": 68
    },
    {
        "bookingid": 254
    },
    {
        "bookingid": 196
    },
    {
        "bookingid": 814
    },
    {
        "bookingid": 3654
    },
    {
        "bookingid": 3922
    },
    {
        "bookingid": 3426
    },
    {
        "bookingid": 3477
    },
    {
        "bookingid": 854
    },
    {
        "bookingid": 4093
    },
    {
        "bookingid": 276
    },
    {
        "bookingid": 4103
    },
    {
        "bookingid": 2364
    },
    {
        "bookingid": 2371
    },
    {
        "bookingid": 3691
    },
    {
        "bookingid": 1696
    },
    {
        "bookingid": 3638
    },
    {
        "bookingid": 4201
    },
    {
        "bookingid": 1799
    },
    {
        "bookingid": 3788
    },
    {
        "bookingid": 3653
    },
    {
        "bookingid": 3189
    },
    {
        "bookingid": 3562
    },
    {
        "bookingid": 1486
    },
    {
        "bookingid": 4077
    },
    {
        "bookingid": 2121
    },
    {
        "bookingid": 4020
    },
    {
        "bookingid": 2590
    },
    {
        "bookingid": 1691
    },
    {
        "bookingid": 2810
    },
    {
        "bookingid": 3936
    },
    {
        "bookingid": 4059
    },
    {
        "bookingid": 3261
    },
    {
        "bookingid": 1421
    },
    {
        "bookingid": 925
    },
    {
        "bookingid": 776
    },
    {
        "bookingid": 3030
    },
    {
        "bookingid": 464
    },
    {
        "bookingid": 2811
    },
    {
        "bookingid": 2611
    },
    {
        "bookingid": 445
    },
    {
        "bookingid": 2165
    },
    {
        "bookingid": 4155
    },
    {
        "bookingid": 3906
    },
    {
        "bookingid": 2692
    },
    {
        "bookingid": 358
    },
    {
        "bookingid": 3500
    },
    {
        "bookingid": 2319
    },
    {
        "bookingid": 1104
    },
    {
        "bookingid": 2282
    },
    {
        "bookingid": 578
    },
    {
        "bookingid": 2294
    },
    {
        "bookingid": 189
    },
    {
        "bookingid": 427
    },
    {
        "bookingid": 4098
    },
    {
        "bookingid": 628
    },
    {
        "bookingid": 1006
    },
    {
        "bookingid": 1211
    },
    {
        "bookingid": 2257
    },
    {
        "bookingid": 3405
    },
    {
        "bookingid": 2963
    },
    {
        "bookingid": 2033
    },
    {
        "bookingid": 3012
    },
    {
        "bookingid": 450
    },
    {
        "bookingid": 1588
    },
    {
        "bookingid": 2512
    },
    {
        "bookingid": 2421
    },
    {
        "bookingid": 2613
    },
    {
        "bookingid": 532
    },
    {
        "bookingid": 160
    },
    {
        "bookingid": 2249
    },
    {
        "bookingid": 2817
    },
    {
        "bookingid": 1946
    },
    {
        "bookingid": 1301
    },
    {
        "bookingid": 12
    },
    {
        "bookingid": 526
    },
    {
        "bookingid": 3856
    },
    {
        "bookingid": 2663
    },
    {
        "bookingid": 2619
    },
    {
        "bookingid": 1163
    },
    {
        "bookingid": 904
    },
    {
        "bookingid": 2777
    },
    {
        "bookingid": 969
    },
    {
        "bookingid": 543
    },
    {
        "bookingid": 3989
    },
    {
        "bookingid": 2065
    },
    {
        "bookingid": 2390
    },
    {
        "bookingid": 3026
    },
    {
        "bookingid": 2854
    },
    {
        "bookingid": 3246
    },
    {
        "bookingid": 3282
    },
    {
        "bookingid": 2954
    },
    {
        "bookingid": 3024
    },
    {
        "bookingid": 1558
    },
    {
        "bookingid": 1972
    },
    {
        "bookingid": 1897
    },
    {
        "bookingid": 2229
    },
    {
        "bookingid": 2782
    },
    {
        "bookingid": 1461
    },
    {
        "bookingid": 9
    },
    {
        "bookingid": 3837
    },
    {
        "bookingid": 3885
    },
    {
        "bookingid": 3376
    },
    {
        "bookingid": 1145
    },
    {
        "bookingid": 4031
    },
    {
        "bookingid": 3069
    },
    {
        "bookingid": 2504
    },
    {
        "bookingid": 879
    },
    {
        "bookingid": 2788
    },
    {
        "bookingid": 3622
    },
    {
        "bookingid": 1609
    },
    {
        "bookingid": 1178
    },
    {
        "bookingid": 1625
    },
    {
        "bookingid": 805
    },
    {
        "bookingid": 2524
    },
    {
        "bookingid": 4146
    },
    {
        "bookingid": 944
    },
    {
        "bookingid": 1605
    },
    {
        "bookingid": 4130
    },
    {
        "bookingid": 1537
    },
    {
        "bookingid": 1643
    },
    {
        "bookingid": 1860
    },
    {
        "bookingid": 243
    },
    {
        "bookingid": 2487
    },
    {
        "bookingid": 2889
    },
    {
        "bookingid": 2155
    },
    {
        "bookingid": 3614
    },
    {
        "bookingid": 2705
    },
    {
        "bookingid": 1338
    },
    {
        "bookingid": 3858
    },
    {
        "bookingid": 193
    },
    {
        "bookingid": 3710
    },
    {
        "bookingid": 980
    },
    {
        "bookingid": 4179
    },
    {
        "bookingid": 2452
    },
    {
        "bookingid": 3953
    },
    {
        "bookingid": 1864
    },
    {
        "bookingid": 994
    },
    {
        "bookingid": 1195
    },
    {
        "bookingid": 3695
    },
    {
        "bookingid": 2857
    },
    {
        "bookingid": 2976
    },
    {
        "bookingid": 2056
    },
    {
        "bookingid": 3946
    },
    {
        "bookingid": 1443
    },
    {
        "bookingid": 1916
    },
    {
        "bookingid": 996
    },
    {
        "bookingid": 3341
    },
    {
        "bookingid": 2396
    },
    {
        "bookingid": 2604
    },
    {
        "bookingid": 3452
    },
    {
        "bookingid": 1201
    },
    {
        "bookingid": 299
    },
    {
        "bookingid": 224
    },
    {
        "bookingid": 1701
    },
    {
        "bookingid": 739
    },
    {
        "bookingid": 4010
    },
    {
        "bookingid": 4205
    },
    {
        "bookingid": 1848
    },
    {
        "bookingid": 4165
    },
    {
        "bookingid": 367
    },
    {
        "bookingid": 71
    },
    {
        "bookingid": 3349
    },
    {
        "bookingid": 3453
    },
    {
        "bookingid": 3404
    },
    {
        "bookingid": 3823
    },
    {
        "bookingid": 550
    },
    {
        "bookingid": 2197
    },
    {
        "bookingid": 156
    },
    {
        "bookingid": 1053
    },
    {
        "bookingid": 3515
    },
    {
        "bookingid": 3390
    },
    {
        "bookingid": 2074
    },
    {
        "bookingid": 370
    },
    {
        "bookingid": 3205
    },
    {
        "bookingid": 3741
    },
    {
        "bookingid": 3535
    },
    {
        "bookingid": 3355
    },
    {
        "bookingid": 1880
    },
    {
        "bookingid": 311
    },
    {
        "bookingid": 2166
    },
    {
        "bookingid": 5
    },
    {
        "bookingid": 3499
    },
    {
        "bookingid": 1493
    },
    {
        "bookingid": 3899
    },
    {
        "bookingid": 4133
    },
    {
        "bookingid": 1363
    },
    {
        "bookingid": 2794
    },
    {
        "bookingid": 11
    },
    {
        "bookingid": 1930
    },
    {
        "bookingid": 3875
    },
    {
        "bookingid": 1818
    },
    {
        "bookingid": 822
    },
    {
        "bookingid": 2052
    },
    {
        "bookingid": 3898
    },
    {
        "bookingid": 446
    },
    {
        "bookingid": 1319
    },
    {
        "bookingid": 1932
    },
    {
        "bookingid": 4131
    },
    {
        "bookingid": 93
    },
    {
        "bookingid": 1479
    },
    {
        "bookingid": 1352
    },
    {
        "bookingid": 1531
    },
    {
        "bookingid": 4119
    },
    {
        "bookingid": 2346
    },
    {
        "bookingid": 1660
    },
    {
        "bookingid": 3838
    },
    {
        "bookingid": 4147
    },
    {
        "bookingid": 1285
    },
    {
        "bookingid": 2926
    },
    {
        "bookingid": 1440
    },
    {
        "bookingid": 3185
    },
    {
        "bookingid": 3559
    },
    {
        "bookingid": 2865
    },
    {
        "bookingid": 431
    },
    {
        "bookingid": 4105
    },
    {
        "bookingid": 1620
    },
    {
        "bookingid": 3657
    },
    {
        "bookingid": 443
    },
    {
        "bookingid": 1784
    },
    {
        "bookingid": 3795
    },
    {
        "bookingid": 2410
    },
    {
        "bookingid": 2205
    },
    {
        "bookingid": 2533
    },
    {
        "bookingid": 3532
    },
    {
        "bookingid": 2606
    },
    {
        "bookingid": 2107
    },
    {
        "bookingid": 556
    },
    {
        "bookingid": 3278
    },
    {
        "bookingid": 3821
    },
    {
        "bookingid": 2201
    },
    {
        "bookingid": 153
    },
    {
        "bookingid": 2669
    },
    {
        "bookingid": 3627
    },
    {
        "bookingid": 1231
    },
    {
        "bookingid": 1221
    },
    {
        "bookingid": 3533
    },
    {
        "bookingid": 3665
    },
    {
        "bookingid": 3051
    },
    {
        "bookingid": 3516
    },
    {
        "bookingid": 1418
    },
    {
        "bookingid": 2298
    },
    {
        "bookingid": 138
    },
    {
        "bookingid": 3651
    },
    {
        "bookingid": 3995
    },
    {
        "bookingid": 166
    },
    {
        "bookingid": 3269
    },
    {
        "bookingid": 89
    },
    {
        "bookingid": 2176
    },
    {
        "bookingid": 3445
    },
    {
        "bookingid": 3413
    },
    {
        "bookingid": 3214
    },
    {
        "bookingid": 4080
    },
    {
        "bookingid": 102
    },
    {
        "bookingid": 287
    },
    {
        "bookingid": 1267
    },
    {
        "bookingid": 3557
    },
    {
        "bookingid": 852
    },
    {
        "bookingid": 29
    },
    {
        "bookingid": 997
    },
    {
        "bookingid": 2180
    },
    {
        "bookingid": 870
    },
    {
        "bookingid": 1008
    },
    {
        "bookingid": 686
    },
    {
        "bookingid": 3583
    },
    {
        "bookingid": 3700
    },
    {
        "bookingid": 4148
    },
    {
        "bookingid": 2674
    },
    {
        "bookingid": 3075
    },
    {
        "bookingid": 3815
    },
    {
        "bookingid": 1040
    },
    {
        "bookingid": 3462
    },
    {
        "bookingid": 956
    },
    {
        "bookingid": 723
    },
    {
        "bookingid": 1002
    },
    {
        "bookingid": 1743
    },
    {
        "bookingid": 3315
    },
    {
        "bookingid": 3491
    },
    {
        "bookingid": 3227
    },
    {
        "bookingid": 1977
    },
    {
        "bookingid": 1729
    },
    {
        "bookingid": 825
    },
    {
        "bookingid": 1745
    },
    {
        "bookingid": 961
    },
    {
        "bookingid": 458
    },
    {
        "bookingid": 2583
    },
    {
        "bookingid": 808
    },
    {
        "bookingid": 836
    },
    {
        "bookingid": 2751
    },
    {
        "bookingid": 624
    },
    {
        "bookingid": 1021
    },
    {
        "bookingid": 2495
    },
    {
        "bookingid": 3852
    },
    {
        "bookingid": 1634
    },
    {
        "bookingid": 647
    },
    {
        "bookingid": 389
    },
    {
        "bookingid": 548
    },
    {
        "bookingid": 3313
    },
    {
        "bookingid": 504
    },
    {
        "bookingid": 1775
    },
    {
        "bookingid": 4008
    },
    {
        "bookingid": 3044
    },
    {
        "bookingid": 2239
    },
    {
        "bookingid": 1920
    },
    {
        "bookingid": 2394
    },
    {
        "bookingid": 858
    },
    {
        "bookingid": 609
    },
    {
        "bookingid": 4117
    },
    {
        "bookingid": 3010
    },
    {
        "bookingid": 2330
    },
    {
        "bookingid": 335
    },
    {
        "bookingid": 318
    },
    {
        "bookingid": 1524
    },
    {
        "bookingid": 112
    },
    {
        "bookingid": 1417
    },
    {
        "bookingid": 926
    },
    {
        "bookingid": 3692
    },
    {
        "bookingid": 1573
    },
    {
        "bookingid": 762
    },
    {
        "bookingid": 3018
    },
    {
        "bookingid": 3503
    },
    {
        "bookingid": 3260
    },
    {
        "bookingid": 2357
    },
    {
        "bookingid": 3915
    },
    {
        "bookingid": 1556
    },
    {
        "bookingid": 3983
    },
    {
        "bookingid": 388
    },
    {
        "bookingid": 1142
    },
    {
        "bookingid": 3635
    },
    {
        "bookingid": 4092
    },
    {
        "bookingid": 3658
    },
    {
        "bookingid": 123
    },
    {
        "bookingid": 3
    },
    {
        "bookingid": 1724
    },
    {
        "bookingid": 3265
    },
    {
        "bookingid": 479
    },
    {
        "bookingid": 2203
    },
    {
        "bookingid": 672
    },
    {
        "bookingid": 4188
    },
    {
        "bookingid": 182
    },
    {
        "bookingid": 1345
    },
    {
        "bookingid": 95
    },
    {
        "bookingid": 2212
    },
    {
        "bookingid": 212
    },
    {
        "bookingid": 1518
    },
    {
        "bookingid": 4088
    },
    {
        "bookingid": 1495
    },
    {
        "bookingid": 3498
    },
    {
        "bookingid": 1763
    },
    {
        "bookingid": 1684
    },
    {
        "bookingid": 1505
    },
    {
        "bookingid": 3291
    },
    {
        "bookingid": 568
    },
    {
        "bookingid": 501
    },
    {
        "bookingid": 2234
    },
    {
        "bookingid": 3004
    },
    {
        "bookingid": 3098
    },
    {
        "bookingid": 2744
    },
    {
        "bookingid": 559
    },
    {
        "bookingid": 816
    },
    {
        "bookingid": 3507
    },
    {
        "bookingid": 2652
    },
    {
        "bookingid": 2335
    },
    {
        "bookingid": 3037
    },
    {
        "bookingid": 690
    },
    {
        "bookingid": 742
    },
    {
        "bookingid": 2517
    },
    {
        "bookingid": 2708
    },
    {
        "bookingid": 3363
    },
    {
        "bookingid": 773
    },
    {
        "bookingid": 30
    },
    {
        "bookingid": 2991
    },
    {
        "bookingid": 3845
    },
    {
        "bookingid": 1879
    },
    {
        "bookingid": 1239
    },
    {
        "bookingid": 616
    },
    {
        "bookingid": 751
    },
    {
        "bookingid": 3294
    },
    {
        "bookingid": 2008
    },
    {
        "bookingid": 1214
    },
    {
        "bookingid": 3302
    },
    {
        "bookingid": 4185
    },
    {
        "bookingid": 1630
    },
    {
        "bookingid": 1815
    },
    {
        "bookingid": 725
    },
    {
        "bookingid": 589
    },
    {
        "bookingid": 3764
    },
    {
        "bookingid": 2609
    },
    {
        "bookingid": 893
    },
    {
        "bookingid": 2012
    },
    {
        "bookingid": 304
    },
    {
        "bookingid": 1328
    },
    {
        "bookingid": 307
    },
    {
        "bookingid": 1949
    },
    {
        "bookingid": 1522
    },
    {
        "bookingid": 4025
    },
    {
        "bookingid": 1898
    },
    {
        "bookingid": 2402
    },
    {
        "bookingid": 891
    },
    {
        "bookingid": 1914
    },
    {
        "bookingid": 1420
    },
    {
        "bookingid": 3263
    },
    {
        "bookingid": 3137
    },
    {
        "bookingid": 1854
    },
    {
        "bookingid": 4040
    },
    {
        "bookingid": 2779
    },
    {
        "bookingid": 707
    },
    {
        "bookingid": 2436
    },
    {
        "bookingid": 734
    },
    {
        "bookingid": 3685
    },
    {
        "bookingid": 3225
    },
    {
        "bookingid": 3749
    },
    {
        "bookingid": 94
    },
    {
        "bookingid": 4178
    },
    {
        "bookingid": 4102
    },
    {
        "bookingid": 219
    },
    {
        "bookingid": 3274
    },
    {
        "bookingid": 487
    },
    {
        "bookingid": 2154
    },
    {
        "bookingid": 1170
    },
    {
        "bookingid": 874
    },
    {
        "bookingid": 743
    },
    {
        "bookingid": 349
    },
    {
        "bookingid": 339
    },
    {
        "bookingid": 378
    },
    {
        "bookingid": 2882
    },
    {
        "bookingid": 3869
    },
    {
        "bookingid": 2832
    },
    {
        "bookingid": 1533
    },
    {
        "bookingid": 3148
    },
    {
        "bookingid": 2081
    },
    {
        "bookingid": 907
    },
    {
        "bookingid": 2473
    },
    {
        "bookingid": 882
    },
    {
        "bookingid": 2466
    },
    {
        "bookingid": 2617
    },
    {
        "bookingid": 1881
    },
    {
        "bookingid": 3244
    },
    {
        "bookingid": 1430
    },
    {
        "bookingid": 3293
    },
    {
        "bookingid": 1645
    },
    {
        "bookingid": 2693
    },
    {
        "bookingid": 2169
    },
    {
        "bookingid": 1451
    },
    {
        "bookingid": 323
    },
    {
        "bookingid": 2797
    },
    {
        "bookingid": 3530
    },
    {
        "bookingid": 78
    },
    {
        "bookingid": 2818
    },
    {
        "bookingid": 4068
    },
    {
        "bookingid": 383
    },
    {
        "bookingid": 2195
    },
    {
        "bookingid": 2569
    },
    {
        "bookingid": 91
    },
    {
        "bookingid": 19
    },
    {
        "bookingid": 2537
    },
    {
        "bookingid": 1429
    },
    {
        "bookingid": 2470
    },
    {
        "bookingid": 500
    },
    {
        "bookingid": 4018
    },
    {
        "bookingid": 3860
    },
    {
        "bookingid": 1890
    },
    {
        "bookingid": 3895
    },
    {
        "bookingid": 1654
    },
    {
        "bookingid": 3563
    },
    {
        "bookingid": 611
    },
    {
        "bookingid": 3104
    },
    {
        "bookingid": 3917
    },
    {
        "bookingid": 2837
    },
    {
        "bookingid": 2562
    },
    {
        "bookingid": 1544
    },
    {
        "bookingid": 1323
    },
    {
        "bookingid": 676
    },
    {
        "bookingid": 680
    },
    {
        "bookingid": 2911
    },
    {
        "bookingid": 3084
    },
    {
        "bookingid": 2547
    },
    {
        "bookingid": 1045
    },
    {
        "bookingid": 694
    },
    {
        "bookingid": 2328
    },
    {
        "bookingid": 447
    },
    {
        "bookingid": 563
    },
    {
        "bookingid": 1581
    },
    {
        "bookingid": 771
    },
    {
        "bookingid": 2406
    },
    {
        "bookingid": 1381
    },
    {
        "bookingid": 3813
    },
    {
        "bookingid": 3309
    },
    {
        "bookingid": 3794
    },
    {
        "bookingid": 3223
    },
    {
        "bookingid": 1618
    },
    {
        "bookingid": 2000
    },
    {
        "bookingid": 400
    },
    {
        "bookingid": 3777
    },
    {
        "bookingid": 2917
    },
    {
        "bookingid": 2251
    },
    {
        "bookingid": 2668
    },
    {
        "bookingid": 4168
    },
    {
        "bookingid": 2505
    },
    {
        "bookingid": 3343
    },
    {
        "bookingid": 941
    },
    {
        "bookingid": 948
    },
    {
        "bookingid": 305
    },
    {
        "bookingid": 1177
    },
    {
        "bookingid": 1600
    },
    {
        "bookingid": 1084
    },
    {
        "bookingid": 150
    },
    {
        "bookingid": 2153
    },
    {
        "bookingid": 2908
    },
    {
        "bookingid": 520
    },
    {
        "bookingid": 3781
    },
    {
        "bookingid": 3347
    },
    {
        "bookingid": 494
    },
    {
        "bookingid": 3893
    },
    {
        "bookingid": 394
    },
    {
        "bookingid": 1075
    },
    {
        "bookingid": 659
    },
    {
        "bookingid": 2445
    },
    {
        "bookingid": 717
    },
    {
        "bookingid": 2391
    },
    {
        "bookingid": 4195
    },
    {
        "bookingid": 286
    },
    {
        "bookingid": 922
    },
    {
        "bookingid": 2515
    },
    {
        "bookingid": 1909
    },
    {
        "bookingid": 2985
    },
    {
        "bookingid": 1361
    },
    {
        "bookingid": 1978
    },
    {
        "bookingid": 3289
    },
    {
        "bookingid": 3299
    },
    {
        "bookingid": 3070
    },
    {
        "bookingid": 930
    },
    {
        "bookingid": 3676
    },
    {
        "bookingid": 3130
    },
    {
        "bookingid": 3237
    },
    {
        "bookingid": 1693
    },
    {
        "bookingid": 1528
    },
    {
        "bookingid": 2864
    },
    {
        "bookingid": 3742
    },
    {
        "bookingid": 1585
    },
    {
        "bookingid": 1611
    },
    {
        "bookingid": 1478
    },
    {
        "bookingid": 2928
    },
    {
        "bookingid": 4164
    },
    {
        "bookingid": 714
    },
    {
        "bookingid": 2279
    },
    {
        "bookingid": 2540
    },
    {
        "bookingid": 2450
    },
    {
        "bookingid": 1706
    },
    {
        "bookingid": 747
    },
    {
        "bookingid": 2534
    },
    {
        "bookingid": 1796
    },
    {
        "bookingid": 2444
    },
    {
        "bookingid": 3757
    },
    {
        "bookingid": 3042
    },
    {
        "bookingid": 2408
    },
    {
        "bookingid": 988
    },
    {
        "bookingid": 3370
    },
    {
        "bookingid": 3334
    },
    {
        "bookingid": 637
    },
    {
        "bookingid": 1273
    },
    {
        "bookingid": 3395
    },
    {
        "bookingid": 1477
    },
    {
        "bookingid": 1169
    },
    {
        "bookingid": 1052
    },
    {
        "bookingid": 719
    },
    {
        "bookingid": 2758
    },
    {
        "bookingid": 2287
    },
    {
        "bookingid": 2506
    },
    {
        "bookingid": 1673
    },
    {
        "bookingid": 4196
    },
    {
        "bookingid": 2579
    },
    {
        "bookingid": 3661
    },
    {
        "bookingid": 2479
    },
    {
        "bookingid": 270
    },
    {
        "bookingid": 263
    },
    {
        "bookingid": 3429
    },
    {
        "bookingid": 3836
    },
    {
        "bookingid": 1149
    },
    {
        "bookingid": 3215
    },
    {
        "bookingid": 3177
    },
    {
        "bookingid": 1794
    },
    {
        "bookingid": 2592
    },
    {
        "bookingid": 741
    },
    {
        "bookingid": 130
    },
    {
        "bookingid": 2580
    },
    {
        "bookingid": 475
    },
    {
        "bookingid": 2367
    },
    {
        "bookingid": 3699
    },
    {
        "bookingid": 486
    },
    {
        "bookingid": 1165
    },
    {
        "bookingid": 3871
    },
    {
        "bookingid": 3864
    },
    {
        "bookingid": 3683
    },
    {
        "bookingid": 1
    },
    {
        "bookingid": 1813
    },
    {
        "bookingid": 3857
    },
    {
        "bookingid": 1707
    },
    {
        "bookingid": 2825
    },
    {
        "bookingid": 1595
    },
    {
        "bookingid": 2849
    },
    {
        "bookingid": 1456
    },
    {
        "bookingid": 119
    },
    {
        "bookingid": 1563
    },
    {
        "bookingid": 1969
    },
    {
        "bookingid": 1871
    },
    {
        "bookingid": 598
    },
    {
        "bookingid": 3041
    },
    {
        "bookingid": 1253
    },
    {
        "bookingid": 1235
    },
    {
        "bookingid": 1714
    },
    {
        "bookingid": 3878
    },
    {
        "bookingid": 3493
    },
    {
        "bookingid": 514
    },
    {
        "bookingid": 4060
    },
    {
        "bookingid": 3123
    },
    {
        "bookingid": 1513
    },
    {
        "bookingid": 871
    },
    {
        "bookingid": 1445
    },
    {
        "bookingid": 3621
    },
    {
        "bookingid": 876
    },
    {
        "bookingid": 99
    },
    {
        "bookingid": 2481
    },
    {
        "bookingid": 3959
    },
    {
        "bookingid": 3432
    },
    {
        "bookingid": 2273
    },
    {
        "bookingid": 105
    },
    {
        "bookingid": 1034
    },
    {
        "bookingid": 1987
    },
    {
        "bookingid": 1046
    },
    {
        "bookingid": 1100
    },
    {
        "bookingid": 648
    },
    {
        "bookingid": 6
    },
    {
        "bookingid": 3629
    },
    {
        "bookingid": 4047
    },
    {
        "bookingid": 2046
    },
    {
        "bookingid": 2018
    },
    {
        "bookingid": 3978
    },
    {
        "bookingid": 2429
    },
    {
        "bookingid": 4066
    },
    {
        "bookingid": 588
    },
    {
        "bookingid": 2337
    },
    {
        "bookingid": 226
    },
    {
        "bookingid": 2969
    },
    {
        "bookingid": 3441
    },
    {
        "bookingid": 4090
    },
    {
        "bookingid": 3763
    },
    {
        "bookingid": 1986
    },
    {
        "bookingid": 3421
    },
    {
        "bookingid": 3056
    },
    {
        "bookingid": 2044
    },
    {
        "bookingid": 41
    },
    {
        "bookingid": 1545
    },
    {
        "bookingid": 3132
    },
    {
        "bookingid": 2869
    },
    {
        "bookingid": 101
    },
    {
        "bookingid": 3748
    },
    {
        "bookingid": 4033
    },
    {
        "bookingid": 471
    },
    {
        "bookingid": 256
    },
    {
        "bookingid": 1353
    },
    {
        "bookingid": 3354
    },
    {
        "bookingid": 1773
    },
    {
        "bookingid": 3571
    },
    {
        "bookingid": 2418
    },
    {
        "bookingid": 551
    },
    {
        "bookingid": 2401
    },
    {
        "bookingid": 895
    },
    {
        "bookingid": 1976
    },
    {
        "bookingid": 2136
    },
    {
        "bookingid": 3420
    },
    {
        "bookingid": 2423
    },
    {
        "bookingid": 227
    },
    {
        "bookingid": 271
    },
    {
        "bookingid": 2385
    },
    {
        "bookingid": 149
    },
    {
        "bookingid": 3065
    },
    {
        "bookingid": 863
    },
    {
        "bookingid": 3153
    },
    {
        "bookingid": 1841
    },
    {
        "bookingid": 759
    },
    {
        "bookingid": 4159
    },
    {
        "bookingid": 3597
    },
    {
        "bookingid": 1938
    },
    {
        "bookingid": 2397
    },
    {
        "bookingid": 3703
    },
    {
        "bookingid": 3565
    },
    {
        "bookingid": 2697
    },
    {
        "bookingid": 2765
    },
    {
        "bookingid": 1735
    },
    {
        "bookingid": 262
    },
    {
        "bookingid": 1997
    },
    {
        "bookingid": 216
    },
    {
        "bookingid": 868
    },
    {
        "bookingid": 619
    },
    {
        "bookingid": 1300
    },
    {
        "bookingid": 3155
    },
    {
        "bookingid": 1000
    },
    {
        "bookingid": 1958
    },
    {
        "bookingid": 3904
    },
    {
        "bookingid": 1130
    },
    {
        "bookingid": 4054
    },
    {
        "bookingid": 20
    },
    {
        "bookingid": 2140
    },
    {
        "bookingid": 426
    },
    {
        "bookingid": 655
    },
    {
        "bookingid": 602
    },
    {
        "bookingid": 488
    },
    {
        "bookingid": 437
    },
    {
        "bookingid": 1255
    },
    {
        "bookingid": 2252
    },
    {
        "bookingid": 1181
    },
    {
        "bookingid": 57
    },
    {
        "bookingid": 1401
    },
    {
        "bookingid": 1367
    },
    {
        "bookingid": 917
    },
    {
        "bookingid": 1829
    },
    {
        "bookingid": 1746
    },
    {
        "bookingid": 2225
    },
    {
        "bookingid": 4111
    },
    {
        "bookingid": 3232
    },
    {
        "bookingid": 675
    },
    {
        "bookingid": 380
    },
    {
        "bookingid": 209
    },
    {
        "bookingid": 1462
    },
    {
        "bookingid": 1135
    },
    {
        "bookingid": 2607
    },
    {
        "bookingid": 3783
    },
    {
        "bookingid": 3592
    },
    {
        "bookingid": 3799
    },
    {
        "bookingid": 454
    },
    {
        "bookingid": 2122
    },
    {
        "bookingid": 134
    },
    {
        "bookingid": 81
    },
    {
        "bookingid": 2109
    },
    {
        "bookingid": 2259
    },
    {
        "bookingid": 2906
    },
    {
        "bookingid": 353
    },
    {
        "bookingid": 3523
    },
    {
        "bookingid": 2633
    },
    {
        "bookingid": 896
    },
    {
        "bookingid": 671
    },
    {
        "bookingid": 344
    },
    {
        "bookingid": 55
    },
    {
        "bookingid": 1509
    },
    {
        "bookingid": 3755
    },
    {
        "bookingid": 2822
    },
    {
        "bookingid": 4095
    },
    {
        "bookingid": 1562
    },
    {
        "bookingid": 632
    },
    {
        "bookingid": 1719
    },
    {
        "bookingid": 827
    },
    {
        "bookingid": 643
    },
    {
        "bookingid": 1378
    },
    {
        "bookingid": 2025
    },
    {
        "bookingid": 3490
    },
    {
        "bookingid": 2181
    },
    {
        "bookingid": 1091
    },
    {
        "bookingid": 2893
    },
    {
        "bookingid": 188
    },
    {
        "bookingid": 2342
    },
    {
        "bookingid": 2009
    },
    {
        "bookingid": 1578
    },
    {
        "bookingid": 978
    },
    {
        "bookingid": 2400
    },
    {
        "bookingid": 1124
    },
    {
        "bookingid": 244
    },
    {
        "bookingid": 2666
    },
    {
        "bookingid": 942
    },
    {
        "bookingid": 2482
    },
    {
        "bookingid": 3191
    },
    {
        "bookingid": 1442
    },
    {
        "bookingid": 139
    },
    {
        "bookingid": 2171
    },
    {
        "bookingid": 3213
    },
    {
        "bookingid": 2055
    },
    {
        "bookingid": 2001
    },
    {
        "bookingid": 455
    },
    {
        "bookingid": 1249
    },
    {
        "bookingid": 1675
    },
    {
        "bookingid": 1425
    },
    {
        "bookingid": 1366
    },
    {
        "bookingid": 663
    },
    {
        "bookingid": 1094
    },
    {
        "bookingid": 2642
    },
    {
        "bookingid": 2507
    },
    {
        "bookingid": 4208
    },
    {
        "bookingid": 558
    },
    {
        "bookingid": 1331
    },
    {
        "bookingid": 4052
    },
    {
        "bookingid": 2028
    },
    {
        "bookingid": 1646
    },
    {
        "bookingid": 2516
    },
    {
        "bookingid": 914
    },
    {
        "bookingid": 2879
    },
    {
        "bookingid": 1776
    },
    {
        "bookingid": 2662
    },
    {
        "bookingid": 3267
    },
    {
        "bookingid": 1640
    },
    {
        "bookingid": 2761
    },
    {
        "bookingid": 846
    },
    {
        "bookingid": 3921
    },
    {
        "bookingid": 280
    },
    {
        "bookingid": 452
    },
    {
        "bookingid": 1283
    },
    {
        "bookingid": 2940
    },
    {
        "bookingid": 3110
    },
    {
        "bookingid": 2738
    },
    {
        "bookingid": 2732
    },
    {
        "bookingid": 3021
    },
    {
        "bookingid": 3154
    },
    {
        "bookingid": 250
    },
    {
        "bookingid": 2021
    },
    {
        "bookingid": 1105
    },
    {
        "bookingid": 2246
    },
    {
        "bookingid": 934
    },
    {
        "bookingid": 368
    },
    {
        "bookingid": 3147
    },
    {
        "bookingid": 3569
    },
    {
        "bookingid": 3673
    },
    {
        "bookingid": 756
    },
    {
        "bookingid": 2299
    },
    {
        "bookingid": 964
    },
    {
        "bookingid": 2710
    },
    {
        "bookingid": 1833
    },
    {
        "bookingid": 2142
    },
    {
        "bookingid": 2600
    },
    {
        "bookingid": 831
    },
    {
        "bookingid": 1911
    },
    {
        "bookingid": 2831
    },
    {
        "bookingid": 2700
    },
    {
        "bookingid": 2838
    },
    {
        "bookingid": 3431
    },
    {
        "bookingid": 2717
    },
    {
        "bookingid": 3820
    },
    {
        "bookingid": 2953
    },
    {
        "bookingid": 3874
    },
    {
        "bookingid": 3992
    },
    {
        "bookingid": 4002
    },
    {
        "bookingid": 2529
    },
    {
        "bookingid": 147
    },
    {
        "bookingid": 1983
    },
    {
        "bookingid": 4180
    },
    {
        "bookingid": 3025
    },
    {
        "bookingid": 3518
    },
    {
        "bookingid": 1626
    },
    {
        "bookingid": 3497
    },
    {
        "bookingid": 3894
    },
    {
        "bookingid": 2244
    },
    {
        "bookingid": 338
    },
    {
        "bookingid": 1007
    },
    {
        "bookingid": 620
    },
    {
        "bookingid": 403
    },
    {
        "bookingid": 42
    },
    {
        "bookingid": 3883
    },
    {
        "bookingid": 1530
    },
    {
        "bookingid": 3689
    },
    {
        "bookingid": 3766
    },
    {
        "bookingid": 1893
    },
    {
        "bookingid": 721
    },
    {
        "bookingid": 3984
    },
    {
        "bookingid": 3990
    },
    {
        "bookingid": 1502
    },
    {
        "bookingid": 1940
    },
    {
        "bookingid": 1687
    },
    {
        "bookingid": 2048
    },
    {
        "bookingid": 195
    },
    {
        "bookingid": 1392
    },
    {
        "bookingid": 3321
    },
    {
        "bookingid": 205
    },
    {
        "bookingid": 1853
    },
    {
        "bookingid": 3151
    },
    {
        "bookingid": 2202
    },
    {
        "bookingid": 4107
    },
    {
        "bookingid": 3524
    },
    {
        "bookingid": 3300
    },
    {
        "bookingid": 1458
    },
    {
        "bookingid": 2285
    },
    {
        "bookingid": 3062
    },
    {
        "bookingid": 509
    },
    {
        "bookingid": 490
    },
    {
        "bookingid": 3648
    },
    {
        "bookingid": 584
    },
    {
        "bookingid": 1110
    },
    {
        "bookingid": 38
    },
    {
        "bookingid": 3608
    },
    {
        "bookingid": 449
    },
    {
        "bookingid": 3337
    },
    {
        "bookingid": 3460
    },
    {
        "bookingid": 1523
    },
    {
        "bookingid": 2313
    },
    {
        "bookingid": 2867
    },
    {
        "bookingid": 2078
    },
    {
        "bookingid": 1679
    },
    {
        "bookingid": 1998
    },
    {
        "bookingid": 2846
    },
    {
        "bookingid": 1289
    },
    {
        "bookingid": 127
    },
    {
        "bookingid": 913
    },
    {
        "bookingid": 4174
    },
    {
        "bookingid": 2783
    },
    {
        "bookingid": 2503
    },
    {
        "bookingid": 1772
    },
    {
        "bookingid": 1436
    },
    {
        "bookingid": 416
    },
    {
        "bookingid": 122
    },
    {
        "bookingid": 2934
    },
    {
        "bookingid": 3348
    },
    {
        "bookingid": 2275
    },
    {
        "bookingid": 3020
    },
    {
        "bookingid": 3525
    },
    {
        "bookingid": 1237
    },
    {
        "bookingid": 1140
    },
    {
        "bookingid": 1354
    },
    {
        "bookingid": 1092
    },
    {
        "bookingid": 2088
    },
    {
        "bookingid": 1913
    },
    {
        "bookingid": 1508
    },
    {
        "bookingid": 2551
    },
    {
        "bookingid": 574
    },
    {
        "bookingid": 860
    },
    {
        "bookingid": 2187
    },
    {
        "bookingid": 1131
    },
    {
        "bookingid": 2795
    },
    {
        "bookingid": 887
    },
    {
        "bookingid": 840
    },
    {
        "bookingid": 699
    },
    {
        "bookingid": 3865
    },
    {
        "bookingid": 2595
    },
    {
        "bookingid": 2463
    },
    {
        "bookingid": 2511
    },
    {
        "bookingid": 76
    },
    {
        "bookingid": 1188
    },
    {
        "bookingid": 2629
    },
    {
        "bookingid": 973
    },
    {
        "bookingid": 2433
    },
    {
        "bookingid": 519
    },
    {
        "bookingid": 2061
    },
    {
        "bookingid": 592
    },
    {
        "bookingid": 328
    },
    {
        "bookingid": 2134
    },
    {
        "bookingid": 2113
    },
    {
        "bookingid": 1519
    },
    {
        "bookingid": 3170
    },
    {
        "bookingid": 3579
    },
    {
        "bookingid": 4030
    },
    {
        "bookingid": 302
    },
    {
        "bookingid": 2384
    },
    {
        "bookingid": 951
    },
    {
        "bookingid": 2161
    },
    {
        "bookingid": 3322
    },
    {
        "bookingid": 2803
    },
    {
        "bookingid": 1318
    },
    {
        "bookingid": 1700
    },
    {
        "bookingid": 3631
    },
    {
        "bookingid": 2564
    },
    {
        "bookingid": 4145
    },
    {
        "bookingid": 110
    },
    {
        "bookingid": 1449
    },
    {
        "bookingid": 1228
    },
    {
        "bookingid": 3938
    },
    {
        "bookingid": 4194
    },
    {
        "bookingid": 600
    },
    {
        "bookingid": 3353
    },
    {
        "bookingid": 3475
    },
    {
        "bookingid": 2584
    },
    {
        "bookingid": 3159
    },
    {
        "bookingid": 2403
    },
    {
        "bookingid": 174
    },
    {
        "bookingid": 2324
    },
    {
        "bookingid": 1187
    },
    {
        "bookingid": 1433
    },
    {
        "bookingid": 2964
    },
    {
        "bookingid": 1816
    },
    {
        "bookingid": 1244
    },
    {
        "bookingid": 28
    },
    {
        "bookingid": 1652
    },
    {
        "bookingid": 3620
    },
    {
        "bookingid": 2208
    },
    {
        "bookingid": 1736
    },
    {
        "bookingid": 480
    },
    {
        "bookingid": 1539
    },
    {
        "bookingid": 1577
    },
    {
        "bookingid": 3810
    },
    {
        "bookingid": 3770
    },
    {
        "bookingid": 1080
    },
    {
        "bookingid": 2568
    },
    {
        "bookingid": 3686
    },
    {
        "bookingid": 63
    },
    {
        "bookingid": 3705
    },
    {
        "bookingid": 141
    },
    {
        "bookingid": 4114
    },
    {
        "bookingid": 1828
    },
    {
        "bookingid": 625
    },
    {
        "bookingid": 1989
    },
    {
        "bookingid": 34
    },
    {
        "bookingid": 2967
    },
    {
        "bookingid": 3552
    },
    {
        "bookingid": 2499
    },
    {
        "bookingid": 3194
    },
    {
        "bookingid": 439
    },
    {
        "bookingid": 3842
    },
    {
        "bookingid": 971
    },
    {
        "bookingid": 1576
    },
    {
        "bookingid": 2897
    },
    {
        "bookingid": 1491
    },
    {
        "bookingid": 2618
    },
    {
        "bookingid": 1119
    },
    {
        "bookingid": 474
    },
    {
        "bookingid": 376
    },
    {
        "bookingid": 462
    },
    {
        "bookingid": 794
    },
    {
        "bookingid": 2828
    },
    {
        "bookingid": 1278
    },
    {
        "bookingid": 3834
    },
    {
        "bookingid": 2914
    },
    {
        "bookingid": 4087
    },
    {
        "bookingid": 3135
    },
    {
        "bookingid": 1862
    },
    {
        "bookingid": 730
    },
    {
        "bookingid": 1757
    },
    {
        "bookingid": 2518
    },
    {
        "bookingid": 502
    },
    {
        "bookingid": 2839
    },
    {
        "bookingid": 3508
    },
    {
        "bookingid": 2426
    },
    {
        "bookingid": 3577
    },
    {
        "bookingid": 2146
    },
    {
        "bookingid": 2724
    },
    {
        "bookingid": 2270
    },
    {
        "bookingid": 549
    },
    {
        "bookingid": 2874
    },
    {
        "bookingid": 2356
    },
    {
        "bookingid": 710
    },
    {
        "bookingid": 2
    },
    {
        "bookingid": 2930
    },
    {
        "bookingid": 310
    },
    {
        "bookingid": 3385
    },
    {
        "bookingid": 1948
    },
    {
        "bookingid": 4171
    },
    {
        "bookingid": 2058
    },
    {
        "bookingid": 3072
    },
    {
        "bookingid": 3461
    },
    {
        "bookingid": 1615
    },
    {
        "bookingid": 3272
    },
    {
        "bookingid": 4108
    },
    {
        "bookingid": 56
    },
    {
        "bookingid": 2888
    },
    {
        "bookingid": 748
    },
    {
        "bookingid": 1196
    },
    {
        "bookingid": 3406
    },
    {
        "bookingid": 642
    },
    {
        "bookingid": 1112
    },
    {
        "bookingid": 3381
    },
    {
        "bookingid": 2513
    },
    {
        "bookingid": 859
    },
    {
        "bookingid": 1780
    },
    {
        "bookingid": 1497
    },
    {
        "bookingid": 1594
    },
    {
        "bookingid": 3320
    },
    {
        "bookingid": 2800
    },
    {
        "bookingid": 1325
    },
    {
        "bookingid": 1039
    },
    {
        "bookingid": 745
    },
    {
        "bookingid": 179
    },
    {
        "bookingid": 819
    },
    {
        "bookingid": 2714
    },
    {
        "bookingid": 1125
    },
    {
        "bookingid": 23
    },
    {
        "bookingid": 1988
    },
    {
        "bookingid": 2425
    },
    {
        "bookingid": 596
    },
    {
        "bookingid": 1317
    },
    {
        "bookingid": 3914
    },
    {
        "bookingid": 522
    },
    {
        "bookingid": 698
    },
    {
        "bookingid": 784
    },
    {
        "bookingid": 117
    },
    {
        "bookingid": 622
    },
    {
        "bookingid": 4038
    },
    {
        "bookingid": 1846
    },
    {
        "bookingid": 2587
    },
    {
        "bookingid": 3040
    },
    {
        "bookingid": 812
    },
    {
        "bookingid": 2630
    },
    {
        "bookingid": 3647
    },
    {
        "bookingid": 3013
    },
    {
        "bookingid": 2428
    },
    {
        "bookingid": 1552
    },
    {
        "bookingid": 3083
    },
    {
        "bookingid": 3239
    },
    {
        "bookingid": 3848
    },
    {
        "bookingid": 2992
    },
    {
        "bookingid": 2489
    },
    {
        "bookingid": 2083
    },
    {
        "bookingid": 3778
    },
    {
        "bookingid": 161
    },
    {
        "bookingid": 1051
    },
    {
        "bookingid": 1252
    },
    {
        "bookingid": 2029
    },
    {
        "bookingid": 1190
    },
    {
        "bookingid": 3444
    },
    {
        "bookingid": 4162
    },
    {
        "bookingid": 1072
    },
    {
        "bookingid": 2305
    },
    {
        "bookingid": 4112
    },
    {
        "bookingid": 3076
    },
    {
        "bookingid": 52
    },
    {
        "bookingid": 1708
    },
    {
        "bookingid": 1599
    },
    {
        "bookingid": 1903
    },
    {
        "bookingid": 1222
    },
    {
        "bookingid": 3912
    },
    {
        "bookingid": 889
    },
    {
        "bookingid": 2736
    },
    {
        "bookingid": 2192
    },
    {
        "bookingid": 2043
    },
    {
        "bookingid": 1888
    },
    {
        "bookingid": 1744
    },
    {
        "bookingid": 1742
    },
    {
        "bookingid": 2943
    },
    {
        "bookingid": 2265
    },
    {
        "bookingid": 1148
    },
    {
        "bookingid": 1891
    },
    {
        "bookingid": 2310
    },
    {
        "bookingid": 3760
    },
    {
        "bookingid": 2919
    },
    {
        "bookingid": 3047
    },
    {
        "bookingid": 88
    },
    {
        "bookingid": 3803
    },
    {
        "bookingid": 962
    },
    {
        "bookingid": 1883
    },
    {
        "bookingid": 1963
    },
    {
        "bookingid": 2661
    },
    {
        "bookingid": 1264
    },
    {
        "bookingid": 4082
    },
    {
        "bookingid": 3367
    },
    {
        "bookingid": 3547
    },
    {
        "bookingid": 618
    },
    {
        "bookingid": 3401
    },
    {
        "bookingid": 3033
    },
    {
        "bookingid": 3862
    },
    {
        "bookingid": 3671
    },
    {
        "bookingid": 2519
    },
    {
        "bookingid": 3078
    },
    {
        "bookingid": 790
    },
    {
        "bookingid": 2599
    },
    {
        "bookingid": 1376
    },
    {
        "bookingid": 1241
    },
    {
        "bookingid": 2650
    },
    {
        "bookingid": 1152
    },
    {
        "bookingid": 3680
    },
    {
        "bookingid": 2457
    },
    {
        "bookingid": 2695
    },
    {
        "bookingid": 777
    },
    {
        "bookingid": 3674
    },
    {
        "bookingid": 4011
    },
    {
        "bookingid": 3233
    },
    {
        "bookingid": 3950
    },
    {
        "bookingid": 653
    },
    {
        "bookingid": 2769
    },
    {
        "bookingid": 867
    },
    {
        "bookingid": 3554
    },
    {
        "bookingid": 3663
    },
    {
        "bookingid": 2488
    },
    {
        "bookingid": 1941
    },
    {
        "bookingid": 249
    },
    {
        "bookingid": 237
    },
    {
        "bookingid": 3468
    },
    {
        "bookingid": 3103
    },
    {
        "bookingid": 806
    },
    {
        "bookingid": 515
    },
    {
        "bookingid": 3122
    },
    {
        "bookingid": 3113
    },
    {
        "bookingid": 834
    },
    {
        "bookingid": 1001
    },
    {
        "bookingid": 3184
    },
    {
        "bookingid": 1067
    },
    {
        "bookingid": 3971
    },
    {
        "bookingid": 1619
    },
    {
        "bookingid": 3027
    },
    {
        "bookingid": 2267
    },
    {
        "bookingid": 3599
    },
    {
        "bookingid": 3000
    },
    {
        "bookingid": 833
    },
    {
        "bookingid": 3511
    },
    {
        "bookingid": 1669
    },
    {
        "bookingid": 3965
    },
    {
        "bookingid": 3702
    },
    {
        "bookingid": 2274
    },
    {
        "bookingid": 2750
    },
    {
        "bookingid": 2571
    },
    {
        "bookingid": 4067
    },
    {
        "bookingid": 1589
    },
    {
        "bookingid": 708
    },
    {
        "bookingid": 1964
    },
    {
        "bookingid": 3846
    },
    {
        "bookingid": 1101
    },
    {
        "bookingid": 2684
    },
    {
        "bookingid": 3585
    },
    {
        "bookingid": 1218
    },
    {
        "bookingid": 947
    },
    {
        "bookingid": 2163
    },
    {
        "bookingid": 1612
    },
    {
        "bookingid": 984
    },
    {
        "bookingid": 2170
    },
    {
        "bookingid": 186
    },
    {
        "bookingid": 513
    },
    {
        "bookingid": 4023
    },
    {
        "bookingid": 457
    },
    {
        "bookingid": 1954
    },
    {
        "bookingid": 2726
    },
    {
        "bookingid": 1182
    },
    {
        "bookingid": 2787
    },
    {
        "bookingid": 1391
    },
    {
        "bookingid": 3610
    },
    {
        "bookingid": 711
    },
    {
        "bookingid": 411
    },
    {
        "bookingid": 482
    },
    {
        "bookingid": 2526
    },
    {
        "bookingid": 2706
    },
    {
        "bookingid": 3380
    },
    {
        "bookingid": 1250
    },
    {
        "bookingid": 2641
    },
    {
        "bookingid": 4187
    },
    {
        "bookingid": 3157
    },
    {
        "bookingid": 3276
    },
    {
        "bookingid": 2183
    },
    {
        "bookingid": 2231
    },
    {
        "bookingid": 2336
    },
    {
        "bookingid": 954
    },
    {
        "bookingid": 1062
    },
    {
        "bookingid": 1597
    },
    {
        "bookingid": 1686
    },
    {
        "bookingid": 2388
    },
    {
        "bookingid": 1448
    },
    {
        "bookingid": 1926
    },
    {
        "bookingid": 3526
    },
    {
        "bookingid": 3058
    },
    {
        "bookingid": 1811
    },
    {
        "bookingid": 2492
    },
    {
        "bookingid": 2585
    },
    {
        "bookingid": 1504
    },
    {
        "bookingid": 2575
    },
    {
        "bookingid": 2802
    },
    {
        "bookingid": 638
    },
    {
        "bookingid": 847
    },
    {
        "bookingid": 22
    },
    {
        "bookingid": 2631
    },
    {
        "bookingid": 4167
    },
    {
        "bookingid": 1487
    },
    {
        "bookingid": 1511
    },
    {
        "bookingid": 35
    },
    {
        "bookingid": 373
    },
    {
        "bookingid": 187
    },
    {
        "bookingid": 1877
    },
    {
        "bookingid": 1400
    },
    {
        "bookingid": 3975
    },
    {
        "bookingid": 477
    },
    {
        "bookingid": 39
    },
    {
        "bookingid": 2966
    },
    {
        "bookingid": 1951
    },
    {
        "bookingid": 2999
    },
    {
        "bookingid": 869
    },
    {
        "bookingid": 44
    },
    {
        "bookingid": 799
    },
    {
        "bookingid": 236
    },
    {
        "bookingid": 1912
    },
    {
        "bookingid": 1765
    },
    {
        "bookingid": 1333
    },
    {
        "bookingid": 1610
    },
    {
        "bookingid": 1717
    },
    {
        "bookingid": 3054
    },
    {
        "bookingid": 395
    },
    {
        "bookingid": 3716
    },
    {
        "bookingid": 1282
    },
    {
        "bookingid": 660
    },
    {
        "bookingid": 1875
    },
    {
        "bookingid": 285
    },
    {
        "bookingid": 1672
    },
    {
        "bookingid": 1455
    },
    {
        "bookingid": 4013
    },
    {
        "bookingid": 1198
    },
    {
        "bookingid": 2255
    },
    {
        "bookingid": 3124
    },
    {
        "bookingid": 3986
    },
    {
        "bookingid": 1732
    },
    {
        "bookingid": 1827
    },
    {
        "bookingid": 634
    },
    {
        "bookingid": 1739
    },
    {
        "bookingid": 3889
    },
    {
        "bookingid": 958
    },
    {
        "bookingid": 248
    },
    {
        "bookingid": 2605
    },
    {
        "bookingid": 966
    },
    {
        "bookingid": 2594
    },
    {
        "bookingid": 2577
    },
    {
        "bookingid": 3769
    },
    {
        "bookingid": 2646
    },
    {
        "bookingid": 2320
    },
    {
        "bookingid": 1414
    },
    {
        "bookingid": 1132
    },
    {
        "bookingid": 2498
    },
    {
        "bookingid": 1606
    },
    {
        "bookingid": 3740
    },
    {
        "bookingid": 1540
    },
    {
        "bookingid": 3198
    },
    {
        "bookingid": 159
    },
    {
        "bookingid": 3998
    },
    {
        "bookingid": 768
    },
    {
        "bookingid": 140
    },
    {
        "bookingid": 594
    },
    {
        "bookingid": 1379
    },
    {
        "bookingid": 2591
    },
    {
        "bookingid": 3712
    },
    {
        "bookingid": 64
    },
    {
        "bookingid": 1759
    },
    {
        "bookingid": 2937
    },
    {
        "bookingid": 949
    },
    {
        "bookingid": 4109
    },
    {
        "bookingid": 1467
    },
    {
        "bookingid": 2378
    },
    {
        "bookingid": 590
    },
    {
        "bookingid": 2960
    },
    {
        "bookingid": 3243
    },
    {
        "bookingid": 2137
    },
    {
        "bookingid": 75
    },
    {
        "bookingid": 2062
    },
    {
        "bookingid": 1304
    },
    {
        "bookingid": 1915
    },
    {
        "bookingid": 2462
    },
    {
        "bookingid": 3776
    },
    {
        "bookingid": 581
    },
    {
        "bookingid": 1647
    },
    {
        "bookingid": 770
    },
    {
        "bookingid": 4172
    },
    {
        "bookingid": 1992
    },
    {
        "bookingid": 2258
    },
    {
        "bookingid": 4189
    },
    {
        "bookingid": 1141
    },
    {
        "bookingid": 298
    },
    {
        "bookingid": 54
    },
    {
        "bookingid": 3210
    },
    {
        "bookingid": 404
    },
    {
        "bookingid": 4125
    },
    {
        "bookingid": 3133
    },
    {
        "bookingid": 3756
    },
    {
        "bookingid": 329
    },
    {
        "bookingid": 4121
    },
    {
        "bookingid": 2038
    },
    {
        "bookingid": 1571
    },
    {
        "bookingid": 2657
    },
    {
        "bookingid": 2850
    },
    {
        "bookingid": 2944
    },
    {
        "bookingid": 2089
    },
    {
        "bookingid": 1106
    },
    {
        "bookingid": 2129
    },
    {
        "bookingid": 567
    },
    {
        "bookingid": 2636
    },
    {
        "bookingid": 3863
    },
    {
        "bookingid": 1388
    },
    {
        "bookingid": 242
    },
    {
        "bookingid": 1570
    },
    {
        "bookingid": 2997
    },
    {
        "bookingid": 2144
    },
    {
        "bookingid": 1406
    },
    {
        "bookingid": 2852
    },
    {
        "bookingid": 2737
    },
    {
        "bookingid": 3220
    },
    {
        "bookingid": 3327
    },
    {
        "bookingid": 2659
    },
    {
        "bookingid": 881
    },
    {
        "bookingid": 4100
    },
    {
        "bookingid": 70
    },
    {
        "bookingid": 1337
    },
    {
        "bookingid": 1233
    },
    {
        "bookingid": 3932
    },
    {
        "bookingid": 1288
    },
    {
        "bookingid": 3439
    },
    {
        "bookingid": 2638
    },
    {
        "bookingid": 1268
    },
    {
        "bookingid": 1122
    },
    {
        "bookingid": 3851
    },
    {
        "bookingid": 3536
    },
    {
        "bookingid": 396
    },
    {
        "bookingid": 1713
    },
    {
        "bookingid": 2416
    },
    {
        "bookingid": 3193
    },
    {
        "bookingid": 467
    },
    {
        "bookingid": 45
    },
    {
        "bookingid": 760
    },
    {
        "bookingid": 2073
    },
    {
        "bookingid": 2050
    },
    {
        "bookingid": 1096
    },
    {
        "bookingid": 1463
    },
    {
        "bookingid": 2006
    },
    {
        "bookingid": 3171
    },
    {
        "bookingid": 316
    },
    {
        "bookingid": 3366
    },
    {
        "bookingid": 542
    },
    {
        "bookingid": 569
    },
    {
        "bookingid": 4083
    },
    {
        "bookingid": 3471
    },
    {
        "bookingid": 2427
    },
    {
        "bookingid": 3958
    },
    {
        "bookingid": 3297
    },
    {
        "bookingid": 1020
    },
    {
        "bookingid": 987
    },
    {
        "bookingid": 3927
    },
    {
        "bookingid": 2898
    },
    {
        "bookingid": 709
    },
    {
        "bookingid": 967
    },
    {
        "bookingid": 538
    },
    {
        "bookingid": 2237
    },
    {
        "bookingid": 2363
    },
    {
        "bookingid": 3342
    },
    {
        "bookingid": 3801
    },
    {
        "bookingid": 1822
    },
    {
        "bookingid": 2628
    },
    {
        "bookingid": 14
    },
    {
        "bookingid": 4158
    },
    {
        "bookingid": 2755
    },
    {
        "bookingid": 2085
    },
    {
        "bookingid": 3976
    },
    {
        "bookingid": 2245
    },
    {
        "bookingid": 2361
    },
    {
        "bookingid": 1404
    },
    {
        "bookingid": 3603
    },
    {
        "bookingid": 3117
    },
    {
        "bookingid": 809
    },
    {
        "bookingid": 277
    },
    {
        "bookingid": 104
    },
    {
        "bookingid": 334
    },
    {
        "bookingid": 1324
    },
    {
        "bookingid": 1441
    },
    {
        "bookingid": 3308
    },
    {
        "bookingid": 693
    },
    {
        "bookingid": 1867
    },
    {
        "bookingid": 982
    },
    {
        "bookingid": 586
    },
    {
        "bookingid": 2216
    },
    {
        "bookingid": 2250
    },
    {
        "bookingid": 2184
    },
    {
        "bookingid": 1975
    },
    {
        "bookingid": 2133
    },
    {
        "bookingid": 1063
    },
    {
        "bookingid": 1260
    },
    {
        "bookingid": 2924
    },
    {
        "bookingid": 2359
    },
    {
        "bookingid": 1408
    },
    {
        "bookingid": 2935
    },
    {
        "bookingid": 2910
    },
    {
        "bookingid": 3114
    },
    {
        "bookingid": 113
    },
    {
        "bookingid": 1060
    },
    {
        "bookingid": 795
    },
    {
        "bookingid": 4120
    },
    {
        "bookingid": 2982
    },
    {
        "bookingid": 434
    },
    {
        "bookingid": 3281
    },
    {
        "bookingid": 1234
    },
    {
        "bookingid": 1490
    },
    {
        "bookingid": 3808
    },
    {
        "bookingid": 1843
    },
    {
        "bookingid": 3022
    },
    {
        "bookingid": 3096
    },
    {
        "bookingid": 830
    },
    {
        "bookingid": 2075
    },
    {
        "bookingid": 2687
    },
    {
        "bookingid": 2167
    },
    {
        "bookingid": 2086
    },
    {
        "bookingid": 3411
    },
    {
        "bookingid": 845
    },
    {
        "bookingid": 1203
    },
    {
        "bookingid": 2306
    },
    {
        "bookingid": 3478
    },
    {
        "bookingid": 4079
    },
    {
        "bookingid": 729
    },
    {
        "bookingid": 3604
    },
    {
        "bookingid": 4097
    },
    {
        "bookingid": 2339
    },
    {
        "bookingid": 3682
    },
    {
        "bookingid": 2778
    },
    {
        "bookingid": 3721
    },
    {
        "bookingid": 3336
    },
    {
        "bookingid": 2721
    },
    {
        "bookingid": 4186
    },
    {
        "bookingid": 4073
    },
    {
        "bookingid": 688
    },
    {
        "bookingid": 3465
    },
    {
        "bookingid": 3987
    },
    {
        "bookingid": 2820
    },
    {
        "bookingid": 1649
    },
    {
        "bookingid": 3247
    },
    {
        "bookingid": 910
    },
    {
        "bookingid": 2016
    },
    {
        "bookingid": 3208
    },
    {
        "bookingid": 3542
    },
    {
        "bookingid": 613
    },
    {
        "bookingid": 2685
    },
    {
        "bookingid": 3017
    },
    {
        "bookingid": 3207
    },
    {
        "bookingid": 1793
    },
    {
        "bookingid": 1516
    },
    {
        "bookingid": 2352
    },
    {
        "bookingid": 779
    },
    {
        "bookingid": 1627
    },
    {
        "bookingid": 1559
    },
    {
        "bookingid": 877
    },
    {
        "bookingid": 3458
    },
    {
        "bookingid": 531
    },
    {
        "bookingid": 281
    },
    {
        "bookingid": 387
    },
    {
        "bookingid": 2139
    },
    {
        "bookingid": 3957
    },
    {
        "bookingid": 3967
    },
    {
        "bookingid": 1968
    },
    {
        "bookingid": 84
    },
    {
        "bookingid": 3504
    },
    {
        "bookingid": 1866
    },
    {
        "bookingid": 1115
    },
    {
        "bookingid": 1207
    },
    {
        "bookingid": 386
    },
    {
        "bookingid": 1800
    },
    {
        "bookingid": 2111
    },
    {
        "bookingid": 1697
    },
    {
        "bookingid": 1209
    },
    {
        "bookingid": 2115
    },
    {
        "bookingid": 3806
    },
    {
        "bookingid": 3509
    },
    {
        "bookingid": 4154
    },
    {
        "bookingid": 3727
    },
    {
        "bookingid": 3202
    },
    {
        "bookingid": 2271
    },
    {
        "bookingid": 639
    },
    {
        "bookingid": 1258
    },
    {
        "bookingid": 3163
    },
    {
        "bookingid": 1747
    },
    {
        "bookingid": 3105
    },
    {
        "bookingid": 2501
    },
    {
        "bookingid": 3180
    },
    {
        "bookingid": 2586
    },
    {
        "bookingid": 3970
    },
    {
        "bookingid": 1499
    },
    {
        "bookingid": 2718
    },
    {
        "bookingid": 407
    },
    {
        "bookingid": 238
    },
    {
        "bookingid": 4074
    },
    {
        "bookingid": 626
    },
    {
        "bookingid": 3118
    },
    {
        "bookingid": 1492
    },
    {
        "bookingid": 3790
    },
    {
        "bookingid": 2885
    },
    {
        "bookingid": 86
    },
    {
        "bookingid": 460
    },
    {
        "bookingid": 2770
    },
    {
        "bookingid": 1642
    },
    {
        "bookingid": 1705
    },
    {
        "bookingid": 210
    },
    {
        "bookingid": 1174
    },
    {
        "bookingid": 3116
    },
    {
        "bookingid": 60
    },
    {
        "bookingid": 2871
    },
    {
        "bookingid": 3930
    },
    {
        "bookingid": 970
    },
    {
        "bookingid": 245
    },
    {
        "bookingid": 365
    },
    {
        "bookingid": 3626
    },
    {
        "bookingid": 1019
    },
    {
        "bookingid": 350
    },
    {
        "bookingid": 1032
    },
    {
        "bookingid": 200
    },
    {
        "bookingid": 3099
    },
    {
        "bookingid": 705
    },
    {
        "bookingid": 3181
    },
    {
        "bookingid": 1370
    },
    {
        "bookingid": 974
    },
    {
        "bookingid": 595
    },
    {
        "bookingid": 1399
    },
    {
        "bookingid": 981
    },
    {
        "bookingid": 3314
    },
    {
        "bookingid": 1269
    },
    {
        "bookingid": 1159
    },
    {
        "bookingid": 1690
    },
    {
        "bookingid": 909
    },
    {
        "bookingid": 851
    },
    {
        "bookingid": 1312
    },
    {
        "bookingid": 258
    },
    {
        "bookingid": 1832
    },
    {
        "bookingid": 2861
    },
    {
        "bookingid": 1480
    },
    {
        "bookingid": 3587
    },
    {
        "bookingid": 2309
    },
    {
        "bookingid": 3384
    },
    {
        "bookingid": 3115
    },
    {
        "bookingid": 2355
    },
    {
        "bookingid": 1788
    },
    {
        "bookingid": 2875
    },
    {
        "bookingid": 124
    },
    {
        "bookingid": 3438
    },
    {
        "bookingid": 1529
    },
    {
        "bookingid": 683
    },
    {
        "bookingid": 3346
    },
    {
        "bookingid": 126
    },
    {
        "bookingid": 627
    },
    {
        "bookingid": 1561
    },
    {
        "bookingid": 1551
    },
    {
        "bookingid": 674
    },
    {
        "bookingid": 1279
    },
    {
        "bookingid": 496
    },
    {
        "bookingid": 1549
    },
    {
        "bookingid": 16
    },
    {
        "bookingid": 343
    },
    {
        "bookingid": 2322
    },
    {
        "bookingid": 1383
    },
    {
        "bookingid": 1259
    },
    {
        "bookingid": 2196
    },
    {
        "bookingid": 418
    },
    {
        "bookingid": 402
    },
    {
        "bookingid": 2644
    },
    {
        "bookingid": 3209
    },
    {
        "bookingid": 3091
    },
    {
        "bookingid": 4161
    },
    {
        "bookingid": 204
    },
    {
        "bookingid": 3901
    },
    {
        "bookingid": 202
    },
    {
        "bookingid": 3310
    },
    {
        "bookingid": 3868
    },
    {
        "bookingid": 544
    },
    {
        "bookingid": 3572
    },
    {
        "bookingid": 1351
    },
    {
        "bookingid": 673
    },
    {
        "bookingid": 2123
    },
    {
        "bookingid": 2440
    },
    {
        "bookingid": 1994
    },
    {
        "bookingid": 1982
    },
    {
        "bookingid": 261
    },
    {
        "bookingid": 2283
    },
    {
        "bookingid": 393
    },
    {
        "bookingid": 3068
    },
    {
        "bookingid": 424
    },
    {
        "bookingid": 2955
    },
    {
        "bookingid": 1071
    },
    {
        "bookingid": 1865
    },
    {
        "bookingid": 3236
    },
    {
        "bookingid": 483
    },
    {
        "bookingid": 3169
    },
    {
        "bookingid": 3242
    },
    {
        "bookingid": 1027
    },
    {
        "bookingid": 3501
    },
    {
        "bookingid": 837
    },
    {
        "bookingid": 1232
    },
    {
        "bookingid": 1783
    },
    {
        "bookingid": 1632
    },
    {
        "bookingid": 3666
    },
    {
        "bookingid": 803
    },
    {
        "bookingid": 2792
    },
    {
        "bookingid": 4181
    },
    {
        "bookingid": 1407
    },
    {
        "bookingid": 1296
    },
    {
        "bookingid": 3649
    },
    {
        "bookingid": 1097
    },
    {
        "bookingid": 2539
    },
    {
        "bookingid": 2986
    },
    {
        "bookingid": 184
    },
    {
        "bookingid": 2543
    },
    {
        "bookingid": 3032
    },
    {
        "bookingid": 3596
    },
    {
        "bookingid": 2254
    },
    {
        "bookingid": 2635
    },
    {
        "bookingid": 1957
    },
    {
        "bookingid": 635
    },
    {
        "bookingid": 83
    },
    {
        "bookingid": 2688
    },
    {
        "bookingid": 1246
    },
    {
        "bookingid": 3156
    },
    {
        "bookingid": 82
    },
    {
        "bookingid": 2913
    },
    {
        "bookingid": 1981
    },
    {
        "bookingid": 3521
    },
    {
        "bookingid": 2845
    },
    {
        "bookingid": 575
    },
    {
        "bookingid": 1512
    },
    {
        "bookingid": 2268
    },
    {
        "bookingid": 312
    },
    {
        "bookingid": 1985
    },
    {
        "bookingid": 875
    },
    {
        "bookingid": 3911
    },
    {
        "bookingid": 1262
    },
    {
        "bookingid": 4207
    },
    {
        "bookingid": 3488
    },
    {
        "bookingid": 2950
    },
    {
        "bookingid": 3839
    },
    {
        "bookingid": 3071
    },
    {
        "bookingid": 1270
    },
    {
        "bookingid": 3328
    },
    {
        "bookingid": 1271
    },
    {
        "bookingid": 2036
    },
    {
        "bookingid": 2833
    },
    {
        "bookingid": 3389
    },
    {
        "bookingid": 2625
    },
    {
        "bookingid": 417
    },
    {
        "bookingid": 1070
    },
    {
        "bookingid": 2224
    },
    {
        "bookingid": 3088
    },
    {
        "bookingid": 2698
    },
    {
        "bookingid": 746
    },
    {
        "bookingid": 1395
    },
    {
        "bookingid": 453
    },
    {
        "bookingid": 2459
    },
    {
        "bookingid": 1310
    },
    {
        "bookingid": 3400
    },
    {
        "bookingid": 3546
    },
    {
        "bookingid": 507
    },
    {
        "bookingid": 2060
    },
    {
        "bookingid": 3053
    },
    {
        "bookingid": 472
    },
    {
        "bookingid": 3292
    },
    {
        "bookingid": 4138
    },
    {
        "bookingid": 972
    },
    {
        "bookingid": 3952
    },
    {
        "bookingid": 724
    },
    {
        "bookingid": 290
    },
    {
        "bookingid": 1474
    },
    {
        "bookingid": 2186
    },
    {
        "bookingid": 2347
    },
    {
        "bookingid": 2102
    },
    {
        "bookingid": 546
    },
    {
        "bookingid": 2947
    },
    {
        "bookingid": 2766
    },
    {
        "bookingid": 3427
    },
    {
        "bookingid": 3093
    },
    {
        "bookingid": 1771
    },
    {
        "bookingid": 66
    },
    {
        "bookingid": 606
    },
    {
        "bookingid": 77
    },
    {
        "bookingid": 4056
    },
    {
        "bookingid": 853
    },
    {
        "bookingid": 621
    },
    {
        "bookingid": 720
    },
    {
        "bookingid": 1016
    },
    {
        "bookingid": 2542
    },
    {
        "bookingid": 920
    },
    {
        "bookingid": 1835
    },
    {
        "bookingid": 1294
    },
    {
        "bookingid": 2901
    },
    {
        "bookingid": 1943
    },
    {
        "bookingid": 1384
    },
    {
        "bookingid": 555
    },
    {
        "bookingid": 2340
    },
    {
        "bookingid": 1929
    },
    {
        "bookingid": 1213
    },
    {
        "bookingid": 108
    },
    {
        "bookingid": 2035
    },
    {
        "bookingid": 1639
    },
    {
        "bookingid": 421
    },
    {
        "bookingid": 3142
    },
    {
        "bookingid": 2983
    },
    {
        "bookingid": 1229
    },
    {
        "bookingid": 240
    },
    {
        "bookingid": 3824
    },
    {
        "bookingid": 2280
    },
    {
        "bookingid": 528
    },
    {
        "bookingid": 1908
    },
    {
        "bookingid": 2131
    },
    {
        "bookingid": 1874
    },
    {
        "bookingid": 2553
    },
    {
        "bookingid": 1175
    },
    {
        "bookingid": 888
    },
    {
        "bookingid": 1825
    },
    {
        "bookingid": 3833
    },
    {
        "bookingid": 3888
    },
    {
        "bookingid": 2702
    },
    {
        "bookingid": 441
    },
    {
        "bookingid": 2235
    },
    {
        "bookingid": 155
    },
    {
        "bookingid": 3553
    },
    {
        "bookingid": 2034
    },
    {
        "bookingid": 267
    },
    {
        "bookingid": 492
    },
    {
        "bookingid": 667
    },
    {
        "bookingid": 4039
    },
    {
        "bookingid": 1424
    },
    {
        "bookingid": 2880
    },
    {
        "bookingid": 361
    },
    {
        "bookingid": 414
    },
    {
        "bookingid": 423
    },
    {
        "bookingid": 177
    },
    {
        "bookingid": 1171
    },
    {
        "bookingid": 331
    },
    {
        "bookingid": 3725
    },
    {
        "bookingid": 2443
    },
    {
        "bookingid": 3164
    },
    {
        "bookingid": 1340
    },
    {
        "bookingid": 932
    },
    {
        "bookingid": 4064
    },
    {
        "bookingid": 3955
    },
    {
        "bookingid": 3423
    },
    {
        "bookingid": 2066
    },
    {
        "bookingid": 3094
    },
    {
        "bookingid": 1387
    },
    {
        "bookingid": 2413
    },
    {
        "bookingid": 2218
    },
    {
        "bookingid": 79
    },
    {
        "bookingid": 225
    },
    {
        "bookingid": 314
    },
    {
        "bookingid": 1465
    },
    {
        "bookingid": 2172
    },
    {
        "bookingid": 582
    },
    {
        "bookingid": 2374
    },
    {
        "bookingid": 999
    },
    {
        "bookingid": 774
    },
    {
        "bookingid": 3398
    },
    {
        "bookingid": 1276
    },
    {
        "bookingid": 1592
    },
    {
        "bookingid": 180
    },
    {
        "bookingid": 2082
    },
    {
        "bookingid": 3168
    },
    {
        "bookingid": 821
    },
    {
        "bookingid": 1934
    },
    {
        "bookingid": 3994
    },
    {
        "bookingid": 2747
    },
    {
        "bookingid": 1069
    },
    {
        "bookingid": 3482
    },
    {
        "bookingid": 715
    },
    {
        "bookingid": 2552
    },
    {
        "bookingid": 2883
    },
    {
        "bookingid": 1613
    },
    {
        "bookingid": 1041
    },
    {
        "bookingid": 1953
    },
    {
        "bookingid": 3667
    },
    {
        "bookingid": 2100
    },
    {
        "bookingid": 3881
    },
    {
        "bookingid": 3677
    },
    {
        "bookingid": 681
    },
    {
        "bookingid": 98
    },
    {
        "bookingid": 4142
    },
    {
        "bookingid": 2806
    },
    {
        "bookingid": 704
    },
    {
        "bookingid": 2902
    },
    {
        "bookingid": 4046
    },
    {
        "bookingid": 3605
    },
    {
        "bookingid": 1472
    },
    {
        "bookingid": 1961
    },
    {
        "bookingid": 695
    },
    {
        "bookingid": 3034
    },
    {
        "bookingid": 2868
    },
    {
        "bookingid": 3733
    },
    {
        "bookingid": 2757
    },
    {
        "bookingid": 3771
    },
    {
        "bookingid": 1050
    },
    {
        "bookingid": 3305
    },
    {
        "bookingid": 133
    },
    {
        "bookingid": 1113
    },
    {
        "bookingid": 2616
    },
    {
        "bookingid": 3925
    },
    {
        "bookingid": 1837
    },
    {
        "bookingid": 3182
    },
    {
        "bookingid": 1166
    },
    {
        "bookingid": 3514
    },
    {
        "bookingid": 1769
    },
    {
        "bookingid": 3679
    },
    {
        "bookingid": 1469
    },
    {
        "bookingid": 3254
    },
    {
        "bookingid": 2801
    },
    {
        "bookingid": 521
    },
    {
        "bookingid": 1481
    },
    {
        "bookingid": 3902
    },
    {
        "bookingid": 1580
    },
    {
        "bookingid": 2124
    },
    {
        "bookingid": 340
    },
    {
        "bookingid": 3593
    },
    {
        "bookingid": 27
    },
    {
        "bookingid": 3287
    },
    {
        "bookingid": 1475
    },
    {
        "bookingid": 220
    },
    {
        "bookingid": 2877
    },
    {
        "bookingid": 3548
    },
    {
        "bookingid": 1550
    },
    {
        "bookingid": 1753
    },
    {
        "bookingid": 2558
    },
    {
        "bookingid": 3480
    },
    {
        "bookingid": 654
    },
    {
        "bookingid": 529
    },
    {
        "bookingid": 4037
    },
    {
        "bookingid": 3447
    },
    {
        "bookingid": 2804
    },
    {
        "bookingid": 1658
    },
    {
        "bookingid": 1635
    },
    {
        "bookingid": 171
    },
    {
        "bookingid": 906
    },
    {
        "bookingid": 1217
    },
    {
        "bookingid": 2827
    },
    {
        "bookingid": 957
    },
    {
        "bookingid": 2948
    },
    {
        "bookingid": 2093
    },
    {
        "bookingid": 2453
    },
    {
        "bookingid": 4012
    },
    {
        "bookingid": 1668
    },
    {
        "bookingid": 1970
    },
    {
        "bookingid": 1937
    },
    {
        "bookingid": 1575
    },
    {
        "bookingid": 228
    },
    {
        "bookingid": 3541
    },
    {
        "bookingid": 1886
    },
    {
        "bookingid": 1157
    },
    {
        "bookingid": 1415
    },
    {
        "bookingid": 1971
    },
    {
        "bookingid": 132
    },
    {
        "bookingid": 1927
    },
    {
        "bookingid": 2217
    },
    {
        "bookingid": 2438
    },
    {
        "bookingid": 4044
    },
    {
        "bookingid": 2099
    },
    {
        "bookingid": 1766
    },
    {
        "bookingid": 1343
    },
    {
        "bookingid": 1568
    },
    {
        "bookingid": 610
    },
    {
        "bookingid": 3485
    },
    {
        "bookingid": 2892
    },
    {
        "bookingid": 3670
    },
    {
        "bookingid": 1720
    },
    {
        "bookingid": 3361
    },
    {
        "bookingid": 3807
    },
    {
        "bookingid": 1026
    },
    {
        "bookingid": 2150
    },
    {
        "bookingid": 2069
    },
    {
        "bookingid": 2477
    },
    {
        "bookingid": 4050
    },
    {
        "bookingid": 2774
    },
    {
        "bookingid": 682
    },
    {
        "bookingid": 3854
    },
    {
        "bookingid": 2486
    },
    {
        "bookingid": 517
    },
    {
        "bookingid": 2672
    },
    {
        "bookingid": 3464
    },
    {
        "bookingid": 2973
    },
    {
        "bookingid": 3886
    },
    {
        "bookingid": 3175
    },
    {
        "bookingid": 7
    },
    {
        "bookingid": 1297
    },
    {
        "bookingid": 1764
    },
    {
        "bookingid": 857
    },
    {
        "bookingid": 241
    },
    {
        "bookingid": 3825
    },
    {
        "bookingid": 1966
    },
    {
        "bookingid": 3492
    },
    {
        "bookingid": 3449
    },
    {
        "bookingid": 1405
    },
    {
        "bookingid": 4126
    },
    {
        "bookingid": 3196
    },
    {
        "bookingid": 289
    },
    {
        "bookingid": 899
    },
    {
        "bookingid": 2349
    },
    {
        "bookingid": 448
    },
    {
        "bookingid": 1560
    },
    {
        "bookingid": 3829
    },
    {
        "bookingid": 1718
    },
    {
        "bookingid": 3204
    },
    {
        "bookingid": 541
    },
    {
        "bookingid": 284
    },
    {
        "bookingid": 4065
    },
    {
        "bookingid": 1488
    },
    {
        "bookingid": 3255
    },
    {
        "bookingid": 2156
    },
    {
        "bookingid": 1355
    },
    {
        "bookingid": 90
    },
    {
        "bookingid": 3483
    },
    {
        "bookingid": 3217
    },
    {
        "bookingid": 493
    },
    {
        "bookingid": 3714
    },
    {
        "bookingid": 2096
    },
    {
        "bookingid": 767
    },
    {
        "bookingid": 4094
    },
    {
        "bookingid": 1316
    },
    {
        "bookingid": 1147
    },
    {
        "bookingid": 40
    },
    {
        "bookingid": 2160
    },
    {
        "bookingid": 46
    },
    {
        "bookingid": 3419
    },
    {
        "bookingid": 2767
    },
    {
        "bookingid": 562
    },
    {
        "bookingid": 661
    },
    {
        "bookingid": 2711
    },
    {
        "bookingid": 1309
    },
    {
        "bookingid": 3747
    },
    {
        "bookingid": 3129
    },
    {
        "bookingid": 3399
    },
    {
        "bookingid": 146
    },
    {
        "bookingid": 758
    },
    {
        "bookingid": 4009
    },
    {
        "bookingid": 234
    },
    {
        "bookingid": 1760
    },
    {
        "bookingid": 444
    },
    {
        "bookingid": 4004
    },
    {
        "bookingid": 738
    },
    {
        "bookingid": 1018
    },
    {
        "bookingid": 2729
    },
    {
        "bookingid": 282
    },
    {
        "bookingid": 3529
    },
    {
        "bookingid": 1346
    },
    {
        "bookingid": 3744
    },
    {
        "bookingid": 540
    },
    {
        "bookingid": 2276
    },
    {
        "bookingid": 362
    },
    {
        "bookingid": 1919
    },
    {
        "bookingid": 1749
    },
    {
        "bookingid": 3433
    },
    {
        "bookingid": 2905
    },
    {
        "bookingid": 3879
    },
    {
        "bookingid": 1731
    },
    {
        "bookingid": 346
    },
    {
        "bookingid": 272
    },
    {
        "bookingid": 1108
    },
    {
        "bookingid": 1802
    },
    {
        "bookingid": 1664
    },
    {
        "bookingid": 1947
    },
    {
        "bookingid": 2493
    },
    {
        "bookingid": 3059
    },
    {
        "bookingid": 2228
    },
    {
        "bookingid": 2007
    },
    {
        "bookingid": 1899
    },
    {
        "bookingid": 1999
    },
    {
        "bookingid": 2941
    },
    {
        "bookingid": 2343
    },
    {
        "bookingid": 2952
    },
    {
        "bookingid": 2331
    },
    {
        "bookingid": 2713
    },
    {
        "bookingid": 2733
    },
    {
        "bookingid": 348
    },
    {
        "bookingid": 36
    },
    {
        "bookingid": 2665
    },
    {
        "bookingid": 3632
    },
    {
        "bookingid": 4140
    },
    {
        "bookingid": 979
    },
    {
        "bookingid": 268
    },
    {
        "bookingid": 2412
    },
    {
        "bookingid": 3358
    },
    {
        "bookingid": 2676
    },
    {
        "bookingid": 2004
    },
    {
        "bookingid": 3410
    },
    {
        "bookingid": 1197
    },
    {
        "bookingid": 33
    },
    {
        "bookingid": 929
    },
    {
        "bookingid": 2087
    },
    {
        "bookingid": 451
    },
    {
        "bookingid": 2727
    },
    {
        "bookingid": 274
    },
    {
        "bookingid": 1202
    },
    {
        "bookingid": 3136
    },
    {
        "bookingid": 1033
    },
    {
        "bookingid": 2369
    },
    {
        "bookingid": 2480
    },
    {
        "bookingid": 3935
    },
    {
        "bookingid": 2780
    },
    {
        "bookingid": 3386
    },
    {
        "bookingid": 2368
    },
    {
        "bookingid": 3732
    },
    {
        "bookingid": 2261
    },
    {
        "bookingid": 1814
    },
    {
        "bookingid": 804
    },
    {
        "bookingid": 2289
    },
    {
        "bookingid": 2063
    },
    {
        "bookingid": 1604
    },
    {
        "bookingid": 2548
    },
    {
        "bookingid": 3436
    },
    {
        "bookingid": 466
    },
    {
        "bookingid": 2530
    },
    {
        "bookingid": 1804
    },
    {
        "bookingid": 1666
    },
    {
        "bookingid": 2243
    },
    {
        "bookingid": 3696
    },
    {
        "bookingid": 163
    },
    {
        "bookingid": 1373
    },
    {
        "bookingid": 3566
    },
    {
        "bookingid": 792
    },
    {
        "bookingid": 728
    },
    {
        "bookingid": 3758
    },
    {
        "bookingid": 3964
    },
    {
        "bookingid": 2549
    },
    {
        "bookingid": 3520
    },
    {
        "bookingid": 1349
    },
    {
        "bookingid": 1261
    },
    {
        "bookingid": 233
    },
    {
        "bookingid": 363
    },
    {
        "bookingid": 1621
    },
    {
        "bookingid": 3307
    },
    {
        "bookingid": 2223
    },
    {
        "bookingid": 232
    },
    {
        "bookingid": 2979
    },
    {
        "bookingid": 3811
    },
    {
        "bookingid": 765
    },
    {
        "bookingid": 2696
    },
    {
        "bookingid": 4153
    },
    {
        "bookingid": 577
    },
    {
        "bookingid": 2485
    },
    {
        "bookingid": 3108
    },
    {
        "bookingid": 2411
    },
    {
        "bookingid": 3457
    },
    {
        "bookingid": 1995
    },
    {
        "bookingid": 15
    },
    {
        "bookingid": 1452
    },
    {
        "bookingid": 3645
    },
    {
        "bookingid": 1844
    },
    {
        "bookingid": 2434
    },
    {
        "bookingid": 3249
    },
    {
        "bookingid": 1464
    },
    {
        "bookingid": 1356
    },
    {
        "bookingid": 2106
    },
    {
        "bookingid": 1336
    },
    {
        "bookingid": 3590
    },
    {
        "bookingid": 1956
    },
    {
        "bookingid": 3086
    },
    {
        "bookingid": 3735
    },
    {
        "bookingid": 3619
    },
    {
        "bookingid": 3636
    },
    {
        "bookingid": 1121
    },
    {
        "bookingid": 2209
    },
    {
        "bookingid": 3826
    },
    {
        "bookingid": 3644
    },
    {
        "bookingid": 72
    },
    {
        "bookingid": 2264
    },
    {
        "bookingid": 3335
    },
    {
        "bookingid": 919
    },
    {
        "bookingid": 1402
    },
    {
        "bookingid": 1538
    },
    {
        "bookingid": 2639
    },
    {
        "bookingid": 321
    },
    {
        "bookingid": 1902
    },
    {
        "bookingid": 3942
    },
    {
        "bookingid": 781
    },
    {
        "bookingid": 3143
    },
    {
        "bookingid": 2420
    },
    {
        "bookingid": 3375
    },
    {
        "bookingid": 2471
    },
    {
        "bookingid": 1360
    },
    {
        "bookingid": 1029
    },
    {
        "bookingid": 1906
    },
    {
        "bookingid": 3775
    },
    {
        "bookingid": 2300
    },
    {
        "bookingid": 1457
    },
    {
        "bookingid": 787
    },
    {
        "bookingid": 1572
    },
    {
        "bookingid": 2370
    },
    {
        "bookingid": 3365
    },
    {
        "bookingid": 4024
    },
    {
        "bookingid": 1859
    },
    {
        "bookingid": 408
    },
    {
        "bookingid": 1797
    },
    {
        "bookingid": 2031
    },
    {
        "bookingid": 755
    },
    {
        "bookingid": 3039
    },
    {
        "bookingid": 604
    },
    {
        "bookingid": 4026
    },
    {
        "bookingid": 1047
    },
    {
        "bookingid": 251
    },
    {
        "bookingid": 3226
    },
    {
        "bookingid": 2094
    },
    {
        "bookingid": 2240
    },
    {
        "bookingid": 3615
    },
    {
        "bookingid": 508
    },
    {
        "bookingid": 3373
    },
    {
        "bookingid": 3414
    },
    {
        "bookingid": 3537
    },
    {
        "bookingid": 203
    },
    {
        "bookingid": 3456
    },
    {
        "bookingid": 892
    },
    {
        "bookingid": 2210
    },
    {
        "bookingid": 1680
    },
    {
        "bookingid": 3765
    },
    {
        "bookingid": 377
    },
    {
        "bookingid": 3948
    },
    {
        "bookingid": 788
    },
    {
        "bookingid": 1435
    },
    {
        "bookingid": 656
    },
    {
        "bookingid": 650
    },
    {
        "bookingid": 950
    },
    {
        "bookingid": 1155
    },
    {
        "bookingid": 1291
    },
    {
        "bookingid": 564
    },
    {
        "bookingid": 3634
    },
    {
        "bookingid": 3940
    },
    {
        "bookingid": 1586
    },
    {
        "bookingid": 497
    },
    {
        "bookingid": 3980
    },
    {
        "bookingid": 2946
    },
    {
        "bookingid": 3011
    },
    {
        "bookingid": 3149
    },
    {
        "bookingid": 324
    },
    {
        "bookingid": 1805
    },
    {
        "bookingid": 48
    },
    {
        "bookingid": 3138
    },
    {
        "bookingid": 1655
    },
    {
        "bookingid": 1885
    },
    {
        "bookingid": 811
    },
    {
        "bookingid": 2601
    },
    {
        "bookingid": 4132
    },
    {
        "bookingid": 1727
    },
    {
        "bookingid": 211
    },
    {
        "bookingid": 4123
    },
    {
        "bookingid": 2015
    },
    {
        "bookingid": 3495
    },
    {
        "bookingid": 2984
    },
    {
        "bookingid": 3408
    },
    {
        "bookingid": 2598
    },
    {
        "bookingid": 162
    },
    {
        "bookingid": 469
    },
    {
        "bookingid": 1223
    },
    {
        "bookingid": 3920
    },
    {
        "bookingid": 2091
    },
    {
        "bookingid": 1847
    },
    {
        "bookingid": 2756
    },
    {
        "bookingid": 4027
    },
    {
        "bookingid": 601
    },
    {
        "bookingid": 1962
    },
    {
        "bookingid": 4076
    },
    {
        "bookingid": 197
    },
    {
        "bookingid": 2173
    },
    {
        "bookingid": 4175
    },
    {
        "bookingid": 306
    },
    {
        "bookingid": 2502
    },
    {
        "bookingid": 3754
    },
    {
        "bookingid": 3085
    },
    {
        "bookingid": 3271
    },
    {
        "bookingid": 2815
    },
    {
        "bookingid": 3560
    },
    {
        "bookingid": 3576
    },
    {
        "bookingid": 4063
    },
    {
        "bookingid": 4193
    },
    {
        "bookingid": 1137
    },
    {
        "bookingid": 1082
    },
    {
        "bookingid": 1204
    },
    {
        "bookingid": 3001
    },
    {
        "bookingid": 3005
    },
    {
        "bookingid": 3038
    },
    {
        "bookingid": 4199
    },
    {
        "bookingid": 810
    },
    {
        "bookingid": 1056
    },
    {
        "bookingid": 2303
    },
    {
        "bookingid": 1058
    },
    {
        "bookingid": 3581
    },
    {
        "bookingid": 3831
    },
    {
        "bookingid": 2076
    },
    {
        "bookingid": 2213
    },
    {
        "bookingid": 214
    },
    {
        "bookingid": 753
    },
    {
        "bookingid": 4200
    },
    {
        "bookingid": 1659
    },
    {
        "bookingid": 1303
    },
    {
        "bookingid": 3570
    },
    {
        "bookingid": 3048
    },
    {
        "bookingid": 2175
    },
    {
        "bookingid": 3715
    },
    {
        "bookingid": 2291
    },
    {
        "bookingid": 1858
    },
    {
        "bookingid": 2683
    },
    {
        "bookingid": 3325
    },
    {
        "bookingid": 2353
    },
    {
        "bookingid": 3630
    },
    {
        "bookingid": 1087
    },
    {
        "bookingid": 51
    },
    {
        "bookingid": 666
    },
    {
        "bookingid": 415
    },
    {
        "bookingid": 1242
    },
    {
        "bookingid": 1482
    },
    {
        "bookingid": 2469
    },
    {
        "bookingid": 1315
    },
    {
        "bookingid": 1723
    },
    {
        "bookingid": 1778
    },
    {
        "bookingid": 668
    },
    {
        "bookingid": 3360
    },
    {
        "bookingid": 2334
    },
    {
        "bookingid": 3789
    },
    {
        "bookingid": 2570
    },
    {
        "bookingid": 3551
    },
    {
        "bookingid": 2555
    },
    {
        "bookingid": 2745
    },
    {
        "bookingid": 3872
    },
    {
        "bookingid": 3591
    },
    {
        "bookingid": 1089
    },
    {
        "bookingid": 1603
    },
    {
        "bookingid": 1923
    },
    {
        "bookingid": 736
    },
    {
        "bookingid": 2103
    },
    {
        "bookingid": 296
    },
    {
        "bookingid": 3111
    },
    {
        "bookingid": 13
    },
    {
        "bookingid": 2753
    },
    {
        "bookingid": 2474
    },
    {
        "bookingid": 1791
    },
    {
        "bookingid": 2020
    },
    {
        "bookingid": 1154
    },
    {
        "bookingid": 1372
    },
    {
        "bookingid": 3956
    },
    {
        "bookingid": 3231
    },
    {
        "bookingid": 264
    },
    {
        "bookingid": 3474
    },
    {
        "bookingid": 796
    },
    {
        "bookingid": 2772
    },
    {
        "bookingid": 1856
    },
    {
        "bookingid": 67
    },
    {
        "bookingid": 3729
    },
    {
        "bookingid": 1044
    },
    {
        "bookingid": 478
    },
    {
        "bookingid": 3639
    },
    {
        "bookingid": 3222
    },
    {
        "bookingid": 1390
    },
    {
        "bookingid": 3659
    },
    {
        "bookingid": 3997
    },
    {
        "bookingid": 3240
    },
    {
        "bookingid": 3545
    },
    {
        "bookingid": 1892
    },
    {
        "bookingid": 3487
    },
    {
        "bookingid": 4036
    },
    {
        "bookingid": 2978
    },
    {
        "bookingid": 1711
    },
    {
        "bookingid": 4019
    },
    {
        "bookingid": 1698
    },
    {
        "bookingid": 1129
    },
    {
        "bookingid": 547
    },
    {
        "bookingid": 3077
    },
    {
        "bookingid": 2449
    },
    {
        "bookingid": 1849
    },
    {
        "bookingid": 2376
    },
    {
        "bookingid": 2958
    },
    {
        "bookingid": 1422
    },
    {
        "bookingid": 3329
    },
    {
        "bookingid": 2284
    },
    {
        "bookingid": 59
    },
    {
        "bookingid": 1330
    },
    {
        "bookingid": 3934
    },
    {
        "bookingid": 2655
    },
    {
        "bookingid": 3063
    },
    {
        "bookingid": 2191
    },
    {
        "bookingid": 665
    },
    {
        "bookingid": 3286
    },
    {
        "bookingid": 118
    },
    {
        "bookingid": 842
    },
    {
        "bookingid": 2338
    },
    {
        "bookingid": 2742
    },
    {
        "bookingid": 2027
    },
    {
        "bookingid": 8
    },
    {
        "bookingid": 436
    },
    {
        "bookingid": 2441
    },
    {
        "bookingid": 687
    },
    {
        "bookingid": 3035
    },
    {
        "bookingid": 839
    },
    {
        "bookingid": 2292
    },
    {
        "bookingid": 3708
    },
    {
        "bookingid": 3251
    },
    {
        "bookingid": 700
    },
    {
        "bookingid": 2545
    },
    {
        "bookingid": 911
    },
    {
        "bookingid": 1216
    },
    {
        "bookingid": 47
    },
    {
        "bookingid": 2819
    },
    {
        "bookingid": 4058
    },
    {
        "bookingid": 561
    },
    {
        "bookingid": 3929
    },
    {
        "bookingid": 109
    },
    {
        "bookingid": 1851
    },
    {
        "bookingid": 2520
    },
    {
        "bookingid": 4070
    },
    {
        "bookingid": 798
    },
    {
        "bookingid": 3284
    },
    {
        "bookingid": 3252
    },
    {
        "bookingid": 116
    },
    {
        "bookingid": 3126
    },
    {
        "bookingid": 2933
    },
    {
        "bookingid": 2022
    },
    {
        "bookingid": 4129
    },
    {
        "bookingid": 2993
    },
    {
        "bookingid": 2834
    },
    {
        "bookingid": 3947
    },
    {
        "bookingid": 332
    },
    {
        "bookingid": 2648
    },
    {
        "bookingid": 3793
    },
    {
        "bookingid": 3064
    },
    {
        "bookingid": 2920
    },
    {
        "bookingid": 3664
    },
    {
        "bookingid": 3304
    },
    {
        "bookingid": 1787
    },
    {
        "bookingid": 3015
    },
    {
        "bookingid": 1935
    },
    {
        "bookingid": 3784
    },
    {
        "bookingid": 2314
    },
    {
        "bookingid": 1295
    },
    {
        "bookingid": 2151
    },
    {
        "bookingid": 2916
    },
    {
        "bookingid": 1834
    },
    {
        "bookingid": 359
    },
    {
        "bookingid": 301
    },
    {
        "bookingid": 3688
    },
    {
        "bookingid": 1156
    },
    {
        "bookingid": 2841
    },
    {
        "bookingid": 2256
    },
    {
        "bookingid": 1311
    },
    {
        "bookingid": 631
    },
    {
        "bookingid": 3266
    },
    {
        "bookingid": 3393
    },
    {
        "bookingid": 1078
    },
    {
        "bookingid": 3919
    },
    {
        "bookingid": 1498
    },
    {
        "bookingid": 939
    },
    {
        "bookingid": 208
    },
    {
        "bookingid": 1525
    },
    {
        "bookingid": 4141
    },
    {
        "bookingid": 178
    },
    {
        "bookingid": 986
    },
    {
        "bookingid": 2690
    },
    {
        "bookingid": 1064
    },
    {
        "bookingid": 4115
    },
    {
        "bookingid": 3275
    },
    {
        "bookingid": 4081
    },
    {
        "bookingid": 1450
    },
    {
        "bookingid": 1102
    },
    {
        "bookingid": 818
    },
    {
        "bookingid": 3960
    },
    {
        "bookingid": 294
    },
    {
        "bookingid": 2070
    },
    {
        "bookingid": 2578
    },
    {
        "bookingid": 1699
    },
    {
        "bookingid": 2723
    },
    {
        "bookingid": 1186
    },
    {
        "bookingid": 3006
    },
    {
        "bookingid": 10
    },
    {
        "bookingid": 3730
    },
    {
        "bookingid": 1256
    },
    {
        "bookingid": 429
    },
    {
        "bookingid": 3609
    },
    {
        "bookingid": 145
    },
    {
        "bookingid": 537
    },
    {
        "bookingid": 525
    },
    {
        "bookingid": 1663
    },
    {
        "bookingid": 1945
    },
    {
        "bookingid": 1014
    },
    {
        "bookingid": 701
    },
    {
        "bookingid": 1873
    },
    {
        "bookingid": 2853
    },
    {
        "bookingid": 2895
    },
    {
        "bookingid": 3448
    },
    {
        "bookingid": 1085
    },
    {
        "bookingid": 2127
    },
    {
        "bookingid": 2092
    },
    {
        "bookingid": 1284
    },
    {
        "bookingid": 2971
    },
    {
        "bookingid": 2407
    },
    {
        "bookingid": 1754
    },
    {
        "bookingid": 3924
    },
    {
        "bookingid": 3993
    },
    {
        "bookingid": 3693
    },
    {
        "bookingid": 1817
    },
    {
        "bookingid": 1065
    },
    {
        "bookingid": 3319
    },
    {
        "bookingid": 3722
    },
    {
        "bookingid": 3161
    },
    {
        "bookingid": 3602
    },
    {
        "bookingid": 607
    },
    {
        "bookingid": 3584
    },
    {
        "bookingid": 3296
    },
    {
        "bookingid": 2040
    },
    {
        "bookingid": 1676
    },
    {
        "bookingid": 1180
    },
    {
        "bookingid": 3326
    },
    {
        "bookingid": 2566
    },
    {
        "bookingid": 2626
    },
    {
        "bookingid": 1426
    },
    {
        "bookingid": 2720
    },
    {
        "bookingid": 381
    },
    {
        "bookingid": 3892
    },
    {
        "bookingid": 2204
    },
    {
        "bookingid": 1208
    },
    {
        "bookingid": 2855
    },
    {
        "bookingid": 2623
    },
    {
        "bookingid": 1411
    },
    {
        "bookingid": 2116
    },
    {
        "bookingid": 1374
    }
]
]]></system-out>
  </testcase>
  <testcase name="GetBookingIds" classname="ApiTest" time="1.039">
    <system-out><![CDATA[[
    {
        "bookingid": 3582
    },
    {
        "bookingid": 2791
    },
    {
        "bookingid": 3277
    },
    {
        "bookingid": 3145
    },
    {
        "bookingid": 2987
    },
    {
        "bookingid": 1151
    },
    {
        "bookingid": 900
    },
    {
        "bookingid": 2464
    },
    {
        "bookingid": 3973
    },
    {
        "bookingid": 3753
    },
    {
        "bookingid": 3543
    },
    {
        "bookingid": 1779
    },
    {
        "bookingid": 935
    },
    {
        "bookingid": 4048
    },
    {
        "bookingid": 2382
    },
    {
        "bookingid": 623
    },
    {
        "bookingid": 1648
    },
    {
        "bookingid": 4206
    },
    {
        "bookingid": 399
    },
    {
        "bookingid": 1901
    },
    {
        "bookingid": 3787
    },
    {
        "bookingid": 1127
    },
    {
        "bookingid": 62
    },
    {
        "bookingid": 826
    },
    {
        "bookingid": 2290
    },
    {
        "bookingid": 3219
    },
    {
        "bookingid": 151
    },
    {
        "bookingid": 3805
    },
    {
        "bookingid": 936
    },
    {
        "bookingid": 3417
    },
    {
        "bookingid": 1591
    },
    {
        "bookingid": 1138
    },
    {
        "bookingid": 17
    },
    {
        "bookingid": 2174
    },
    {
        "bookingid": 3007
    },
    {
        "bookingid": 183
    },
    {
        "bookingid": 1665
    },
    {
        "bookingid": 3440
    },
    {
        "bookingid": 903
    },
    {
        "bookingid": 2936
    },
    {
        "bookingid": 3089
    },
    {
        "bookingid": 1098
    },
    {
        "bookingid": 2157
    },
    {
        "bookingid": 3228
    },
    {
        "bookingid": 1748
    },
    {
        "bookingid": 3549
    },
    {
        "bookingid": 1543
    },
    {
        "bookingid": 3944
    },
    {
        "bookingid": 32
    },
    {
        "bookingid": 3534
    },
    {
        "bookingid": 1005
    },
    {
        "bookingid": 1012
    },
    {
        "bookingid": 169
    },
    {
        "bookingid": 2574
    },
    {
        "bookingid": 1013
    },
    {
        "bookingid": 3968
    },
    {
        "bookingid": 2198
    },
    {
        "bookingid": 3392
    },
    {
        "bookingid": 2190
    },
    {
        "bookingid": 50
    },
    {
        "bookingid": 848
    },
    {
        "bookingid": 3140
    },
    {
        "bookingid": 223
    },
    {
        "bookingid": 3941
    },
    {
        "bookingid": 1532
    },
    {
        "bookingid": 1836
    },
    {
        "bookingid": 2735
    },
    {
        "bookingid": 2536
    },
    {
        "bookingid": 3800
    },
    {
        "bookingid": 352
    },
    {
        "bookingid": 3830
    },
    {
        "bookingid": 3377
    },
    {
        "bookingid": 3394
    },
    {
        "bookingid": 955
    },
    {
        "bookingid": 4137
    },
    {
        "bookingid": 409
    },
    {
        "bookingid": 125
    },
    {
        "bookingid": 2730
    },
    {
        "bookingid": 168
    },
    {
        "bookingid": 2557
    },
    {
        "bookingid": 1922
    },
    {
        "bookingid": 2680
    },
    {
        "bookingid": 1226
    },
    {
        "bookingid": 2762
    },
    {
        "bookingid": 2856
    },
    {
        "bookingid": 360
    },
    {
        "bookingid": 1022
    },
    {
        "bookingid": 884
    },
    {
        "bookingid": 3102
    },
    {
        "bookingid": 1918
    },
    {
        "bookingid": 3467
    },
    {
        "bookingid": 1321
    },
    {
        "bookingid": 3640
    },
    {
        "bookingid": 1756
    },
    {
        "bookingid": 990
    },
    {
        "bookingid": 1410
    },
    {
        "bookingid": 4003
    },
    {
        "bookingid": 4149
    },
    {
        "bookingid": 293
    },
    {
        "bookingid": 2891
    },
    {
        "bookingid": 1394
    },
    {
        "bookingid": 1334
    },
    {
        "bookingid": 2003
    },
    {
        "bookingid": 1678
    },
    {
        "bookingid": 1728
    },
    {
        "bookingid": 3737
    },
    {
        "bookingid": 273
    },
    {
        "bookingid": 92
    },
    {
        "bookingid": 2949
    },
    {
        "bookingid": 1219
    },
    {
        "bookingid": 1347
    },
    {
        "bookingid": 2670
    },
    {
        "bookingid": 2622
    },
    {
        "bookingid": 3804
    },
    {
        "bookingid": 2603
    },
    {
        "bookingid": 218
    },
    {
        "bookingid": 2699
    },
    {
        "bookingid": 259
    },
    {
        "bookingid": 1790
    },
    {
        "bookingid": 2383
    },
    {
        "bookingid": 144
    },
    {
        "bookingid": 2703
    },
    {
        "bookingid": 2317
    },
    {
        "bookingid": 791
    },
    {
        "bookingid": 2681
    },
    {
        "bookingid": 3434
    },
    {
        "bookingid": 3739
    },
    {
        "bookingid": 4005
    },
    {
        "bookingid": 2458
    },
    {
        "bookingid": 1118
    },
    {
        "bookingid": 2395
    },
    {
        "bookingid": 4049
    },
    {
        "bookingid": 2532
    },
    {
        "bookingid": 1192
    },
    {
        "bookingid": 933
    },
    {
        "bookingid": 1305
    },
    {
        "bookingid": 192
    },
    {
        "bookingid": 1631
    },
    {
        "bookingid": 3378
    },
    {
        "bookingid": 2798
    },
    {
        "bookingid": 993
    },
    {
        "bookingid": 985
    },
    {
        "bookingid": 3707
    },
    {
        "bookingid": 1393
    },
    {
        "bookingid": 3190
    },
    {
        "bookingid": 372
    },
    {
        "bookingid": 432
    },
    {
        "bookingid": 3652
    },
    {
        "bookingid": 1054
    },
    {
        "bookingid": 1810
    },
    {
        "bookingid": 3371
    },
    {
        "bookingid": 3617
    },
    {
        "bookingid": 1579
    },
    {
        "bookingid": 1494
    },
    {
        "bookingid": 2311
    },
    {
        "bookingid": 3844
    },
    {
        "bookingid": 1320
    },
    {
        "bookingid": 43
    },
    {
        "bookingid": 2998
    },
    {
        "bookingid": 1162
    },
    {
        "bookingid": 2931
    },
    {
        "bookingid": 943
    },
    {
        "bookingid": 3100
    },
    {
        "bookingid": 1738
    },
    {
        "bookingid": 1806
    },
    {
        "bookingid": 2785
    },
    {
        "bookingid": 3359
    },
    {
        "bookingid": 3080
    },
    {
        "bookingid": 3887
    },
    {
        "bookingid": 573
    },
    {
        "bookingid": 1782
    },
    {
        "bookingid": 3717
    },
    {
        "bookingid": 2145
    },
    {
        "bookingid": 433
    },
    {
        "bookingid": 2019
    },
    {
        "bookingid": 2238
    },
    {
        "bookingid": 167
    },
    {
        "bookingid": 1826
    },
    {
        "bookingid": 1657
    },
    {
        "bookingid": 838
    },
    {
        "bookingid": 1247
    },
    {
        "bookingid": 3174
    },
    {
        "bookingid": 1896
    },
    {
        "bookingid": 2612
    },
    {
        "bookingid": 2494
    },
    {
        "bookingid": 3736
    },
    {
        "bookingid": 2748
    },
    {
        "bookingid": 2120
    },
    {
        "bookingid": 3412
    },
    {
        "bookingid": 3574
    },
    {
        "bookingid": 3884
    },
    {
        "bookingid": 1712
    },
    {
        "bookingid": 2925
    },
    {
        "bookingid": 580
    },
    {
        "bookingid": 2189
    },
    {
        "bookingid": 4128
    },
    {
        "bookingid": 2843
    },
    {
        "bookingid": 3470
    },
    {
        "bookingid": 1692
    },
    {
        "bookingid": 3176
    },
    {
        "bookingid": 1807
    },
    {
        "bookingid": 1136
    },
    {
        "bookingid": 1633
    },
    {
        "bookingid": 3374
    },
    {
        "bookingid": 3183
    },
    {
        "bookingid": 722
    },
    {
        "bookingid": 1183
    },
    {
        "bookingid": 1517
    },
    {
        "bookingid": 2812
    },
    {
        "bookingid": 2716
    },
    {
        "bookingid": 3352
    },
    {
        "bookingid": 864
    },
    {
        "bookingid": 2677
    },
    {
        "bookingid": 2118
    },
    {
        "bookingid": 1306
    },
    {
        "bookingid": 783
    },
    {
        "bookingid": 2977
    },
    {
        "bookingid": 782
    },
    {
        "bookingid": 3165
    },
    {
        "bookingid": 1290
    },
    {
        "bookingid": 1011
    },
    {
        "bookingid": 499
    },
    {
        "bookingid": 3340
    },
    {
        "bookingid": 644
    },
    {
        "bookingid": 2560
    },
    {
        "bookingid": 692
    },
    {
        "bookingid": 2435
    },
    {
        "bookingid": 3598
    },
    {
        "bookingid": 1116
    },
    {
        "bookingid": 2870
    },
    {
        "bookingid": 2112
    },
    {
        "bookingid": 4150
    },
    {
        "bookingid": 461
    },
    {
        "bookingid": 291
    },
    {
        "bookingid": 2013
    },
    {
        "bookingid": 1076
    },
    {
        "bookingid": 1682
    },
    {
        "bookingid": 2970
    },
    {
        "bookingid": 535
    },
    {
        "bookingid": 1555
    },
    {
        "bookingid": 2379
    },
    {
        "bookingid": 2813
    },
    {
        "bookingid": 3057
    },
    {
        "bookingid": 25
    },
    {
        "bookingid": 3206
    },
    {
        "bookingid": 4218
    },
    {
        "bookingid": 3772
    },
    {
        "bookingid": 1685
    },
    {
        "bookingid": 3611
    },
    {
        "bookingid": 3704
    },
    {
        "bookingid": 3330
    },
    {
        "bookingid": 320
    },
    {
        "bookingid": 4086
    },
    {
        "bookingid": 2323
    },
    {
        "bookingid": 3513
    },
    {
        "bookingid": 2326
    },
    {
        "bookingid": 3316
    },
    {
        "bookingid": 511
    },
    {
        "bookingid": 3450
    },
    {
        "bookingid": 1762
    },
    {
        "bookingid": 636
    },
    {
        "bookingid": 2222
    },
    {
        "bookingid": 1470
    },
    {
        "bookingid": 347
    },
    {
        "bookingid": 824
    },
    {
        "bookingid": 2465
    },
    {
        "bookingid": 3720
    },
    {
        "bookingid": 2994
    },
    {
        "bookingid": 3201
    },
    {
        "bookingid": 2741
    },
    {
        "bookingid": 3050
    },
    {
        "bookingid": 2866
    },
    {
        "bookingid": 614
    },
    {
        "bookingid": 1596
    },
    {
        "bookingid": 2844
    },
    {
        "bookingid": 2776
    },
    {
        "bookingid": 3782
    },
    {
        "bookingid": 3388
    },
    {
        "bookingid": 2922
    },
    {
        "bookingid": 2049
    },
    {
        "bookingid": 651
    },
    {
        "bookingid": 172
    },
    {
        "bookingid": 927
    },
    {
        "bookingid": 2297
    },
    {
        "bookingid": 1088
    },
    {
        "bookingid": 325
    },
    {
        "bookingid": 2350
    },
    {
        "bookingid": 1189
    },
    {
        "bookingid": 921
    },
    {
        "bookingid": 3718
    },
    {
        "bookingid": 2673
    },
    {
        "bookingid": 4043
    },
    {
        "bookingid": 337
    },
    {
        "bookingid": 4032
    },
    {
        "bookingid": 1153
    },
    {
        "bookingid": 3425
    },
    {
        "bookingid": 2419
    },
    {
        "bookingid": 3120
    },
    {
        "bookingid": 239
    },
    {
        "bookingid": 2656
    },
    {
        "bookingid": 2886
    },
    {
        "bookingid": 69
    },
    {
        "bookingid": 530
    },
    {
        "bookingid": 2424
    },
    {
        "bookingid": 2039
    },
    {
        "bookingid": 2130
    },
    {
        "bookingid": 1741
    },
    {
        "bookingid": 2389
    },
    {
        "bookingid": 2054
    },
    {
        "bookingid": 2105
    },
    {
        "bookingid": 2786
    },
    {
        "bookingid": 2961
    },
    {
        "bookingid": 26
    },
    {
        "bookingid": 3910
    },
    {
        "bookingid": 106
    },
    {
        "bookingid": 2375
    },
    {
        "bookingid": 456
    },
    {
        "bookingid": 3618
    },
    {
        "bookingid": 2523
    },
    {
        "bookingid": 235
    },
    {
        "bookingid": 1726
    },
    {
        "bookingid": 2862
    },
    {
        "bookingid": 3850
    },
    {
        "bookingid": 2593
    },
    {
        "bookingid": 4184
    },
    {
        "bookingid": 4017
    },
    {
        "bookingid": 1368
    },
    {
        "bookingid": 1236
    },
    {
        "bookingid": 3818
    },
    {
        "bookingid": 317
    },
    {
        "bookingid": 18
    },
    {
        "bookingid": 2329
    },
    {
        "bookingid": 1382
    },
    {
        "bookingid": 763
    },
    {
        "bookingid": 2446
    },
    {
        "bookingid": 1507
    },
    {
        "bookingid": 3750
    },
    {
        "bookingid": 3873
    },
    {
        "bookingid": 2610
    },
    {
        "bookingid": 3817
    },
    {
        "bookingid": 392
    },
    {
        "bookingid": 3977
    },
    {
        "bookingid": 1823
    },
    {
        "bookingid": 1277
    },
    {
        "bookingid": 2525
    },
    {
        "bookingid": 1068
    },
    {
        "bookingid": 3724
    },
    {
        "bookingid": 1038
    },
    {
        "bookingid": 617
    },
    {
        "bookingid": 2899
    },
    {
        "bookingid": 2649
    },
    {
        "bookingid": 3905
    },
    {
        "bookingid": 2472
    },
    {
        "bookingid": 2219
    },
    {
        "bookingid": 2456
    },
    {
        "bookingid": 2900
    },
    {
        "bookingid": 752
    },
    {
        "bookingid": 1028
    },
    {
        "bookingid": 371
    },
    {
        "bookingid": 135
    },
    {
        "bookingid": 1438
    },
    {
        "bookingid": 356
    },
    {
        "bookingid": 2647
    },
    {
        "bookingid": 1362
    },
    {
        "bookingid": 2563
    },
    {
        "bookingid": 410
    },
    {
        "bookingid": 1434
    },
    {
        "bookingid": 1624
    },
    {
        "bookingid": 3258
    },
    {
        "bookingid": 2614
    },
    {
        "bookingid": 1662
    },
    {
        "bookingid": 199
    },
    {
        "bookingid": 4202
    },
    {
        "bookingid": 894
    },
    {
        "bookingid": 1035
    },
    {
        "bookingid": 2764
    },
    {
        "bookingid": 1868
    },
    {
        "bookingid": 571
    },
    {
        "bookingid": 2362
    },
    {
        "bookingid": 3907
    },
    {
        "bookingid": 3195
    },
    {
        "bookingid": 731
    },
    {
        "bookingid": 2826
    },
    {
        "bookingid": 4
    },
    {
        "bookingid": 1840
    },
    {
        "bookingid": 3463
    },
    {
        "bookingid": 4166
    },
    {
        "bookingid": 4143
    },
    {
        "bookingid": 1168
    },
    {
        "bookingid": 2147
    },
    {
        "bookingid": 3796
    },
    {
        "bookingid": 3257
    },
    {
        "bookingid": 3974
    },
    {
        "bookingid": 1341
    },
    {
        "bookingid": 2230
    },
    {
        "bookingid": 3637
    },
    {
        "bookingid": 4061
    },
    {
        "bookingid": 1567
    },
    {
        "bookingid": 2304
    },
    {
        "bookingid": 2072
    },
    {
        "bookingid": 3288
    },
    {
        "bookingid": 1546
    },
    {
        "bookingid": 61
    },
    {
        "bookingid": 68
    },
    {
        "bookingid": 254
    },
    {
        "bookingid": 196
    },
    {
        "bookingid": 814
    },
    {
        "bookingid": 3654
    },
    {
        "bookingid": 3922
    },
    {
        "bookingid": 3426
    },
    {
        "bookingid": 3477
    },
    {
        "bookingid": 854
    },
    {
        "bookingid": 4093
    },
    {
        "bookingid": 276
    },
    {
        "bookingid": 4103
    },
    {
        "bookingid": 2364
    },
    {
        "bookingid": 2371
    },
    {
        "bookingid": 3691
    },
    {
        "bookingid": 1696
    },
    {
        "bookingid": 3638
    },
    {
        "bookingid": 4201
    },
    {
        "bookingid": 1799
    },
    {
        "bookingid": 3788
    },
    {
        "bookingid": 3653
    },
    {
        "bookingid": 3189
    },
    {
        "bookingid": 3562
    },
    {
        "bookingid": 1486
    },
    {
        "bookingid": 4077
    },
    {
        "bookingid": 2121
    },
    {
        "bookingid": 4020
    },
    {
        "bookingid": 2590
    },
    {
        "bookingid": 1691
    },
    {
        "bookingid": 2810
    },
    {
        "bookingid": 3936
    },
    {
        "bookingid": 4059
    },
    {
        "bookingid": 3261
    },
    {
        "bookingid": 1421
    },
    {
        "bookingid": 925
    },
    {
        "bookingid": 776
    },
    {
        "bookingid": 3030
    },
    {
        "bookingid": 464
    },
    {
        "bookingid": 2811
    },
    {
        "bookingid": 2611
    },
    {
        "bookingid": 445
    },
    {
        "bookingid": 2165
    },
    {
        "bookingid": 4155
    },
    {
        "bookingid": 3906
    },
    {
        "bookingid": 2692
    },
    {
        "bookingid": 358
    },
    {
        "bookingid": 3500
    },
    {
        "bookingid": 2319
    },
    {
        "bookingid": 1104
    },
    {
        "bookingid": 2282
    },
    {
        "bookingid": 578
    },
    {
        "bookingid": 2294
    },
    {
        "bookingid": 189
    },
    {
        "bookingid": 427
    },
    {
        "bookingid": 4098
    },
    {
        "bookingid": 628
    },
    {
        "bookingid": 1006
    },
    {
        "bookingid": 1211
    },
    {
        "bookingid": 2257
    },
    {
        "bookingid": 3405
    },
    {
        "bookingid": 2963
    },
    {
        "bookingid": 2033
    },
    {
        "bookingid": 3012
    },
    {
        "bookingid": 450
    },
    {
        "bookingid": 1588
    },
    {
        "bookingid": 2512
    },
    {
        "bookingid": 2421
    },
    {
        "bookingid": 2613
    },
    {
        "bookingid": 532
    },
    {
        "bookingid": 160
    },
    {
        "bookingid": 2249
    },
    {
        "bookingid": 2817
    },
    {
        "bookingid": 1946
    },
    {
        "bookingid": 1301
    },
    {
        "bookingid": 12
    },
    {
        "bookingid": 526
    },
    {
        "bookingid": 3856
    },
    {
        "bookingid": 2663
    },
    {
        "bookingid": 2619
    },
    {
        "bookingid": 1163
    },
    {
        "bookingid": 904
    },
    {
        "bookingid": 2777
    },
    {
        "bookingid": 969
    },
    {
        "bookingid": 543
    },
    {
        "bookingid": 3989
    },
    {
        "bookingid": 2065
    },
    {
        "bookingid": 2390
    },
    {
        "bookingid": 3026
    },
    {
        "bookingid": 2854
    },
    {
        "bookingid": 3246
    },
    {
        "bookingid": 3282
    },
    {
        "bookingid": 2954
    },
    {
        "bookingid": 3024
    },
    {
        "bookingid": 1558
    },
    {
        "bookingid": 1972
    },
    {
        "bookingid": 1897
    },
    {
        "bookingid": 2229
    },
    {
        "bookingid": 2782
    },
    {
        "bookingid": 1461
    },
    {
        "bookingid": 9
    },
    {
        "bookingid": 3837
    },
    {
        "bookingid": 3885
    },
    {
        "bookingid": 3376
    },
    {
        "bookingid": 1145
    },
    {
        "bookingid": 4031
    },
    {
        "bookingid": 3069
    },
    {
        "bookingid": 2504
    },
    {
        "bookingid": 879
    },
    {
        "bookingid": 2788
    },
    {
        "bookingid": 3622
    },
    {
        "bookingid": 1609
    },
    {
        "bookingid": 1178
    },
    {
        "bookingid": 1625
    },
    {
        "bookingid": 805
    },
    {
        "bookingid": 2524
    },
    {
        "bookingid": 4146
    },
    {
        "bookingid": 944
    },
    {
        "bookingid": 1605
    },
    {
        "bookingid": 4130
    },
    {
        "bookingid": 1537
    },
    {
        "bookingid": 1643
    },
    {
        "bookingid": 1860
    },
    {
        "bookingid": 243
    },
    {
        "bookingid": 2487
    },
    {
        "bookingid": 2889
    },
    {
        "bookingid": 2155
    },
    {
        "bookingid": 3614
    },
    {
        "bookingid": 2705
    },
    {
        "bookingid": 1338
    },
    {
        "bookingid": 3858
    },
    {
        "bookingid": 193
    },
    {
        "bookingid": 3710
    },
    {
        "bookingid": 980
    },
    {
        "bookingid": 4179
    },
    {
        "bookingid": 2452
    },
    {
        "bookingid": 3953
    },
    {
        "bookingid": 1864
    },
    {
        "bookingid": 994
    },
    {
        "bookingid": 1195
    },
    {
        "bookingid": 3695
    },
    {
        "bookingid": 2857
    },
    {
        "bookingid": 2976
    },
    {
        "bookingid": 2056
    },
    {
        "bookingid": 3946
    },
    {
        "bookingid": 1443
    },
    {
        "bookingid": 1916
    },
    {
        "bookingid": 996
    },
    {
        "bookingid": 3341
    },
    {
        "bookingid": 2396
    },
    {
        "bookingid": 2604
    },
    {
        "bookingid": 3452
    },
    {
        "bookingid": 1201
    },
    {
        "bookingid": 299
    },
    {
        "bookingid": 224
    },
    {
        "bookingid": 1701
    },
    {
        "bookingid": 739
    },
    {
        "bookingid": 4010
    },
    {
        "bookingid": 4205
    },
    {
        "bookingid": 1848
    },
    {
        "bookingid": 4165
    },
    {
        "bookingid": 367
    },
    {
        "bookingid": 71
    },
    {
        "bookingid": 3349
    },
    {
        "bookingid": 3453
    },
    {
        "bookingid": 3404
    },
    {
        "bookingid": 3823
    },
    {
        "bookingid": 550
    },
    {
        "bookingid": 2197
    },
    {
        "bookingid": 156
    },
    {
        "bookingid": 1053
    },
    {
        "bookingid": 3515
    },
    {
        "bookingid": 3390
    },
    {
        "bookingid": 2074
    },
    {
        "bookingid": 370
    },
    {
        "bookingid": 3205
    },
    {
        "bookingid": 3741
    },
    {
        "bookingid": 3535
    },
    {
        "bookingid": 3355
    },
    {
        "bookingid": 1880
    },
    {
        "bookingid": 311
    },
    {
        "bookingid": 2166
    },
    {
        "bookingid": 5
    },
    {
        "bookingid": 3499
    },
    {
        "bookingid": 1493
    },
    {
        "bookingid": 3899
    },
    {
        "bookingid": 4133
    },
    {
        "bookingid": 1363
    },
    {
        "bookingid": 2794
    },
    {
        "bookingid": 11
    },
    {
        "bookingid": 1930
    },
    {
        "bookingid": 3875
    },
    {
        "bookingid": 1818
    },
    {
        "bookingid": 822
    },
    {
        "bookingid": 2052
    },
    {
        "bookingid": 3898
    },
    {
        "bookingid": 446
    },
    {
        "bookingid": 1319
    },
    {
        "bookingid": 1932
    },
    {
        "bookingid": 4131
    },
    {
        "bookingid": 93
    },
    {
        "bookingid": 1479
    },
    {
        "bookingid": 1352
    },
    {
        "bookingid": 1531
    },
    {
        "bookingid": 4119
    },
    {
        "bookingid": 2346
    },
    {
        "bookingid": 1660
    },
    {
        "bookingid": 3838
    },
    {
        "bookingid": 4147
    },
    {
        "bookingid": 1285
    },
    {
        "bookingid": 2926
    },
    {
        "bookingid": 4214
    },
    {
        "bookingid": 1440
    },
    {
        "bookingid": 3185
    },
    {
        "bookingid": 3559
    },
    {
        "bookingid": 2865
    },
    {
        "bookingid": 431
    },
    {
        "bookingid": 4105
    },
    {
        "bookingid": 1620
    },
    {
        "bookingid": 3657
    },
    {
        "bookingid": 443
    },
    {
        "bookingid": 1784
    },
    {
        "bookingid": 3795
    },
    {
        "bookingid": 2410
    },
    {
        "bookingid": 2205
    },
    {
        "bookingid": 2533
    },
    {
        "bookingid": 3532
    },
    {
        "bookingid": 2606
    },
    {
        "bookingid": 2107
    },
    {
        "bookingid": 556
    },
    {
        "bookingid": 3278
    },
    {
        "bookingid": 3821
    },
    {
        "bookingid": 2201
    },
    {
        "bookingid": 153
    },
    {
        "bookingid": 2669
    },
    {
        "bookingid": 3627
    },
    {
        "bookingid": 1231
    },
    {
        "bookingid": 1221
    },
    {
        "bookingid": 3533
    },
    {
        "bookingid": 3665
    },
    {
        "bookingid": 3051
    },
    {
        "bookingid": 3516
    },
    {
        "bookingid": 1418
    },
    {
        "bookingid": 2298
    },
    {
        "bookingid": 138
    },
    {
        "bookingid": 3651
    },
    {
        "bookingid": 3995
    },
    {
        "bookingid": 166
    },
    {
        "bookingid": 3269
    },
    {
        "bookingid": 89
    },
    {
        "bookingid": 2176
    },
    {
        "bookingid": 3445
    },
    {
        "bookingid": 3413
    },
    {
        "bookingid": 3214
    },
    {
        "bookingid": 4080
    },
    {
        "bookingid": 102
    },
    {
        "bookingid": 287
    },
    {
        "bookingid": 1267
    },
    {
        "bookingid": 3557
    },
    {
        "bookingid": 4217
    },
    {
        "bookingid": 852
    },
    {
        "bookingid": 29
    },
    {
        "bookingid": 997
    },
    {
        "bookingid": 2180
    },
    {
        "bookingid": 870
    },
    {
        "bookingid": 1008
    },
    {
        "bookingid": 686
    },
    {
        "bookingid": 3583
    },
    {
        "bookingid": 3700
    },
    {
        "bookingid": 4148
    },
    {
        "bookingid": 2674
    },
    {
        "bookingid": 3075
    },
    {
        "bookingid": 3815
    },
    {
        "bookingid": 1040
    },
    {
        "bookingid": 3462
    },
    {
        "bookingid": 956
    },
    {
        "bookingid": 723
    },
    {
        "bookingid": 1002
    },
    {
        "bookingid": 1743
    },
    {
        "bookingid": 3315
    },
    {
        "bookingid": 3491
    },
    {
        "bookingid": 3227
    },
    {
        "bookingid": 1977
    },
    {
        "bookingid": 1729
    },
    {
        "bookingid": 825
    },
    {
        "bookingid": 1745
    },
    {
        "bookingid": 961
    },
    {
        "bookingid": 458
    },
    {
        "bookingid": 2583
    },
    {
        "bookingid": 808
    },
    {
        "bookingid": 836
    },
    {
        "bookingid": 2751
    },
    {
        "bookingid": 624
    },
    {
        "bookingid": 1021
    },
    {
        "bookingid": 2495
    },
    {
        "bookingid": 3852
    },
    {
        "bookingid": 1634
    },
    {
        "bookingid": 647
    },
    {
        "bookingid": 389
    },
    {
        "bookingid": 548
    },
    {
        "bookingid": 3313
    },
    {
        "bookingid": 504
    },
    {
        "bookingid": 1775
    },
    {
        "bookingid": 4008
    },
    {
        "bookingid": 3044
    },
    {
        "bookingid": 2239
    },
    {
        "bookingid": 1920
    },
    {
        "bookingid": 2394
    },
    {
        "bookingid": 858
    },
    {
        "bookingid": 609
    },
    {
        "bookingid": 4117
    },
    {
        "bookingid": 3010
    },
    {
        "bookingid": 2330
    },
    {
        "bookingid": 335
    },
    {
        "bookingid": 318
    },
    {
        "bookingid": 1524
    },
    {
        "bookingid": 112
    },
    {
        "bookingid": 1417
    },
    {
        "bookingid": 926
    },
    {
        "bookingid": 3692
    },
    {
        "bookingid": 1573
    },
    {
        "bookingid": 762
    },
    {
        "bookingid": 3018
    },
    {
        "bookingid": 3503
    },
    {
        "bookingid": 3260
    },
    {
        "bookingid": 2357
    },
    {
        "bookingid": 3915
    },
    {
        "bookingid": 1556
    },
    {
        "bookingid": 3983
    },
    {
        "bookingid": 388
    },
    {
        "bookingid": 1142
    },
    {
        "bookingid": 3635
    },
    {
        "bookingid": 4092
    },
    {
        "bookingid": 3658
    },
    {
        "bookingid": 123
    },
    {
        "bookingid": 3
    },
    {
        "bookingid": 1724
    },
    {
        "bookingid": 3265
    },
    {
        "bookingid": 479
    },
    {
        "bookingid": 2203
    },
    {
        "bookingid": 672
    },
    {
        "bookingid": 4188
    },
    {
        "bookingid": 182
    },
    {
        "bookingid": 1345
    },
    {
        "bookingid": 95
    },
    {
        "bookingid": 2212
    },
    {
        "bookingid": 212
    },
    {
        "bookingid": 1518
    },
    {
        "bookingid": 4088
    },
    {
        "bookingid": 1495
    },
    {
        "bookingid": 3498
    },
    {
        "bookingid": 1763
    },
    {
        "bookingid": 1684
    },
    {
        "bookingid": 1505
    },
    {
        "bookingid": 3291
    },
    {
        "bookingid": 568
    },
    {
        "bookingid": 501
    },
    {
        "bookingid": 2234
    },
    {
        "bookingid": 3004
    },
    {
        "bookingid": 3098
    },
    {
        "bookingid": 2744
    },
    {
        "bookingid": 559
    },
    {
        "bookingid": 816
    },
    {
        "bookingid": 3507
    },
    {
        "bookingid": 2652
    },
    {
        "bookingid": 2335
    },
    {
        "bookingid": 3037
    },
    {
        "bookingid": 690
    },
    {
        "bookingid": 742
    },
    {
        "bookingid": 2517
    },
    {
        "bookingid": 2708
    },
    {
        "bookingid": 3363
    },
    {
        "bookingid": 773
    },
    {
        "bookingid": 30
    },
    {
        "bookingid": 2991
    },
    {
        "bookingid": 3845
    },
    {
        "bookingid": 1879
    },
    {
        "bookingid": 1239
    },
    {
        "bookingid": 616
    },
    {
        "bookingid": 751
    },
    {
        "bookingid": 3294
    },
    {
        "bookingid": 2008
    },
    {
        "bookingid": 1214
    },
    {
        "bookingid": 3302
    },
    {
        "bookingid": 4185
    },
    {
        "bookingid": 1630
    },
    {
        "bookingid": 1815
    },
    {
        "bookingid": 725
    },
    {
        "bookingid": 589
    },
    {
        "bookingid": 3764
    },
    {
        "bookingid": 2609
    },
    {
        "bookingid": 893
    },
    {
        "bookingid": 2012
    },
    {
        "bookingid": 304
    },
    {
        "bookingid": 1328
    },
    {
        "bookingid": 307
    },
    {
        "bookingid": 1949
    },
    {
        "bookingid": 1522
    },
    {
        "bookingid": 4025
    },
    {
        "bookingid": 1898
    },
    {
        "bookingid": 2402
    },
    {
        "bookingid": 891
    },
    {
        "bookingid": 1914
    },
    {
        "bookingid": 1420
    },
    {
        "bookingid": 3263
    },
    {
        "bookingid": 3137
    },
    {
        "bookingid": 1854
    },
    {
        "bookingid": 4040
    },
    {
        "bookingid": 2779
    },
    {
        "bookingid": 707
    },
    {
        "bookingid": 4211
    },
    {
        "bookingid": 2436
    },
    {
        "bookingid": 734
    },
    {
        "bookingid": 3685
    },
    {
        "bookingid": 3225
    },
    {
        "bookingid": 3749
    },
    {
        "bookingid": 94
    },
    {
        "bookingid": 4178
    },
    {
        "bookingid": 4102
    },
    {
        "bookingid": 219
    },
    {
        "bookingid": 3274
    },
    {
        "bookingid": 487
    },
    {
        "bookingid": 2154
    },
    {
        "bookingid": 1170
    },
    {
        "bookingid": 874
    },
    {
        "bookingid": 743
    },
    {
        "bookingid": 349
    },
    {
        "bookingid": 339
    },
    {
        "bookingid": 378
    },
    {
        "bookingid": 2882
    },
    {
        "bookingid": 3869
    },
    {
        "bookingid": 2832
    },
    {
        "bookingid": 1533
    },
    {
        "bookingid": 3148
    },
    {
        "bookingid": 2081
    },
    {
        "bookingid": 907
    },
    {
        "bookingid": 2473
    },
    {
        "bookingid": 882
    },
    {
        "bookingid": 2466
    },
    {
        "bookingid": 2617
    },
    {
        "bookingid": 1881
    },
    {
        "bookingid": 3244
    },
    {
        "bookingid": 1430
    },
    {
        "bookingid": 3293
    },
    {
        "bookingid": 1645
    },
    {
        "bookingid": 2693
    },
    {
        "bookingid": 2169
    },
    {
        "bookingid": 1451
    },
    {
        "bookingid": 323
    },
    {
        "bookingid": 2797
    },
    {
        "bookingid": 3530
    },
    {
        "bookingid": 78
    },
    {
        "bookingid": 2818
    },
    {
        "bookingid": 4068
    },
    {
        "bookingid": 383
    },
    {
        "bookingid": 2195
    },
    {
        "bookingid": 2569
    },
    {
        "bookingid": 91
    },
    {
        "bookingid": 19
    },
    {
        "bookingid": 2537
    },
    {
        "bookingid": 1429
    },
    {
        "bookingid": 2470
    },
    {
        "bookingid": 500
    },
    {
        "bookingid": 4018
    },
    {
        "bookingid": 3860
    },
    {
        "bookingid": 1890
    },
    {
        "bookingid": 3895
    },
    {
        "bookingid": 1654
    },
    {
        "bookingid": 3563
    },
    {
        "bookingid": 611
    },
    {
        "bookingid": 3104
    },
    {
        "bookingid": 3917
    },
    {
        "bookingid": 2837
    },
    {
        "bookingid": 2562
    },
    {
        "bookingid": 1544
    },
    {
        "bookingid": 1323
    },
    {
        "bookingid": 676
    },
    {
        "bookingid": 680
    },
    {
        "bookingid": 2911
    },
    {
        "bookingid": 3084
    },
    {
        "bookingid": 2547
    },
    {
        "bookingid": 1045
    },
    {
        "bookingid": 694
    },
    {
        "bookingid": 2328
    },
    {
        "bookingid": 447
    },
    {
        "bookingid": 563
    },
    {
        "bookingid": 1581
    },
    {
        "bookingid": 771
    },
    {
        "bookingid": 2406
    },
    {
        "bookingid": 1381
    },
    {
        "bookingid": 3813
    },
    {
        "bookingid": 3309
    },
    {
        "bookingid": 3794
    },
    {
        "bookingid": 3223
    },
    {
        "bookingid": 1618
    },
    {
        "bookingid": 2000
    },
    {
        "bookingid": 400
    },
    {
        "bookingid": 3777
    },
    {
        "bookingid": 2917
    },
    {
        "bookingid": 2251
    },
    {
        "bookingid": 2668
    },
    {
        "bookingid": 4168
    },
    {
        "bookingid": 2505
    },
    {
        "bookingid": 3343
    },
    {
        "bookingid": 941
    },
    {
        "bookingid": 948
    },
    {
        "bookingid": 305
    },
    {
        "bookingid": 1177
    },
    {
        "bookingid": 1600
    },
    {
        "bookingid": 1084
    },
    {
        "bookingid": 150
    },
    {
        "bookingid": 2153
    },
    {
        "bookingid": 2908
    },
    {
        "bookingid": 520
    },
    {
        "bookingid": 3781
    },
    {
        "bookingid": 3347
    },
    {
        "bookingid": 494
    },
    {
        "bookingid": 3893
    },
    {
        "bookingid": 394
    },
    {
        "bookingid": 1075
    },
    {
        "bookingid": 659
    },
    {
        "bookingid": 2445
    },
    {
        "bookingid": 717
    },
    {
        "bookingid": 2391
    },
    {
        "bookingid": 4195
    },
    {
        "bookingid": 286
    },
    {
        "bookingid": 922
    },
    {
        "bookingid": 2515
    },
    {
        "bookingid": 1909
    },
    {
        "bookingid": 2985
    },
    {
        "bookingid": 1361
    },
    {
        "bookingid": 1978
    },
    {
        "bookingid": 3289
    },
    {
        "bookingid": 3299
    },
    {
        "bookingid": 3070
    },
    {
        "bookingid": 930
    },
    {
        "bookingid": 3676
    },
    {
        "bookingid": 3130
    },
    {
        "bookingid": 3237
    },
    {
        "bookingid": 1693
    },
    {
        "bookingid": 1528
    },
    {
        "bookingid": 2864
    },
    {
        "bookingid": 3742
    },
    {
        "bookingid": 1585
    },
    {
        "bookingid": 1611
    },
    {
        "bookingid": 1478
    },
    {
        "bookingid": 2928
    },
    {
        "bookingid": 4164
    },
    {
        "bookingid": 714
    },
    {
        "bookingid": 2279
    },
    {
        "bookingid": 2540
    },
    {
        "bookingid": 2450
    },
    {
        "bookingid": 1706
    },
    {
        "bookingid": 747
    },
    {
        "bookingid": 2534
    },
    {
        "bookingid": 1796
    },
    {
        "bookingid": 2444
    },
    {
        "bookingid": 3757
    },
    {
        "bookingid": 3042
    },
    {
        "bookingid": 2408
    },
    {
        "bookingid": 988
    },
    {
        "bookingid": 3370
    },
    {
        "bookingid": 3334
    },
    {
        "bookingid": 637
    },
    {
        "bookingid": 1273
    },
    {
        "bookingid": 3395
    },
    {
        "bookingid": 1477
    },
    {
        "bookingid": 1169
    },
    {
        "bookingid": 1052
    },
    {
        "bookingid": 719
    },
    {
        "bookingid": 2758
    },
    {
        "bookingid": 2287
    },
    {
        "bookingid": 2506
    },
    {
        "bookingid": 1673
    },
    {
        "bookingid": 4196
    },
    {
        "bookingid": 2579
    },
    {
        "bookingid": 3661
    },
    {
        "bookingid": 2479
    },
    {
        "bookingid": 270
    },
    {
        "bookingid": 263
    },
    {
        "bookingid": 3429
    },
    {
        "bookingid": 3836
    },
    {
        "bookingid": 1149
    },
    {
        "bookingid": 3215
    },
    {
        "bookingid": 3177
    },
    {
        "bookingid": 1794
    },
    {
        "bookingid": 2592
    },
    {
        "bookingid": 741
    },
    {
        "bookingid": 130
    },
    {
        "bookingid": 2580
    },
    {
        "bookingid": 475
    },
    {
        "bookingid": 2367
    },
    {
        "bookingid": 3699
    },
    {
        "bookingid": 486
    },
    {
        "bookingid": 1165
    },
    {
        "bookingid": 3871
    },
    {
        "bookingid": 3864
    },
    {
        "bookingid": 3683
    },
    {
        "bookingid": 1
    },
    {
        "bookingid": 1813
    },
    {
        "bookingid": 3857
    },
    {
        "bookingid": 1707
    },
    {
        "bookingid": 2825
    },
    {
        "bookingid": 1595
    },
    {
        "bookingid": 2849
    },
    {
        "bookingid": 1456
    },
    {
        "bookingid": 119
    },
    {
        "bookingid": 1563
    },
    {
        "bookingid": 1969
    },
    {
        "bookingid": 1871
    },
    {
        "bookingid": 598
    },
    {
        "bookingid": 3041
    },
    {
        "bookingid": 1253
    },
    {
        "bookingid": 1235
    },
    {
        "bookingid": 1714
    },
    {
        "bookingid": 3878
    },
    {
        "bookingid": 3493
    },
    {
        "bookingid": 514
    },
    {
        "bookingid": 4060
    },
    {
        "bookingid": 3123
    },
    {
        "bookingid": 1513
    },
    {
        "bookingid": 871
    },
    {
        "bookingid": 1445
    },
    {
        "bookingid": 3621
    },
    {
        "bookingid": 876
    },
    {
        "bookingid": 99
    },
    {
        "bookingid": 2481
    },
    {
        "bookingid": 3959
    },
    {
        "bookingid": 3432
    },
    {
        "bookingid": 2273
    },
    {
        "bookingid": 105
    },
    {
        "bookingid": 1034
    },
    {
        "bookingid": 1987
    },
    {
        "bookingid": 1046
    },
    {
        "bookingid": 1100
    },
    {
        "bookingid": 648
    },
    {
        "bookingid": 6
    },
    {
        "bookingid": 3629
    },
    {
        "bookingid": 4047
    },
    {
        "bookingid": 2046
    },
    {
        "bookingid": 2018
    },
    {
        "bookingid": 3978
    },
    {
        "bookingid": 2429
    },
    {
        "bookingid": 4066
    },
    {
        "bookingid": 588
    },
    {
        "bookingid": 2337
    },
    {
        "bookingid": 226
    },
    {
        "bookingid": 2969
    },
    {
        "bookingid": 3441
    },
    {
        "bookingid": 4090
    },
    {
        "bookingid": 3763
    },
    {
        "bookingid": 1986
    },
    {
        "bookingid": 3421
    },
    {
        "bookingid": 3056
    },
    {
        "bookingid": 2044
    },
    {
        "bookingid": 41
    },
    {
        "bookingid": 1545
    },
    {
        "bookingid": 3132
    },
    {
        "bookingid": 2869
    },
    {
        "bookingid": 101
    },
    {
        "bookingid": 3748
    },
    {
        "bookingid": 4033
    },
    {
        "bookingid": 471
    },
    {
        "bookingid": 256
    },
    {
        "bookingid": 1353
    },
    {
        "bookingid": 3354
    },
    {
        "bookingid": 1773
    },
    {
        "bookingid": 3571
    },
    {
        "bookingid": 2418
    },
    {
        "bookingid": 551
    },
    {
        "bookingid": 2401
    },
    {
        "bookingid": 895
    },
    {
        "bookingid": 1976
    },
    {
        "bookingid": 2136
    },
    {
        "bookingid": 3420
    },
    {
        "bookingid": 2423
    },
    {
        "bookingid": 227
    },
    {
        "bookingid": 271
    },
    {
        "bookingid": 2385
    },
    {
        "bookingid": 149
    },
    {
        "bookingid": 3065
    },
    {
        "bookingid": 863
    },
    {
        "bookingid": 3153
    },
    {
        "bookingid": 1841
    },
    {
        "bookingid": 759
    },
    {
        "bookingid": 4159
    },
    {
        "bookingid": 3597
    },
    {
        "bookingid": 1938
    },
    {
        "bookingid": 2397
    },
    {
        "bookingid": 3703
    },
    {
        "bookingid": 3565
    },
    {
        "bookingid": 2697
    },
    {
        "bookingid": 2765
    },
    {
        "bookingid": 1735
    },
    {
        "bookingid": 262
    },
    {
        "bookingid": 1997
    },
    {
        "bookingid": 216
    },
    {
        "bookingid": 868
    },
    {
        "bookingid": 619
    },
    {
        "bookingid": 1300
    },
    {
        "bookingid": 3155
    },
    {
        "bookingid": 1000
    },
    {
        "bookingid": 1958
    },
    {
        "bookingid": 3904
    },
    {
        "bookingid": 1130
    },
    {
        "bookingid": 4054
    },
    {
        "bookingid": 20
    },
    {
        "bookingid": 2140
    },
    {
        "bookingid": 426
    },
    {
        "bookingid": 655
    },
    {
        "bookingid": 602
    },
    {
        "bookingid": 488
    },
    {
        "bookingid": 437
    },
    {
        "bookingid": 1255
    },
    {
        "bookingid": 2252
    },
    {
        "bookingid": 1181
    },
    {
        "bookingid": 57
    },
    {
        "bookingid": 1401
    },
    {
        "bookingid": 1367
    },
    {
        "bookingid": 917
    },
    {
        "bookingid": 1829
    },
    {
        "bookingid": 1746
    },
    {
        "bookingid": 2225
    },
    {
        "bookingid": 4111
    },
    {
        "bookingid": 3232
    },
    {
        "bookingid": 675
    },
    {
        "bookingid": 380
    },
    {
        "bookingid": 209
    },
    {
        "bookingid": 1462
    },
    {
        "bookingid": 1135
    },
    {
        "bookingid": 2607
    },
    {
        "bookingid": 3783
    },
    {
        "bookingid": 3592
    },
    {
        "bookingid": 3799
    },
    {
        "bookingid": 454
    },
    {
        "bookingid": 2122
    },
    {
        "bookingid": 134
    },
    {
        "bookingid": 81
    },
    {
        "bookingid": 2109
    },
    {
        "bookingid": 2259
    },
    {
        "bookingid": 2906
    },
    {
        "bookingid": 353
    },
    {
        "bookingid": 3523
    },
    {
        "bookingid": 2633
    },
    {
        "bookingid": 896
    },
    {
        "bookingid": 671
    },
    {
        "bookingid": 344
    },
    {
        "bookingid": 55
    },
    {
        "bookingid": 1509
    },
    {
        "bookingid": 3755
    },
    {
        "bookingid": 2822
    },
    {
        "bookingid": 4095
    },
    {
        "bookingid": 1562
    },
    {
        "bookingid": 632
    },
    {
        "bookingid": 1719
    },
    {
        "bookingid": 827
    },
    {
        "bookingid": 643
    },
    {
        "bookingid": 1378
    },
    {
        "bookingid": 2025
    },
    {
        "bookingid": 3490
    },
    {
        "bookingid": 2181
    },
    {
        "bookingid": 1091
    },
    {
        "bookingid": 2893
    },
    {
        "bookingid": 188
    },
    {
        "bookingid": 2342
    },
    {
        "bookingid": 2009
    },
    {
        "bookingid": 1578
    },
    {
        "bookingid": 978
    },
    {
        "bookingid": 2400
    },
    {
        "bookingid": 1124
    },
    {
        "bookingid": 244
    },
    {
        "bookingid": 2666
    },
    {
        "bookingid": 942
    },
    {
        "bookingid": 2482
    },
    {
        "bookingid": 3191
    },
    {
        "bookingid": 1442
    },
    {
        "bookingid": 139
    },
    {
        "bookingid": 2171
    },
    {
        "bookingid": 3213
    },
    {
        "bookingid": 2055
    },
    {
        "bookingid": 2001
    },
    {
        "bookingid": 455
    },
    {
        "bookingid": 1249
    },
    {
        "bookingid": 1675
    },
    {
        "bookingid": 1425
    },
    {
        "bookingid": 1366
    },
    {
        "bookingid": 663
    },
    {
        "bookingid": 1094
    },
    {
        "bookingid": 2642
    },
    {
        "bookingid": 2507
    },
    {
        "bookingid": 4208
    },
    {
        "bookingid": 558
    },
    {
        "bookingid": 1331
    },
    {
        "bookingid": 4052
    },
    {
        "bookingid": 2028
    },
    {
        "bookingid": 1646
    },
    {
        "bookingid": 2516
    },
    {
        "bookingid": 914
    },
    {
        "bookingid": 2879
    },
    {
        "bookingid": 1776
    },
    {
        "bookingid": 2662
    },
    {
        "bookingid": 3267
    },
    {
        "bookingid": 1640
    },
    {
        "bookingid": 2761
    },
    {
        "bookingid": 846
    },
    {
        "bookingid": 3921
    },
    {
        "bookingid": 280
    },
    {
        "bookingid": 452
    },
    {
        "bookingid": 1283
    },
    {
        "bookingid": 2940
    },
    {
        "bookingid": 3110
    },
    {
        "bookingid": 2738
    },
    {
        "bookingid": 2732
    },
    {
        "bookingid": 3021
    },
    {
        "bookingid": 3154
    },
    {
        "bookingid": 250
    },
    {
        "bookingid": 2021
    },
    {
        "bookingid": 1105
    },
    {
        "bookingid": 2246
    },
    {
        "bookingid": 934
    },
    {
        "bookingid": 368
    },
    {
        "bookingid": 3147
    },
    {
        "bookingid": 3569
    },
    {
        "bookingid": 3673
    },
    {
        "bookingid": 756
    },
    {
        "bookingid": 2299
    },
    {
        "bookingid": 964
    },
    {
        "bookingid": 2710
    },
    {
        "bookingid": 1833
    },
    {
        "bookingid": 2142
    },
    {
        "bookingid": 2600
    },
    {
        "bookingid": 831
    },
    {
        "bookingid": 1911
    },
    {
        "bookingid": 2831
    },
    {
        "bookingid": 2700
    },
    {
        "bookingid": 2838
    },
    {
        "bookingid": 3431
    },
    {
        "bookingid": 2717
    },
    {
        "bookingid": 3820
    },
    {
        "bookingid": 2953
    },
    {
        "bookingid": 3874
    },
    {
        "bookingid": 3992
    },
    {
        "bookingid": 4002
    },
    {
        "bookingid": 2529
    },
    {
        "bookingid": 147
    },
    {
        "bookingid": 1983
    },
    {
        "bookingid": 4180
    },
    {
        "bookingid": 3025
    },
    {
        "bookingid": 3518
    },
    {
        "bookingid": 1626
    },
    {
        "bookingid": 3497
    },
    {
        "bookingid": 3894
    },
    {
        "bookingid": 2244
    },
    {
        "bookingid": 338
    },
    {
        "bookingid": 1007
    },
    {
        "bookingid": 620
    },
    {
        "bookingid": 403
    },
    {
        "bookingid": 42
    },
    {
        "bookingid": 3883
    },
    {
        "bookingid": 1530
    },
    {
        "bookingid": 3689
    },
    {
        "bookingid": 3766
    },
    {
        "bookingid": 1893
    },
    {
        "bookingid": 721
    },
    {
        "bookingid": 3984
    },
    {
        "bookingid": 3990
    },
    {
        "bookingid": 1502
    },
    {
        "bookingid": 1940
    },
    {
        "bookingid": 1687
    },
    {
        "bookingid": 2048
    },
    {
        "bookingid": 195
    },
    {
        "bookingid": 1392
    },
    {
        "bookingid": 3321
    },
    {
        "bookingid": 205
    },
    {
        "bookingid": 4221
    },
    {
        "bookingid": 1853
    },
    {
        "bookingid": 3151
    },
    {
        "bookingid": 2202
    },
    {
        "bookingid": 4107
    },
    {
        "bookingid": 3524
    },
    {
        "bookingid": 3300
    },
    {
        "bookingid": 1458
    },
    {
        "bookingid": 2285
    },
    {
        "bookingid": 3062
    },
    {
        "bookingid": 509
    },
    {
        "bookingid": 490
    },
    {
        "bookingid": 3648
    },
    {
        "bookingid": 584
    },
    {
        "bookingid": 1110
    },
    {
        "bookingid": 38
    },
    {
        "bookingid": 3608
    },
    {
        "bookingid": 449
    },
    {
        "bookingid": 3337
    },
    {
        "bookingid": 3460
    },
    {
        "bookingid": 1523
    },
    {
        "bookingid": 2313
    },
    {
        "bookingid": 2867
    },
    {
        "bookingid": 2078
    },
    {
        "bookingid": 1679
    },
    {
        "bookingid": 1998
    },
    {
        "bookingid": 2846
    },
    {
        "bookingid": 1289
    },
    {
        "bookingid": 127
    },
    {
        "bookingid": 913
    },
    {
        "bookingid": 4174
    },
    {
        "bookingid": 2783
    },
    {
        "bookingid": 2503
    },
    {
        "bookingid": 1772
    },
    {
        "bookingid": 1436
    },
    {
        "bookingid": 416
    },
    {
        "bookingid": 122
    },
    {
        "bookingid": 2934
    },
    {
        "bookingid": 3348
    },
    {
        "bookingid": 2275
    },
    {
        "bookingid": 3020
    },
    {
        "bookingid": 3525
    },
    {
        "bookingid": 1237
    },
    {
        "bookingid": 1140
    },
    {
        "bookingid": 1354
    },
    {
        "bookingid": 1092
    },
    {
        "bookingid": 2088
    },
    {
        "bookingid": 1913
    },
    {
        "bookingid": 1508
    },
    {
        "bookingid": 2551
    },
    {
        "bookingid": 574
    },
    {
        "bookingid": 860
    },
    {
        "bookingid": 2187
    },
    {
        "bookingid": 1131
    },
    {
        "bookingid": 2795
    },
    {
        "bookingid": 887
    },
    {
        "bookingid": 840
    },
    {
        "bookingid": 699
    },
    {
        "bookingid": 3865
    },
    {
        "bookingid": 2595
    },
    {
        "bookingid": 2463
    },
    {
        "bookingid": 2511
    },
    {
        "bookingid": 76
    },
    {
        "bookingid": 1188
    },
    {
        "bookingid": 2629
    },
    {
        "bookingid": 973
    },
    {
        "bookingid": 2433
    },
    {
        "bookingid": 519
    },
    {
        "bookingid": 2061
    },
    {
        "bookingid": 592
    },
    {
        "bookingid": 328
    },
    {
        "bookingid": 2134
    },
    {
        "bookingid": 2113
    },
    {
        "bookingid": 1519
    },
    {
        "bookingid": 3170
    },
    {
        "bookingid": 3579
    },
    {
        "bookingid": 4220
    },
    {
        "bookingid": 4030
    },
    {
        "bookingid": 302
    },
    {
        "bookingid": 2384
    },
    {
        "bookingid": 951
    },
    {
        "bookingid": 2161
    },
    {
        "bookingid": 3322
    },
    {
        "bookingid": 2803
    },
    {
        "bookingid": 1318
    },
    {
        "bookingid": 1700
    },
    {
        "bookingid": 3631
    },
    {
        "bookingid": 2564
    },
    {
        "bookingid": 4145
    },
    {
        "bookingid": 110
    },
    {
        "bookingid": 1449
    },
    {
        "bookingid": 1228
    },
    {
        "bookingid": 3938
    },
    {
        "bookingid": 4194
    },
    {
        "bookingid": 600
    },
    {
        "bookingid": 3353
    },
    {
        "bookingid": 3475
    },
    {
        "bookingid": 2584
    },
    {
        "bookingid": 3159
    },
    {
        "bookingid": 2403
    },
    {
        "bookingid": 174
    },
    {
        "bookingid": 2324
    },
    {
        "bookingid": 1187
    },
    {
        "bookingid": 1433
    },
    {
        "bookingid": 2964
    },
    {
        "bookingid": 1816
    },
    {
        "bookingid": 1244
    },
    {
        "bookingid": 28
    },
    {
        "bookingid": 1652
    },
    {
        "bookingid": 3620
    },
    {
        "bookingid": 2208
    },
    {
        "bookingid": 1736
    },
    {
        "bookingid": 480
    },
    {
        "bookingid": 1539
    },
    {
        "bookingid": 1577
    },
    {
        "bookingid": 3810
    },
    {
        "bookingid": 3770
    },
    {
        "bookingid": 1080
    },
    {
        "bookingid": 2568
    },
    {
        "bookingid": 3686
    },
    {
        "bookingid": 63
    },
    {
        "bookingid": 3705
    },
    {
        "bookingid": 141
    },
    {
        "bookingid": 4114
    },
    {
        "bookingid": 1828
    },
    {
        "bookingid": 625
    },
    {
        "bookingid": 1989
    },
    {
        "bookingid": 34
    },
    {
        "bookingid": 2967
    },
    {
        "bookingid": 3552
    },
    {
        "bookingid": 2499
    },
    {
        "bookingid": 3194
    },
    {
        "bookingid": 439
    },
    {
        "bookingid": 3842
    },
    {
        "bookingid": 971
    },
    {
        "bookingid": 1576
    },
    {
        "bookingid": 2897
    },
    {
        "bookingid": 1491
    },
    {
        "bookingid": 2618
    },
    {
        "bookingid": 1119
    },
    {
        "bookingid": 474
    },
    {
        "bookingid": 376
    },
    {
        "bookingid": 462
    },
    {
        "bookingid": 794
    },
    {
        "bookingid": 2828
    },
    {
        "bookingid": 1278
    },
    {
        "bookingid": 3834
    },
    {
        "bookingid": 2914
    },
    {
        "bookingid": 4087
    },
    {
        "bookingid": 3135
    },
    {
        "bookingid": 1862
    },
    {
        "bookingid": 730
    },
    {
        "bookingid": 1757
    },
    {
        "bookingid": 2518
    },
    {
        "bookingid": 502
    },
    {
        "bookingid": 2839
    },
    {
        "bookingid": 3508
    },
    {
        "bookingid": 2426
    },
    {
        "bookingid": 3577
    },
    {
        "bookingid": 2146
    },
    {
        "bookingid": 2724
    },
    {
        "bookingid": 2270
    },
    {
        "bookingid": 549
    },
    {
        "bookingid": 2874
    },
    {
        "bookingid": 2356
    },
    {
        "bookingid": 710
    },
    {
        "bookingid": 2
    },
    {
        "bookingid": 2930
    },
    {
        "bookingid": 310
    },
    {
        "bookingid": 3385
    },
    {
        "bookingid": 1948
    },
    {
        "bookingid": 4171
    },
    {
        "bookingid": 2058
    },
    {
        "bookingid": 3072
    },
    {
        "bookingid": 3461
    },
    {
        "bookingid": 1615
    },
    {
        "bookingid": 3272
    },
    {
        "bookingid": 4108
    },
    {
        "bookingid": 56
    },
    {
        "bookingid": 2888
    },
    {
        "bookingid": 748
    },
    {
        "bookingid": 1196
    },
    {
        "bookingid": 3406
    },
    {
        "bookingid": 642
    },
    {
        "bookingid": 1112
    },
    {
        "bookingid": 3381
    },
    {
        "bookingid": 2513
    },
    {
        "bookingid": 859
    },
    {
        "bookingid": 1780
    },
    {
        "bookingid": 1497
    },
    {
        "bookingid": 1594
    },
    {
        "bookingid": 3320
    },
    {
        "bookingid": 2800
    },
    {
        "bookingid": 1325
    },
    {
        "bookingid": 1039
    },
    {
        "bookingid": 745
    },
    {
        "bookingid": 179
    },
    {
        "bookingid": 819
    },
    {
        "bookingid": 2714
    },
    {
        "bookingid": 1125
    },
    {
        "bookingid": 23
    },
    {
        "bookingid": 1988
    },
    {
        "bookingid": 2425
    },
    {
        "bookingid": 596
    },
    {
        "bookingid": 1317
    },
    {
        "bookingid": 3914
    },
    {
        "bookingid": 522
    },
    {
        "bookingid": 698
    },
    {
        "bookingid": 784
    },
    {
        "bookingid": 117
    },
    {
        "bookingid": 622
    },
    {
        "bookingid": 4038
    },
    {
        "bookingid": 1846
    },
    {
        "bookingid": 2587
    },
    {
        "bookingid": 3040
    },
    {
        "bookingid": 812
    },
    {
        "bookingid": 2630
    },
    {
        "bookingid": 3647
    },
    {
        "bookingid": 3013
    },
    {
        "bookingid": 2428
    },
    {
        "bookingid": 1552
    },
    {
        "bookingid": 3083
    },
    {
        "bookingid": 3239
    },
    {
        "bookingid": 3848
    },
    {
        "bookingid": 2992
    },
    {
        "bookingid": 2489
    },
    {
        "bookingid": 2083
    },
    {
        "bookingid": 3778
    },
    {
        "bookingid": 161
    },
    {
        "bookingid": 1051
    },
    {
        "bookingid": 1252
    },
    {
        "bookingid": 2029
    },
    {
        "bookingid": 1190
    },
    {
        "bookingid": 3444
    },
    {
        "bookingid": 4162
    },
    {
        "bookingid": 1072
    },
    {
        "bookingid": 2305
    },
    {
        "bookingid": 4112
    },
    {
        "bookingid": 3076
    },
    {
        "bookingid": 52
    },
    {
        "bookingid": 1708
    },
    {
        "bookingid": 1599
    },
    {
        "bookingid": 1903
    },
    {
        "bookingid": 1222
    },
    {
        "bookingid": 3912
    },
    {
        "bookingid": 889
    },
    {
        "bookingid": 2736
    },
    {
        "bookingid": 2192
    },
    {
        "bookingid": 2043
    },
    {
        "bookingid": 1888
    },
    {
        "bookingid": 1744
    },
    {
        "bookingid": 1742
    },
    {
        "bookingid": 2943
    },
    {
        "bookingid": 2265
    },
    {
        "bookingid": 1148
    },
    {
        "bookingid": 1891
    },
    {
        "bookingid": 2310
    },
    {
        "bookingid": 3760
    },
    {
        "bookingid": 2919
    },
    {
        "bookingid": 3047
    },
    {
        "bookingid": 88
    },
    {
        "bookingid": 3803
    },
    {
        "bookingid": 962
    },
    {
        "bookingid": 1883
    },
    {
        "bookingid": 1963
    },
    {
        "bookingid": 2661
    },
    {
        "bookingid": 1264
    },
    {
        "bookingid": 4082
    },
    {
        "bookingid": 3367
    },
    {
        "bookingid": 3547
    },
    {
        "bookingid": 618
    },
    {
        "bookingid": 3401
    },
    {
        "bookingid": 3033
    },
    {
        "bookingid": 3862
    },
    {
        "bookingid": 3671
    },
    {
        "bookingid": 2519
    },
    {
        "bookingid": 3078
    },
    {
        "bookingid": 790
    },
    {
        "bookingid": 2599
    },
    {
        "bookingid": 1376
    },
    {
        "bookingid": 1241
    },
    {
        "bookingid": 2650
    },
    {
        "bookingid": 4213
    },
    {
        "bookingid": 1152
    },
    {
        "bookingid": 3680
    },
    {
        "bookingid": 2457
    },
    {
        "bookingid": 2695
    },
    {
        "bookingid": 777
    },
    {
        "bookingid": 3674
    },
    {
        "bookingid": 4011
    },
    {
        "bookingid": 3233
    },
    {
        "bookingid": 3950
    },
    {
        "bookingid": 653
    },
    {
        "bookingid": 2769
    },
    {
        "bookingid": 867
    },
    {
        "bookingid": 3554
    },
    {
        "bookingid": 3663
    },
    {
        "bookingid": 2488
    },
    {
        "bookingid": 1941
    },
    {
        "bookingid": 249
    },
    {
        "bookingid": 237
    },
    {
        "bookingid": 3468
    },
    {
        "bookingid": 3103
    },
    {
        "bookingid": 806
    },
    {
        "bookingid": 515
    },
    {
        "bookingid": 3122
    },
    {
        "bookingid": 3113
    },
    {
        "bookingid": 834
    },
    {
        "bookingid": 1001
    },
    {
        "bookingid": 3184
    },
    {
        "bookingid": 1067
    },
    {
        "bookingid": 3971
    },
    {
        "bookingid": 1619
    },
    {
        "bookingid": 3027
    },
    {
        "bookingid": 2267
    },
    {
        "bookingid": 3599
    },
    {
        "bookingid": 3000
    },
    {
        "bookingid": 833
    },
    {
        "bookingid": 3511
    },
    {
        "bookingid": 1669
    },
    {
        "bookingid": 3965
    },
    {
        "bookingid": 3702
    },
    {
        "bookingid": 2274
    },
    {
        "bookingid": 2750
    },
    {
        "bookingid": 2571
    },
    {
        "bookingid": 4067
    },
    {
        "bookingid": 1589
    },
    {
        "bookingid": 708
    },
    {
        "bookingid": 1964
    },
    {
        "bookingid": 3846
    },
    {
        "bookingid": 1101
    },
    {
        "bookingid": 2684
    },
    {
        "bookingid": 3585
    },
    {
        "bookingid": 1218
    },
    {
        "bookingid": 947
    },
    {
        "bookingid": 2163
    },
    {
        "bookingid": 1612
    },
    {
        "bookingid": 984
    },
    {
        "bookingid": 2170
    },
    {
        "bookingid": 186
    },
    {
        "bookingid": 513
    },
    {
        "bookingid": 4023
    },
    {
        "bookingid": 457
    },
    {
        "bookingid": 1954
    },
    {
        "bookingid": 2726
    },
    {
        "bookingid": 1182
    },
    {
        "bookingid": 2787
    },
    {
        "bookingid": 1391
    },
    {
        "bookingid": 3610
    },
    {
        "bookingid": 711
    },
    {
        "bookingid": 411
    },
    {
        "bookingid": 482
    },
    {
        "bookingid": 2526
    },
    {
        "bookingid": 2706
    },
    {
        "bookingid": 3380
    },
    {
        "bookingid": 1250
    },
    {
        "bookingid": 2641
    },
    {
        "bookingid": 4187
    },
    {
        "bookingid": 3157
    },
    {
        "bookingid": 3276
    },
    {
        "bookingid": 2183
    },
    {
        "bookingid": 2231
    },
    {
        "bookingid": 2336
    },
    {
        "bookingid": 954
    },
    {
        "bookingid": 1062
    },
    {
        "bookingid": 1597
    },
    {
        "bookingid": 1686
    },
    {
        "bookingid": 2388
    },
    {
        "bookingid": 4212
    },
    {
        "bookingid": 1448
    },
    {
        "bookingid": 1926
    },
    {
        "bookingid": 3526
    },
    {
        "bookingid": 3058
    },
    {
        "bookingid": 1811
    },
    {
        "bookingid": 2492
    },
    {
        "bookingid": 2585
    },
    {
        "bookingid": 1504
    },
    {
        "bookingid": 2575
    },
    {
        "bookingid": 2802
    },
    {
        "bookingid": 638
    },
    {
        "bookingid": 847
    },
    {
        "bookingid": 22
    },
    {
        "bookingid": 2631
    },
    {
        "bookingid": 4167
    },
    {
        "bookingid": 1487
    },
    {
        "bookingid": 1511
    },
    {
        "bookingid": 35
    },
    {
        "bookingid": 373
    },
    {
        "bookingid": 187
    },
    {
        "bookingid": 1877
    },
    {
        "bookingid": 1400
    },
    {
        "bookingid": 3975
    },
    {
        "bookingid": 477
    },
    {
        "bookingid": 39
    },
    {
        "bookingid": 2966
    },
    {
        "bookingid": 1951
    },
    {
        "bookingid": 2999
    },
    {
        "bookingid": 869
    },
    {
        "bookingid": 44
    },
    {
        "bookingid": 799
    },
    {
        "bookingid": 236
    },
    {
        "bookingid": 1912
    },
    {
        "bookingid": 1765
    },
    {
        "bookingid": 1333
    },
    {
        "bookingid": 1610
    },
    {
        "bookingid": 1717
    },
    {
        "bookingid": 3054
    },
    {
        "bookingid": 395
    },
    {
        "bookingid": 3716
    },
    {
        "bookingid": 1282
    },
    {
        "bookingid": 660
    },
    {
        "bookingid": 1875
    },
    {
        "bookingid": 285
    },
    {
        "bookingid": 1672
    },
    {
        "bookingid": 1455
    },
    {
        "bookingid": 4013
    },
    {
        "bookingid": 1198
    },
    {
        "bookingid": 2255
    },
    {
        "bookingid": 3124
    },
    {
        "bookingid": 3986
    },
    {
        "bookingid": 1732
    },
    {
        "bookingid": 1827
    },
    {
        "bookingid": 634
    },
    {
        "bookingid": 1739
    },
    {
        "bookingid": 3889
    },
    {
        "bookingid": 958
    },
    {
        "bookingid": 248
    },
    {
        "bookingid": 2605
    },
    {
        "bookingid": 966
    },
    {
        "bookingid": 2594
    },
    {
        "bookingid": 2577
    },
    {
        "bookingid": 3769
    },
    {
        "bookingid": 2646
    },
    {
        "bookingid": 2320
    },
    {
        "bookingid": 1414
    },
    {
        "bookingid": 1132
    },
    {
        "bookingid": 2498
    },
    {
        "bookingid": 1606
    },
    {
        "bookingid": 3740
    },
    {
        "bookingid": 1540
    },
    {
        "bookingid": 3198
    },
    {
        "bookingid": 159
    },
    {
        "bookingid": 3998
    },
    {
        "bookingid": 768
    },
    {
        "bookingid": 140
    },
    {
        "bookingid": 594
    },
    {
        "bookingid": 1379
    },
    {
        "bookingid": 2591
    },
    {
        "bookingid": 3712
    },
    {
        "bookingid": 64
    },
    {
        "bookingid": 1759
    },
    {
        "bookingid": 2937
    },
    {
        "bookingid": 949
    },
    {
        "bookingid": 4109
    },
    {
        "bookingid": 1467
    },
    {
        "bookingid": 2378
    },
    {
        "bookingid": 590
    },
    {
        "bookingid": 2960
    },
    {
        "bookingid": 3243
    },
    {
        "bookingid": 2137
    },
    {
        "bookingid": 75
    },
    {
        "bookingid": 2062
    },
    {
        "bookingid": 1304
    },
    {
        "bookingid": 1915
    },
    {
        "bookingid": 2462
    },
    {
        "bookingid": 3776
    },
    {
        "bookingid": 581
    },
    {
        "bookingid": 1647
    },
    {
        "bookingid": 770
    },
    {
        "bookingid": 4172
    },
    {
        "bookingid": 1992
    },
    {
        "bookingid": 2258
    },
    {
        "bookingid": 4189
    },
    {
        "bookingid": 1141
    },
    {
        "bookingid": 298
    },
    {
        "bookingid": 54
    },
    {
        "bookingid": 3210
    },
    {
        "bookingid": 404
    },
    {
        "bookingid": 4125
    },
    {
        "bookingid": 3133
    },
    {
        "bookingid": 3756
    },
    {
        "bookingid": 329
    },
    {
        "bookingid": 4121
    },
    {
        "bookingid": 2038
    },
    {
        "bookingid": 1571
    },
    {
        "bookingid": 2657
    },
    {
        "bookingid": 2850
    },
    {
        "bookingid": 2944
    },
    {
        "bookingid": 2089
    },
    {
        "bookingid": 1106
    },
    {
        "bookingid": 2129
    },
    {
        "bookingid": 567
    },
    {
        "bookingid": 2636
    },
    {
        "bookingid": 3863
    },
    {
        "bookingid": 1388
    },
    {
        "bookingid": 242
    },
    {
        "bookingid": 1570
    },
    {
        "bookingid": 2997
    },
    {
        "bookingid": 2144
    },
    {
        "bookingid": 1406
    },
    {
        "bookingid": 2852
    },
    {
        "bookingid": 2737
    },
    {
        "bookingid": 3220
    },
    {
        "bookingid": 3327
    },
    {
        "bookingid": 2659
    },
    {
        "bookingid": 881
    },
    {
        "bookingid": 4100
    },
    {
        "bookingid": 70
    },
    {
        "bookingid": 1337
    },
    {
        "bookingid": 1233
    },
    {
        "bookingid": 3932
    },
    {
        "bookingid": 1288
    },
    {
        "bookingid": 3439
    },
    {
        "bookingid": 2638
    },
    {
        "bookingid": 1268
    },
    {
        "bookingid": 1122
    },
    {
        "bookingid": 3851
    },
    {
        "bookingid": 3536
    },
    {
        "bookingid": 396
    },
    {
        "bookingid": 1713
    },
    {
        "bookingid": 2416
    },
    {
        "bookingid": 3193
    },
    {
        "bookingid": 467
    },
    {
        "bookingid": 45
    },
    {
        "bookingid": 760
    },
    {
        "bookingid": 2073
    },
    {
        "bookingid": 2050
    },
    {
        "bookingid": 1096
    },
    {
        "bookingid": 1463
    },
    {
        "bookingid": 2006
    },
    {
        "bookingid": 3171
    },
    {
        "bookingid": 316
    },
    {
        "bookingid": 3366
    },
    {
        "bookingid": 542
    },
    {
        "bookingid": 569
    },
    {
        "bookingid": 4083
    },
    {
        "bookingid": 3471
    },
    {
        "bookingid": 2427
    },
    {
        "bookingid": 3958
    },
    {
        "bookingid": 3297
    },
    {
        "bookingid": 1020
    },
    {
        "bookingid": 987
    },
    {
        "bookingid": 3927
    },
    {
        "bookingid": 2898
    },
    {
        "bookingid": 709
    },
    {
        "bookingid": 967
    },
    {
        "bookingid": 538
    },
    {
        "bookingid": 2237
    },
    {
        "bookingid": 2363
    },
    {
        "bookingid": 3342
    },
    {
        "bookingid": 3801
    },
    {
        "bookingid": 1822
    },
    {
        "bookingid": 2628
    },
    {
        "bookingid": 14
    },
    {
        "bookingid": 4158
    },
    {
        "bookingid": 2755
    },
    {
        "bookingid": 2085
    },
    {
        "bookingid": 3976
    },
    {
        "bookingid": 2245
    },
    {
        "bookingid": 2361
    },
    {
        "bookingid": 1404
    },
    {
        "bookingid": 3603
    },
    {
        "bookingid": 3117
    },
    {
        "bookingid": 809
    },
    {
        "bookingid": 277
    },
    {
        "bookingid": 104
    },
    {
        "bookingid": 334
    },
    {
        "bookingid": 1324
    },
    {
        "bookingid": 1441
    },
    {
        "bookingid": 3308
    },
    {
        "bookingid": 693
    },
    {
        "bookingid": 1867
    },
    {
        "bookingid": 982
    },
    {
        "bookingid": 586
    },
    {
        "bookingid": 2216
    },
    {
        "bookingid": 2250
    },
    {
        "bookingid": 2184
    },
    {
        "bookingid": 1975
    },
    {
        "bookingid": 2133
    },
    {
        "bookingid": 1063
    },
    {
        "bookingid": 1260
    },
    {
        "bookingid": 2924
    },
    {
        "bookingid": 2359
    },
    {
        "bookingid": 1408
    },
    {
        "bookingid": 2935
    },
    {
        "bookingid": 2910
    },
    {
        "bookingid": 3114
    },
    {
        "bookingid": 113
    },
    {
        "bookingid": 1060
    },
    {
        "bookingid": 795
    },
    {
        "bookingid": 4120
    },
    {
        "bookingid": 2982
    },
    {
        "bookingid": 434
    },
    {
        "bookingid": 3281
    },
    {
        "bookingid": 1234
    },
    {
        "bookingid": 1490
    },
    {
        "bookingid": 3808
    },
    {
        "bookingid": 1843
    },
    {
        "bookingid": 3022
    },
    {
        "bookingid": 3096
    },
    {
        "bookingid": 830
    },
    {
        "bookingid": 2075
    },
    {
        "bookingid": 2687
    },
    {
        "bookingid": 2167
    },
    {
        "bookingid": 2086
    },
    {
        "bookingid": 3411
    },
    {
        "bookingid": 845
    },
    {
        "bookingid": 1203
    },
    {
        "bookingid": 2306
    },
    {
        "bookingid": 3478
    },
    {
        "bookingid": 4079
    },
    {
        "bookingid": 729
    },
    {
        "bookingid": 3604
    },
    {
        "bookingid": 4097
    },
    {
        "bookingid": 2339
    },
    {
        "bookingid": 3682
    },
    {
        "bookingid": 2778
    },
    {
        "bookingid": 3721
    },
    {
        "bookingid": 3336
    },
    {
        "bookingid": 2721
    },
    {
        "bookingid": 4186
    },
    {
        "bookingid": 4073
    },
    {
        "bookingid": 688
    },
    {
        "bookingid": 3465
    },
    {
        "bookingid": 3987
    },
    {
        "bookingid": 2820
    },
    {
        "bookingid": 1649
    },
    {
        "bookingid": 3247
    },
    {
        "bookingid": 910
    },
    {
        "bookingid": 2016
    },
    {
        "bookingid": 3208
    },
    {
        "bookingid": 3542
    },
    {
        "bookingid": 613
    },
    {
        "bookingid": 2685
    },
    {
        "bookingid": 3017
    },
    {
        "bookingid": 3207
    },
    {
        "bookingid": 1793
    },
    {
        "bookingid": 1516
    },
    {
        "bookingid": 2352
    },
    {
        "bookingid": 779
    },
    {
        "bookingid": 1627
    },
    {
        "bookingid": 1559
    },
    {
        "bookingid": 877
    },
    {
        "bookingid": 3458
    },
    {
        "bookingid": 531
    },
    {
        "bookingid": 281
    },
    {
        "bookingid": 387
    },
    {
        "bookingid": 2139
    },
    {
        "bookingid": 3957
    },
    {
        "bookingid": 3967
    },
    {
        "bookingid": 1968
    },
    {
        "bookingid": 84
    },
    {
        "bookingid": 3504
    },
    {
        "bookingid": 1866
    },
    {
        "bookingid": 1115
    },
    {
        "bookingid": 1207
    },
    {
        "bookingid": 386
    },
    {
        "bookingid": 1800
    },
    {
        "bookingid": 2111
    },
    {
        "bookingid": 1697
    },
    {
        "bookingid": 1209
    },
    {
        "bookingid": 2115
    },
    {
        "bookingid": 3806
    },
    {
        "bookingid": 3509
    },
    {
        "bookingid": 4154
    },
    {
        "bookingid": 3727
    },
    {
        "bookingid": 3202
    },
    {
        "bookingid": 2271
    },
    {
        "bookingid": 639
    },
    {
        "bookingid": 1258
    },
    {
        "bookingid": 3163
    },
    {
        "bookingid": 1747
    },
    {
        "bookingid": 3105
    },
    {
        "bookingid": 2501
    },
    {
        "bookingid": 3180
    },
    {
        "bookingid": 2586
    },
    {
        "bookingid": 3970
    },
    {
        "bookingid": 1499
    },
    {
        "bookingid": 2718
    },
    {
        "bookingid": 407
    },
    {
        "bookingid": 238
    },
    {
        "bookingid": 4074
    },
    {
        "bookingid": 626
    },
    {
        "bookingid": 3118
    },
    {
        "bookingid": 1492
    },
    {
        "bookingid": 3790
    },
    {
        "bookingid": 2885
    },
    {
        "bookingid": 86
    },
    {
        "bookingid": 460
    },
    {
        "bookingid": 2770
    },
    {
        "bookingid": 1642
    },
    {
        "bookingid": 1705
    },
    {
        "bookingid": 210
    },
    {
        "bookingid": 1174
    },
    {
        "bookingid": 3116
    },
    {
        "bookingid": 60
    },
    {
        "bookingid": 2871
    },
    {
        "bookingid": 3930
    },
    {
        "bookingid": 970
    },
    {
        "bookingid": 245
    },
    {
        "bookingid": 365
    },
    {
        "bookingid": 3626
    },
    {
        "bookingid": 1019
    },
    {
        "bookingid": 350
    },
    {
        "bookingid": 1032
    },
    {
        "bookingid": 200
    },
    {
        "bookingid": 3099
    },
    {
        "bookingid": 705
    },
    {
        "bookingid": 3181
    },
    {
        "bookingid": 1370
    },
    {
        "bookingid": 974
    },
    {
        "bookingid": 595
    },
    {
        "bookingid": 1399
    },
    {
        "bookingid": 981
    },
    {
        "bookingid": 3314
    },
    {
        "bookingid": 1269
    },
    {
        "bookingid": 1159
    },
    {
        "bookingid": 1690
    },
    {
        "bookingid": 909
    },
    {
        "bookingid": 851
    },
    {
        "bookingid": 1312
    },
    {
        "bookingid": 258
    },
    {
        "bookingid": 1832
    },
    {
        "bookingid": 2861
    },
    {
        "bookingid": 1480
    },
    {
        "bookingid": 3587
    },
    {
        "bookingid": 2309
    },
    {
        "bookingid": 3384
    },
    {
        "bookingid": 3115
    },
    {
        "bookingid": 2355
    },
    {
        "bookingid": 1788
    },
    {
        "bookingid": 2875
    },
    {
        "bookingid": 124
    },
    {
        "bookingid": 3438
    },
    {
        "bookingid": 1529
    },
    {
        "bookingid": 683
    },
    {
        "bookingid": 3346
    },
    {
        "bookingid": 126
    },
    {
        "bookingid": 627
    },
    {
        "bookingid": 1561
    },
    {
        "bookingid": 1551
    },
    {
        "bookingid": 674
    },
    {
        "bookingid": 1279
    },
    {
        "bookingid": 496
    },
    {
        "bookingid": 1549
    },
    {
        "bookingid": 16
    },
    {
        "bookingid": 343
    },
    {
        "bookingid": 2322
    },
    {
        "bookingid": 1383
    },
    {
        "bookingid": 1259
    },
    {
        "bookingid": 2196
    },
    {
        "bookingid": 418
    },
    {
        "bookingid": 402
    },
    {
        "bookingid": 2644
    },
    {
        "bookingid": 3209
    },
    {
        "bookingid": 3091
    },
    {
        "bookingid": 4161
    },
    {
        "bookingid": 204
    },
    {
        "bookingid": 3901
    },
    {
        "bookingid": 202
    },
    {
        "bookingid": 3310
    },
    {
        "bookingid": 3868
    },
    {
        "bookingid": 544
    },
    {
        "bookingid": 3572
    },
    {
        "bookingid": 1351
    },
    {
        "bookingid": 673
    },
    {
        "bookingid": 2123
    },
    {
        "bookingid": 2440
    },
    {
        "bookingid": 1994
    },
    {
        "bookingid": 1982
    },
    {
        "bookingid": 261
    },
    {
        "bookingid": 2283
    },
    {
        "bookingid": 393
    },
    {
        "bookingid": 3068
    },
    {
        "bookingid": 424
    },
    {
        "bookingid": 2955
    },
    {
        "bookingid": 1071
    },
    {
        "bookingid": 1865
    },
    {
        "bookingid": 3236
    },
    {
        "bookingid": 483
    },
    {
        "bookingid": 3169
    },
    {
        "bookingid": 3242
    },
    {
        "bookingid": 1027
    },
    {
        "bookingid": 3501
    },
    {
        "bookingid": 837
    },
    {
        "bookingid": 1232
    },
    {
        "bookingid": 1783
    },
    {
        "bookingid": 1632
    },
    {
        "bookingid": 3666
    },
    {
        "bookingid": 803
    },
    {
        "bookingid": 2792
    },
    {
        "bookingid": 4181
    },
    {
        "bookingid": 1407
    },
    {
        "bookingid": 1296
    },
    {
        "bookingid": 3649
    },
    {
        "bookingid": 1097
    },
    {
        "bookingid": 2539
    },
    {
        "bookingid": 2986
    },
    {
        "bookingid": 184
    },
    {
        "bookingid": 2543
    },
    {
        "bookingid": 3032
    },
    {
        "bookingid": 3596
    },
    {
        "bookingid": 2254
    },
    {
        "bookingid": 2635
    },
    {
        "bookingid": 1957
    },
    {
        "bookingid": 635
    },
    {
        "bookingid": 83
    },
    {
        "bookingid": 2688
    },
    {
        "bookingid": 1246
    },
    {
        "bookingid": 3156
    },
    {
        "bookingid": 82
    },
    {
        "bookingid": 2913
    },
    {
        "bookingid": 1981
    },
    {
        "bookingid": 3521
    },
    {
        "bookingid": 2845
    },
    {
        "bookingid": 575
    },
    {
        "bookingid": 1512
    },
    {
        "bookingid": 2268
    },
    {
        "bookingid": 312
    },
    {
        "bookingid": 1985
    },
    {
        "bookingid": 875
    },
    {
        "bookingid": 3911
    },
    {
        "bookingid": 1262
    },
    {
        "bookingid": 4207
    },
    {
        "bookingid": 3488
    },
    {
        "bookingid": 2950
    },
    {
        "bookingid": 3839
    },
    {
        "bookingid": 3071
    },
    {
        "bookingid": 1270
    },
    {
        "bookingid": 3328
    },
    {
        "bookingid": 1271
    },
    {
        "bookingid": 2036
    },
    {
        "bookingid": 2833
    },
    {
        "bookingid": 3389
    },
    {
        "bookingid": 2625
    },
    {
        "bookingid": 417
    },
    {
        "bookingid": 1070
    },
    {
        "bookingid": 2224
    },
    {
        "bookingid": 3088
    },
    {
        "bookingid": 2698
    },
    {
        "bookingid": 746
    },
    {
        "bookingid": 1395
    },
    {
        "bookingid": 453
    },
    {
        "bookingid": 2459
    },
    {
        "bookingid": 1310
    },
    {
        "bookingid": 3400
    },
    {
        "bookingid": 3546
    },
    {
        "bookingid": 507
    },
    {
        "bookingid": 2060
    },
    {
        "bookingid": 3053
    },
    {
        "bookingid": 472
    },
    {
        "bookingid": 3292
    },
    {
        "bookingid": 4138
    },
    {
        "bookingid": 972
    },
    {
        "bookingid": 3952
    },
    {
        "bookingid": 724
    },
    {
        "bookingid": 290
    },
    {
        "bookingid": 1474
    },
    {
        "bookingid": 2186
    },
    {
        "bookingid": 2347
    },
    {
        "bookingid": 2102
    },
    {
        "bookingid": 546
    },
    {
        "bookingid": 2947
    },
    {
        "bookingid": 2766
    },
    {
        "bookingid": 3427
    },
    {
        "bookingid": 3093
    },
    {
        "bookingid": 1771
    },
    {
        "bookingid": 66
    },
    {
        "bookingid": 606
    },
    {
        "bookingid": 77
    },
    {
        "bookingid": 4056
    },
    {
        "bookingid": 853
    },
    {
        "bookingid": 621
    },
    {
        "bookingid": 720
    },
    {
        "bookingid": 1016
    },
    {
        "bookingid": 2542
    },
    {
        "bookingid": 920
    },
    {
        "bookingid": 1835
    },
    {
        "bookingid": 1294
    },
    {
        "bookingid": 2901
    },
    {
        "bookingid": 1943
    },
    {
        "bookingid": 1384
    },
    {
        "bookingid": 555
    },
    {
        "bookingid": 2340
    },
    {
        "bookingid": 1929
    },
    {
        "bookingid": 1213
    },
    {
        "bookingid": 108
    },
    {
        "bookingid": 2035
    },
    {
        "bookingid": 1639
    },
    {
        "bookingid": 421
    },
    {
        "bookingid": 3142
    },
    {
        "bookingid": 2983
    },
    {
        "bookingid": 1229
    },
    {
        "bookingid": 240
    },
    {
        "bookingid": 3824
    },
    {
        "bookingid": 2280
    },
    {
        "bookingid": 528
    },
    {
        "bookingid": 1908
    },
    {
        "bookingid": 2131
    },
    {
        "bookingid": 1874
    },
    {
        "bookingid": 2553
    },
    {
        "bookingid": 1175
    },
    {
        "bookingid": 888
    },
    {
        "bookingid": 1825
    },
    {
        "bookingid": 3833
    },
    {
        "bookingid": 3888
    },
    {
        "bookingid": 2702
    },
    {
        "bookingid": 441
    },
    {
        "bookingid": 2235
    },
    {
        "bookingid": 155
    },
    {
        "bookingid": 3553
    },
    {
        "bookingid": 2034
    },
    {
        "bookingid": 267
    },
    {
        "bookingid": 492
    },
    {
        "bookingid": 667
    },
    {
        "bookingid": 4039
    },
    {
        "bookingid": 1424
    },
    {
        "bookingid": 2880
    },
    {
        "bookingid": 361
    },
    {
        "bookingid": 414
    },
    {
        "bookingid": 423
    },
    {
        "bookingid": 177
    },
    {
        "bookingid": 1171
    },
    {
        "bookingid": 331
    },
    {
        "bookingid": 3725
    },
    {
        "bookingid": 2443
    },
    {
        "bookingid": 3164
    },
    {
        "bookingid": 1340
    },
    {
        "bookingid": 932
    },
    {
        "bookingid": 4064
    },
    {
        "bookingid": 3955
    },
    {
        "bookingid": 3423
    },
    {
        "bookingid": 2066
    },
    {
        "bookingid": 3094
    },
    {
        "bookingid": 1387
    },
    {
        "bookingid": 2413
    },
    {
        "bookingid": 2218
    },
    {
        "bookingid": 79
    },
    {
        "bookingid": 225
    },
    {
        "bookingid": 314
    },
    {
        "bookingid": 1465
    },
    {
        "bookingid": 2172
    },
    {
        "bookingid": 582
    },
    {
        "bookingid": 2374
    },
    {
        "bookingid": 999
    },
    {
        "bookingid": 774
    },
    {
        "bookingid": 3398
    },
    {
        "bookingid": 1276
    },
    {
        "bookingid": 1592
    },
    {
        "bookingid": 180
    },
    {
        "bookingid": 2082
    },
    {
        "bookingid": 3168
    },
    {
        "bookingid": 821
    },
    {
        "bookingid": 1934
    },
    {
        "bookingid": 3994
    },
    {
        "bookingid": 2747
    },
    {
        "bookingid": 1069
    },
    {
        "bookingid": 3482
    },
    {
        "bookingid": 715
    },
    {
        "bookingid": 2552
    },
    {
        "bookingid": 2883
    },
    {
        "bookingid": 1613
    },
    {
        "bookingid": 1041
    },
    {
        "bookingid": 1953
    },
    {
        "bookingid": 3667
    },
    {
        "bookingid": 2100
    },
    {
        "bookingid": 3881
    },
    {
        "bookingid": 3677
    },
    {
        "bookingid": 681
    },
    {
        "bookingid": 98
    },
    {
        "bookingid": 4142
    },
    {
        "bookingid": 2806
    },
    {
        "bookingid": 704
    },
    {
        "bookingid": 2902
    },
    {
        "bookingid": 4046
    },
    {
        "bookingid": 3605
    },
    {
        "bookingid": 1472
    },
    {
        "bookingid": 1961
    },
    {
        "bookingid": 695
    },
    {
        "bookingid": 3034
    },
    {
        "bookingid": 2868
    },
    {
        "bookingid": 3733
    },
    {
        "bookingid": 2757
    },
    {
        "bookingid": 3771
    },
    {
        "bookingid": 1050
    },
    {
        "bookingid": 3305
    },
    {
        "bookingid": 133
    },
    {
        "bookingid": 1113
    },
    {
        "bookingid": 2616
    },
    {
        "bookingid": 3925
    },
    {
        "bookingid": 1837
    },
    {
        "bookingid": 3182
    },
    {
        "bookingid": 1166
    },
    {
        "bookingid": 3514
    },
    {
        "bookingid": 1769
    },
    {
        "bookingid": 3679
    },
    {
        "bookingid": 1469
    },
    {
        "bookingid": 3254
    },
    {
        "bookingid": 2801
    },
    {
        "bookingid": 521
    },
    {
        "bookingid": 1481
    },
    {
        "bookingid": 3902
    },
    {
        "bookingid": 1580
    },
    {
        "bookingid": 2124
    },
    {
        "bookingid": 340
    },
    {
        "bookingid": 3593
    },
    {
        "bookingid": 27
    },
    {
        "bookingid": 3287
    },
    {
        "bookingid": 1475
    },
    {
        "bookingid": 220
    },
    {
        "bookingid": 2877
    },
    {
        "bookingid": 3548
    },
    {
        "bookingid": 1550
    },
    {
        "bookingid": 1753
    },
    {
        "bookingid": 2558
    },
    {
        "bookingid": 3480
    },
    {
        "bookingid": 654
    },
    {
        "bookingid": 529
    },
    {
        "bookingid": 4037
    },
    {
        "bookingid": 3447
    },
    {
        "bookingid": 2804
    },
    {
        "bookingid": 1658
    },
    {
        "bookingid": 1635
    },
    {
        "bookingid": 171
    },
    {
        "bookingid": 906
    },
    {
        "bookingid": 1217
    },
    {
        "bookingid": 2827
    },
    {
        "bookingid": 957
    },
    {
        "bookingid": 2948
    },
    {
        "bookingid": 2093
    },
    {
        "bookingid": 2453
    },
    {
        "bookingid": 4012
    },
    {
        "bookingid": 1668
    },
    {
        "bookingid": 1970
    },
    {
        "bookingid": 1937
    },
    {
        "bookingid": 1575
    },
    {
        "bookingid": 228
    },
    {
        "bookingid": 3541
    },
    {
        "bookingid": 1886
    },
    {
        "bookingid": 1157
    },
    {
        "bookingid": 1415
    },
    {
        "bookingid": 1971
    },
    {
        "bookingid": 132
    },
    {
        "bookingid": 1927
    },
    {
        "bookingid": 2217
    },
    {
        "bookingid": 2438
    },
    {
        "bookingid": 4044
    },
    {
        "bookingid": 2099
    },
    {
        "bookingid": 1766
    },
    {
        "bookingid": 1343
    },
    {
        "bookingid": 1568
    },
    {
        "bookingid": 610
    },
    {
        "bookingid": 3485
    },
    {
        "bookingid": 2892
    },
    {
        "bookingid": 3670
    },
    {
        "bookingid": 1720
    },
    {
        "bookingid": 3361
    },
    {
        "bookingid": 3807
    },
    {
        "bookingid": 1026
    },
    {
        "bookingid": 2150
    },
    {
        "bookingid": 2069
    },
    {
        "bookingid": 2477
    },
    {
        "bookingid": 4050
    },
    {
        "bookingid": 2774
    },
    {
        "bookingid": 682
    },
    {
        "bookingid": 3854
    },
    {
        "bookingid": 2486
    },
    {
        "bookingid": 517
    },
    {
        "bookingid": 2672
    },
    {
        "bookingid": 3464
    },
    {
        "bookingid": 2973
    },
    {
        "bookingid": 3886
    },
    {
        "bookingid": 3175
    },
    {
        "bookingid": 7
    },
    {
        "bookingid": 1297
    },
    {
        "bookingid": 1764
    },
    {
        "bookingid": 857
    },
    {
        "bookingid": 241
    },
    {
        "bookingid": 3825
    },
    {
        "bookingid": 1966
    },
    {
        "bookingid": 3492
    },
    {
        "bookingid": 3449
    },
    {
        "bookingid": 1405
    },
    {
        "bookingid": 4126
    },
    {
        "bookingid": 3196
    },
    {
        "bookingid": 289
    },
    {
        "bookingid": 899
    },
    {
        "bookingid": 2349
    },
    {
        "bookingid": 448
    },
    {
        "bookingid": 1560
    },
    {
        "bookingid": 3829
    },
    {
        "bookingid": 1718
    },
    {
        "bookingid": 3204
    },
    {
        "bookingid": 541
    },
    {
        "bookingid": 284
    },
    {
        "bookingid": 4065
    },
    {
        "bookingid": 1488
    },
    {
        "bookingid": 3255
    },
    {
        "bookingid": 2156
    },
    {
        "bookingid": 1355
    },
    {
        "bookingid": 90
    },
    {
        "bookingid": 3483
    },
    {
        "bookingid": 3217
    },
    {
        "bookingid": 493
    },
    {
        "bookingid": 3714
    },
    {
        "bookingid": 2096
    },
    {
        "bookingid": 767
    },
    {
        "bookingid": 4094
    },
    {
        "bookingid": 1316
    },
    {
        "bookingid": 1147
    },
    {
        "bookingid": 40
    },
    {
        "bookingid": 2160
    },
    {
        "bookingid": 46
    },
    {
        "bookingid": 3419
    },
    {
        "bookingid": 2767
    },
    {
        "bookingid": 562
    },
    {
        "bookingid": 661
    },
    {
        "bookingid": 2711
    },
    {
        "bookingid": 1309
    },
    {
        "bookingid": 3747
    },
    {
        "bookingid": 3129
    },
    {
        "bookingid": 3399
    },
    {
        "bookingid": 146
    },
    {
        "bookingid": 758
    },
    {
        "bookingid": 4009
    },
    {
        "bookingid": 234
    },
    {
        "bookingid": 1760
    },
    {
        "bookingid": 444
    },
    {
        "bookingid": 4004
    },
    {
        "bookingid": 738
    },
    {
        "bookingid": 1018
    },
    {
        "bookingid": 2729
    },
    {
        "bookingid": 282
    },
    {
        "bookingid": 3529
    },
    {
        "bookingid": 1346
    },
    {
        "bookingid": 3744
    },
    {
        "bookingid": 540
    },
    {
        "bookingid": 2276
    },
    {
        "bookingid": 362
    },
    {
        "bookingid": 1919
    },
    {
        "bookingid": 1749
    },
    {
        "bookingid": 3433
    },
    {
        "bookingid": 2905
    },
    {
        "bookingid": 3879
    },
    {
        "bookingid": 1731
    },
    {
        "bookingid": 346
    },
    {
        "bookingid": 272
    },
    {
        "bookingid": 1108
    },
    {
        "bookingid": 1802
    },
    {
        "bookingid": 1664
    },
    {
        "bookingid": 1947
    },
    {
        "bookingid": 2493
    },
    {
        "bookingid": 3059
    },
    {
        "bookingid": 2228
    },
    {
        "bookingid": 2007
    },
    {
        "bookingid": 1899
    },
    {
        "bookingid": 1999
    },
    {
        "bookingid": 2941
    },
    {
        "bookingid": 2343
    },
    {
        "bookingid": 2952
    },
    {
        "bookingid": 2331
    },
    {
        "bookingid": 2713
    },
    {
        "bookingid": 2733
    },
    {
        "bookingid": 348
    },
    {
        "bookingid": 36
    },
    {
        "bookingid": 2665
    },
    {
        "bookingid": 3632
    },
    {
        "bookingid": 4140
    },
    {
        "bookingid": 979
    },
    {
        "bookingid": 268
    },
    {
        "bookingid": 2412
    },
    {
        "bookingid": 3358
    },
    {
        "bookingid": 2676
    },
    {
        "bookingid": 2004
    },
    {
        "bookingid": 3410
    },
    {
        "bookingid": 1197
    },
    {
        "bookingid": 33
    },
    {
        "bookingid": 929
    },
    {
        "bookingid": 2087
    },
    {
        "bookingid": 451
    },
    {
        "bookingid": 2727
    },
    {
        "bookingid": 274
    },
    {
        "bookingid": 1202
    },
    {
        "bookingid": 3136
    },
    {
        "bookingid": 1033
    },
    {
        "bookingid": 2369
    },
    {
        "bookingid": 2480
    },
    {
        "bookingid": 3935
    },
    {
        "bookingid": 2780
    },
    {
        "bookingid": 3386
    },
    {
        "bookingid": 2368
    },
    {
        "bookingid": 3732
    },
    {
        "bookingid": 2261
    },
    {
        "bookingid": 1814
    },
    {
        "bookingid": 804
    },
    {
        "bookingid": 2289
    },
    {
        "bookingid": 2063
    },
    {
        "bookingid": 1604
    },
    {
        "bookingid": 2548
    },
    {
        "bookingid": 3436
    },
    {
        "bookingid": 466
    },
    {
        "bookingid": 2530
    },
    {
        "bookingid": 1804
    },
    {
        "bookingid": 1666
    },
    {
        "bookingid": 2243
    },
    {
        "bookingid": 3696
    },
    {
        "bookingid": 163
    },
    {
        "bookingid": 1373
    },
    {
        "bookingid": 3566
    },
    {
        "bookingid": 792
    },
    {
        "bookingid": 728
    },
    {
        "bookingid": 3758
    },
    {
        "bookingid": 3964
    },
    {
        "bookingid": 2549
    },
    {
        "bookingid": 3520
    },
    {
        "bookingid": 1349
    },
    {
        "bookingid": 1261
    },
    {
        "bookingid": 233
    },
    {
        "bookingid": 363
    },
    {
        "bookingid": 1621
    },
    {
        "bookingid": 3307
    },
    {
        "bookingid": 2223
    },
    {
        "bookingid": 232
    },
    {
        "bookingid": 2979
    },
    {
        "bookingid": 3811
    },
    {
        "bookingid": 765
    },
    {
        "bookingid": 2696
    },
    {
        "bookingid": 4153
    },
    {
        "bookingid": 577
    },
    {
        "bookingid": 2485
    },
    {
        "bookingid": 3108
    },
    {
        "bookingid": 2411
    },
    {
        "bookingid": 3457
    },
    {
        "bookingid": 1995
    },
    {
        "bookingid": 15
    },
    {
        "bookingid": 1452
    },
    {
        "bookingid": 3645
    },
    {
        "bookingid": 1844
    },
    {
        "bookingid": 2434
    },
    {
        "bookingid": 3249
    },
    {
        "bookingid": 1464
    },
    {
        "bookingid": 1356
    },
    {
        "bookingid": 2106
    },
    {
        "bookingid": 1336
    },
    {
        "bookingid": 3590
    },
    {
        "bookingid": 1956
    },
    {
        "bookingid": 3086
    },
    {
        "bookingid": 3735
    },
    {
        "bookingid": 3619
    },
    {
        "bookingid": 3636
    },
    {
        "bookingid": 1121
    },
    {
        "bookingid": 2209
    },
    {
        "bookingid": 3826
    },
    {
        "bookingid": 3644
    },
    {
        "bookingid": 72
    },
    {
        "bookingid": 2264
    },
    {
        "bookingid": 3335
    },
    {
        "bookingid": 919
    },
    {
        "bookingid": 1402
    },
    {
        "bookingid": 1538
    },
    {
        "bookingid": 2639
    },
    {
        "bookingid": 321
    },
    {
        "bookingid": 1902
    },
    {
        "bookingid": 3942
    },
    {
        "bookingid": 781
    },
    {
        "bookingid": 3143
    },
    {
        "bookingid": 2420
    },
    {
        "bookingid": 3375
    },
    {
        "bookingid": 2471
    },
    {
        "bookingid": 1360
    },
    {
        "bookingid": 1029
    },
    {
        "bookingid": 1906
    },
    {
        "bookingid": 3775
    },
    {
        "bookingid": 2300
    },
    {
        "bookingid": 1457
    },
    {
        "bookingid": 787
    },
    {
        "bookingid": 1572
    },
    {
        "bookingid": 2370
    },
    {
        "bookingid": 3365
    },
    {
        "bookingid": 4024
    },
    {
        "bookingid": 1859
    },
    {
        "bookingid": 408
    },
    {
        "bookingid": 1797
    },
    {
        "bookingid": 2031
    },
    {
        "bookingid": 755
    },
    {
        "bookingid": 3039
    },
    {
        "bookingid": 604
    },
    {
        "bookingid": 4026
    },
    {
        "bookingid": 1047
    },
    {
        "bookingid": 251
    },
    {
        "bookingid": 3226
    },
    {
        "bookingid": 2094
    },
    {
        "bookingid": 2240
    },
    {
        "bookingid": 3615
    },
    {
        "bookingid": 508
    },
    {
        "bookingid": 3373
    },
    {
        "bookingid": 3414
    },
    {
        "bookingid": 3537
    },
    {
        "bookingid": 203
    },
    {
        "bookingid": 3456
    },
    {
        "bookingid": 892
    },
    {
        "bookingid": 2210
    },
    {
        "bookingid": 1680
    },
    {
        "bookingid": 3765
    },
    {
        "bookingid": 377
    },
    {
        "bookingid": 3948
    },
    {
        "bookingid": 788
    },
    {
        "bookingid": 1435
    },
    {
        "bookingid": 656
    },
    {
        "bookingid": 650
    },
    {
        "bookingid": 950
    },
    {
        "bookingid": 1155
    },
    {
        "bookingid": 1291
    },
    {
        "bookingid": 564
    },
    {
        "bookingid": 3634
    },
    {
        "bookingid": 3940
    },
    {
        "bookingid": 1586
    },
    {
        "bookingid": 497
    },
    {
        "bookingid": 3980
    },
    {
        "bookingid": 2946
    },
    {
        "bookingid": 3011
    },
    {
        "bookingid": 3149
    },
    {
        "bookingid": 324
    },
    {
        "bookingid": 1805
    },
    {
        "bookingid": 48
    },
    {
        "bookingid": 3138
    },
    {
        "bookingid": 1655
    },
    {
        "bookingid": 1885
    },
    {
        "bookingid": 811
    },
    {
        "bookingid": 2601
    },
    {
        "bookingid": 4132
    },
    {
        "bookingid": 1727
    },
    {
        "bookingid": 211
    },
    {
        "bookingid": 4123
    },
    {
        "bookingid": 2015
    },
    {
        "bookingid": 3495
    },
    {
        "bookingid": 2984
    },
    {
        "bookingid": 3408
    },
    {
        "bookingid": 2598
    },
    {
        "bookingid": 162
    },
    {
        "bookingid": 469
    },
    {
        "bookingid": 1223
    },
    {
        "bookingid": 3920
    },
    {
        "bookingid": 2091
    },
    {
        "bookingid": 1847
    },
    {
        "bookingid": 2756
    },
    {
        "bookingid": 4027
    },
    {
        "bookingid": 601
    },
    {
        "bookingid": 1962
    },
    {
        "bookingid": 4076
    },
    {
        "bookingid": 197
    },
    {
        "bookingid": 2173
    },
    {
        "bookingid": 4175
    },
    {
        "bookingid": 306
    },
    {
        "bookingid": 2502
    },
    {
        "bookingid": 3754
    },
    {
        "bookingid": 3085
    },
    {
        "bookingid": 3271
    },
    {
        "bookingid": 2815
    },
    {
        "bookingid": 3560
    },
    {
        "bookingid": 3576
    },
    {
        "bookingid": 4063
    },
    {
        "bookingid": 4193
    },
    {
        "bookingid": 1137
    },
    {
        "bookingid": 1082
    },
    {
        "bookingid": 1204
    },
    {
        "bookingid": 3001
    },
    {
        "bookingid": 3005
    },
    {
        "bookingid": 3038
    },
    {
        "bookingid": 4199
    },
    {
        "bookingid": 810
    },
    {
        "bookingid": 1056
    },
    {
        "bookingid": 2303
    },
    {
        "bookingid": 1058
    },
    {
        "bookingid": 3581
    },
    {
        "bookingid": 3831
    },
    {
        "bookingid": 2076
    },
    {
        "bookingid": 2213
    },
    {
        "bookingid": 214
    },
    {
        "bookingid": 753
    },
    {
        "bookingid": 4200
    },
    {
        "bookingid": 1659
    },
    {
        "bookingid": 1303
    },
    {
        "bookingid": 3570
    },
    {
        "bookingid": 3048
    },
    {
        "bookingid": 2175
    },
    {
        "bookingid": 3715
    },
    {
        "bookingid": 2291
    },
    {
        "bookingid": 1858
    },
    {
        "bookingid": 2683
    },
    {
        "bookingid": 3325
    },
    {
        "bookingid": 2353
    },
    {
        "bookingid": 3630
    },
    {
        "bookingid": 1087
    },
    {
        "bookingid": 51
    },
    {
        "bookingid": 666
    },
    {
        "bookingid": 415
    },
    {
        "bookingid": 1242
    },
    {
        "bookingid": 1482
    },
    {
        "bookingid": 2469
    },
    {
        "bookingid": 1315
    },
    {
        "bookingid": 1723
    },
    {
        "bookingid": 1778
    },
    {
        "bookingid": 668
    },
    {
        "bookingid": 3360
    },
    {
        "bookingid": 2334
    },
    {
        "bookingid": 3789
    },
    {
        "bookingid": 2570
    },
    {
        "bookingid": 3551
    },
    {
        "bookingid": 2555
    },
    {
        "bookingid": 2745
    },
    {
        "bookingid": 3872
    },
    {
        "bookingid": 3591
    },
    {
        "bookingid": 1089
    },
    {
        "bookingid": 1603
    },
    {
        "bookingid": 1923
    },
    {
        "bookingid": 736
    },
    {
        "bookingid": 2103
    },
    {
        "bookingid": 296
    },
    {
        "bookingid": 3111
    },
    {
        "bookingid": 13
    },
    {
        "bookingid": 2753
    },
    {
        "bookingid": 2474
    },
    {
        "bookingid": 1791
    },
    {
        "bookingid": 2020
    },
    {
        "bookingid": 1154
    },
    {
        "bookingid": 1372
    },
    {
        "bookingid": 3956
    },
    {
        "bookingid": 3231
    },
    {
        "bookingid": 264
    },
    {
        "bookingid": 3474
    },
    {
        "bookingid": 796
    },
    {
        "bookingid": 2772
    },
    {
        "bookingid": 1856
    },
    {
        "bookingid": 67
    },
    {
        "bookingid": 3729
    },
    {
        "bookingid": 1044
    },
    {
        "bookingid": 478
    },
    {
        "bookingid": 3639
    },
    {
        "bookingid": 3222
    },
    {
        "bookingid": 1390
    },
    {
        "bookingid": 3659
    },
    {
        "bookingid": 3997
    },
    {
        "bookingid": 3240
    },
    {
        "bookingid": 3545
    },
    {
        "bookingid": 1892
    },
    {
        "bookingid": 3487
    },
    {
        "bookingid": 4036
    },
    {
        "bookingid": 2978
    },
    {
        "bookingid": 1711
    },
    {
        "bookingid": 4019
    },
    {
        "bookingid": 1698
    },
    {
        "bookingid": 1129
    },
    {
        "bookingid": 547
    },
    {
        "bookingid": 3077
    },
    {
        "bookingid": 2449
    },
    {
        "bookingid": 1849
    },
    {
        "bookingid": 2376
    },
    {
        "bookingid": 2958
    },
    {
        "bookingid": 1422
    },
    {
        "bookingid": 3329
    },
    {
        "bookingid": 2284
    },
    {
        "bookingid": 59
    },
    {
        "bookingid": 1330
    },
    {
        "bookingid": 3934
    },
    {
        "bookingid": 2655
    },
    {
        "bookingid": 3063
    },
    {
        "bookingid": 2191
    },
    {
        "bookingid": 665
    },
    {
        "bookingid": 3286
    },
    {
        "bookingid": 118
    },
    {
        "bookingid": 842
    },
    {
        "bookingid": 2338
    },
    {
        "bookingid": 2742
    },
    {
        "bookingid": 2027
    },
    {
        "bookingid": 8
    },
    {
        "bookingid": 436
    },
    {
        "bookingid": 2441
    },
    {
        "bookingid": 687
    },
    {
        "bookingid": 3035
    },
    {
        "bookingid": 839
    },
    {
        "bookingid": 2292
    },
    {
        "bookingid": 3708
    },
    {
        "bookingid": 3251
    },
    {
        "bookingid": 700
    },
    {
        "bookingid": 2545
    },
    {
        "bookingid": 911
    },
    {
        "bookingid": 1216
    },
    {
        "bookingid": 47
    },
    {
        "bookingid": 2819
    },
    {
        "bookingid": 4058
    },
    {
        "bookingid": 561
    },
    {
        "bookingid": 3929
    },
    {
        "bookingid": 109
    },
    {
        "bookingid": 1851
    },
    {
        "bookingid": 2520
    },
    {
        "bookingid": 4070
    },
    {
        "bookingid": 798
    },
    {
        "bookingid": 3284
    },
    {
        "bookingid": 3252
    },
    {
        "bookingid": 116
    },
    {
        "bookingid": 3126
    },
    {
        "bookingid": 2933
    },
    {
        "bookingid": 2022
    },
    {
        "bookingid": 4129
    },
    {
        "bookingid": 2993
    },
    {
        "bookingid": 2834
    },
    {
        "bookingid": 3947
    },
    {
        "bookingid": 332
    },
    {
        "bookingid": 2648
    },
    {
        "bookingid": 3793
    },
    {
        "bookingid": 3064
    },
    {
        "bookingid": 2920
    },
    {
        "bookingid": 3664
    },
    {
        "bookingid": 3304
    },
    {
        "bookingid": 1787
    },
    {
        "bookingid": 3015
    },
    {
        "bookingid": 1935
    },
    {
        "bookingid": 3784
    },
    {
        "bookingid": 2314
    },
    {
        "bookingid": 1295
    },
    {
        "bookingid": 2151
    },
    {
        "bookingid": 2916
    },
    {
        "bookingid": 1834
    },
    {
        "bookingid": 359
    },
    {
        "bookingid": 301
    },
    {
        "bookingid": 3688
    },
    {
        "bookingid": 1156
    },
    {
        "bookingid": 2841
    },
    {
        "bookingid": 2256
    },
    {
        "bookingid": 1311
    },
    {
        "bookingid": 631
    },
    {
        "bookingid": 3266
    },
    {
        "bookingid": 3393
    },
    {
        "bookingid": 1078
    },
    {
        "bookingid": 3919
    },
    {
        "bookingid": 1498
    },
    {
        "bookingid": 939
    },
    {
        "bookingid": 208
    },
    {
        "bookingid": 1525
    },
    {
        "bookingid": 4141
    },
    {
        "bookingid": 178
    },
    {
        "bookingid": 986
    },
    {
        "bookingid": 2690
    },
    {
        "bookingid": 1064
    },
    {
        "bookingid": 4115
    },
    {
        "bookingid": 3275
    },
    {
        "bookingid": 4081
    },
    {
        "bookingid": 1450
    },
    {
        "bookingid": 1102
    },
    {
        "bookingid": 818
    },
    {
        "bookingid": 3960
    },
    {
        "bookingid": 294
    },
    {
        "bookingid": 2070
    },
    {
        "bookingid": 2578
    },
    {
        "bookingid": 1699
    },
    {
        "bookingid": 2723
    },
    {
        "bookingid": 1186
    },
    {
        "bookingid": 3006
    },
    {
        "bookingid": 10
    },
    {
        "bookingid": 3730
    },
    {
        "bookingid": 1256
    },
    {
        "bookingid": 429
    },
    {
        "bookingid": 3609
    },
    {
        "bookingid": 145
    },
    {
        "bookingid": 537
    },
    {
        "bookingid": 525
    },
    {
        "bookingid": 1663
    },
    {
        "bookingid": 1945
    },
    {
        "bookingid": 1014
    },
    {
        "bookingid": 701
    },
    {
        "bookingid": 1873
    },
    {
        "bookingid": 2853
    },
    {
        "bookingid": 2895
    },
    {
        "bookingid": 3448
    },
    {
        "bookingid": 1085
    },
    {
        "bookingid": 2127
    },
    {
        "bookingid": 2092
    },
    {
        "bookingid": 1284
    },
    {
        "bookingid": 2971
    },
    {
        "bookingid": 2407
    },
    {
        "bookingid": 1754
    },
    {
        "bookingid": 3924
    },
    {
        "bookingid": 3993
    },
    {
        "bookingid": 3693
    },
    {
        "bookingid": 1817
    },
    {
        "bookingid": 1065
    },
    {
        "bookingid": 3319
    },
    {
        "bookingid": 3722
    },
    {
        "bookingid": 3161
    },
    {
        "bookingid": 3602
    },
    {
        "bookingid": 607
    },
    {
        "bookingid": 3584
    },
    {
        "bookingid": 3296
    },
    {
        "bookingid": 2040
    },
    {
        "bookingid": 1676
    },
    {
        "bookingid": 1180
    },
    {
        "bookingid": 3326
    },
    {
        "bookingid": 2566
    },
    {
        "bookingid": 2626
    },
    {
        "bookingid": 1426
    },
    {
        "bookingid": 2720
    },
    {
        "bookingid": 381
    },
    {
        "bookingid": 3892
    },
    {
        "bookingid": 2204
    },
    {
        "bookingid": 1208
    },
    {
        "bookingid": 2855
    },
    {
        "bookingid": 2623
    },
    {
        "bookingid": 1411
    },
    {
        "bookingid": 2116
    },
    {
        "bookingid": 1374
    }
]
]]></system-out>
  </testcase>
</testsuite>