<?xml version="1.0" encoding="UTF-8"?>
<testsuite xmlns:xsi="http://www.w3.org/2001/XMLSchema-instance" xsi:noNamespaceSchemaLocation="https://maven.apache.org/surefire/maven-surefire-plugin/xsd/surefire-test-report-3.0.xsd" version="3.0" name="ApiTest" time="14.504" tests="8" errors="0" skipped="0" failures="0">
  <properties>
    <property name="java.specification.version" value="21"/>
    <property name="sun.cpu.isalist" value="amd64"/>
    <property name="sun.jnu.encoding" value="Cp1251"/>
    <property name="java.class.path" value="C:\Users\Sergey\IdeaProjects\RestAssured\target\test-classes;C:\Users\Sergey\IdeaProjects\RestAssured\target\classes;C:\Users\Sergey\.m2\repository\org\junit\jupiter\junit-jupiter-params\5.9.2\junit-jupiter-params-5.9.2.jar;C:\Users\Sergey\.m2\repository\org\apiguardian\apiguardian-api\1.1.2\apiguardian-api-1.1.2.jar;C:\Users\Sergey\.m2\repository\io\qameta\allure\allure-rest-assured\2.24.0\allure-rest-assured-2.24.0.jar;C:\Users\Sergey\.m2\repository\io\qameta\allure\allure-attachments\2.24.0\allure-attachments-2.24.0.jar;C:\Users\Sergey\.m2\repository\io\qameta\allure\allure-java-commons\2.24.0\allure-java-commons-2.24.0.jar;C:\Users\Sergey\.m2\repository\org\slf4j\slf4j-api\1.7.36\slf4j-api-1.7.36.jar;C:\Users\Sergey\.m2\repository\io\qameta\allure\allure-model\2.24.0\allure-model-2.24.0.jar;C:\Users\Sergey\.m2\repository\org\freemarker\freemarker\2.3.31\freemarker-2.3.31.jar;C:\Users\Sergey\.m2\repository\io\qameta\allure\allure-junit5\2.24.0\allure-junit5-2.24.0.jar;C:\Users\Sergey\.m2\repository\io\qameta\allure\allure-junit-platform\2.24.0\allure-junit-platform-2.24.0.jar;C:\Users\Sergey\.m2\repository\io\qameta\allure\allure-test-filter\2.24.0\allure-test-filter-2.24.0.jar;C:\Users\Sergey\.m2\repository\org\junit\platform\junit-platform-launcher\1.9.2\junit-platform-launcher-1.9.2.jar;C:\Users\Sergey\.m2\repository\io\rest-assured\rest-assured\5.3.0\rest-assured-5.3.0.jar;C:\Users\Sergey\.m2\repository\org\apache\groovy\groovy\4.0.6\groovy-4.0.6.jar;C:\Users\Sergey\.m2\repository\org\apache\groovy\groovy-xml\4.0.6\groovy-xml-4.0.6.jar;C:\Users\Sergey\.m2\repository\org\apache\httpcomponents\httpclient\4.5.13\httpclient-4.5.13.jar;C:\Users\Sergey\.m2\repository\org\apache\httpcomponents\httpcore\4.4.13\httpcore-4.4.13.jar;C:\Users\Sergey\.m2\repository\commons-logging\commons-logging\1.2\commons-logging-1.2.jar;C:\Users\Sergey\.m2\repository\commons-codec\commons-codec\1.11\commons-codec-1.11.jar;C:\Users\Sergey\.m2\repository\org\apache\httpcomponents\httpmime\4.5.13\httpmime-4.5.13.jar;C:\Users\Sergey\.m2\repository\org\ccil\cowan\tagsoup\tagsoup\1.2.1\tagsoup-1.2.1.jar;C:\Users\Sergey\.m2\repository\io\rest-assured\json-path\5.3.0\json-path-5.3.0.jar;C:\Users\Sergey\.m2\repository\org\apache\groovy\groovy-json\4.0.6\groovy-json-4.0.6.jar;C:\Users\Sergey\.m2\repository\io\rest-assured\rest-assured-common\5.3.0\rest-assured-common-5.3.0.jar;C:\Users\Sergey\.m2\repository\io\rest-assured\xml-path\5.3.0\xml-path-5.3.0.jar;C:\Users\Sergey\.m2\repository\org\apache\commons\commons-lang3\3.11\commons-lang3-3.11.jar;C:\Users\Sergey\.m2\repository\org\hamcrest\hamcrest\2.2\hamcrest-2.2.jar;C:\Users\Sergey\.m2\repository\org\junit\jupiter\junit-jupiter-api\5.9.2\junit-jupiter-api-5.9.2.jar;C:\Users\Sergey\.m2\repository\org\opentest4j\opentest4j\1.2.0\opentest4j-1.2.0.jar;C:\Users\Sergey\.m2\repository\org\junit\platform\junit-platform-commons\1.9.2\junit-platform-commons-1.9.2.jar;C:\Users\Sergey\.m2\repository\org\junit\jupiter\junit-jupiter-engine\5.9.2\junit-jupiter-engine-5.9.2.jar;C:\Users\Sergey\.m2\repository\org\junit\platform\junit-platform-engine\1.9.2\junit-platform-engine-1.9.2.jar;"/>
    <property name="java.vm.vendor" value="Oracle Corporation"/>
    <property name="sun.arch.data.model" value="64"/>
    <property name="user.variant" value=""/>
    <property name="java.vendor.url" value="https://java.oracle.com/"/>
    <property name="user.timezone" value="Europe/Volgograd"/>
    <property name="user.country.format" value="RU"/>
    <property name="os.name" value="Windows 11"/>
    <property name="java.vm.specification.version" value="21"/>
    <property name="sun.java.launcher" value="SUN_STANDARD"/>
    <property name="user.country" value="GB"/>
    <property name="sun.boot.library.path" value="C:\Program Files\Java\jdk-21\bin"/>
    <property name="sun.java.command" value="C:\Users\Sergey\AppData\Local\Temp\surefire8071334528091851160\surefirebooter-20250623201934381_3.jar C:\Users\Sergey\AppData\Local\Temp\surefire8071334528091851160 2025-06-23T20-19-34_115-jvmRun1 surefire-20250623201934381_1tmp surefire_0-20250623201934381_2tmp"/>
    <property name="jdk.debug" value="release"/>
    <property name="surefire.test.class.path" value="C:\Users\Sergey\IdeaProjects\RestAssured\target\test-classes;C:\Users\Sergey\IdeaProjects\RestAssured\target\classes;C:\Users\Sergey\.m2\repository\org\junit\jupiter\junit-jupiter-params\5.9.2\junit-jupiter-params-5.9.2.jar;C:\Users\Sergey\.m2\repository\org\apiguardian\apiguardian-api\1.1.2\apiguardian-api-1.1.2.jar;C:\Users\Sergey\.m2\repository\io\qameta\allure\allure-rest-assured\2.24.0\allure-rest-assured-2.24.0.jar;C:\Users\Sergey\.m2\repository\io\qameta\allure\allure-attachments\2.24.0\allure-attachments-2.24.0.jar;C:\Users\Sergey\.m2\repository\io\qameta\allure\allure-java-commons\2.24.0\allure-java-commons-2.24.0.jar;C:\Users\Sergey\.m2\repository\org\slf4j\slf4j-api\1.7.36\slf4j-api-1.7.36.jar;C:\Users\Sergey\.m2\repository\io\qameta\allure\allure-model\2.24.0\allure-model-2.24.0.jar;C:\Users\Sergey\.m2\repository\org\freemarker\freemarker\2.3.31\freemarker-2.3.31.jar;C:\Users\Sergey\.m2\repository\io\qameta\allure\allure-junit5\2.24.0\allure-junit5-2.24.0.jar;C:\Users\Sergey\.m2\repository\io\qameta\allure\allure-junit-platform\2.24.0\allure-junit-platform-2.24.0.jar;C:\Users\Sergey\.m2\repository\io\qameta\allure\allure-test-filter\2.24.0\allure-test-filter-2.24.0.jar;C:\Users\Sergey\.m2\repository\org\junit\platform\junit-platform-launcher\1.9.2\junit-platform-launcher-1.9.2.jar;C:\Users\Sergey\.m2\repository\io\rest-assured\rest-assured\5.3.0\rest-assured-5.3.0.jar;C:\Users\Sergey\.m2\repository\org\apache\groovy\groovy\4.0.6\groovy-4.0.6.jar;C:\Users\Sergey\.m2\repository\org\apache\groovy\groovy-xml\4.0.6\groovy-xml-4.0.6.jar;C:\Users\Sergey\.m2\repository\org\apache\httpcomponents\httpclient\4.5.13\httpclient-4.5.13.jar;C:\Users\Sergey\.m2\repository\org\apache\httpcomponents\httpcore\4.4.13\httpcore-4.4.13.jar;C:\Users\Sergey\.m2\repository\commons-logging\commons-logging\1.2\commons-logging-1.2.jar;C:\Users\Sergey\.m2\repository\commons-codec\commons-codec\1.11\commons-codec-1.11.jar;C:\Users\Sergey\.m2\repository\org\apache\httpcomponents\httpmime\4.5.13\httpmime-4.5.13.jar;C:\Users\Sergey\.m2\repository\org\ccil\cowan\tagsoup\tagsoup\1.2.1\tagsoup-1.2.1.jar;C:\Users\Sergey\.m2\repository\io\rest-assured\json-path\5.3.0\json-path-5.3.0.jar;C:\Users\Sergey\.m2\repository\org\apache\groovy\groovy-json\4.0.6\groovy-json-4.0.6.jar;C:\Users\Sergey\.m2\repository\io\rest-assured\rest-assured-common\5.3.0\rest-assured-common-5.3.0.jar;C:\Users\Sergey\.m2\repository\io\rest-assured\xml-path\5.3.0\xml-path-5.3.0.jar;C:\Users\Sergey\.m2\repository\org\apache\commons\commons-lang3\3.11\commons-lang3-3.11.jar;C:\Users\Sergey\.m2\repository\org\hamcrest\hamcrest\2.2\hamcrest-2.2.jar;C:\Users\Sergey\.m2\repository\org\junit\jupiter\junit-jupiter-api\5.9.2\junit-jupiter-api-5.9.2.jar;C:\Users\Sergey\.m2\repository\org\opentest4j\opentest4j\1.2.0\opentest4j-1.2.0.jar;C:\Users\Sergey\.m2\repository\org\junit\platform\junit-platform-commons\1.9.2\junit-platform-commons-1.9.2.jar;C:\Users\Sergey\.m2\repository\org\junit\jupiter\junit-jupiter-engine\5.9.2\junit-jupiter-engine-5.9.2.jar;C:\Users\Sergey\.m2\repository\org\junit\platform\junit-platform-engine\1.9.2\junit-platform-engine-1.9.2.jar;"/>
    <property name="sun.cpu.endian" value="little"/>
    <property name="user.home" value="C:\Users\Sergey"/>
    <property name="user.language" value="en"/>
    <property name="java.specification.vendor" value="Oracle Corporation"/>
    <property name="java.version.date" value="2025-04-15"/>
    <property name="java.home" value="C:\Program Files\Java\jdk-21"/>
    <property name="file.separator" value="\"/>
    <property name="basedir" value="C:\Users\Sergey\IdeaProjects\RestAssured"/>
    <property name="java.vm.compressedOopsMode" value="Zero based"/>
    <property name="line.separator" value="&#10;"/>
    <property name="java.vm.specification.vendor" value="Oracle Corporation"/>
    <property name="java.specification.name" value="Java Platform API Specification"/>
    <property name="surefire.real.class.path" value="C:\Users\Sergey\AppData\Local\Temp\surefire8071334528091851160\surefirebooter-20250623201934381_3.jar"/>
    <property name="user.script" value=""/>
    <property name="sun.management.compiler" value="HotSpot 64-Bit Tiered Compilers"/>
    <property name="java.runtime.version" value="21.0.7+8-LTS-245"/>
    <property name="user.name" value="Sergey"/>
    <property name="stdout.encoding" value="Cp1251"/>
    <property name="path.separator" value=";"/>
    <property name="os.version" value="10.0"/>
    <property name="java.runtime.name" value="Java(TM) SE Runtime Environment"/>
    <property name="file.encoding" value="UTF-8"/>
    <property name="java.vm.name" value="Java HotSpot(TM) 64-Bit Server VM"/>
    <property name="localRepository" value="C:\Users\Sergey\.m2\repository"/>
    <property name="java.vendor.url.bug" value="https://bugreport.java.com/bugreport/"/>
    <property name="java.io.tmpdir" value="C:\Users\Sergey\AppData\Local\Temp\"/>
    <property name="java.version" value="21.0.7"/>
    <property name="user.dir" value="C:\Users\Sergey\IdeaProjects\RestAssured"/>
    <property name="os.arch" value="amd64"/>
    <property name="java.vm.specification.name" value="Java Virtual Machine Specification"/>
    <property name="user.language.format" value="ru"/>
    <property name="sun.os.patch.level" value=""/>
    <property name="native.encoding" value="Cp1251"/>
    <property name="java.library.path" value="C:\Program Files\Java\jdk-21\bin;C:\WINDOWS\Sun\Java\bin;C:\WINDOWS\system32;C:\WINDOWS;C:\Program Files\Common Files\Oracle\Java\javapath;C:\sql_course\dbhomeXE\bin;C:\Program Files\apache-maven-3.9.9\bin;C:\Program Files\dotnet\;C:\Program Files\nodejs\;C:\Program Files (x86)\NVIDIA Corporation\PhysX\Common;C:\ProgramData\Jenkins\.jenkins\tools\hudson.plugins.gradle.GradleInstallation\Gradle_7.2\bin\gradle;C:\ProgramData\Microsoft\Windows\Start Menu\Programs\Node.js\Node.js command prompt.lnk;C:\Program Files\Git\cmd;C:\WINDOWS\system32;C:\WINDOWS;C:\WINDOWS\System32\Wbem;C:\WINDOWS\System32\WindowsPowerShell\v1.0\;C:\WINDOWS\System32\OpenSSH\;%JAVA_HOME%\bin;C:\Program Files\Cloudflare\Cloudflare WARP\;C:\Program Files\allure-2.34.0\bin;C:\Users\Sergey\AppData\Local\Programs\Python\Python312\Scripts\;C:\Users\Sergey\AppData\Local\Programs\Python\Python312\;C:\Users\Sergey\AppData\Local\Programs\Python\Python311\Scripts\;C:\Users\Sergey\AppData\Local\Programs\Python\Python311\;C:\Users\Sergey\.dotnet\tools;C:\Users\Sergey\AppData\Roaming\npm;C:\Users\Sergey\AppData\Local\Programs\Microsoft VS Code\bin;C:\ProgramData\Jenkins\.jenkins\tools\hudson.plugins.gradle.GradleInstallation\Gradle_7.2\bin;C:\ProgramData\Microsoft\Windows\Start Menu\Programs\Node.js\Node.js command prompt.lnk;C:\Program Files\JetBrains\IntelliJ IDEA 2020.3.3\bin;;C:\Users\Sergey\AppData\Local\Microsoft\WindowsApps;C:\Program Files\Java\jdk-21\bin;C:\Program Files\apache-maven-3.9.9\bin\bin;;."/>
    <property name="java.vm.info" value="mixed mode, sharing"/>
    <property name="stderr.encoding" value="Cp1251"/>
    <property name="java.vendor" value="Oracle Corporation"/>
    <property name="java.vm.version" value="21.0.7+8-LTS-245"/>
    <property name="sun.io.unicode.encoding" value="UnicodeLittle"/>
    <property name="java.class.version" value="65.0"/>
  </properties>
  <testcase name="GetToken" classname="ApiTest" time="1.465">
    <system-out><![CDATA[{
    "token": "c80ac897c6f7ab6"
}
]]></system-out>
    <system-err><![CDATA[SLF4J: Failed to load class "org.slf4j.impl.StaticLoggerBinder".
SLF4J: Defaulting to no-operation (NOP) logger implementation
SLF4J: See http://www.slf4j.org/codes.html#StaticLoggerBinder for further details.
]]></system-err>
  </testcase>
  <testcase name="createBooking" classname="ApiTest" time="1.039">
    <system-out><![CDATA[{
    "bookingid": 4455,
    "booking": {
        "firstname": "Jim",
        "lastname": "Brown",
        "totalprice": 111,
        "depositpaid": true,
        "bookingdates": {
            "checkin": "2018-01-01",
            "checkout": "2019-01-01"
        }
    }
}
]]></system-out>
  </testcase>
  <testcase name="updateBooking" classname="ApiTest" time="0.795">
    <system-out><![CDATA[{
    "firstname": "James",
    "lastname": "Brown",
    "totalprice": 111,
    "depositpaid": true,
    "bookingdates": {
        "checkin": "2018-01-01",
        "checkout": "2019-01-01"
    }
}
]]></system-out>
  </testcase>
  <testcase name="partialUpdateBooking" classname="ApiTest" time="0.774">
    <system-out><![CDATA[{
    "firstname": "Jack",
    "lastname": "Bro",
    "totalprice": 111,
    "depositpaid": true,
    "bookingdates": {
        "checkin": "2018-01-01",
        "checkout": "2019-01-01"
    }
}
]]></system-out>
  </testcase>
  <testcase name="deleteBooking" classname="ApiTest" time="1.167">
    <system-out><![CDATA[Created
]]></system-out>
  </testcase>
  <testcase name="healthCheck" classname="ApiTest" time="0.882">
    <system-out><![CDATA[Created
]]></system-out>
  </testcase>
  <testcase name="GetBooking" classname="ApiTest" time="1.692">
    <system-out><![CDATA[[
    {
        "bookingid": 358
    },
    {
        "bookingid": 2575
    },
    {
        "bookingid": 2504
    },
    {
        "bookingid": 1178
    },
    {
        "bookingid": 3685
    },
    {
        "bookingid": 2356
    },
    {
        "bookingid": 983
    },
    {
        "bookingid": 2167
    },
    {
        "bookingid": 1655
    },
    {
        "bookingid": 783
    },
    {
        "bookingid": 1879
    },
    {
        "bookingid": 4058
    },
    {
        "bookingid": 1903
    },
    {
        "bookingid": 1266
    },
    {
        "bookingid": 871
    },
    {
        "bookingid": 4299
    },
    {
        "bookingid": 4330
    },
    {
        "bookingid": 3075
    },
    {
        "bookingid": 2051
    },
    {
        "bookingid": 3119
    },
    {
        "bookingid": 3986
    },
    {
        "bookingid": 3802
    },
    {
        "bookingid": 2983
    },
    {
        "bookingid": 1550
    },
    {
        "bookingid": 2013
    },
    {
        "bookingid": 2834
    },
    {
        "bookingid": 1272
    },
    {
        "bookingid": 159
    },
    {
        "bookingid": 2551
    },
    {
        "bookingid": 2853
    },
    {
        "bookingid": 3
    },
    {
        "bookingid": 4214
    },
    {
        "bookingid": 4430
    },
    {
        "bookingid": 1519
    },
    {
        "bookingid": 2745
    },
    {
        "bookingid": 3029
    },
    {
        "bookingid": 589
    },
    {
        "bookingid": 590
    },
    {
        "bookingid": 4192
    },
    {
        "bookingid": 2030
    },
    {
        "bookingid": 1851
    },
    {
        "bookingid": 1030
    },
    {
        "bookingid": 2655
    },
    {
        "bookingid": 200
    },
    {
        "bookingid": 4405
    },
    {
        "bookingid": 1114
    },
    {
        "bookingid": 1094
    },
    {
        "bookingid": 2166
    },
    {
        "bookingid": 2203
    },
    {
        "bookingid": 4081
    },
    {
        "bookingid": 1964
    },
    {
        "bookingid": 3517
    },
    {
        "bookingid": 2948
    },
    {
        "bookingid": 1116
    },
    {
        "bookingid": 733
    },
    {
        "bookingid": 718
    },
    {
        "bookingid": 3523
    },
    {
        "bookingid": 3881
    },
    {
        "bookingid": 480
    },
    {
        "bookingid": 1726
    },
    {
        "bookingid": 3136
    },
    {
        "bookingid": 143
    },
    {
        "bookingid": 373
    },
    {
        "bookingid": 1743
    },
    {
        "bookingid": 2749
    },
    {
        "bookingid": 2718
    },
    {
        "bookingid": 3503
    },
    {
        "bookingid": 859
    },
    {
        "bookingid": 1107
    },
    {
        "bookingid": 748
    },
    {
        "bookingid": 1759
    },
    {
        "bookingid": 402
    },
    {
        "bookingid": 3384
    },
    {
        "bookingid": 3207
    },
    {
        "bookingid": 1137
    },
    {
        "bookingid": 1933
    },
    {
        "bookingid": 2506
    },
    {
        "bookingid": 1752
    },
    {
        "bookingid": 342
    },
    {
        "bookingid": 1452
    },
    {
        "bookingid": 211
    },
    {
        "bookingid": 1654
    },
    {
        "bookingid": 3107
    },
    {
        "bookingid": 2456
    },
    {
        "bookingid": 890
    },
    {
        "bookingid": 755
    },
    {
        "bookingid": 549
    },
    {
        "bookingid": 3041
    },
    {
        "bookingid": 3800
    },
    {
        "bookingid": 328
    },
    {
        "bookingid": 249
    },
    {
        "bookingid": 3578
    },
    {
        "bookingid": 60
    },
    {
        "bookingid": 134
    },
    {
        "bookingid": 760
    },
    {
        "bookingid": 1385
    },
    {
        "bookingid": 897
    },
    {
        "bookingid": 4408
    },
    {
        "bookingid": 2180
    },
    {
        "bookingid": 1694
    },
    {
        "bookingid": 294
    },
    {
        "bookingid": 2377
    },
    {
        "bookingid": 913
    },
    {
        "bookingid": 1259
    },
    {
        "bookingid": 3220
    },
    {
        "bookingid": 3521
    },
    {
        "bookingid": 742
    },
    {
        "bookingid": 4056
    },
    {
        "bookingid": 2445
    },
    {
        "bookingid": 1457
    },
    {
        "bookingid": 3812
    },
    {
        "bookingid": 2460
    },
    {
        "bookingid": 2971
    },
    {
        "bookingid": 3768
    },
    {
        "bookingid": 625
    },
    {
        "bookingid": 629
    },
    {
        "bookingid": 1256
    },
    {
        "bookingid": 1833
    },
    {
        "bookingid": 731
    },
    {
        "bookingid": 3848
    },
    {
        "bookingid": 3504
    },
    {
        "bookingid": 330
    },
    {
        "bookingid": 904
    },
    {
        "bookingid": 2990
    },
    {
        "bookingid": 1206
    },
    {
        "bookingid": 51
    },
    {
        "bookingid": 2375
    },
    {
        "bookingid": 3468
    },
    {
        "bookingid": 2559
    },
    {
        "bookingid": 1677
    },
    {
        "bookingid": 4210
    },
    {
        "bookingid": 2510
    },
    {
        "bookingid": 3047
    },
    {
        "bookingid": 4305
    },
    {
        "bookingid": 4449
    },
    {
        "bookingid": 2795
    },
    {
        "bookingid": 309
    },
    {
        "bookingid": 3562
    },
    {
        "bookingid": 515
    },
    {
        "bookingid": 1719
    },
    {
        "bookingid": 2100
    },
    {
        "bookingid": 485
    },
    {
        "bookingid": 973
    },
    {
        "bookingid": 472
    },
    {
        "bookingid": 2076
    },
    {
        "bookingid": 4344
    },
    {
        "bookingid": 4283
    },
    {
        "bookingid": 1364
    },
    {
        "bookingid": 2381
    },
    {
        "bookingid": 2505
    },
    {
        "bookingid": 1925
    },
    {
        "bookingid": 3118
    },
    {
        "bookingid": 1980
    },
    {
        "bookingid": 4169
    },
    {
        "bookingid": 3590
    },
    {
        "bookingid": 4457
    },
    {
        "bookingid": 3245
    },
    {
        "bookingid": 3201
    },
    {
        "bookingid": 4064
    },
    {
        "bookingid": 1445
    },
    {
        "bookingid": 1063
    },
    {
        "bookingid": 3984
    },
    {
        "bookingid": 3184
    },
    {
        "bookingid": 1808
    },
    {
        "bookingid": 3131
    },
    {
        "bookingid": 1771
    },
    {
        "bookingid": 623
    },
    {
        "bookingid": 232
    },
    {
        "bookingid": 4016
    },
    {
        "bookingid": 2778
    },
    {
        "bookingid": 1595
    },
    {
        "bookingid": 3659
    },
    {
        "bookingid": 4298
    },
    {
        "bookingid": 689
    },
    {
        "bookingid": 3477
    },
    {
        "bookingid": 3790
    },
    {
        "bookingid": 3186
    },
    {
        "bookingid": 802
    },
    {
        "bookingid": 1768
    },
    {
        "bookingid": 919
    },
    {
        "bookingid": 3309
    },
    {
        "bookingid": 2447
    },
    {
        "bookingid": 1399
    },
    {
        "bookingid": 4183
    },
    {
        "bookingid": 1533
    },
    {
        "bookingid": 227
    },
    {
        "bookingid": 1012
    },
    {
        "bookingid": 2906
    },
    {
        "bookingid": 1483
    },
    {
        "bookingid": 903
    },
    {
        "bookingid": 670
    },
    {
        "bookingid": 3400
    },
    {
        "bookingid": 965
    },
    {
        "bookingid": 3958
    },
    {
        "bookingid": 4099
    },
    {
        "bookingid": 907
    },
    {
        "bookingid": 1435
    },
    {
        "bookingid": 697
    },
    {
        "bookingid": 3037
    },
    {
        "bookingid": 3313
    },
    {
        "bookingid": 862
    },
    {
        "bookingid": 3851
    },
    {
        "bookingid": 3457
    },
    {
        "bookingid": 1907
    },
    {
        "bookingid": 3081
    },
    {
        "bookingid": 3492
    },
    {
        "bookingid": 2980
    },
    {
        "bookingid": 2757
    },
    {
        "bookingid": 1906
    },
    {
        "bookingid": 4369
    },
    {
        "bookingid": 2411
    },
    {
        "bookingid": 4225
    },
    {
        "bookingid": 4050
    },
    {
        "bookingid": 1807
    },
    {
        "bookingid": 877
    },
    {
        "bookingid": 926
    },
    {
        "bookingid": 2117
    },
    {
        "bookingid": 2007
    },
    {
        "bookingid": 935
    },
    {
        "bookingid": 1901
    },
    {
        "bookingid": 2729
    },
    {
        "bookingid": 3525
    },
    {
        "bookingid": 524
    },
    {
        "bookingid": 1013
    },
    {
        "bookingid": 3203
    },
    {
        "bookingid": 2234
    },
    {
        "bookingid": 4080
    },
    {
        "bookingid": 3661
    },
    {
        "bookingid": 3807
    },
    {
        "bookingid": 1985
    },
    {
        "bookingid": 47
    },
    {
        "bookingid": 2136
    },
    {
        "bookingid": 355
    },
    {
        "bookingid": 3983
    },
    {
        "bookingid": 3256
    },
    {
        "bookingid": 1229
    },
    {
        "bookingid": 2113
    },
    {
        "bookingid": 1778
    },
    {
        "bookingid": 3441
    },
    {
        "bookingid": 2805
    },
    {
        "bookingid": 430
    },
    {
        "bookingid": 1557
    },
    {
        "bookingid": 605
    },
    {
        "bookingid": 3149
    },
    {
        "bookingid": 2254
    },
    {
        "bookingid": 525
    },
    {
        "bookingid": 1953
    },
    {
        "bookingid": 1022
    },
    {
        "bookingid": 4337
    },
    {
        "bookingid": 2964
    },
    {
        "bookingid": 293
    },
    {
        "bookingid": 1678
    },
    {
        "bookingid": 2819
    },
    {
        "bookingid": 4488
    },
    {
        "bookingid": 948
    },
    {
        "bookingid": 3443
    },
    {
        "bookingid": 1853
    },
    {
        "bookingid": 3497
    },
    {
        "bookingid": 4049
    },
    {
        "bookingid": 2609
    },
    {
        "bookingid": 1142
    },
    {
        "bookingid": 4309
    },
    {
        "bookingid": 145
    },
    {
        "bookingid": 77
    },
    {
        "bookingid": 3179
    },
    {
        "bookingid": 1395
    },
    {
        "bookingid": 1118
    },
    {
        "bookingid": 1388
    },
    {
        "bookingid": 2252
    },
    {
        "bookingid": 2309
    },
    {
        "bookingid": 3360
    },
    {
        "bookingid": 1048
    },
    {
        "bookingid": 3976
    },
    {
        "bookingid": 2859
    },
    {
        "bookingid": 2965
    },
    {
        "bookingid": 2056
    },
    {
        "bookingid": 85
    },
    {
        "bookingid": 659
    },
    {
        "bookingid": 2547
    },
    {
        "bookingid": 4180
    },
    {
        "bookingid": 2592
    },
    {
        "bookingid": 1204
    },
    {
        "bookingid": 1105
    },
    {
        "bookingid": 4255
    },
    {
        "bookingid": 963
    },
    {
        "bookingid": 1875
    },
    {
        "bookingid": 3950
    },
    {
        "bookingid": 2982
    },
    {
        "bookingid": 1401
    },
    {
        "bookingid": 74
    },
    {
        "bookingid": 2270
    },
    {
        "bookingid": 2707
    },
    {
        "bookingid": 2355
    },
    {
        "bookingid": 1121
    },
    {
        "bookingid": 2319
    },
    {
        "bookingid": 902
    },
    {
        "bookingid": 1893
    },
    {
        "bookingid": 2304
    },
    {
        "bookingid": 2683
    },
    {
        "bookingid": 2158
    },
    {
        "bookingid": 3329
    },
    {
        "bookingid": 204
    },
    {
        "bookingid": 3378
    },
    {
        "bookingid": 3129
    },
    {
        "bookingid": 2622
    },
    {
        "bookingid": 3345
    },
    {
        "bookingid": 3376
    },
    {
        "bookingid": 347
    },
    {
        "bookingid": 2574
    },
    {
        "bookingid": 1596
    },
    {
        "bookingid": 3928
    },
    {
        "bookingid": 685
    },
    {
        "bookingid": 1420
    },
    {
        "bookingid": 1125
    },
    {
        "bookingid": 3403
    },
    {
        "bookingid": 909
    },
    {
        "bookingid": 3994
    },
    {
        "bookingid": 2735
    },
    {
        "bookingid": 2138
    },
    {
        "bookingid": 754
    },
    {
        "bookingid": 333
    },
    {
        "bookingid": 1120
    },
    {
        "bookingid": 853
    },
    {
        "bookingid": 240
    },
    {
        "bookingid": 33
    },
    {
        "bookingid": 2921
    },
    {
        "bookingid": 804
    },
    {
        "bookingid": 3518
    },
    {
        "bookingid": 2398
    },
    {
        "bookingid": 3738
    },
    {
        "bookingid": 2967
    },
    {
        "bookingid": 653
    },
    {
        "bookingid": 4404
    },
    {
        "bookingid": 184
    },
    {
        "bookingid": 3352
    },
    {
        "bookingid": 2366
    },
    {
        "bookingid": 1644
    },
    {
        "bookingid": 2311
    },
    {
        "bookingid": 947
    },
    {
        "bookingid": 4311
    },
    {
        "bookingid": 3500
    },
    {
        "bookingid": 321
    },
    {
        "bookingid": 3375
    },
    {
        "bookingid": 722
    },
    {
        "bookingid": 3923
    },
    {
        "bookingid": 891
    },
    {
        "bookingid": 4451
    },
    {
        "bookingid": 2957
    },
    {
        "bookingid": 4277
    },
    {
        "bookingid": 464
    },
    {
        "bookingid": 1431
    },
    {
        "bookingid": 3903
    },
    {
        "bookingid": 3015
    },
    {
        "bookingid": 88
    },
    {
        "bookingid": 1246
    },
    {
        "bookingid": 4387
    },
    {
        "bookingid": 3728
    },
    {
        "bookingid": 2527
    },
    {
        "bookingid": 1325
    },
    {
        "bookingid": 3877
    },
    {
        "bookingid": 2028
    },
    {
        "bookingid": 1357
    },
    {
        "bookingid": 2895
    },
    {
        "bookingid": 3965
    },
    {
        "bookingid": 1133
    },
    {
        "bookingid": 4194
    },
    {
        "bookingid": 1891
    },
    {
        "bookingid": 1124
    },
    {
        "bookingid": 678
    },
    {
        "bookingid": 1744
    },
    {
        "bookingid": 3222
    },
    {
        "bookingid": 4289
    },
    {
        "bookingid": 4388
    },
    {
        "bookingid": 1096
    },
    {
        "bookingid": 1753
    },
    {
        "bookingid": 3672
    },
    {
        "bookingid": 118
    },
    {
        "bookingid": 3554
    },
    {
        "bookingid": 2929
    },
    {
        "bookingid": 1419
    },
    {
        "bookingid": 949
    },
    {
        "bookingid": 2627
    },
    {
        "bookingid": 2441
    },
    {
        "bookingid": 956
    },
    {
        "bookingid": 3552
    },
    {
        "bookingid": 23
    },
    {
        "bookingid": 2769
    },
    {
        "bookingid": 3619
    },
    {
        "bookingid": 4092
    },
    {
        "bookingid": 2322
    },
    {
        "bookingid": 810
    },
    {
        "bookingid": 131
    },
    {
        "bookingid": 340
    },
    {
        "bookingid": 3893
    },
    {
        "bookingid": 2828
    },
    {
        "bookingid": 2658
    },
    {
        "bookingid": 3226
    },
    {
        "bookingid": 2178
    },
    {
        "bookingid": 4342
    },
    {
        "bookingid": 781
    },
    {
        "bookingid": 1267
    },
    {
        "bookingid": 4006
    },
    {
        "bookingid": 3709
    },
    {
        "bookingid": 1176
    },
    {
        "bookingid": 2545
    },
    {
        "bookingid": 1977
    },
    {
        "bookingid": 4490
    },
    {
        "bookingid": 4312
    },
    {
        "bookingid": 3964
    },
    {
        "bookingid": 2704
    },
    {
        "bookingid": 1251
    },
    {
        "bookingid": 776
    },
    {
        "bookingid": 1841
    },
    {
        "bookingid": 2889
    },
    {
        "bookingid": 1615
    },
    {
        "bookingid": 289
    },
    {
        "bookingid": 4422
    },
    {
        "bookingid": 2653
    },
    {
        "bookingid": 4053
    },
    {
        "bookingid": 4221
    },
    {
        "bookingid": 460
    },
    {
        "bookingid": 728
    },
    {
        "bookingid": 2103
    },
    {
        "bookingid": 1864
    },
    {
        "bookingid": 2310
    },
    {
        "bookingid": 3526
    },
    {
        "bookingid": 1252
    },
    {
        "bookingid": 985
    },
    {
        "bookingid": 3658
    },
    {
        "bookingid": 606
    },
    {
        "bookingid": 2335
    },
    {
        "bookingid": 936
    },
    {
        "bookingid": 3839
    },
    {
        "bookingid": 3638
    },
    {
        "bookingid": 1106
    },
    {
        "bookingid": 3293
    },
    {
        "bookingid": 474
    },
    {
        "bookingid": 2214
    },
    {
        "bookingid": 1623
    },
    {
        "bookingid": 3837
    },
    {
        "bookingid": 1690
    },
    {
        "bookingid": 3145
    },
    {
        "bookingid": 1296
    },
    {
        "bookingid": 2191
    },
    {
        "bookingid": 1995
    },
    {
        "bookingid": 3072
    },
    {
        "bookingid": 922
    },
    {
        "bookingid": 3255
    },
    {
        "bookingid": 202
    },
    {
        "bookingid": 1350
    },
    {
        "bookingid": 1918
    },
    {
        "bookingid": 3961
    },
    {
        "bookingid": 3000
    },
    {
        "bookingid": 2802
    },
    {
        "bookingid": 2803
    },
    {
        "bookingid": 3462
    },
    {
        "bookingid": 3402
    },
    {
        "bookingid": 2870
    },
    {
        "bookingid": 1231
    },
    {
        "bookingid": 4096
    },
    {
        "bookingid": 162
    },
    {
        "bookingid": 2454
    },
    {
        "bookingid": 717
    },
    {
        "bookingid": 2663
    },
    {
        "bookingid": 1581
    },
    {
        "bookingid": 1408
    },
    {
        "bookingid": 466
    },
    {
        "bookingid": 1458
    },
    {
        "bookingid": 57
    },
    {
        "bookingid": 1474
    },
    {
        "bookingid": 3715
    },
    {
        "bookingid": 82
    },
    {
        "bookingid": 2914
    },
    {
        "bookingid": 2387
    },
    {
        "bookingid": 3035
    },
    {
        "bookingid": 1840
    },
    {
        "bookingid": 1940
    },
    {
        "bookingid": 1265
    },
    {
        "bookingid": 1302
    },
    {
        "bookingid": 2717
    },
    {
        "bookingid": 1801
    },
    {
        "bookingid": 2193
    },
    {
        "bookingid": 112
    },
    {
        "bookingid": 2876
    },
    {
        "bookingid": 939
    },
    {
        "bookingid": 2920
    },
    {
        "bookingid": 3687
    },
    {
        "bookingid": 615
    },
    {
        "bookingid": 1304
    },
    {
        "bookingid": 3414
    },
    {
        "bookingid": 2119
    },
    {
        "bookingid": 3635
    },
    {
        "bookingid": 3859
    },
    {
        "bookingid": 2260
    },
    {
        "bookingid": 1638
    },
    {
        "bookingid": 1016
    },
    {
        "bookingid": 1021
    },
    {
        "bookingid": 3364
    },
    {
        "bookingid": 1913
    },
    {
        "bookingid": 2273
    },
    {
        "bookingid": 3141
    },
    {
        "bookingid": 885
    },
    {
        "bookingid": 34
    },
    {
        "bookingid": 916
    },
    {
        "bookingid": 3516
    },
    {
        "bookingid": 797
    },
    {
        "bookingid": 3280
    },
    {
        "bookingid": 1634
    },
    {
        "bookingid": 133
    },
    {
        "bookingid": 1680
    },
    {
        "bookingid": 729
    },
    {
        "bookingid": 2770
    },
    {
        "bookingid": 581
    },
    {
        "bookingid": 2216
    },
    {
        "bookingid": 1499
    },
    {
        "bookingid": 1339
    },
    {
        "bookingid": 2140
    },
    {
        "bookingid": 1990
    },
    {
        "bookingid": 1910
    },
    {
        "bookingid": 3064
    },
    {
        "bookingid": 3150
    },
    {
        "bookingid": 379
    },
    {
        "bookingid": 4467
    },
    {
        "bookingid": 1263
    },
    {
        "bookingid": 2152
    },
    {
        "bookingid": 426
    },
    {
        "bookingid": 513
    },
    {
        "bookingid": 419
    },
    {
        "bookingid": 467
    },
    {
        "bookingid": 3144
    },
    {
        "bookingid": 2151
    },
    {
        "bookingid": 4138
    },
    {
        "bookingid": 4433
    },
    {
        "bookingid": 2878
    },
    {
        "bookingid": 737
    },
    {
        "bookingid": 3070
    },
    {
        "bookingid": 1847
    },
    {
        "bookingid": 1732
    },
    {
        "bookingid": 3448
    },
    {
        "bookingid": 1599
    },
    {
        "bookingid": 1463
    },
    {
        "bookingid": 724
    },
    {
        "bookingid": 502
    },
    {
        "bookingid": 4377
    },
    {
        "bookingid": 1668
    },
    {
        "bookingid": 2001
    },
    {
        "bookingid": 3439
    },
    {
        "bookingid": 613
    },
    {
        "bookingid": 941
    },
    {
        "bookingid": 3258
    },
    {
        "bookingid": 3175
    },
    {
        "bookingid": 2856
    },
    {
        "bookingid": 3496
    },
    {
        "bookingid": 354
    },
    {
        "bookingid": 27
    },
    {
        "bookingid": 1723
    },
    {
        "bookingid": 1480
    },
    {
        "bookingid": 1657
    },
    {
        "bookingid": 1354
    },
    {
        "bookingid": 213
    },
    {
        "bookingid": 3868
    },
    {
        "bookingid": 569
    },
    {
        "bookingid": 1472
    },
    {
        "bookingid": 2511
    },
    {
        "bookingid": 334
    },
    {
        "bookingid": 3049
    },
    {
        "bookingid": 2975
    },
    {
        "bookingid": 4284
    },
    {
        "bookingid": 1100
    },
    {
        "bookingid": 1772
    },
    {
        "bookingid": 37
    },
    {
        "bookingid": 3012
    },
    {
        "bookingid": 4062
    },
    {
        "bookingid": 2055
    },
    {
        "bookingid": 1515
    },
    {
        "bookingid": 1564
    },
    {
        "bookingid": 1522
    },
    {
        "bookingid": 584
    },
    {
        "bookingid": 2202
    },
    {
        "bookingid": 1819
    },
    {
        "bookingid": 1327
    },
    {
        "bookingid": 1956
    },
    {
        "bookingid": 4327
    },
    {
        "bookingid": 4009
    },
    {
        "bookingid": 93
    },
    {
        "bookingid": 4270
    },
    {
        "bookingid": 3832
    },
    {
        "bookingid": 25
    },
    {
        "bookingid": 2157
    },
    {
        "bookingid": 2951
    },
    {
        "bookingid": 1165
    },
    {
        "bookingid": 4476
    },
    {
        "bookingid": 276
    },
    {
        "bookingid": 117
    },
    {
        "bookingid": 1258
    },
    {
        "bookingid": 969
    },
    {
        "bookingid": 3122
    },
    {
        "bookingid": 1806
    },
    {
        "bookingid": 2526
    },
    {
        "bookingid": 3596
    },
    {
        "bookingid": 849
    },
    {
        "bookingid": 612
    },
    {
        "bookingid": 2496
    },
    {
        "bookingid": 1494
    },
    {
        "bookingid": 1415
    },
    {
        "bookingid": 1454
    },
    {
        "bookingid": 448
    },
    {
        "bookingid": 3306
    },
    {
        "bookingid": 1391
    },
    {
        "bookingid": 1639
    },
    {
        "bookingid": 453
    },
    {
        "bookingid": 506
    },
    {
        "bookingid": 499
    },
    {
        "bookingid": 2550
    },
    {
        "bookingid": 4496
    },
    {
        "bookingid": 4193
    },
    {
        "bookingid": 1617
    },
    {
        "bookingid": 3713
    },
    {
        "bookingid": 3626
    },
    {
        "bookingid": 1196
    },
    {
        "bookingid": 3795
    },
    {
        "bookingid": 1810
    },
    {
        "bookingid": 2535
    },
    {
        "bookingid": 910
    },
    {
        "bookingid": 70
    },
    {
        "bookingid": 856
    },
    {
        "bookingid": 1253
    },
    {
        "bookingid": 3154
    },
    {
        "bookingid": 3808
    },
    {
        "bookingid": 4137
    },
    {
        "bookingid": 1955
    },
    {
        "bookingid": 3864
    },
    {
        "bookingid": 3720
    },
    {
        "bookingid": 1389
    },
    {
        "bookingid": 3325
    },
    {
        "bookingid": 3466
    },
    {
        "bookingid": 3249
    },
    {
        "bookingid": 2515
    },
    {
        "bookingid": 2471
    },
    {
        "bookingid": 260
    },
    {
        "bookingid": 1382
    },
    {
        "bookingid": 108
    },
    {
        "bookingid": 2764
    },
    {
        "bookingid": 1075
    },
    {
        "bookingid": 3630
    },
    {
        "bookingid": 2297
    },
    {
        "bookingid": 1579
    },
    {
        "bookingid": 3779
    },
    {
        "bookingid": 3829
    },
    {
        "bookingid": 3433
    },
    {
        "bookingid": 2037
    },
    {
        "bookingid": 616
    },
    {
        "bookingid": 3030
    },
    {
        "bookingid": 435
    },
    {
        "bookingid": 2731
    },
    {
        "bookingid": 3673
    },
    {
        "bookingid": 138
    },
    {
        "bookingid": 2479
    },
    {
        "bookingid": 2773
    },
    {
        "bookingid": 532
    },
    {
        "bookingid": 3820
    },
    {
        "bookingid": 2759
    },
    {
        "bookingid": 2740
    },
    {
        "bookingid": 225
    },
    {
        "bookingid": 3174
    },
    {
        "bookingid": 2092
    },
    {
        "bookingid": 4493
    },
    {
        "bookingid": 4152
    },
    {
        "bookingid": 3170
    },
    {
        "bookingid": 531
    },
    {
        "bookingid": 764
    },
    {
        "bookingid": 1014
    },
    {
        "bookingid": 3541
    },
    {
        "bookingid": 3708
    },
    {
        "bookingid": 2790
    },
    {
        "bookingid": 570
    },
    {
        "bookingid": 2923
    },
    {
        "bookingid": 1010
    },
    {
        "bookingid": 1962
    },
    {
        "bookingid": 2537
    },
    {
        "bookingid": 599
    },
    {
        "bookingid": 261
    },
    {
        "bookingid": 3495
    },
    {
        "bookingid": 3318
    },
    {
        "bookingid": 4406
    },
    {
        "bookingid": 1877
    },
    {
        "bookingid": 3591
    },
    {
        "bookingid": 1370
    },
    {
        "bookingid": 1722
    },
    {
        "bookingid": 3034
    },
    {
        "bookingid": 2412
    },
    {
        "bookingid": 2293
    },
    {
        "bookingid": 2979
    },
    {
        "bookingid": 3102
    },
    {
        "bookingid": 3840
    },
    {
        "bookingid": 4470
    },
    {
        "bookingid": 594
    },
    {
        "bookingid": 3392
    },
    {
        "bookingid": 2329
    },
    {
        "bookingid": 3542
    },
    {
        "bookingid": 18
    },
    {
        "bookingid": 3584
    },
    {
        "bookingid": 2841
    },
    {
        "bookingid": 4207
    },
    {
        "bookingid": 4233
    },
    {
        "bookingid": 2750
    },
    {
        "bookingid": 3999
    },
    {
        "bookingid": 1705
    },
    {
        "bookingid": 2126
    },
    {
        "bookingid": 1365
    },
    {
        "bookingid": 4000
    },
    {
        "bookingid": 1627
    },
    {
        "bookingid": 1835
    },
    {
        "bookingid": 1311
    },
    {
        "bookingid": 385
    },
    {
        "bookingid": 1552
    },
    {
        "bookingid": 366
    },
    {
        "bookingid": 311
    },
    {
        "bookingid": 2821
    },
    {
        "bookingid": 2367
    },
    {
        "bookingid": 914
    },
    {
        "bookingid": 1544
    },
    {
        "bookingid": 2451
    },
    {
        "bookingid": 2621
    },
    {
        "bookingid": 2824
    },
    {
        "bookingid": 3901
    },
    {
        "bookingid": 665
    },
    {
        "bookingid": 4441
    },
    {
        "bookingid": 1035
    },
    {
        "bookingid": 2081
    },
    {
        "bookingid": 1456
    },
    {
        "bookingid": 2930
    },
    {
        "bookingid": 1150
    },
    {
        "bookingid": 2111
    },
    {
        "bookingid": 638
    },
    {
        "bookingid": 1712
    },
    {
        "bookingid": 3742
    },
    {
        "bookingid": 3649
    },
    {
        "bookingid": 611
    },
    {
        "bookingid": 1710
    },
    {
        "bookingid": 346
    },
    {
        "bookingid": 2012
    },
    {
        "bookingid": 1687
    },
    {
        "bookingid": 3124
    },
    {
        "bookingid": 3193
    },
    {
        "bookingid": 4219
    },
    {
        "bookingid": 3778
    },
    {
        "bookingid": 2896
    },
    {
        "bookingid": 1560
    },
    {
        "bookingid": 3485
    },
    {
        "bookingid": 3682
    },
    {
        "bookingid": 2779
    },
    {
        "bookingid": 2952
    },
    {
        "bookingid": 3056
    },
    {
        "bookingid": 128
    },
    {
        "bookingid": 2058
    },
    {
        "bookingid": 4336
    },
    {
        "bookingid": 845
    },
    {
        "bookingid": 1583
    },
    {
        "bookingid": 4144
    },
    {
        "bookingid": 921
    },
    {
        "bookingid": 4304
    },
    {
        "bookingid": 3561
    },
    {
        "bookingid": 3529
    },
    {
        "bookingid": 1349
    },
    {
        "bookingid": 2953
    },
    {
        "bookingid": 3063
    },
    {
        "bookingid": 3336
    },
    {
        "bookingid": 3671
    },
    {
        "bookingid": 4070
    },
    {
        "bookingid": 2275
    },
    {
        "bookingid": 4023
    },
    {
        "bookingid": 1631
    },
    {
        "bookingid": 183
    },
    {
        "bookingid": 971
    },
    {
        "bookingid": 2927
    },
    {
        "bookingid": 648
    },
    {
        "bookingid": 2911
    },
    {
        "bookingid": 4039
    },
    {
        "bookingid": 3230
    },
    {
        "bookingid": 4347
    },
    {
        "bookingid": 2664
    },
    {
        "bookingid": 3724
    },
    {
        "bookingid": 2324
    },
    {
        "bookingid": 1043
    },
    {
        "bookingid": 2068
    },
    {
        "bookingid": 1326
    },
    {
        "bookingid": 4046
    },
    {
        "bookingid": 3162
    },
    {
        "bookingid": 4253
    },
    {
        "bookingid": 4431
    },
    {
        "bookingid": 2188
    },
    {
        "bookingid": 3428
    },
    {
        "bookingid": 4150
    },
    {
        "bookingid": 3763
    },
    {
        "bookingid": 751
    },
    {
        "bookingid": 3481
    },
    {
        "bookingid": 3534
    },
    {
        "bookingid": 3099
    },
    {
        "bookingid": 3240
    },
    {
        "bookingid": 3860
    },
    {
        "bookingid": 1492
    },
    {
        "bookingid": 2879
    },
    {
        "bookingid": 3074
    },
    {
        "bookingid": 3618
    },
    {
        "bookingid": 1846
    },
    {
        "bookingid": 2289
    },
    {
        "bookingid": 4424
    },
    {
        "bookingid": 4021
    },
    {
        "bookingid": 4216
    },
    {
        "bookingid": 3747
    },
    {
        "bookingid": 1430
    },
    {
        "bookingid": 2395
    },
    {
        "bookingid": 2847
    },
    {
        "bookingid": 3609
    },
    {
        "bookingid": 377
    },
    {
        "bookingid": 1594
    },
    {
        "bookingid": 1939
    },
    {
        "bookingid": 2736
    },
    {
        "bookingid": 3522
    },
    {
        "bookingid": 1898
    },
    {
        "bookingid": 3040
    },
    {
        "bookingid": 977
    },
    {
        "bookingid": 384
    },
    {
        "bookingid": 585
    },
    {
        "bookingid": 3261
    },
    {
        "bookingid": 857
    },
    {
        "bookingid": 3589
    },
    {
        "bookingid": 1645
    },
    {
        "bookingid": 2153
    },
    {
        "bookingid": 3954
    },
    {
        "bookingid": 3344
    },
    {
        "bookingid": 2477
    },
    {
        "bookingid": 2210
    },
    {
        "bookingid": 2195
    },
    {
        "bookingid": 1212
    },
    {
        "bookingid": 1979
    },
    {
        "bookingid": 2439
    },
    {
        "bookingid": 2134
    },
    {
        "bookingid": 743
    },
    {
        "bookingid": 642
    },
    {
        "bookingid": 1359
    },
    {
        "bookingid": 2989
    },
    {
        "bookingid": 1839
    },
    {
        "bookingid": 1060
    },
    {
        "bookingid": 498
    },
    {
        "bookingid": 2440
    },
    {
        "bookingid": 2176
    },
    {
        "bookingid": 4019
    },
    {
        "bookingid": 1069
    },
    {
        "bookingid": 1149
    },
    {
        "bookingid": 1161
    },
    {
        "bookingid": 3281
    },
    {
        "bookingid": 839
    },
    {
        "bookingid": 2400
    },
    {
        "bookingid": 4243
    },
    {
        "bookingid": 1624
    },
    {
        "bookingid": 4381
    },
    {
        "bookingid": 3601
    },
    {
        "bookingid": 173
    },
    {
        "bookingid": 3151
    },
    {
        "bookingid": 2245
    },
    {
        "bookingid": 1186
    },
    {
        "bookingid": 251
    },
    {
        "bookingid": 1959
    },
    {
        "bookingid": 3733
    },
    {
        "bookingid": 297
    },
    {
        "bookingid": 4454
    },
    {
        "bookingid": 874
    },
    {
        "bookingid": 2963
    },
    {
        "bookingid": 1173
    },
    {
        "bookingid": 2958
    },
    {
        "bookingid": 3753
    },
    {
        "bookingid": 2755
    },
    {
        "bookingid": 2716
    },
    {
        "bookingid": 1092
    },
    {
        "bookingid": 1298
    },
    {
        "bookingid": 3060
    },
    {
        "bookingid": 1739
    },
    {
        "bookingid": 313
    },
    {
        "bookingid": 1610
    },
    {
        "bookingid": 3718
    },
    {
        "bookingid": 4043
    },
    {
        "bookingid": 1080
    },
    {
        "bookingid": 2391
    },
    {
        "bookingid": 428
    },
    {
        "bookingid": 3667
    },
    {
        "bookingid": 3381
    },
    {
        "bookingid": 4339
    },
    {
        "bookingid": 4400
    },
    {
        "bookingid": 4282
    },
    {
        "bookingid": 1469
    },
    {
        "bookingid": 1074
    },
    {
        "bookingid": 151
    },
    {
        "bookingid": 2083
    },
    {
        "bookingid": 494
    },
    {
        "bookingid": 3799
    },
    {
        "bookingid": 4122
    },
    {
        "bookingid": 3372
    },
    {
        "bookingid": 1319
    },
    {
        "bookingid": 1811
    },
    {
        "bookingid": 3951
    },
    {
        "bookingid": 2435
    },
    {
        "bookingid": 4109
    },
    {
        "bookingid": 226
    },
    {
        "bookingid": 1803
    },
    {
        "bookingid": 962
    },
    {
        "bookingid": 270
    },
    {
        "bookingid": 1180
    },
    {
        "bookingid": 3844
    },
    {
        "bookingid": 4491
    },
    {
        "bookingid": 3358
    },
    {
        "bookingid": 1950
    },
    {
        "bookingid": 3289
    },
    {
        "bookingid": 651
    },
    {
        "bookingid": 3475
    },
    {
        "bookingid": 2401
    },
    {
        "bookingid": 2512
    },
    {
        "bookingid": 3362
    },
    {
        "bookingid": 1379
    },
    {
        "bookingid": 250
    },
    {
        "bookingid": 3620
    },
    {
        "bookingid": 2349
    },
    {
        "bookingid": 44
    },
    {
        "bookingid": 1223
    },
    {
        "bookingid": 4051
    },
    {
        "bookingid": 800
    },
    {
        "bookingid": 1316
    },
    {
        "bookingid": 490
    },
    {
        "bookingid": 709
    },
    {
        "bookingid": 3692
    },
    {
        "bookingid": 2972
    },
    {
        "bookingid": 1943
    },
    {
        "bookingid": 1944
    },
    {
        "bookingid": 4244
    },
    {
        "bookingid": 4085
    },
    {
        "bookingid": 187
    },
    {
        "bookingid": 2984
    },
    {
        "bookingid": 1321
    },
    {
        "bookingid": 28
    },
    {
        "bookingid": 1777
    },
    {
        "bookingid": 3308
    },
    {
        "bookingid": 219
    },
    {
        "bookingid": 2603
    },
    {
        "bookingid": 3780
    },
    {
        "bookingid": 2996
    },
    {
        "bookingid": 4100
    },
    {
        "bookingid": 2959
    },
    {
        "bookingid": 2174
    },
    {
        "bookingid": 2566
    },
    {
        "bookingid": 2444
    },
    {
        "bookingid": 2849
    },
    {
        "bookingid": 990
    },
    {
        "bookingid": 198
    },
    {
        "bookingid": 4263
    },
    {
        "bookingid": 2712
    },
    {
        "bookingid": 978
    },
    {
        "bookingid": 3767
    },
    {
        "bookingid": 3937
    },
    {
        "bookingid": 2045
    },
    {
        "bookingid": 71
    },
    {
        "bookingid": 4310
    },
    {
        "bookingid": 2499
    },
    {
        "bookingid": 1467
    },
    {
        "bookingid": 45
    },
    {
        "bookingid": 4063
    },
    {
        "bookingid": 1770
    },
    {
        "bookingid": 1188
    },
    {
        "bookingid": 1746
    },
    {
        "bookingid": 2616
    },
    {
        "bookingid": 2939
    },
    {
        "bookingid": 2925
    },
    {
        "bookingid": 3862
    },
    {
        "bookingid": 882
    },
    {
        "bookingid": 1795
    },
    {
        "bookingid": 690
    },
    {
        "bookingid": 2789
    },
    {
        "bookingid": 3764
    },
    {
        "bookingid": 3449
    },
    {
        "bookingid": 3421
    },
    {
        "bookingid": 2562
    },
    {
        "bookingid": 2053
    },
    {
        "bookingid": 3887
    },
    {
        "bookingid": 1513
    },
    {
        "bookingid": 3383
    },
    {
        "bookingid": 422
    },
    {
        "bookingid": 3794
    },
    {
        "bookingid": 3876
    },
    {
        "bookingid": 376
    },
    {
        "bookingid": 2942
    },
    {
        "bookingid": 1322
    },
    {
        "bookingid": 2915
    },
    {
        "bookingid": 1312
    },
    {
        "bookingid": 3906
    },
    {
        "bookingid": 3109
    },
    {
        "bookingid": 843
    },
    {
        "bookingid": 440
    },
    {
        "bookingid": 4220
    },
    {
        "bookingid": 2268
    },
    {
        "bookingid": 681
    },
    {
        "bookingid": 1872
    },
    {
        "bookingid": 680
    },
    {
        "bookingid": 1625
    },
    {
        "bookingid": 4432
    },
    {
        "bookingid": 418
    },
    {
        "bookingid": 3850
    },
    {
        "bookingid": 3225
    },
    {
        "bookingid": 2228
    },
    {
        "bookingid": 1545
    },
    {
        "bookingid": 2219
    },
    {
        "bookingid": 2019
    },
    {
        "bookingid": 3652
    },
    {
        "bookingid": 1935
    },
    {
        "bookingid": 1775
    },
    {
        "bookingid": 267
    },
    {
        "bookingid": 3085
    },
    {
        "bookingid": 1576
    },
    {
        "bookingid": 2233
    },
    {
        "bookingid": 1289
    },
    {
        "bookingid": 3053
    },
    {
        "bookingid": 4032
    },
    {
        "bookingid": 4038
    },
    {
        "bookingid": 777
    },
    {
        "bookingid": 2968
    },
    {
        "bookingid": 3599
    },
    {
        "bookingid": 4231
    },
    {
        "bookingid": 246
    },
    {
        "bookingid": 1636
    },
    {
        "bookingid": 1884
    },
    {
        "bookingid": 3278
    },
    {
        "bookingid": 2783
    },
    {
        "bookingid": 895
    },
    {
        "bookingid": 3445
    },
    {
        "bookingid": 2809
    },
    {
        "bookingid": 272
    },
    {
        "bookingid": 59
    },
    {
        "bookingid": 3566
    },
    {
        "bookingid": 1731
    },
    {
        "bookingid": 2165
    },
    {
        "bookingid": 4436
    },
    {
        "bookingid": 1411
    },
    {
        "bookingid": 3181
    },
    {
        "bookingid": 505
    },
    {
        "bookingid": 1781
    },
    {
        "bookingid": 880
    },
    {
        "bookingid": 1572
    },
    {
        "bookingid": 2269
    },
    {
        "bookingid": 2715
    },
    {
        "bookingid": 3629
    },
    {
        "bookingid": 2026
    },
    {
        "bookingid": 341
    },
    {
        "bookingid": 4391
    },
    {
        "bookingid": 517
    },
    {
        "bookingid": 1376
    },
    {
        "bookingid": 2218
    },
    {
        "bookingid": 3944
    },
    {
        "bookingid": 3410
    },
    {
        "bookingid": 1829
    },
    {
        "bookingid": 1804
    },
    {
        "bookingid": 222
    },
    {
        "bookingid": 672
    },
    {
        "bookingid": 2677
    },
    {
        "bookingid": 3985
    },
    {
        "bookingid": 3643
    },
    {
        "bookingid": 381
    },
    {
        "bookingid": 2629
    },
    {
        "bookingid": 2211
    },
    {
        "bookingid": 2361
    },
    {
        "bookingid": 2243
    },
    {
        "bookingid": 3970
    },
    {
        "bookingid": 1605
    },
    {
        "bookingid": 1584
    },
    {
        "bookingid": 3909
    },
    {
        "bookingid": 1032
    },
    {
        "bookingid": 749
    },
    {
        "bookingid": 3874
    },
    {
        "bookingid": 1924
    },
    {
        "bookingid": 1590
    },
    {
        "bookingid": 1815
    },
    {
        "bookingid": 3042
    },
    {
        "bookingid": 1720
    },
    {
        "bookingid": 3116
    },
    {
        "bookingid": 1606
    },
    {
        "bookingid": 2552
    },
    {
        "bookingid": 4117
    },
    {
        "bookingid": 1108
    },
    {
        "bookingid": 2093
    },
    {
        "bookingid": 4393
    },
    {
        "bookingid": 352
    },
    {
        "bookingid": 445
    },
    {
        "bookingid": 1055
    },
    {
        "bookingid": 1239
    },
    {
        "bookingid": 2159
    },
    {
        "bookingid": 2086
    },
    {
        "bookingid": 2634
    },
    {
        "bookingid": 692
    },
    {
        "bookingid": 4370
    },
    {
        "bookingid": 2406
    },
    {
        "bookingid": 2786
    },
    {
        "bookingid": 4059
    },
    {
        "bookingid": 2223
    },
    {
        "bookingid": 2378
    },
    {
        "bookingid": 1386
    },
    {
        "bookingid": 273
    },
    {
        "bookingid": 2898
    },
    {
        "bookingid": 1001
    },
    {
        "bookingid": 961
    },
    {
        "bookingid": 1371
    },
    {
        "bookingid": 1881
    },
    {
        "bookingid": 182
    },
    {
        "bookingid": 1502
    },
    {
        "bookingid": 637
    },
    {
        "bookingid": 2817
    },
    {
        "bookingid": 559
    },
    {
        "bookingid": 645
    },
    {
        "bookingid": 231
    },
    {
        "bookingid": 1672
    },
    {
        "bookingid": 486
    },
    {
        "bookingid": 4240
    },
    {
        "bookingid": 436
    },
    {
        "bookingid": 4172
    },
    {
        "bookingid": 2924
    },
    {
        "bookingid": 2908
    },
    {
        "bookingid": 62
    },
    {
        "bookingid": 1070
    },
    {
        "bookingid": 101
    },
    {
        "bookingid": 3248
    },
    {
        "bookingid": 2230
    },
    {
        "bookingid": 2246
    },
    {
        "bookingid": 1157
    },
    {
        "bookingid": 2582
    },
    {
        "bookingid": 908
    },
    {
        "bookingid": 2213
    },
    {
        "bookingid": 4228
    },
    {
        "bookingid": 577
    },
    {
        "bookingid": 1057
    },
    {
        "bookingid": 1506
    },
    {
        "bookingid": 13
    },
    {
        "bookingid": 1241
    },
    {
        "bookingid": 1159
    },
    {
        "bookingid": 1542
    },
    {
        "bookingid": 2614
    },
    {
        "bookingid": 3612
    },
    {
        "bookingid": 2900
    },
    {
        "bookingid": 1649
    },
    {
        "bookingid": 3409
    },
    {
        "bookingid": 2676
    },
    {
        "bookingid": 218
    },
    {
        "bookingid": 1958
    },
    {
        "bookingid": 2077
    },
    {
        "bookingid": 2432
    },
    {
        "bookingid": 1295
    },
    {
        "bookingid": 1535
    },
    {
        "bookingid": 1951
    },
    {
        "bookingid": 3086
    },
    {
        "bookingid": 3211
    },
    {
        "bookingid": 3801
    },
    {
        "bookingid": 2571
    },
    {
        "bookingid": 657
    },
    {
        "bookingid": 1779
    },
    {
        "bookingid": 3262
    },
    {
        "bookingid": 3863
    },
    {
        "bookingid": 3701
    },
    {
        "bookingid": 988
    },
    {
        "bookingid": 2864
    },
    {
        "bookingid": 3917
    },
    {
        "bookingid": 3303
    },
    {
        "bookingid": 3666
    },
    {
        "bookingid": 542
    },
    {
        "bookingid": 934
    },
    {
        "bookingid": 300
    },
    {
        "bookingid": 2887
    },
    {
        "bookingid": 3545
    },
    {
        "bookingid": 2209
    },
    {
        "bookingid": 2868
    },
    {
        "bookingid": 1665
    },
    {
        "bookingid": 4341
    },
    {
        "bookingid": 46
    },
    {
        "bookingid": 1257
    },
    {
        "bookingid": 1234
    },
    {
        "bookingid": 1541
    },
    {
        "bookingid": 1451
    },
    {
        "bookingid": 2801
    },
    {
        "bookingid": 2084
    },
    {
        "bookingid": 2601
    },
    {
        "bookingid": 3430
    },
    {
        "bookingid": 1071
    },
    {
        "bookingid": 1446
    },
    {
        "bookingid": 1969
    },
    {
        "bookingid": 4208
    },
    {
        "bookingid": 3508
    },
    {
        "bookingid": 4426
    },
    {
        "bookingid": 4015
    },
    {
        "bookingid": 865
    },
    {
        "bookingid": 3889
    },
    {
        "bookingid": 1558
    },
    {
        "bookingid": 2104
    },
    {
        "bookingid": 91
    },
    {
        "bookingid": 1614
    },
    {
        "bookingid": 3214
    },
    {
        "bookingid": 19
    },
    {
        "bookingid": 2705
    },
    {
        "bookingid": 607
    },
    {
        "bookingid": 4366
    },
    {
        "bookingid": 1268
    },
    {
        "bookingid": 356
    },
    {
        "bookingid": 2120
    },
    {
        "bookingid": 2881
    },
    {
        "bookingid": 3509
    },
    {
        "bookingid": 1086
    },
    {
        "bookingid": 3135
    },
    {
        "bookingid": 601
    },
    {
        "bookingid": 3880
    },
    {
        "bookingid": 1511
    },
    {
        "bookingid": 765
    },
    {
        "bookingid": 1993
    },
    {
        "bookingid": 3721
    },
    {
        "bookingid": 316
    },
    {
        "bookingid": 4258
    },
    {
        "bookingid": 704
    },
    {
        "bookingid": 2433
    },
    {
        "bookingid": 2588
    },
    {
        "bookingid": 544
    },
    {
        "bookingid": 4196
    },
    {
        "bookingid": 2018
    },
    {
        "bookingid": 2132
    },
    {
        "bookingid": 2318
    },
    {
        "bookingid": 1126
    },
    {
        "bookingid": 4411
    },
    {
        "bookingid": 2049
    },
    {
        "bookingid": 244
    },
    {
        "bookingid": 1046
    },
    {
        "bookingid": 2041
    },
    {
        "bookingid": 1547
    },
    {
        "bookingid": 325
    },
    {
        "bookingid": 1344
    },
    {
        "bookingid": 4168
    },
    {
        "bookingid": 459
    },
    {
        "bookingid": 3938
    },
    {
        "bookingid": 811
    },
    {
        "bookingid": 1422
    },
    {
        "bookingid": 2459
    },
    {
        "bookingid": 2128
    },
    {
        "bookingid": 970
    },
    {
        "bookingid": 2661
    },
    {
        "bookingid": 1185
    },
    {
        "bookingid": 2262
    },
    {
        "bookingid": 511
    },
    {
        "bookingid": 2642
    },
    {
        "bookingid": 3919
    },
    {
        "bookingid": 1865
    },
    {
        "bookingid": 3476
    },
    {
        "bookingid": 3875
    },
    {
        "bookingid": 3587
    },
    {
        "bookingid": 1858
    },
    {
        "bookingid": 2029
    },
    {
        "bookingid": 393
    },
    {
        "bookingid": 1448
    },
    {
        "bookingid": 2860
    },
    {
        "bookingid": 1356
    },
    {
        "bookingid": 3771
    },
    {
        "bookingid": 2916
    },
    {
        "bookingid": 889
    },
    {
        "bookingid": 1527
    },
    {
        "bookingid": 2306
    },
    {
        "bookingid": 3315
    },
    {
        "bookingid": 2279
    },
    {
        "bookingid": 399
    },
    {
        "bookingid": 2360
    },
    {
        "bookingid": 1428
    },
    {
        "bookingid": 602
    },
    {
        "bookingid": 3046
    },
    {
        "bookingid": 1573
    },
    {
        "bookingid": 4418
    },
    {
        "bookingid": 363
    },
    {
        "bookingid": 4037
    },
    {
        "bookingid": 2581
    },
    {
        "bookingid": 4484
    },
    {
        "bookingid": 4427
    },
    {
        "bookingid": 4052
    },
    {
        "bookingid": 1930
    },
    {
        "bookingid": 1309
    },
    {
        "bookingid": 4022
    },
    {
        "bookingid": 4498
    },
    {
        "bookingid": 1305
    },
    {
        "bookingid": 4385
    },
    {
        "bookingid": 2855
    },
    {
        "bookingid": 1589
    },
    {
        "bookingid": 322
    },
    {
        "bookingid": 3805
    },
    {
        "bookingid": 2969
    },
    {
        "bookingid": 3990
    },
    {
        "bookingid": 2267
    },
    {
        "bookingid": 925
    },
    {
        "bookingid": 3573
    },
    {
        "bookingid": 277
    },
    {
        "bookingid": 3663
    },
    {
        "bookingid": 2201
    },
    {
        "bookingid": 2671
    },
    {
        "bookingid": 253
    },
    {
        "bookingid": 3825
    },
    {
        "bookingid": 2756
    },
    {
        "bookingid": 3285
    },
    {
        "bookingid": 1501
    },
    {
        "bookingid": 3914
    },
    {
        "bookingid": 3321
    },
    {
        "bookingid": 3104
    },
    {
        "bookingid": 796
    },
    {
        "bookingid": 1400
    },
    {
        "bookingid": 3622
    },
    {
        "bookingid": 3003
    },
    {
        "bookingid": 1423
    },
    {
        "bookingid": 1131
    },
    {
        "bookingid": 2032
    },
    {
        "bookingid": 3991
    },
    {
        "bookingid": 1671
    },
    {
        "bookingid": 872
    },
    {
        "bookingid": 1367
    },
    {
        "bookingid": 3069
    },
    {
        "bookingid": 1626
    },
    {
        "bookingid": 1914
    },
    {
        "bookingid": 3817
    },
    {
        "bookingid": 106
    },
    {
        "bookingid": 3758
    },
    {
        "bookingid": 2427
    },
    {
        "bookingid": 367
    },
    {
        "bookingid": 3580
    },
    {
        "bookingid": 245
    },
    {
        "bookingid": 2560
    },
    {
        "bookingid": 2284
    },
    {
        "bookingid": 66
    },
    {
        "bookingid": 7
    },
    {
        "bookingid": 4075
    },
    {
        "bookingid": 278
    },
    {
        "bookingid": 3425
    },
    {
        "bookingid": 2862
    },
    {
        "bookingid": 3472
    },
    {
        "bookingid": 2606
    },
    {
        "bookingid": 3624
    },
    {
        "bookingid": 2815
    },
    {
        "bookingid": 4345
    },
    {
        "bookingid": 207
    },
    {
        "bookingid": 994
    },
    {
        "bookingid": 3272
    },
    {
        "bookingid": 110
    },
    {
        "bookingid": 1338
    },
    {
        "bookingid": 2472
    },
    {
        "bookingid": 807
    },
    {
        "bookingid": 3020
    },
    {
        "bookingid": 80
    },
    {
        "bookingid": 3669
    },
    {
        "bookingid": 3640
    },
    {
        "bookingid": 2941
    },
    {
        "bookingid": 3082
    },
    {
        "bookingid": 2891
    },
    {
        "bookingid": 4165
    },
    {
        "bookingid": 54
    },
    {
        "bookingid": 1004
    },
    {
        "bookingid": 40
    },
    {
        "bookingid": 2490
    },
    {
        "bookingid": 4419
    },
    {
        "bookingid": 2999
    },
    {
        "bookingid": 4002
    },
    {
        "bookingid": 4132
    },
    {
        "bookingid": 1200
    },
    {
        "bookingid": 310
    },
    {
        "bookingid": 2742
    },
    {
        "bookingid": 1674
    },
    {
        "bookingid": 1003
    },
    {
        "bookingid": 4361
    },
    {
        "bookingid": 1603
    },
    {
        "bookingid": 415
    },
    {
        "bookingid": 2232
    },
    {
        "bookingid": 3929
    },
    {
        "bookingid": 817
    },
    {
        "bookingid": 4306
    },
    {
        "bookingid": 2198
    },
    {
        "bookingid": 2383
    },
    {
        "bookingid": 400
    },
    {
        "bookingid": 4497
    },
    {
        "bookingid": 2912
    },
    {
        "bookingid": 4186
    },
    {
        "bookingid": 2062
    },
    {
        "bookingid": 3686
    },
    {
        "bookingid": 2031
    },
    {
        "bookingid": 17
    },
    {
        "bookingid": 3090
    },
    {
        "bookingid": 3370
    },
    {
        "bookingid": 1410
    },
    {
        "bookingid": 1821
    },
    {
        "bookingid": 2370
    },
    {
        "bookingid": 2613
    },
    {
        "bookingid": 2837
    },
    {
        "bookingid": 4202
    },
    {
        "bookingid": 63
    },
    {
        "bookingid": 2005
    },
    {
        "bookingid": 2148
    },
    {
        "bookingid": 4111
    },
    {
        "bookingid": 1824
    },
    {
        "bookingid": 243
    },
    {
        "bookingid": 2697
    },
    {
        "bookingid": 3870
    },
    {
        "bookingid": 2752
    },
    {
        "bookingid": 2902
    },
    {
        "bookingid": 1307
    },
    {
        "bookingid": 3913
    },
    {
        "bookingid": 369
    },
    {
        "bookingid": 878
    },
    {
        "bookingid": 750
    },
    {
        "bookingid": 170
    },
    {
        "bookingid": 1184
    },
    {
        "bookingid": 4365
    },
    {
        "bookingid": 790
    },
    {
        "bookingid": 233
    },
    {
        "bookingid": 405
    },
    {
        "bookingid": 4057
    },
    {
        "bookingid": 1407
    },
    {
        "bookingid": 3202
    },
    {
        "bookingid": 4093
    },
    {
        "bookingid": 4271
    },
    {
        "bookingid": 998
    },
    {
        "bookingid": 3304
    },
    {
        "bookingid": 1232
    },
    {
        "bookingid": 3197
    },
    {
        "bookingid": 1500
    },
    {
        "bookingid": 2569
    },
    {
        "bookingid": 2097
    },
    {
        "bookingid": 772
    },
    {
        "bookingid": 727
    },
    {
        "bookingid": 1790
    },
    {
        "bookingid": 1972
    },
    {
        "bookingid": 1554
    },
    {
        "bookingid": 3856
    },
    {
        "bookingid": 801
    },
    {
        "bookingid": 553
    },
    {
        "bookingid": 2069
    },
    {
        "bookingid": 2799
    },
    {
        "bookingid": 1169
    },
    {
        "bookingid": 3427
    },
    {
        "bookingid": 2753
    },
    {
        "bookingid": 688
    },
    {
        "bookingid": 2825
    },
    {
        "bookingid": 3218
    },
    {
        "bookingid": 1695
    },
    {
        "bookingid": 3847
    },
    {
        "bookingid": 2163
    },
    {
        "bookingid": 3355
    },
    {
        "bookingid": 3980
    },
    {
        "bookingid": 555
    },
    {
        "bookingid": 2394
    },
    {
        "bookingid": 3567
    },
    {
        "bookingid": 2816
    },
    {
        "bookingid": 1836
    },
    {
        "bookingid": 1539
    },
    {
        "bookingid": 2345
    },
    {
        "bookingid": 2531
    },
    {
        "bookingid": 827
    },
    {
        "bookingid": 1826
    },
    {
        "bookingid": 676
    },
    {
        "bookingid": 2497
    },
    {
        "bookingid": 3948
    },
    {
        "bookingid": 1691
    },
    {
        "bookingid": 869
    },
    {
        "bookingid": 2099
    },
    {
        "bookingid": 844
    },
    {
        "bookingid": 2468
    },
    {
        "bookingid": 4373
    },
    {
        "bookingid": 4177
    },
    {
        "bookingid": 3004
    },
    {
        "bookingid": 1792
    },
    {
        "bookingid": 1961
    },
    {
        "bookingid": 1380
    },
    {
        "bookingid": 1717
    },
    {
        "bookingid": 2565
    },
    {
        "bookingid": 6
    },
    {
        "bookingid": 1531
    },
    {
        "bookingid": 875
    },
    {
        "bookingid": 1764
    },
    {
        "bookingid": 3565
    },
    {
        "bookingid": 2852
    },
    {
        "bookingid": 2292
    },
    {
        "bookingid": 4020
    },
    {
        "bookingid": 1136
    },
    {
        "bookingid": 3714
    },
    {
        "bookingid": 4247
    },
    {
        "bookingid": 3637
    },
    {
        "bookingid": 4105
    },
    {
        "bookingid": 1737
    },
    {
        "bookingid": 1932
    },
    {
        "bookingid": 4171
    },
    {
        "bookingid": 1490
    },
    {
        "bookingid": 2525
    },
    {
        "bookingid": 980
    },
    {
        "bookingid": 4128
    },
    {
        "bookingid": 979
    },
    {
        "bookingid": 1978
    },
    {
        "bookingid": 1738
    },
    {
        "bookingid": 3339
    },
    {
        "bookingid": 2985
    },
    {
        "bookingid": 64
    },
    {
        "bookingid": 3785
    },
    {
        "bookingid": 587
    },
    {
        "bookingid": 2184
    },
    {
        "bookingid": 706
    },
    {
        "bookingid": 283
    },
    {
        "bookingid": 1822
    },
    {
        "bookingid": 1984
    },
    {
        "bookingid": 4242
    },
    {
        "bookingid": 2830
    },
    {
        "bookingid": 3706
    },
    {
        "bookingid": 2307
    },
    {
        "bookingid": 16
    },
    {
        "bookingid": 339
    },
    {
        "bookingid": 1820
    },
    {
        "bookingid": 148
    },
    {
        "bookingid": 4156
    },
    {
        "bookingid": 3853
    },
    {
        "bookingid": 451
    },
    {
        "bookingid": 1008
    },
    {
        "bookingid": 113
    },
    {
        "bookingid": 1885
    },
    {
        "bookingid": 785
    },
    {
        "bookingid": 3080
    },
    {
        "bookingid": 4159
    },
    {
        "bookingid": 420
    },
    {
        "bookingid": 2179
    },
    {
        "bookingid": 1475
    },
    {
        "bookingid": 4123
    },
    {
        "bookingid": 3821
    },
    {
        "bookingid": 3894
    },
    {
        "bookingid": 1276
    },
    {
        "bookingid": 2409
    },
    {
        "bookingid": 2719
    },
    {
        "bookingid": 2633
    },
    {
        "bookingid": 2507
    },
    {
        "bookingid": 4329
    },
    {
        "bookingid": 2185
    },
    {
        "bookingid": 2085
    },
    {
        "bookingid": 1033
    },
    {
        "bookingid": 1859
    },
    {
        "bookingid": 4273
    },
    {
        "bookingid": 1054
    },
    {
        "bookingid": 2520
    },
    {
        "bookingid": 2498
    },
    {
        "bookingid": 3676
    },
    {
        "bookingid": 1238
    },
    {
        "bookingid": 3559
    },
    {
        "bookingid": 3736
    },
    {
        "bookingid": 1373
    },
    {
        "bookingid": 1221
    },
    {
        "bookingid": 996
    },
    {
        "bookingid": 4316
    },
    {
        "bookingid": 3228
    },
    {
        "bookingid": 3815
    },
    {
        "bookingid": 1277
    },
    {
        "bookingid": 3977
    },
    {
        "bookingid": 2873
    },
    {
        "bookingid": 1536
    },
    {
        "bookingid": 3905
    },
    {
        "bookingid": 335
    },
    {
        "bookingid": 3548
    },
    {
        "bookingid": 2777
    },
    {
        "bookingid": 378
    },
    {
        "bookingid": 1566
    },
    {
        "bookingid": 3910
    },
    {
        "bookingid": 1081
    },
    {
        "bookingid": 3515
    },
    {
        "bookingid": 2295
    },
    {
        "bookingid": 1876
    },
    {
        "bookingid": 265
    },
    {
        "bookingid": 666
    },
    {
        "bookingid": 1785
    },
    {
        "bookingid": 596
    },
    {
        "bookingid": 237
    },
    {
        "bookingid": 3569
    },
    {
        "bookingid": 1416
    },
    {
        "bookingid": 65
    },
    {
        "bookingid": 2283
    },
    {
        "bookingid": 3117
    },
    {
        "bookingid": 554
    },
    {
        "bookingid": 3143
    },
    {
        "bookingid": 160
    },
    {
        "bookingid": 3101
    },
    {
        "bookingid": 3479
    },
    {
        "bookingid": 3334
    },
    {
        "bookingid": 4443
    },
    {
        "bookingid": 1434
    },
    {
        "bookingid": 4249
    },
    {
        "bookingid": 463
    },
    {
        "bookingid": 53
    },
    {
        "bookingid": 4204
    },
    {
        "bookingid": 1247
    },
    {
        "bookingid": 4446
    },
    {
        "bookingid": 2364
    },
    {
        "bookingid": 2493
    },
    {
        "bookingid": 2940
    },
    {
        "bookingid": 1310
    },
    {
        "bookingid": 3024
    },
    {
        "bookingid": 2656
    },
    {
        "bookingid": 4278
    },
    {
        "bookingid": 775
    },
    {
        "bookingid": 3546
    },
    {
        "bookingid": 1505
    },
    {
        "bookingid": 2078
    },
    {
        "bookingid": 551
    },
    {
        "bookingid": 677
    },
    {
        "bookingid": 2711
    },
    {
        "bookingid": 3388
    },
    {
        "bookingid": 411
    },
    {
        "bookingid": 3979
    },
    {
        "bookingid": 1087
    },
    {
        "bookingid": 3775
    },
    {
        "bookingid": 2686
    },
    {
        "bookingid": 68
    },
    {
        "bookingid": 1886
    },
    {
        "bookingid": 3033
    },
    {
        "bookingid": 1988
    },
    {
        "bookingid": 1438
    },
    {
        "bookingid": 1473
    },
    {
        "bookingid": 1425
    },
    {
        "bookingid": 3264
    },
    {
        "bookingid": 1725
    },
    {
        "bookingid": 3707
    },
    {
        "bookingid": 4103
    },
    {
        "bookingid": 3134
    },
    {
        "bookingid": 2434
    },
    {
        "bookingid": 1834
    },
    {
        "bookingid": 1233
    },
    {
        "bookingid": 1340
    },
    {
        "bookingid": 2885
    },
    {
        "bookingid": 1568
    },
    {
        "bookingid": 852
    },
    {
        "bookingid": 3793
    },
    {
        "bookingid": 564
    },
    {
        "bookingid": 3679
    },
    {
        "bookingid": 1101
    },
    {
        "bookingid": 3243
    },
    {
        "bookingid": 454
    },
    {
        "bookingid": 815
    },
    {
        "bookingid": 4340
    },
    {
        "bookingid": 2461
    },
    {
        "bookingid": 120
    },
    {
        "bookingid": 1866
    },
    {
        "bookingid": 3955
    },
    {
        "bookingid": 824
    },
    {
        "bookingid": 1199
    },
    {
        "bookingid": 360
    },
    {
        "bookingid": 2090
    },
    {
        "bookingid": 3806
    },
    {
        "bookingid": 3274
    },
    {
        "bookingid": 2446
    },
    {
        "bookingid": 3699
    },
    {
        "bookingid": 167
    },
    {
        "bookingid": 1115
    },
    {
        "bookingid": 1523
    },
    {
        "bookingid": 3688
    },
    {
        "bookingid": 78
    },
    {
        "bookingid": 481
    },
    {
        "bookingid": 736
    },
    {
        "bookingid": 707
    },
    {
        "bookingid": 1648
    },
    {
        "bookingid": 123
    },
    {
        "bookingid": 3277
    },
    {
        "bookingid": 2002
    },
    {
        "bookingid": 3394
    },
    {
        "bookingid": 2543
    },
    {
        "bookingid": 1602
    },
    {
        "bookingid": 1187
    },
    {
        "bookingid": 1028
    },
    {
        "bookingid": 1049
    },
    {
        "bookingid": 595
    },
    {
        "bookingid": 3182
    },
    {
        "bookingid": 744
    },
    {
        "bookingid": 4110
    },
    {
        "bookingid": 2372
    },
    {
        "bookingid": 4450
    },
    {
        "bookingid": 2728
    },
    {
        "bookingid": 1170
    },
    {
        "bookingid": 2831
    },
    {
        "bookingid": 3898
    },
    {
        "bookingid": 1791
    },
    {
        "bookingid": 3595
    },
    {
        "bookingid": 3921
    },
    {
        "bookingid": 442
    },
    {
        "bookingid": 295
    },
    {
        "bookingid": 439
    },
    {
        "bookingid": 1203
    },
    {
        "bookingid": 3586
    },
    {
        "bookingid": 3463
    },
    {
        "bookingid": 3298
    },
    {
        "bookingid": 2221
    },
    {
        "bookingid": 3311
    },
    {
        "bookingid": 42
    },
    {
        "bookingid": 2647
    },
    {
        "bookingid": 1909
    },
    {
        "bookingid": 1317
    },
    {
        "bookingid": 847
    },
    {
        "bookingid": 2481
    },
    {
        "bookingid": 3097
    },
    {
        "bookingid": 2131
    },
    {
        "bookingid": 2417
    },
    {
        "bookingid": 3460
    },
    {
        "bookingid": 100
    },
    {
        "bookingid": 3199
    },
    {
        "bookingid": 3340
    },
    {
        "bookingid": 2685
    },
    {
        "bookingid": 2675
    },
    {
        "bookingid": 1664
    },
    {
        "bookingid": 2259
    },
    {
        "bookingid": 285
    },
    {
        "bookingid": 3019
    },
    {
        "bookingid": 140
    },
    {
        "bookingid": 69
    },
    {
        "bookingid": 1026
    },
    {
        "bookingid": 1058
    },
    {
        "bookingid": 4189
    },
    {
        "bookingid": 3188
    },
    {
        "bookingid": 1318
    },
    {
        "bookingid": 1398
    },
    {
        "bookingid": 171
    },
    {
        "bookingid": 3632
    },
    {
        "bookingid": 456
    },
    {
        "bookingid": 3347
    },
    {
        "bookingid": 1481
    },
    {
        "bookingid": 2294
    },
    {
        "bookingid": 2352
    },
    {
        "bookingid": 1728
    },
    {
        "bookingid": 893
    },
    {
        "bookingid": 3330
    },
    {
        "bookingid": 1974
    },
    {
        "bookingid": 1154
    },
    {
        "bookingid": 1707
    },
    {
        "bookingid": 349
    },
    {
        "bookingid": 4077
    },
    {
        "bookingid": 319
    },
    {
        "bookingid": 1765
    },
    {
        "bookingid": 1134
    },
    {
        "bookingid": 3391
    },
    {
        "bookingid": 769
    },
    {
        "bookingid": 959
    },
    {
        "bookingid": 3171
    },
    {
        "bookingid": 2033
    },
    {
        "bookingid": 2607
    },
    {
        "bookingid": 1607
    },
    {
        "bookingid": 3677
    },
    {
        "bookingid": 723
    },
    {
        "bookingid": 2485
    },
    {
        "bookingid": 2528
    },
    {
        "bookingid": 2240
    },
    {
        "bookingid": 1642
    },
    {
        "bookingid": 881
    },
    {
        "bookingid": 4147
    },
    {
        "bookingid": 3366
    },
    {
        "bookingid": 2281
    },
    {
        "bookingid": 2014
    },
    {
        "bookingid": 3831
    },
    {
        "bookingid": 1038
    },
    {
        "bookingid": 3290
    },
    {
        "bookingid": 165
    },
    {
        "bookingid": 1563
    },
    {
        "bookingid": 3010
    },
    {
        "bookingid": 608
    },
    {
        "bookingid": 2678
    },
    {
        "bookingid": 2840
    },
    {
        "bookingid": 4003
    },
    {
        "bookingid": 2650
    },
    {
        "bookingid": 1588
    },
    {
        "bookingid": 794
    },
    {
        "bookingid": 408
    },
    {
        "bookingid": 2516
    },
    {
        "bookingid": 1701
    },
    {
        "bookingid": 2043
    },
    {
        "bookingid": 4237
    },
    {
        "bookingid": 357
    },
    {
        "bookingid": 1020
    },
    {
        "bookingid": 431
    },
    {
        "bookingid": 928
    },
    {
        "bookingid": 1845
    },
    {
        "bookingid": 3191
    },
    {
        "bookingid": 1991
    },
    {
        "bookingid": 4472
    },
    {
        "bookingid": 1006
    },
    {
        "bookingid": 2822
    },
    {
        "bookingid": 288
    },
    {
        "bookingid": 4254
    },
    {
        "bookingid": 3583
    },
    {
        "bookingid": 2977
    },
    {
        "bookingid": 3244
    },
    {
        "bookingid": 1167
    },
    {
        "bookingid": 1945
    },
    {
        "bookingid": 1565
    },
    {
        "bookingid": 3155
    },
    {
        "bookingid": 4087
    },
    {
        "bookingid": 1518
    },
    {
        "bookingid": 2397
    },
    {
        "bookingid": 4
    },
    {
        "bookingid": 2593
    },
    {
        "bookingid": 1848
    },
    {
        "bookingid": 2327
    },
    {
        "bookingid": 686
    },
    {
        "bookingid": 1733
    },
    {
        "bookingid": 4379
    },
    {
        "bookingid": 3266
    },
    {
        "bookingid": 3895
    },
    {
        "bookingid": 2388
    },
    {
        "bookingid": 271
    },
    {
        "bookingid": 1612
    },
    {
        "bookingid": 2701
    },
    {
        "bookingid": 1031
    },
    {
        "bookingid": 3750
    },
    {
        "bookingid": 3920
    },
    {
        "bookingid": 3748
    },
    {
        "bookingid": 2161
    },
    {
        "bookingid": 2280
    },
    {
        "bookingid": 1967
    },
    {
        "bookingid": 4275
    },
    {
        "bookingid": 4201
    },
    {
        "bookingid": 1818
    },
    {
        "bookingid": 4148
    },
    {
        "bookingid": 898
    },
    {
        "bookingid": 1439
    },
    {
        "bookingid": 4437
    },
    {
        "bookingid": 4483
    },
    {
        "bookingid": 2022
    },
    {
        "bookingid": 3490
    },
    {
        "bookingid": 628
    },
    {
        "bookingid": 290
    },
    {
        "bookingid": 4386
    },
    {
        "bookingid": 29
    },
    {
        "bookingid": 301
    },
    {
        "bookingid": 1530
    },
    {
        "bookingid": 2994
    },
    {
        "bookingid": 164
    },
    {
        "bookingid": 1754
    },
    {
        "bookingid": 1812
    },
    {
        "bookingid": 1197
    },
    {
        "bookingid": 2059
    },
    {
        "bookingid": 3079
    },
    {
        "bookingid": 851
    },
    {
        "bookingid": 3417
    },
    {
        "bookingid": 2649
    },
    {
        "bookingid": 1786
    },
    {
        "bookingid": 2405
    },
    {
        "bookingid": 3073
    },
    {
        "bookingid": 1426
    },
    {
        "bookingid": 4160
    },
    {
        "bookingid": 3752
    },
    {
        "bookingid": 4108
    },
    {
        "bookingid": 2241
    },
    {
        "bookingid": 1540
    },
    {
        "bookingid": 4322
    },
    {
        "bookingid": 2382
    },
    {
        "bookingid": 1220
    },
    {
        "bookingid": 90
    },
    {
        "bookingid": 1986
    },
    {
        "bookingid": 3401
    },
    {
        "bookingid": 4489
    },
    {
        "bookingid": 4331
    },
    {
        "bookingid": 1328
    },
    {
        "bookingid": 3770
    },
    {
        "bookingid": 1065
    },
    {
        "bookingid": 591
    },
    {
        "bookingid": 4349
    },
    {
        "bookingid": 3418
    },
    {
        "bookingid": 3128
    },
    {
        "bookingid": 1663
    },
    {
        "bookingid": 3205
    },
    {
        "bookingid": 2
    },
    {
        "bookingid": 336
    },
    {
        "bookingid": 3749
    },
    {
        "bookingid": 3971
    },
    {
        "bookingid": 3786
    },
    {
        "bookingid": 1512
    },
    {
        "bookingid": 1273
    },
    {
        "bookingid": 4257
    },
    {
        "bookingid": 1529
    },
    {
        "bookingid": 1280
    },
    {
        "bookingid": 1179
    },
    {
        "bookingid": 3005
    },
    {
        "bookingid": 3300
    },
    {
        "bookingid": 2521
    },
    {
        "bookingid": 943
    },
    {
        "bookingid": 1922
    },
    {
        "bookingid": 808
    },
    {
        "bookingid": 174
    },
    {
        "bookingid": 2630
    },
    {
        "bookingid": 632
    },
    {
        "bookingid": 135
    },
    {
        "bookingid": 2709
    },
    {
        "bookingid": 3125
    },
    {
        "bookingid": 3934
    },
    {
        "bookingid": 4018
    },
    {
        "bookingid": 1112
    },
    {
        "bookingid": 1230
    },
    {
        "bookingid": 2987
    },
    {
        "bookingid": 2487
    },
    {
        "bookingid": 3208
    },
    {
        "bookingid": 3827
    },
    {
        "bookingid": 1037
    },
    {
        "bookingid": 8
    },
    {
        "bookingid": 1641
    },
    {
        "bookingid": 2369
    },
    {
        "bookingid": 1052
    },
    {
        "bookingid": 812
    },
    {
        "bookingid": 4460
    },
    {
        "bookingid": 3312
    },
    {
        "bookingid": 3499
    },
    {
        "bookingid": 2746
    },
    {
        "bookingid": 2986
    },
    {
        "bookingid": 4086
    },
    {
        "bookingid": 10
    },
    {
        "bookingid": 3727
    },
    {
        "bookingid": 1334
    },
    {
        "bookingid": 1580
    },
    {
        "bookingid": 2604
    },
    {
        "bookingid": 1954
    },
    {
        "bookingid": 3751
    },
    {
        "bookingid": 3389
    },
    {
        "bookingid": 489
    },
    {
        "bookingid": 2672
    },
    {
        "bookingid": 3700
    },
    {
        "bookingid": 3450
    },
    {
        "bookingid": 1034
    },
    {
        "bookingid": 9
    },
    {
        "bookingid": 304
    },
    {
        "bookingid": 3160
    },
    {
        "bookingid": 1485
    },
    {
        "bookingid": 1798
    },
    {
        "bookingid": 2918
    },
    {
        "bookingid": 860
    },
    {
        "bookingid": 81
    },
    {
        "bookingid": 3719
    },
    {
        "bookingid": 3960
    },
    {
        "bookingid": 3633
    },
    {
        "bookingid": 4035
    },
    {
        "bookingid": 2392
    },
    {
        "bookingid": 2009
    },
    {
        "bookingid": 2146
    },
    {
        "bookingid": 156
    },
    {
        "bookingid": 4485
    },
    {
        "bookingid": 1966
    },
    {
        "bookingid": 2340
    },
    {
        "bookingid": 2314
    },
    {
        "bookingid": 4091
    },
    {
        "bookingid": 3997
    },
    {
        "bookingid": 1163
    },
    {
        "bookingid": 2478
    },
    {
        "bookingid": 2025
    },
    {
        "bookingid": 22
    },
    {
        "bookingid": 1587
    },
    {
        "bookingid": 2662
    },
    {
        "bookingid": 831
    },
    {
        "bookingid": 1869
    },
    {
        "bookingid": 2109
    },
    {
        "bookingid": 2423
    },
    {
        "bookingid": 3564
    },
    {
        "bookingid": 286
    },
    {
        "bookingid": 1852
    },
    {
        "bookingid": 3054
    },
    {
        "bookingid": 2763
    },
    {
        "bookingid": 4010
    },
    {
        "bookingid": 4239
    },
    {
        "bookingid": 2806
    },
    {
        "bookingid": 1854
    },
    {
        "bookingid": 861
    },
    {
        "bookingid": 778
    },
    {
        "bookingid": 1994
    },
    {
        "bookingid": 3361
    },
    {
        "bookingid": 2379
    },
    {
        "bookingid": 1543
    },
    {
        "bookingid": 1521
    },
    {
        "bookingid": 2710
    },
    {
        "bookingid": 993
    },
    {
        "bookingid": 2946
    },
    {
        "bookingid": 2021
    },
    {
        "bookingid": 3662
    },
    {
        "bookingid": 421
    },
    {
        "bookingid": 1064
    },
    {
        "bookingid": 3743
    },
    {
        "bookingid": 130
    },
    {
        "bookingid": 1017
    },
    {
        "bookingid": 522
    },
    {
        "bookingid": 3287
    },
    {
        "bookingid": 4324
    },
    {
        "bookingid": 2206
    },
    {
        "bookingid": 4371
    },
    {
        "bookingid": 434
    },
    {
        "bookingid": 3342
    },
    {
        "bookingid": 99
    },
    {
        "bookingid": 3760
    },
    {
        "bookingid": 2610
    },
    {
        "bookingid": 86
    },
    {
        "bookingid": 701
    },
    {
        "bookingid": 4028
    },
    {
        "bookingid": 4114
    },
    {
        "bookingid": 3319
    },
    {
        "bookingid": 1656
    },
    {
        "bookingid": 39
    },
    {
        "bookingid": 3869
    },
    {
        "bookingid": 920
    },
    {
        "bookingid": 2420
    },
    {
        "bookingid": 1383
    },
    {
        "bookingid": 1417
    },
    {
        "bookingid": 2416
    },
    {
        "bookingid": 4209
    },
    {
        "bookingid": 3397
    },
    {
        "bookingid": 950
    },
    {
        "bookingid": 4350
    },
    {
        "bookingid": 1704
    },
    {
        "bookingid": 4456
    },
    {
        "bookingid": 2503
    },
    {
        "bookingid": 2065
    },
    {
        "bookingid": 3987
    },
    {
        "bookingid": 1361
    },
    {
        "bookingid": 2871
    },
    {
        "bookingid": 3436
    },
    {
        "bookingid": 2619
    },
    {
        "bookingid": 3757
    },
    {
        "bookingid": 4066
    },
    {
        "bookingid": 3746
    },
    {
        "bookingid": 2106
    },
    {
        "bookingid": 3627
    },
    {
        "bookingid": 2047
    },
    {
        "bookingid": 3350
    },
    {
        "bookingid": 2476
    },
    {
        "bookingid": 2620
    },
    {
        "bookingid": 3493
    },
    {
        "bookingid": 2338
    },
    {
        "bookingid": 2453
    },
    {
        "bookingid": 4357
    },
    {
        "bookingid": 3190
    },
    {
        "bookingid": 3018
    },
    {
        "bookingid": 3411
    },
    {
        "bookingid": 3077
    },
    {
        "bookingid": 1283
    },
    {
        "bookingid": 1351
    },
    {
        "bookingid": 4363
    },
    {
        "bookingid": 50
    },
    {
        "bookingid": 478
    },
    {
        "bookingid": 4195
    },
    {
        "bookingid": 1175
    },
    {
        "bookingid": 574
    },
    {
        "bookingid": 3915
    },
    {
        "bookingid": 3442
    },
    {
        "bookingid": 1403
    },
    {
        "bookingid": 370
    },
    {
        "bookingid": 788
    },
    {
        "bookingid": 4465
    },
    {
        "bookingid": 3292
    },
    {
        "bookingid": 3854
    },
    {
        "bookingid": 2626
    },
    {
        "bookingid": 2414
    },
    {
        "bookingid": 4268
    },
    {
        "bookingid": 1285
    },
    {
        "bookingid": 1960
    },
    {
        "bookingid": 4397
    },
    {
        "bookingid": 2893
    },
    {
        "bookingid": 3215
    },
    {
        "bookingid": 1366
    },
    {
        "bookingid": 3337
    },
    {
        "bookingid": 1567
    },
    {
        "bookingid": 2761
    },
    {
        "bookingid": 2813
    },
    {
        "bookingid": 1041
    },
    {
        "bookingid": 3604
    },
    {
        "bookingid": 2839
    },
    {
        "bookingid": 4250
    },
    {
        "bookingid": 1171
    },
    {
        "bookingid": 2475
    },
    {
        "bookingid": 2867
    },
    {
        "bookingid": 4290
    },
    {
        "bookingid": 3284
    },
    {
        "bookingid": 2519
    },
    {
        "bookingid": 396
    },
    {
        "bookingid": 679
    },
    {
        "bookingid": 395
    },
    {
        "bookingid": 512
    },
    {
        "bookingid": 2426
    },
    {
        "bookingid": 125
    },
    {
        "bookingid": 206
    },
    {
        "bookingid": 4135
    },
    {
        "bookingid": 3836
    },
    {
        "bookingid": 3236
    },
    {
        "bookingid": 1198
    },
    {
        "bookingid": 3539
    },
    {
        "bookingid": 3138
    },
    {
        "bookingid": 3952
    },
    {
        "bookingid": 2792
    },
    {
        "bookingid": 2682
    },
    {
        "bookingid": 4222
    },
    {
        "bookingid": 3602
    },
    {
        "bookingid": 634
    },
    {
        "bookingid": 2578
    },
    {
        "bookingid": 264
    },
    {
        "bookingid": 3641
    },
    {
        "bookingid": 763
    },
    {
        "bookingid": 4166
    },
    {
        "bookingid": 2883
    },
    {
        "bookingid": 2572
    },
    {
        "bookingid": 1151
    },
    {
        "bookingid": 1679
    },
    {
        "bookingid": 3582
    },
    {
        "bookingid": 3773
    },
    {
        "bookingid": 883
    },
    {
        "bookingid": 580
    },
    {
        "bookingid": 1222
    },
    {
        "bookingid": 2438
    },
    {
        "bookingid": 1209
    },
    {
        "bookingid": 2038
    },
    {
        "bookingid": 2373
    },
    {
        "bookingid": 1888
    },
    {
        "bookingid": 1856
    },
    {
        "bookingid": 487
    },
    {
        "bookingid": 4120
    },
    {
        "bookingid": 3972
    },
    {
        "bookingid": 3132
    },
    {
        "bookingid": 3789
    },
    {
        "bookingid": 3251
    },
    {
        "bookingid": 2544
    },
    {
        "bookingid": 2235
    },
    {
        "bookingid": 3006
    },
    {
        "bookingid": 220
    },
    {
        "bookingid": 386
    },
    {
        "bookingid": 4125
    },
    {
        "bookingid": 4352
    },
    {
        "bookingid": 4102
    },
    {
        "bookingid": 2130
    },
    {
        "bookingid": 3570
    },
    {
        "bookingid": 3454
    },
    {
        "bookingid": 3959
    },
    {
        "bookingid": 3693
    },
    {
        "bookingid": 1141
    },
    {
        "bookingid": 2312
    },
    {
        "bookingid": 4343
    },
    {
        "bookingid": 3296
    },
    {
        "bookingid": 3899
    },
    {
        "bookingid": 3512
    },
    {
        "bookingid": 1056
    },
    {
        "bookingid": 3616
    },
    {
        "bookingid": 185
    },
    {
        "bookingid": 1479
    },
    {
        "bookingid": 2044
    },
    {
        "bookingid": 4440
    },
    {
        "bookingid": 533
    },
    {
        "bookingid": 1088
    },
    {
        "bookingid": 3469
    },
    {
        "bookingid": 3932
    },
    {
        "bookingid": 2321
    },
    {
        "bookingid": 3229
    },
    {
        "bookingid": 1628
    },
    {
        "bookingid": 946
    },
    {
        "bookingid": 2006
    },
    {
        "bookingid": 2123
    },
    {
        "bookingid": 3027
    },
    {
        "bookingid": 3178
    },
    {
        "bookingid": 323
    },
    {
        "bookingid": 2337
    },
    {
        "bookingid": 2291
    },
    {
        "bookingid": 3702
    },
    {
        "bookingid": 2139
    },
    {
        "bookingid": 1689
    },
    {
        "bookingid": 4482
    },
    {
        "bookingid": 2238
    },
    {
        "bookingid": 3021
    },
    {
        "bookingid": 2118
    },
    {
        "bookingid": 4502
    },
    {
        "bookingid": 858
    },
    {
        "bookingid": 1574
    },
    {
        "bookingid": 2667
    },
    {
        "bookingid": 758
    },
    {
        "bookingid": 2332
    },
    {
        "bookingid": 1714
    },
    {
        "bookingid": 2489
    },
    {
        "bookingid": 3651
    },
    {
        "bookingid": 3164
    },
    {
        "bookingid": 691
    },
    {
        "bookingid": 3420
    },
    {
        "bookingid": 2484
    },
    {
        "bookingid": 4170
    },
    {
        "bookingid": 2782
    },
    {
        "bookingid": 2413
    },
    {
        "bookingid": 3648
    },
    {
        "bookingid": 3322
    },
    {
        "bookingid": 3498
    },
    {
        "bookingid": 2253
    },
    {
        "bookingid": 1437
    },
    {
        "bookingid": 3730
    },
    {
        "bookingid": 500
    },
    {
        "bookingid": 2767
    },
    {
        "bookingid": 317
    },
    {
        "bookingid": 2258
    },
    {
        "bookingid": 2690
    },
    {
        "bookingid": 1524
    },
    {
        "bookingid": 576
    },
    {
        "bookingid": 239
    },
    {
        "bookingid": 2020
    },
    {
        "bookingid": 1975
    },
    {
        "bookingid": 43
    },
    {
        "bookingid": 660
    },
    {
        "bookingid": 1098
    },
    {
        "bookingid": 671
    },
    {
        "bookingid": 1561
    },
    {
        "bookingid": 1912
    },
    {
        "bookingid": 353
    },
    {
        "bookingid": 103
    },
    {
        "bookingid": 3093
    },
    {
        "bookingid": 507
    },
    {
        "bookingid": 2556
    },
    {
        "bookingid": 4420
    },
    {
        "bookingid": 4285
    },
    {
        "bookingid": 842
    },
    {
        "bookingid": 712
    },
    {
        "bookingid": 2000
    },
    {
        "bookingid": 1760
    },
    {
        "bookingid": 4232
    },
    {
        "bookingid": 1250
    },
    {
        "bookingid": 2186
    },
    {
        "bookingid": 3830
    },
    {
        "bookingid": 3940
    },
    {
        "bookingid": 3668
    },
    {
        "bookingid": 2595
    },
    {
        "bookingid": 1620
    },
    {
        "bookingid": 114
    },
    {
        "bookingid": 761
    },
    {
        "bookingid": 2602
    },
    {
        "bookingid": 4355
    },
    {
        "bookingid": 1863
    },
    {
        "bookingid": 2173
    },
    {
        "bookingid": 4013
    },
    {
        "bookingid": 3689
    },
    {
        "bookingid": 4084
    },
    {
        "bookingid": 3610
    },
    {
        "bookingid": 1740
    },
    {
        "bookingid": 4410
    },
    {
        "bookingid": 1358
    },
    {
        "bookingid": 1508
    },
    {
        "bookingid": 3761
    },
    {
        "bookingid": 2467
    },
    {
        "bookingid": 3424
    },
    {
        "bookingid": 1453
    },
    {
        "bookingid": 4458
    },
    {
        "bookingid": 3772
    },
    {
        "bookingid": 2164
    },
    {
        "bookingid": 4184
    },
    {
        "bookingid": 163
    },
    {
        "bookingid": 2231
    },
    {
        "bookingid": 38
    },
    {
        "bookingid": 1683
    },
    {
        "bookingid": 4076
    },
    {
        "bookingid": 3396
    },
    {
        "bookingid": 4155
    },
    {
        "bookingid": 619
    },
    {
        "bookingid": 2263
    },
    {
        "bookingid": 3892
    },
    {
        "bookingid": 3323
    },
    {
        "bookingid": 2857
    },
    {
        "bookingid": 1301
    },
    {
        "bookingid": 3834
    },
    {
        "bookingid": 3196
    },
    {
        "bookingid": 3645
    },
    {
        "bookingid": 2594
    },
    {
        "bookingid": 2063
    },
    {
        "bookingid": 562
    },
    {
        "bookingid": 603
    },
    {
        "bookingid": 1693
    },
    {
        "bookingid": 3271
    },
    {
        "bookingid": 2226
    },
    {
        "bookingid": 1286
    },
    {
        "bookingid": 3973
    },
    {
        "bookingid": 2691
    },
    {
        "bookingid": 4178
    },
    {
        "bookingid": 146
    },
    {
        "bookingid": 3412
    },
    {
        "bookingid": 4401
    },
    {
        "bookingid": 1333
    },
    {
        "bookingid": 2424
    },
    {
        "bookingid": 1066
    },
    {
        "bookingid": 2098
    },
    {
        "bookingid": 1686
    },
    {
        "bookingid": 2408
    },
    {
        "bookingid": 1145
    },
    {
        "bookingid": 1073
    },
    {
        "bookingid": 3796
    },
    {
        "bookingid": 915
    },
    {
        "bookingid": 56
    },
    {
        "bookingid": 3062
    },
    {
        "bookingid": 2730
    },
    {
        "bookingid": 258
    },
    {
        "bookingid": 1652
    },
    {
        "bookingid": 2155
    },
    {
        "bookingid": 4372
    },
    {
        "bookingid": 2894
    },
    {
        "bookingid": 3377
    },
    {
        "bookingid": 412
    },
    {
        "bookingid": 2122
    },
    {
        "bookingid": 1684
    },
    {
        "bookingid": 1282
    },
    {
        "bookingid": 3835
    },
    {
        "bookingid": 2737
    },
    {
        "bookingid": 4142
    },
    {
        "bookingid": 199
    },
    {
        "bookingid": 945
    },
    {
        "bookingid": 4116
    },
    {
        "bookingid": 3461
    },
    {
        "bookingid": 4161
    },
    {
        "bookingid": 4499
    },
    {
        "bookingid": 390
    },
    {
        "bookingid": 2089
    },
    {
        "bookingid": 3480
    },
    {
        "bookingid": 282
    },
    {
        "bookingid": 571
    },
    {
        "bookingid": 1878
    },
    {
        "bookingid": 757
    },
    {
        "bookingid": 1441
    },
    {
        "bookingid": 3059
    },
    {
        "bookingid": 3694
    },
    {
        "bookingid": 4227
    },
    {
        "bookingid": 2137
    },
    {
        "bookingid": 3943
    },
    {
        "bookingid": 867
    },
    {
        "bookingid": 1103
    },
    {
        "bookingid": 1375
    },
    {
        "bookingid": 4235
    },
    {
        "bookingid": 3888
    },
    {
        "bookingid": 3167
    },
    {
        "bookingid": 4031
    },
    {
        "bookingid": 190
    },
    {
        "bookingid": 2579
    },
    {
        "bookingid": 1245
    },
    {
        "bookingid": 4300
    },
    {
        "bookingid": 4495
    },
    {
        "bookingid": 1867
    },
    {
        "bookingid": 1440
    },
    {
        "bookingid": 1181
    },
    {
        "bookingid": 2997
    },
    {
        "bookingid": 1397
    },
    {
        "bookingid": 640
    },
    {
        "bookingid": 438
    },
    {
        "bookingid": 2171
    },
    {
        "bookingid": 3055
    },
    {
        "bookingid": 2149
    },
    {
        "bookingid": 3967
    },
    {
        "bookingid": 825
    },
    {
        "bookingid": 1830
    },
    {
        "bookingid": 1498
    },
    {
        "bookingid": 3532
    },
    {
        "bookingid": 1880
    },
    {
        "bookingid": 154
    },
    {
        "bookingid": 991
    },
    {
        "bookingid": 2194
    },
    {
        "bookingid": 2095
    },
    {
        "bookingid": 3269
    },
    {
        "bookingid": 1139
    },
    {
        "bookingid": 767
    },
    {
        "bookingid": 3824
    },
    {
        "bookingid": 3557
    },
    {
        "bookingid": 2587
    },
    {
        "bookingid": 4045
    },
    {
        "bookingid": 3486
    },
    {
        "bookingid": 4154
    },
    {
        "bookingid": 793
    },
    {
        "bookingid": 896
    },
    {
        "bookingid": 169
    },
    {
        "bookingid": 2393
    },
    {
        "bookingid": 2652
    },
    {
        "bookingid": 1575
    },
    {
        "bookingid": 2347
    },
    {
        "bookingid": 806
    },
    {
        "bookingid": 1190
    },
    {
        "bookingid": 1194
    },
    {
        "bookingid": 89
    },
    {
        "bookingid": 720
    },
    {
        "bookingid": 1774
    },
    {
        "bookingid": 4213
    },
    {
        "bookingid": 4303
    },
    {
        "bookingid": 3413
    },
    {
        "bookingid": 1072
    },
    {
        "bookingid": 2220
    },
    {
        "bookingid": 2458
    },
    {
        "bookingid": 3781
    },
    {
        "bookingid": 3646
    },
    {
        "bookingid": 4141
    },
    {
        "bookingid": 2061
    },
    {
        "bookingid": 4403
    },
    {
        "bookingid": 205
    },
    {
        "bookingid": 2624
    },
    {
        "bookingid": 2743
    },
    {
        "bookingid": 2901
    },
    {
        "bookingid": 1353
    },
    {
        "bookingid": 98
    },
    {
        "bookingid": 1629
    },
    {
        "bookingid": 2376
    },
    {
        "bookingid": 1927
    },
    {
        "bookingid": 79
    },
    {
        "bookingid": 1392
    },
    {
        "bookingid": 3483
    },
    {
        "bookingid": 3665
    },
    {
        "bookingid": 4089
    },
    {
        "bookingid": 1413
    },
    {
        "bookingid": 2823
    },
    {
        "bookingid": 1789
    },
    {
        "bookingid": 238
    },
    {
        "bookingid": 4291
    },
    {
        "bookingid": 1119
    },
    {
        "bookingid": 2931
    },
    {
        "bookingid": 1482
    },
    {
        "bookingid": 2208
    },
    {
        "bookingid": 3653
    },
    {
        "bookingid": 109
    },
    {
        "bookingid": 3816
    },
    {
        "bookingid": 2331
    },
    {
        "bookingid": 1613
    },
    {
        "bookingid": 102
    },
    {
        "bookingid": 269
    },
    {
        "bookingid": 433
    },
    {
        "bookingid": 673
    },
    {
        "bookingid": 1039
    },
    {
        "bookingid": 1992
    },
    {
        "bookingid": 3845
    },
    {
        "bookingid": 3581
    },
    {
        "bookingid": 1211
    },
    {
        "bookingid": 1915
    },
    {
        "bookingid": 4090
    },
    {
        "bookingid": 4251
    },
    {
        "bookingid": 710
    },
    {
        "bookingid": 1700
    },
    {
        "bookingid": 1748
    },
    {
        "bookingid": 2039
    },
    {
        "bookingid": 2425
    },
    {
        "bookingid": 4477
    },
    {
        "bookingid": 3931
    },
    {
        "bookingid": 306
    },
    {
        "bookingid": 2558
    },
    {
        "bookingid": 1240
    },
    {
        "bookingid": 739
    },
    {
        "bookingid": 2073
    },
    {
        "bookingid": 4296
    },
    {
        "bookingid": 3061
    },
    {
        "bookingid": 2843
    },
    {
        "bookingid": 2328
    },
    {
        "bookingid": 4129
    },
    {
        "bookingid": 2450
    },
    {
        "bookingid": 1153
    },
    {
        "bookingid": 2771
    },
    {
        "bookingid": 3139
    },
    {
        "bookingid": 3588
    },
    {
        "bookingid": 1217
    },
    {
        "bookingid": 2244
    },
    {
        "bookingid": 967
    },
    {
        "bookingid": 1466
    },
    {
        "bookingid": 2725
    },
    {
        "bookingid": 5
    },
    {
        "bookingid": 2142
    },
    {
        "bookingid": 3654
    },
    {
        "bookingid": 3112
    },
    {
        "bookingid": 2334
    },
    {
        "bookingid": 468
    },
    {
        "bookingid": 2688
    },
    {
        "bookingid": 4267
    },
    {
        "bookingid": 3886
    },
    {
        "bookingid": 2794
    },
    {
        "bookingid": 3431
    },
    {
        "bookingid": 1697
    },
    {
        "bookingid": 523
    },
    {
        "bookingid": 1708
    },
    {
        "bookingid": 4264
    },
    {
        "bookingid": 901
    },
    {
        "bookingid": 1842
    },
    {
        "bookingid": 4004
    },
    {
        "bookingid": 234
    },
    {
        "bookingid": 2762
    },
    {
        "bookingid": 2776
    },
    {
        "bookingid": 1896
    },
    {
        "bookingid": 3482
    },
    {
        "bookingid": 4288
    },
    {
        "bookingid": 3100
    },
    {
        "bookingid": 1405
    },
    {
        "bookingid": 694
    },
    {
        "bookingid": 401
    },
    {
        "bookingid": 1460
    },
    {
        "bookingid": 3533
    },
    {
        "bookingid": 1696
    },
    {
        "bookingid": 693
    },
    {
        "bookingid": 2848
    },
    {
        "bookingid": 2798
    },
    {
        "bookingid": 4354
    },
    {
        "bookingid": 178
    },
    {
        "bookingid": 3576
    },
    {
        "bookingid": 958
    },
    {
        "bookingid": 3223
    },
    {
        "bookingid": 504
    },
    {
        "bookingid": 3607
    },
    {
        "bookingid": 4315
    },
    {
        "bookingid": 3995
    },
    {
        "bookingid": 1051
    },
    {
        "bookingid": 1000
    },
    {
        "bookingid": 157
    },
    {
        "bookingid": 3078
    },
    {
        "bookingid": 492
    },
    {
        "bookingid": 2820
    },
    {
        "bookingid": 713
    },
    {
        "bookingid": 3369
    },
    {
        "bookingid": 417
    },
    {
        "bookingid": 2797
    },
    {
        "bookingid": 149
    },
    {
        "bookingid": 2308
    },
    {
        "bookingid": 1861
    },
    {
        "bookingid": 1262
    },
    {
        "bookingid": 3553
    },
    {
        "bookingid": 137
    },
    {
        "bookingid": 465
    },
    {
        "bookingid": 575
    },
    {
        "bookingid": 4479
    },
    {
        "bookingid": 1489
    },
    {
        "bookingid": 1143
    },
    {
        "bookingid": 407
    },
    {
        "bookingid": 1288
    },
    {
        "bookingid": 4398
    },
    {
        "bookingid": 87
    },
    {
        "bookingid": 1019
    },
    {
        "bookingid": 2303
    },
    {
        "bookingid": 1632
    },
    {
        "bookingid": 696
    },
    {
        "bookingid": 1609
    },
    {
        "bookingid": 583
    },
    {
        "bookingid": 3267
    },
    {
        "bookingid": 830
    },
    {
        "bookingid": 2846
    },
    {
        "bookingid": 394
    },
    {
        "bookingid": 3788
    },
    {
        "bookingid": 565
    },
    {
        "bookingid": 4151
    },
    {
        "bookingid": 95
    },
    {
        "bookingid": 1593
    },
    {
        "bookingid": 2325
    },
    {
        "bookingid": 884
    },
    {
        "bookingid": 927
    },
    {
        "bookingid": 1900
    },
    {
        "bookingid": 3811
    },
    {
        "bookingid": 1332
    },
    {
        "bookingid": 1673
    },
    {
        "bookingid": 730
    },
    {
        "bookingid": 4176
    },
    {
        "bookingid": 4012
    },
    {
        "bookingid": 216
    },
    {
        "bookingid": 2615
    },
    {
        "bookingid": 1904
    },
    {
        "bookingid": 1666
    },
    {
        "bookingid": 3234
    },
    {
        "bookingid": 3996
    },
    {
        "bookingid": 738
    },
    {
        "bookingid": 3252
    },
    {
        "bookingid": 835
    },
    {
        "bookingid": 3735
    },
    {
        "bookingid": 620
    },
    {
        "bookingid": 266
    },
    {
        "bookingid": 3156
    },
    {
        "bookingid": 4360
    },
    {
        "bookingid": 1091
    },
    {
        "bookingid": 2403
    },
    {
        "bookingid": 836
    },
    {
        "bookingid": 3194
    },
    {
        "bookingid": 4326
    },
    {
        "bookingid": 2197
    },
    {
        "bookingid": 3242
    },
    {
        "bookingid": 2637
    },
    {
        "bookingid": 782
    },
    {
        "bookingid": 4069
    },
    {
        "bookingid": 3540
    },
    {
        "bookingid": 530
    },
    {
        "bookingid": 4358
    },
    {
        "bookingid": 1894
    },
    {
        "bookingid": 15
    },
    {
        "bookingid": 3275
    },
    {
        "bookingid": 1942
    },
    {
        "bookingid": 2145
    },
    {
        "bookingid": 2865
    },
    {
        "bookingid": 828
    },
    {
        "bookingid": 2882
    },
    {
        "bookingid": 3217
    },
    {
        "bookingid": 2807
    },
    {
        "bookingid": 4318
    },
    {
        "bookingid": 1514
    },
    {
        "bookingid": 177
    },
    {
        "bookingid": 3324
    },
    {
        "bookingid": 528
    },
    {
        "bookingid": 127
    },
    {
        "bookingid": 529
    },
    {
        "bookingid": 1493
    },
    {
        "bookingid": 4321
    },
    {
        "bookingid": 4276
    },
    {
        "bookingid": 4073
    },
    {
        "bookingid": 4187
    },
    {
        "bookingid": 3011
    },
    {
        "bookingid": 3108
    },
    {
        "bookingid": 4190
    },
    {
        "bookingid": 2812
    },
    {
        "bookingid": 3697
    },
    {
        "bookingid": 2296
    },
    {
        "bookingid": 2909
    },
    {
        "bookingid": 4328
    },
    {
        "bookingid": 668
    },
    {
        "bookingid": 1205
    },
    {
        "bookingid": 4131
    },
    {
        "bookingid": 2419
    },
    {
        "bookingid": 1793
    },
    {
        "bookingid": 4044
    },
    {
        "bookingid": 2532
    },
    {
        "bookingid": 3547
    },
    {
        "bookingid": 1095
    },
    {
        "bookingid": 561
    },
    {
        "bookingid": 745
    },
    {
        "bookingid": 2067
    },
    {
        "bookingid": 1082
    },
    {
        "bookingid": 493
    },
    {
        "bookingid": 1009
    },
    {
        "bookingid": 2966
    },
    {
        "bookingid": 3241
    },
    {
        "bookingid": 1507
    },
    {
        "bookingid": 1274
    },
    {
        "bookingid": 2721
    },
    {
        "bookingid": 2554
    },
    {
        "bookingid": 4317
    },
    {
        "bookingid": 2362
    },
    {
        "bookingid": 1487
    },
    {
        "bookingid": 4448
    },
    {
        "bookingid": 2540
    },
    {
        "bookingid": 2784
    },
    {
        "bookingid": 3966
    },
    {
        "bookingid": 2354
    },
    {
        "bookingid": 3939
    },
    {
        "bookingid": 191
    },
    {
        "bookingid": 2480
    },
    {
        "bookingid": 2899
    },
    {
        "bookingid": 3838
    },
    {
        "bookingid": 1658
    },
    {
        "bookingid": 315
    },
    {
        "bookingid": 3393
    },
    {
        "bookingid": 1794
    },
    {
        "bookingid": 3407
    },
    {
        "bookingid": 3744
    },
    {
        "bookingid": 3371
    },
    {
        "bookingid": 257
    },
    {
        "bookingid": 3473
    },
    {
        "bookingid": 1218
    },
    {
        "bookingid": 3068
    },
    {
        "bookingid": 1158
    },
    {
        "bookingid": 4478
    },
    {
        "bookingid": 1936
    },
    {
        "bookingid": 3183
    },
    {
        "bookingid": 1651
    },
    {
        "bookingid": 4136
    },
    {
        "bookingid": 1281
    },
    {
        "bookingid": 1814
    },
    {
        "bookingid": 2580
    },
    {
        "bookingid": 3455
    },
    {
        "bookingid": 1734
    },
    {
        "bookingid": 212
    },
    {
        "bookingid": 699
    },
    {
        "bookingid": 2596
    },
    {
        "bookingid": 1290
    },
    {
        "bookingid": 3233
    },
    {
        "bookingid": 2884
    },
    {
        "bookingid": 2905
    },
    {
        "bookingid": 2589
    },
    {
        "bookingid": 124
    },
    {
        "bookingid": 450
    },
    {
        "bookingid": 1928
    },
    {
        "bookingid": 1369
    },
    {
        "bookingid": 3353
    },
    {
        "bookingid": 1938
    },
    {
        "bookingid": 4464
    },
    {
        "bookingid": 654
    },
    {
        "bookingid": 3036
    },
    {
        "bookingid": 4173
    },
    {
        "bookingid": 457
    },
    {
        "bookingid": 2640
    },
    {
        "bookingid": 1711
    },
    {
        "bookingid": 1555
    },
    {
        "bookingid": 1873
    },
    {
        "bookingid": 545
    },
    {
        "bookingid": 3918
    },
    {
        "bookingid": 3440
    },
    {
        "bookingid": 568
    },
    {
        "bookingid": 1346
    },
    {
        "bookingid": 3683
    },
    {
        "bookingid": 823
    },
    {
        "bookingid": 987
    },
    {
        "bookingid": 622
    },
    {
        "bookingid": 2182
    },
    {
        "bookingid": 1140
    },
    {
        "bookingid": 631
    },
    {
        "bookingid": 4256
    },
    {
        "bookingid": 2741
    },
    {
        "bookingid": 331
    },
    {
        "bookingid": 3259
    },
    {
        "bookingid": 3924
    },
    {
        "bookingid": 3432
    },
    {
        "bookingid": 2110
    },
    {
        "bookingid": 343
    },
    {
        "bookingid": 1343
    },
    {
        "bookingid": 3385
    },
    {
        "bookingid": 279
    },
    {
        "bookingid": 548
    },
    {
        "bookingid": 2703
    },
    {
        "bookingid": 4071
    },
    {
        "bookingid": 557
    },
    {
        "bookingid": 1244
    },
    {
        "bookingid": 104
    },
    {
        "bookingid": 4444
    },
    {
        "bookingid": 471
    },
    {
        "bookingid": 520
    },
    {
        "bookingid": 791
    },
    {
        "bookingid": 3491
    },
    {
        "bookingid": 2300
    },
    {
        "bookingid": 1214
    },
    {
        "bookingid": 662
    },
    {
        "bookingid": 4040
    },
    {
        "bookingid": 3089
    },
    {
        "bookingid": 1491
    },
    {
        "bookingid": 1045
    },
    {
        "bookingid": 2339
    },
    {
        "bookingid": 3883
    },
    {
        "bookingid": 1193
    },
    {
        "bookingid": 2133
    },
    {
        "bookingid": 819
    },
    {
        "bookingid": 4325
    },
    {
        "bookingid": 1432
    },
    {
        "bookingid": 2116
    },
    {
        "bookingid": 2724
    },
    {
        "bookingid": 3882
    },
    {
        "bookingid": 2429
    },
    {
        "bookingid": 2674
    },
    {
        "bookingid": 3551
    },
    {
        "bookingid": 2625
    },
    {
        "bookingid": 414
    },
    {
        "bookingid": 3419
    },
    {
        "bookingid": 647
    },
    {
        "bookingid": 4466
    },
    {
        "bookingid": 2536
    },
    {
        "bookingid": 4423
    },
    {
        "bookingid": 1729
    },
    {
        "bookingid": 1921
    },
    {
        "bookingid": 217
    },
    {
        "bookingid": 2464
    },
    {
        "bookingid": 3168
    },
    {
        "bookingid": 954
    },
    {
        "bookingid": 3096
    },
    {
        "bookingid": 2555
    },
    {
        "bookingid": 3163
    },
    {
        "bookingid": 121
    },
    {
        "bookingid": 210
    },
    {
        "bookingid": 3048
    },
    {
        "bookingid": 1528
    },
    {
        "bookingid": 3608
    },
    {
        "bookingid": 2390
    },
    {
        "bookingid": 4001
    },
    {
        "bookingid": 930
    },
    {
        "bookingid": 541
    },
    {
        "bookingid": 2668
    },
    {
        "bookingid": 2934
    },
    {
        "bookingid": 953
    },
    {
        "bookingid": 1287
    },
    {
        "bookingid": 2875
    },
    {
        "bookingid": 372
    },
    {
        "bookingid": 2492
    },
    {
        "bookingid": 4121
    },
    {
        "bookingid": 821
    },
    {
        "bookingid": 2568
    },
    {
        "bookingid": 2473
    },
    {
        "bookingid": 1600
    },
    {
        "bookingid": 2788
    },
    {
        "bookingid": 1767
    },
    {
        "bookingid": 4380
    },
    {
        "bookingid": 2684
    },
    {
        "bookingid": 73
    },
    {
        "bookingid": 1755
    },
    {
        "bookingid": 1464
    },
    {
        "bookingid": 2692
    },
    {
        "bookingid": 4215
    },
    {
        "bookingid": 3506
    },
    {
        "bookingid": 840
    },
    {
        "bookingid": 3348
    },
    {
        "bookingid": 2215
    },
    {
        "bookingid": 3435
    },
    {
        "bookingid": 1291
    },
    {
        "bookingid": 2954
    },
    {
        "bookingid": 1331
    },
    {
        "bookingid": 3766
    },
    {
        "bookingid": 2844
    },
    {
        "bookingid": 1374
    },
    {
        "bookingid": 2070
    },
    {
        "bookingid": 626
    },
    {
        "bookingid": 2465
    },
    {
        "bookingid": 3173
    },
    {
        "bookingid": 3327
    },
    {
        "bookingid": 798
    },
    {
        "bookingid": 374
    },
    {
        "bookingid": 364
    },
    {
        "bookingid": 97
    },
    {
        "bookingid": 2522
    },
    {
        "bookingid": 3307
    },
    {
        "bookingid": 20
    },
    {
        "bookingid": 4200
    },
    {
        "bookingid": 388
    },
    {
        "bookingid": 58
    },
    {
        "bookingid": 1745
    },
    {
        "bookingid": 547
    },
    {
        "bookingid": 2557
    },
    {
        "bookingid": 4095
    },
    {
        "bookingid": 2833
    },
    {
        "bookingid": 116
    },
    {
        "bookingid": 2577
    },
    {
        "bookingid": 52
    },
    {
        "bookingid": 180
    },
    {
        "bookingid": 1661
    },
    {
        "bookingid": 3818
    },
    {
        "bookingid": 2217
    },
    {
        "bookingid": 1390
    },
    {
        "bookingid": 4473
    },
    {
        "bookingid": 1709
    },
    {
        "bookingid": 252
    },
    {
        "bookingid": 539
    },
    {
        "bookingid": 3123
    },
    {
        "bookingid": 351
    },
    {
        "bookingid": 3467
    },
    {
        "bookingid": 3002
    },
    {
        "bookingid": 179
    },
    {
        "bookingid": 2350
    },
    {
        "bookingid": 4414
    },
    {
        "bookingid": 3617
    },
    {
        "bookingid": 1128
    },
    {
        "bookingid": 2732
    },
    {
        "bookingid": 3614
    },
    {
        "bookingid": 1470
    },
    {
        "bookingid": 3265
    },
    {
        "bookingid": 1799
    },
    {
        "bookingid": 30
    },
    {
        "bookingid": 189
    },
    {
        "bookingid": 3861
    },
    {
        "bookingid": 2768
    },
    {
        "bookingid": 3238
    },
    {
        "bookingid": 4030
    },
    {
        "bookingid": 142
    },
    {
        "bookingid": 1747
    },
    {
        "bookingid": 4416
    },
    {
        "bookingid": 256
    },
    {
        "bookingid": 2659
    },
    {
        "bookingid": 3712
    },
    {
        "bookingid": 3946
    },
    {
        "bookingid": 2586
    },
    {
        "bookingid": 3153
    },
    {
        "bookingid": 2695
    },
    {
        "bookingid": 1130
    },
    {
        "bookingid": 2255
    },
    {
        "bookingid": 4175
    },
    {
        "bookingid": 784
    },
    {
        "bookingid": 1713
    },
    {
        "bookingid": 94
    },
    {
        "bookingid": 593
    },
    {
        "bookingid": 3028
    },
    {
        "bookingid": 2247
    },
    {
        "bookingid": 526
    },
    {
        "bookingid": 968
    },
    {
        "bookingid": 1164
    },
    {
        "bookingid": 479
    },
    {
        "bookingid": 982
    },
    {
        "bookingid": 2315
    },
    {
        "bookingid": 644
    },
    {
        "bookingid": 3405
    },
    {
        "bookingid": 2288
    },
    {
        "bookingid": 3514
    },
    {
        "bookingid": 4439
    },
    {
        "bookingid": 3295
    },
    {
        "bookingid": 3159
    },
    {
        "bookingid": 2947
    },
    {
        "bookingid": 2538
    },
    {
        "bookingid": 3739
    },
    {
        "bookingid": 441
    },
    {
        "bookingid": 3343
    },
    {
        "bookingid": 4074
    },
    {
        "bookingid": 3568
    },
    {
        "bookingid": 1783
    },
    {
        "bookingid": 496
    },
    {
        "bookingid": 3598
    },
    {
        "bookingid": 3142
    },
    {
        "bookingid": 639
    },
    {
        "bookingid": 4459
    },
    {
        "bookingid": 3356
    },
    {
        "bookingid": 3111
    },
    {
        "bookingid": 2991
    },
    {
        "bookingid": 3680
    },
    {
        "bookingid": 4274
    },
    {
        "bookingid": 327
    },
    {
        "bookingid": 1299
    },
    {
        "bookingid": 2936
    },
    {
        "bookingid": 4503
    },
    {
        "bookingid": 1999
    },
    {
        "bookingid": 3574
    },
    {
        "bookingid": 3558
    },
    {
        "bookingid": 4226
    },
    {
        "bookingid": 3605
    },
    {
        "bookingid": 406
    },
    {
        "bookingid": 3209
    },
    {
        "bookingid": 4127
    },
    {
        "bookingid": 1270
    },
    {
        "bookingid": 2644
    },
    {
        "bookingid": 762
    },
    {
        "bookingid": 3022
    },
    {
        "bookingid": 2960
    },
    {
        "bookingid": 2080
    },
    {
        "bookingid": 4364
    },
    {
        "bookingid": 4262
    },
    {
        "bookingid": 3531
    },
    {
        "bookingid": 1890
    },
    {
        "bookingid": 3451
    },
    {
        "bookingid": 818
    },
    {
        "bookingid": 302
    },
    {
        "bookingid": 4260
    },
    {
        "bookingid": 3922
    },
    {
        "bookingid": 4143
    },
    {
        "bookingid": 1148
    },
    {
        "bookingid": 715
    },
    {
        "bookingid": 447
    },
    {
        "bookingid": 3157
    },
    {
        "bookingid": 3092
    },
    {
        "bookingid": 1079
    },
    {
        "bookingid": 4199
    },
    {
        "bookingid": 1113
    },
    {
        "bookingid": 2358
    },
    {
        "bookingid": 4471
    },
    {
        "bookingid": 3907
    },
    {
        "bookingid": 292
    },
    {
        "bookingid": 2645
    },
    {
        "bookingid": 2542
    },
    {
        "bookingid": 4375
    },
    {
        "bookingid": 2169
    },
    {
        "bookingid": 4234
    },
    {
        "bookingid": 3511
    },
    {
        "bookingid": 2237
    },
    {
        "bookingid": 3729
    },
    {
        "bookingid": 2500
    },
    {
        "bookingid": 1941
    },
    {
        "bookingid": 3935
    },
    {
        "bookingid": 3013
    },
    {
        "bookingid": 4292
    },
    {
        "bookingid": 3782
    },
    {
        "bookingid": 2643
    },
    {
        "bookingid": 2190
    },
    {
        "bookingid": 1621
    },
    {
        "bookingid": 1827
    },
    {
        "bookingid": 1758
    },
    {
        "bookingid": 2071
    },
    {
        "bookingid": 1201
    },
    {
        "bookingid": 4115
    },
    {
        "bookingid": 3301
    },
    {
        "bookingid": 3900
    },
    {
        "bookingid": 3043
    },
    {
        "bookingid": 864
    },
    {
        "bookingid": 2597
    },
    {
        "bookingid": 3871
    },
    {
        "bookingid": 1548
    },
    {
        "bookingid": 31
    },
    {
        "bookingid": 3456
    },
    {
        "bookingid": 663
    },
    {
        "bookingid": 944
    },
    {
        "bookingid": 2285
    },
    {
        "bookingid": 1971
    },
    {
        "bookingid": 3981
    },
    {
        "bookingid": 14
    },
    {
        "bookingid": 152
    },
    {
        "bookingid": 2836
    },
    {
        "bookingid": 2928
    },
    {
        "bookingid": 2224
    },
    {
        "bookingid": 1788
    },
    {
        "bookingid": 1224
    },
    {
        "bookingid": 3331
    },
    {
        "bookingid": 2048
    },
    {
        "bookingid": 2699
    },
    {
        "bookingid": 3227
    },
    {
        "bookingid": 2008
    },
    {
        "bookingid": 387
    },
    {
        "bookingid": 3212
    },
    {
        "bookingid": 2261
    },
    {
        "bookingid": 997
    },
    {
        "bookingid": 556
    },
    {
        "bookingid": 1215
    },
    {
        "bookingid": 2641
    },
    {
        "bookingid": 3095
    },
    {
        "bookingid": 195
    },
    {
        "bookingid": 196
    },
    {
        "bookingid": 656
    },
    {
        "bookingid": 2669
    },
    {
        "bookingid": 4157
    },
    {
        "bookingid": 2638
    },
    {
        "bookingid": 3282
    },
    {
        "bookingid": 538
    },
    {
        "bookingid": 2112
    },
    {
        "bookingid": 3530
    },
    {
        "bookingid": 1347
    },
    {
        "bookingid": 72
    },
    {
        "bookingid": 1024
    },
    {
        "bookingid": 610
    },
    {
        "bookingid": 2945
    },
    {
        "bookingid": 2529
    },
    {
        "bookingid": 483
    },
    {
        "bookingid": 48
    },
    {
        "bookingid": 4029
    },
    {
        "bookingid": 2199
    },
    {
        "bookingid": 516
    },
    {
        "bookingid": 3247
    },
    {
        "bookingid": 4065
    },
    {
        "bookingid": 2248
    },
    {
        "bookingid": 2276
    },
    {
        "bookingid": 1897
    },
    {
        "bookingid": 1104
    },
    {
        "bookingid": 2457
    },
    {
        "bookingid": 192
    },
    {
        "bookingid": 3852
    },
    {
        "bookingid": 303
    },
    {
        "bookingid": 35
    },
    {
        "bookingid": 1646
    },
    {
        "bookingid": 2344
    },
    {
        "bookingid": 2698
    },
    {
        "bookingid": 1337
    },
    {
        "bookingid": 1085
    },
    {
        "bookingid": 773
    },
    {
        "bookingid": 424
    },
    {
        "bookingid": 779
    },
    {
        "bookingid": 1917
    },
    {
        "bookingid": 4394
    },
    {
        "bookingid": 2738
    },
    {
        "bookingid": 833
    },
    {
        "bookingid": 3328
    },
    {
        "bookingid": 4392
    },
    {
        "bookingid": 3698
    },
    {
        "bookingid": 3731
    },
    {
        "bookingid": 2015
    },
    {
        "bookingid": 2274
    },
    {
        "bookingid": 3725
    },
    {
        "bookingid": 3644
    },
    {
        "bookingid": 714
    },
    {
        "bookingid": 3945
    },
    {
        "bookingid": 3814
    },
    {
        "bookingid": 2105
    },
    {
        "bookingid": 1450
    },
    {
        "bookingid": 3363
    },
    {
        "bookingid": 4106
    },
    {
        "bookingid": 4295
    },
    {
        "bookingid": 2514
    },
    {
        "bookingid": 929
    },
    {
        "bookingid": 473
    },
    {
        "bookingid": 1761
    },
    {
        "bookingid": 1449
    },
    {
        "bookingid": 4412
    },
    {
        "bookingid": 3110
    },
    {
        "bookingid": 510
    },
    {
        "bookingid": 1308
    },
    {
        "bookingid": 938
    },
    {
        "bookingid": 3051
    },
    {
        "bookingid": 630
    },
    {
        "bookingid": 2046
    },
    {
        "bookingid": 650
    },
    {
        "bookingid": 2343
    },
    {
        "bookingid": 838
    },
    {
        "bookingid": 4425
    },
    {
        "bookingid": 1226
    },
    {
        "bookingid": 703
    },
    {
        "bookingid": 228
    }
]
]]></system-out>
  </testcase>
  <testcase name="GetBookingIds" classname="ApiTest" time="1.688">
    <system-out><![CDATA[[
    {
        "bookingid": 358
    },
    {
        "bookingid": 2575
    },
    {
        "bookingid": 2504
    },
    {
        "bookingid": 1178
    },
    {
        "bookingid": 3685
    },
    {
        "bookingid": 2356
    },
    {
        "bookingid": 983
    },
    {
        "bookingid": 2167
    },
    {
        "bookingid": 1655
    },
    {
        "bookingid": 783
    },
    {
        "bookingid": 1879
    },
    {
        "bookingid": 4058
    },
    {
        "bookingid": 1903
    },
    {
        "bookingid": 1266
    },
    {
        "bookingid": 871
    },
    {
        "bookingid": 4299
    },
    {
        "bookingid": 4330
    },
    {
        "bookingid": 3075
    },
    {
        "bookingid": 2051
    },
    {
        "bookingid": 3119
    },
    {
        "bookingid": 3986
    },
    {
        "bookingid": 3802
    },
    {
        "bookingid": 2983
    },
    {
        "bookingid": 1550
    },
    {
        "bookingid": 2013
    },
    {
        "bookingid": 2834
    },
    {
        "bookingid": 1272
    },
    {
        "bookingid": 159
    },
    {
        "bookingid": 2551
    },
    {
        "bookingid": 2853
    },
    {
        "bookingid": 3
    },
    {
        "bookingid": 4214
    },
    {
        "bookingid": 4430
    },
    {
        "bookingid": 1519
    },
    {
        "bookingid": 2745
    },
    {
        "bookingid": 3029
    },
    {
        "bookingid": 589
    },
    {
        "bookingid": 590
    },
    {
        "bookingid": 4192
    },
    {
        "bookingid": 2030
    },
    {
        "bookingid": 1851
    },
    {
        "bookingid": 1030
    },
    {
        "bookingid": 2655
    },
    {
        "bookingid": 200
    },
    {
        "bookingid": 4405
    },
    {
        "bookingid": 1114
    },
    {
        "bookingid": 1094
    },
    {
        "bookingid": 2166
    },
    {
        "bookingid": 2203
    },
    {
        "bookingid": 4081
    },
    {
        "bookingid": 1964
    },
    {
        "bookingid": 3517
    },
    {
        "bookingid": 2948
    },
    {
        "bookingid": 1116
    },
    {
        "bookingid": 733
    },
    {
        "bookingid": 718
    },
    {
        "bookingid": 3523
    },
    {
        "bookingid": 3881
    },
    {
        "bookingid": 480
    },
    {
        "bookingid": 1726
    },
    {
        "bookingid": 3136
    },
    {
        "bookingid": 143
    },
    {
        "bookingid": 373
    },
    {
        "bookingid": 1743
    },
    {
        "bookingid": 2749
    },
    {
        "bookingid": 2718
    },
    {
        "bookingid": 3503
    },
    {
        "bookingid": 859
    },
    {
        "bookingid": 1107
    },
    {
        "bookingid": 748
    },
    {
        "bookingid": 1759
    },
    {
        "bookingid": 402
    },
    {
        "bookingid": 3384
    },
    {
        "bookingid": 3207
    },
    {
        "bookingid": 1137
    },
    {
        "bookingid": 1933
    },
    {
        "bookingid": 2506
    },
    {
        "bookingid": 1752
    },
    {
        "bookingid": 342
    },
    {
        "bookingid": 1452
    },
    {
        "bookingid": 211
    },
    {
        "bookingid": 1654
    },
    {
        "bookingid": 3107
    },
    {
        "bookingid": 2456
    },
    {
        "bookingid": 890
    },
    {
        "bookingid": 755
    },
    {
        "bookingid": 549
    },
    {
        "bookingid": 3041
    },
    {
        "bookingid": 3800
    },
    {
        "bookingid": 328
    },
    {
        "bookingid": 249
    },
    {
        "bookingid": 3578
    },
    {
        "bookingid": 60
    },
    {
        "bookingid": 134
    },
    {
        "bookingid": 760
    },
    {
        "bookingid": 1385
    },
    {
        "bookingid": 897
    },
    {
        "bookingid": 4408
    },
    {
        "bookingid": 2180
    },
    {
        "bookingid": 1694
    },
    {
        "bookingid": 294
    },
    {
        "bookingid": 2377
    },
    {
        "bookingid": 913
    },
    {
        "bookingid": 1259
    },
    {
        "bookingid": 3220
    },
    {
        "bookingid": 3521
    },
    {
        "bookingid": 742
    },
    {
        "bookingid": 4056
    },
    {
        "bookingid": 2445
    },
    {
        "bookingid": 1457
    },
    {
        "bookingid": 3812
    },
    {
        "bookingid": 2460
    },
    {
        "bookingid": 2971
    },
    {
        "bookingid": 3768
    },
    {
        "bookingid": 4506
    },
    {
        "bookingid": 625
    },
    {
        "bookingid": 629
    },
    {
        "bookingid": 1256
    },
    {
        "bookingid": 1833
    },
    {
        "bookingid": 731
    },
    {
        "bookingid": 3848
    },
    {
        "bookingid": 3504
    },
    {
        "bookingid": 330
    },
    {
        "bookingid": 904
    },
    {
        "bookingid": 2990
    },
    {
        "bookingid": 1206
    },
    {
        "bookingid": 51
    },
    {
        "bookingid": 2375
    },
    {
        "bookingid": 3468
    },
    {
        "bookingid": 2559
    },
    {
        "bookingid": 1677
    },
    {
        "bookingid": 4210
    },
    {
        "bookingid": 2510
    },
    {
        "bookingid": 3047
    },
    {
        "bookingid": 4305
    },
    {
        "bookingid": 4449
    },
    {
        "bookingid": 2795
    },
    {
        "bookingid": 309
    },
    {
        "bookingid": 3562
    },
    {
        "bookingid": 515
    },
    {
        "bookingid": 1719
    },
    {
        "bookingid": 2100
    },
    {
        "bookingid": 485
    },
    {
        "bookingid": 973
    },
    {
        "bookingid": 472
    },
    {
        "bookingid": 2076
    },
    {
        "bookingid": 4344
    },
    {
        "bookingid": 4283
    },
    {
        "bookingid": 1364
    },
    {
        "bookingid": 2381
    },
    {
        "bookingid": 2505
    },
    {
        "bookingid": 1925
    },
    {
        "bookingid": 3118
    },
    {
        "bookingid": 1980
    },
    {
        "bookingid": 4169
    },
    {
        "bookingid": 3590
    },
    {
        "bookingid": 4457
    },
    {
        "bookingid": 3245
    },
    {
        "bookingid": 3201
    },
    {
        "bookingid": 4064
    },
    {
        "bookingid": 1445
    },
    {
        "bookingid": 1063
    },
    {
        "bookingid": 3984
    },
    {
        "bookingid": 3184
    },
    {
        "bookingid": 1808
    },
    {
        "bookingid": 3131
    },
    {
        "bookingid": 1771
    },
    {
        "bookingid": 623
    },
    {
        "bookingid": 232
    },
    {
        "bookingid": 4016
    },
    {
        "bookingid": 2778
    },
    {
        "bookingid": 1595
    },
    {
        "bookingid": 3659
    },
    {
        "bookingid": 4298
    },
    {
        "bookingid": 689
    },
    {
        "bookingid": 3477
    },
    {
        "bookingid": 3790
    },
    {
        "bookingid": 3186
    },
    {
        "bookingid": 802
    },
    {
        "bookingid": 1768
    },
    {
        "bookingid": 919
    },
    {
        "bookingid": 3309
    },
    {
        "bookingid": 2447
    },
    {
        "bookingid": 1399
    },
    {
        "bookingid": 4183
    },
    {
        "bookingid": 4511
    },
    {
        "bookingid": 1533
    },
    {
        "bookingid": 227
    },
    {
        "bookingid": 1012
    },
    {
        "bookingid": 2906
    },
    {
        "bookingid": 1483
    },
    {
        "bookingid": 903
    },
    {
        "bookingid": 670
    },
    {
        "bookingid": 3400
    },
    {
        "bookingid": 965
    },
    {
        "bookingid": 3958
    },
    {
        "bookingid": 4099
    },
    {
        "bookingid": 907
    },
    {
        "bookingid": 1435
    },
    {
        "bookingid": 697
    },
    {
        "bookingid": 3037
    },
    {
        "bookingid": 3313
    },
    {
        "bookingid": 862
    },
    {
        "bookingid": 3851
    },
    {
        "bookingid": 3457
    },
    {
        "bookingid": 1907
    },
    {
        "bookingid": 3081
    },
    {
        "bookingid": 3492
    },
    {
        "bookingid": 2980
    },
    {
        "bookingid": 2757
    },
    {
        "bookingid": 1906
    },
    {
        "bookingid": 4369
    },
    {
        "bookingid": 2411
    },
    {
        "bookingid": 4225
    },
    {
        "bookingid": 4050
    },
    {
        "bookingid": 1807
    },
    {
        "bookingid": 877
    },
    {
        "bookingid": 926
    },
    {
        "bookingid": 2117
    },
    {
        "bookingid": 2007
    },
    {
        "bookingid": 935
    },
    {
        "bookingid": 1901
    },
    {
        "bookingid": 2729
    },
    {
        "bookingid": 3525
    },
    {
        "bookingid": 524
    },
    {
        "bookingid": 1013
    },
    {
        "bookingid": 3203
    },
    {
        "bookingid": 2234
    },
    {
        "bookingid": 4080
    },
    {
        "bookingid": 3661
    },
    {
        "bookingid": 3807
    },
    {
        "bookingid": 1985
    },
    {
        "bookingid": 47
    },
    {
        "bookingid": 2136
    },
    {
        "bookingid": 355
    },
    {
        "bookingid": 3983
    },
    {
        "bookingid": 3256
    },
    {
        "bookingid": 1229
    },
    {
        "bookingid": 2113
    },
    {
        "bookingid": 1778
    },
    {
        "bookingid": 3441
    },
    {
        "bookingid": 2805
    },
    {
        "bookingid": 430
    },
    {
        "bookingid": 1557
    },
    {
        "bookingid": 605
    },
    {
        "bookingid": 3149
    },
    {
        "bookingid": 2254
    },
    {
        "bookingid": 525
    },
    {
        "bookingid": 1953
    },
    {
        "bookingid": 1022
    },
    {
        "bookingid": 4337
    },
    {
        "bookingid": 2964
    },
    {
        "bookingid": 293
    },
    {
        "bookingid": 1678
    },
    {
        "bookingid": 2819
    },
    {
        "bookingid": 4488
    },
    {
        "bookingid": 948
    },
    {
        "bookingid": 3443
    },
    {
        "bookingid": 1853
    },
    {
        "bookingid": 3497
    },
    {
        "bookingid": 4049
    },
    {
        "bookingid": 2609
    },
    {
        "bookingid": 1142
    },
    {
        "bookingid": 4309
    },
    {
        "bookingid": 145
    },
    {
        "bookingid": 77
    },
    {
        "bookingid": 3179
    },
    {
        "bookingid": 1395
    },
    {
        "bookingid": 1118
    },
    {
        "bookingid": 1388
    },
    {
        "bookingid": 2252
    },
    {
        "bookingid": 2309
    },
    {
        "bookingid": 3360
    },
    {
        "bookingid": 1048
    },
    {
        "bookingid": 3976
    },
    {
        "bookingid": 2859
    },
    {
        "bookingid": 2965
    },
    {
        "bookingid": 2056
    },
    {
        "bookingid": 85
    },
    {
        "bookingid": 659
    },
    {
        "bookingid": 2547
    },
    {
        "bookingid": 4180
    },
    {
        "bookingid": 2592
    },
    {
        "bookingid": 1204
    },
    {
        "bookingid": 1105
    },
    {
        "bookingid": 4255
    },
    {
        "bookingid": 963
    },
    {
        "bookingid": 1875
    },
    {
        "bookingid": 3950
    },
    {
        "bookingid": 2982
    },
    {
        "bookingid": 1401
    },
    {
        "bookingid": 74
    },
    {
        "bookingid": 2270
    },
    {
        "bookingid": 2707
    },
    {
        "bookingid": 2355
    },
    {
        "bookingid": 1121
    },
    {
        "bookingid": 2319
    },
    {
        "bookingid": 902
    },
    {
        "bookingid": 1893
    },
    {
        "bookingid": 2304
    },
    {
        "bookingid": 2683
    },
    {
        "bookingid": 2158
    },
    {
        "bookingid": 3329
    },
    {
        "bookingid": 204
    },
    {
        "bookingid": 3378
    },
    {
        "bookingid": 3129
    },
    {
        "bookingid": 2622
    },
    {
        "bookingid": 3345
    },
    {
        "bookingid": 3376
    },
    {
        "bookingid": 347
    },
    {
        "bookingid": 2574
    },
    {
        "bookingid": 1596
    },
    {
        "bookingid": 3928
    },
    {
        "bookingid": 685
    },
    {
        "bookingid": 1420
    },
    {
        "bookingid": 1125
    },
    {
        "bookingid": 3403
    },
    {
        "bookingid": 909
    },
    {
        "bookingid": 3994
    },
    {
        "bookingid": 2735
    },
    {
        "bookingid": 2138
    },
    {
        "bookingid": 754
    },
    {
        "bookingid": 333
    },
    {
        "bookingid": 1120
    },
    {
        "bookingid": 853
    },
    {
        "bookingid": 240
    },
    {
        "bookingid": 33
    },
    {
        "bookingid": 2921
    },
    {
        "bookingid": 804
    },
    {
        "bookingid": 3518
    },
    {
        "bookingid": 2398
    },
    {
        "bookingid": 3738
    },
    {
        "bookingid": 2967
    },
    {
        "bookingid": 653
    },
    {
        "bookingid": 4404
    },
    {
        "bookingid": 184
    },
    {
        "bookingid": 3352
    },
    {
        "bookingid": 2366
    },
    {
        "bookingid": 1644
    },
    {
        "bookingid": 2311
    },
    {
        "bookingid": 947
    },
    {
        "bookingid": 4311
    },
    {
        "bookingid": 3500
    },
    {
        "bookingid": 321
    },
    {
        "bookingid": 3375
    },
    {
        "bookingid": 722
    },
    {
        "bookingid": 3923
    },
    {
        "bookingid": 891
    },
    {
        "bookingid": 4451
    },
    {
        "bookingid": 2957
    },
    {
        "bookingid": 4277
    },
    {
        "bookingid": 464
    },
    {
        "bookingid": 1431
    },
    {
        "bookingid": 3903
    },
    {
        "bookingid": 3015
    },
    {
        "bookingid": 88
    },
    {
        "bookingid": 1246
    },
    {
        "bookingid": 4387
    },
    {
        "bookingid": 3728
    },
    {
        "bookingid": 2527
    },
    {
        "bookingid": 1325
    },
    {
        "bookingid": 3877
    },
    {
        "bookingid": 2028
    },
    {
        "bookingid": 1357
    },
    {
        "bookingid": 2895
    },
    {
        "bookingid": 3965
    },
    {
        "bookingid": 1133
    },
    {
        "bookingid": 4194
    },
    {
        "bookingid": 1891
    },
    {
        "bookingid": 1124
    },
    {
        "bookingid": 678
    },
    {
        "bookingid": 1744
    },
    {
        "bookingid": 3222
    },
    {
        "bookingid": 4289
    },
    {
        "bookingid": 4388
    },
    {
        "bookingid": 1096
    },
    {
        "bookingid": 1753
    },
    {
        "bookingid": 3672
    },
    {
        "bookingid": 118
    },
    {
        "bookingid": 3554
    },
    {
        "bookingid": 2929
    },
    {
        "bookingid": 1419
    },
    {
        "bookingid": 949
    },
    {
        "bookingid": 2627
    },
    {
        "bookingid": 2441
    },
    {
        "bookingid": 956
    },
    {
        "bookingid": 3552
    },
    {
        "bookingid": 23
    },
    {
        "bookingid": 2769
    },
    {
        "bookingid": 3619
    },
    {
        "bookingid": 4092
    },
    {
        "bookingid": 2322
    },
    {
        "bookingid": 810
    },
    {
        "bookingid": 131
    },
    {
        "bookingid": 340
    },
    {
        "bookingid": 3893
    },
    {
        "bookingid": 2828
    },
    {
        "bookingid": 2658
    },
    {
        "bookingid": 3226
    },
    {
        "bookingid": 2178
    },
    {
        "bookingid": 4342
    },
    {
        "bookingid": 781
    },
    {
        "bookingid": 1267
    },
    {
        "bookingid": 4006
    },
    {
        "bookingid": 3709
    },
    {
        "bookingid": 1176
    },
    {
        "bookingid": 2545
    },
    {
        "bookingid": 1977
    },
    {
        "bookingid": 4490
    },
    {
        "bookingid": 4312
    },
    {
        "bookingid": 3964
    },
    {
        "bookingid": 2704
    },
    {
        "bookingid": 1251
    },
    {
        "bookingid": 776
    },
    {
        "bookingid": 1841
    },
    {
        "bookingid": 2889
    },
    {
        "bookingid": 1615
    },
    {
        "bookingid": 289
    },
    {
        "bookingid": 4422
    },
    {
        "bookingid": 2653
    },
    {
        "bookingid": 4053
    },
    {
        "bookingid": 4221
    },
    {
        "bookingid": 460
    },
    {
        "bookingid": 728
    },
    {
        "bookingid": 2103
    },
    {
        "bookingid": 1864
    },
    {
        "bookingid": 2310
    },
    {
        "bookingid": 3526
    },
    {
        "bookingid": 1252
    },
    {
        "bookingid": 985
    },
    {
        "bookingid": 3658
    },
    {
        "bookingid": 606
    },
    {
        "bookingid": 2335
    },
    {
        "bookingid": 936
    },
    {
        "bookingid": 3839
    },
    {
        "bookingid": 3638
    },
    {
        "bookingid": 1106
    },
    {
        "bookingid": 3293
    },
    {
        "bookingid": 474
    },
    {
        "bookingid": 2214
    },
    {
        "bookingid": 1623
    },
    {
        "bookingid": 3837
    },
    {
        "bookingid": 1690
    },
    {
        "bookingid": 3145
    },
    {
        "bookingid": 1296
    },
    {
        "bookingid": 2191
    },
    {
        "bookingid": 1995
    },
    {
        "bookingid": 3072
    },
    {
        "bookingid": 922
    },
    {
        "bookingid": 3255
    },
    {
        "bookingid": 202
    },
    {
        "bookingid": 1350
    },
    {
        "bookingid": 1918
    },
    {
        "bookingid": 3961
    },
    {
        "bookingid": 3000
    },
    {
        "bookingid": 2802
    },
    {
        "bookingid": 2803
    },
    {
        "bookingid": 3462
    },
    {
        "bookingid": 3402
    },
    {
        "bookingid": 2870
    },
    {
        "bookingid": 1231
    },
    {
        "bookingid": 4096
    },
    {
        "bookingid": 162
    },
    {
        "bookingid": 2454
    },
    {
        "bookingid": 717
    },
    {
        "bookingid": 2663
    },
    {
        "bookingid": 1581
    },
    {
        "bookingid": 1408
    },
    {
        "bookingid": 466
    },
    {
        "bookingid": 1458
    },
    {
        "bookingid": 57
    },
    {
        "bookingid": 1474
    },
    {
        "bookingid": 3715
    },
    {
        "bookingid": 82
    },
    {
        "bookingid": 2914
    },
    {
        "bookingid": 2387
    },
    {
        "bookingid": 3035
    },
    {
        "bookingid": 1840
    },
    {
        "bookingid": 1940
    },
    {
        "bookingid": 1265
    },
    {
        "bookingid": 1302
    },
    {
        "bookingid": 2717
    },
    {
        "bookingid": 1801
    },
    {
        "bookingid": 2193
    },
    {
        "bookingid": 112
    },
    {
        "bookingid": 2876
    },
    {
        "bookingid": 939
    },
    {
        "bookingid": 2920
    },
    {
        "bookingid": 3687
    },
    {
        "bookingid": 615
    },
    {
        "bookingid": 1304
    },
    {
        "bookingid": 3414
    },
    {
        "bookingid": 2119
    },
    {
        "bookingid": 3635
    },
    {
        "bookingid": 3859
    },
    {
        "bookingid": 2260
    },
    {
        "bookingid": 1638
    },
    {
        "bookingid": 1016
    },
    {
        "bookingid": 1021
    },
    {
        "bookingid": 3364
    },
    {
        "bookingid": 1913
    },
    {
        "bookingid": 2273
    },
    {
        "bookingid": 3141
    },
    {
        "bookingid": 885
    },
    {
        "bookingid": 34
    },
    {
        "bookingid": 916
    },
    {
        "bookingid": 3516
    },
    {
        "bookingid": 797
    },
    {
        "bookingid": 3280
    },
    {
        "bookingid": 1634
    },
    {
        "bookingid": 133
    },
    {
        "bookingid": 1680
    },
    {
        "bookingid": 729
    },
    {
        "bookingid": 2770
    },
    {
        "bookingid": 581
    },
    {
        "bookingid": 2216
    },
    {
        "bookingid": 1499
    },
    {
        "bookingid": 1339
    },
    {
        "bookingid": 2140
    },
    {
        "bookingid": 1990
    },
    {
        "bookingid": 1910
    },
    {
        "bookingid": 3064
    },
    {
        "bookingid": 3150
    },
    {
        "bookingid": 379
    },
    {
        "bookingid": 4467
    },
    {
        "bookingid": 1263
    },
    {
        "bookingid": 2152
    },
    {
        "bookingid": 426
    },
    {
        "bookingid": 513
    },
    {
        "bookingid": 419
    },
    {
        "bookingid": 467
    },
    {
        "bookingid": 3144
    },
    {
        "bookingid": 2151
    },
    {
        "bookingid": 4138
    },
    {
        "bookingid": 4433
    },
    {
        "bookingid": 2878
    },
    {
        "bookingid": 737
    },
    {
        "bookingid": 3070
    },
    {
        "bookingid": 1847
    },
    {
        "bookingid": 1732
    },
    {
        "bookingid": 3448
    },
    {
        "bookingid": 1599
    },
    {
        "bookingid": 1463
    },
    {
        "bookingid": 724
    },
    {
        "bookingid": 502
    },
    {
        "bookingid": 4377
    },
    {
        "bookingid": 1668
    },
    {
        "bookingid": 2001
    },
    {
        "bookingid": 3439
    },
    {
        "bookingid": 613
    },
    {
        "bookingid": 941
    },
    {
        "bookingid": 3258
    },
    {
        "bookingid": 3175
    },
    {
        "bookingid": 2856
    },
    {
        "bookingid": 3496
    },
    {
        "bookingid": 354
    },
    {
        "bookingid": 27
    },
    {
        "bookingid": 1723
    },
    {
        "bookingid": 1480
    },
    {
        "bookingid": 1657
    },
    {
        "bookingid": 1354
    },
    {
        "bookingid": 213
    },
    {
        "bookingid": 3868
    },
    {
        "bookingid": 569
    },
    {
        "bookingid": 1472
    },
    {
        "bookingid": 2511
    },
    {
        "bookingid": 334
    },
    {
        "bookingid": 3049
    },
    {
        "bookingid": 2975
    },
    {
        "bookingid": 4284
    },
    {
        "bookingid": 1100
    },
    {
        "bookingid": 1772
    },
    {
        "bookingid": 37
    },
    {
        "bookingid": 3012
    },
    {
        "bookingid": 4062
    },
    {
        "bookingid": 2055
    },
    {
        "bookingid": 1515
    },
    {
        "bookingid": 1564
    },
    {
        "bookingid": 1522
    },
    {
        "bookingid": 584
    },
    {
        "bookingid": 2202
    },
    {
        "bookingid": 1819
    },
    {
        "bookingid": 1327
    },
    {
        "bookingid": 1956
    },
    {
        "bookingid": 4327
    },
    {
        "bookingid": 4009
    },
    {
        "bookingid": 93
    },
    {
        "bookingid": 4270
    },
    {
        "bookingid": 3832
    },
    {
        "bookingid": 25
    },
    {
        "bookingid": 2157
    },
    {
        "bookingid": 2951
    },
    {
        "bookingid": 1165
    },
    {
        "bookingid": 4476
    },
    {
        "bookingid": 276
    },
    {
        "bookingid": 117
    },
    {
        "bookingid": 1258
    },
    {
        "bookingid": 969
    },
    {
        "bookingid": 3122
    },
    {
        "bookingid": 1806
    },
    {
        "bookingid": 2526
    },
    {
        "bookingid": 3596
    },
    {
        "bookingid": 849
    },
    {
        "bookingid": 612
    },
    {
        "bookingid": 2496
    },
    {
        "bookingid": 1494
    },
    {
        "bookingid": 1415
    },
    {
        "bookingid": 4512
    },
    {
        "bookingid": 1454
    },
    {
        "bookingid": 448
    },
    {
        "bookingid": 3306
    },
    {
        "bookingid": 1391
    },
    {
        "bookingid": 1639
    },
    {
        "bookingid": 453
    },
    {
        "bookingid": 506
    },
    {
        "bookingid": 499
    },
    {
        "bookingid": 2550
    },
    {
        "bookingid": 4496
    },
    {
        "bookingid": 4193
    },
    {
        "bookingid": 1617
    },
    {
        "bookingid": 3713
    },
    {
        "bookingid": 3626
    },
    {
        "bookingid": 1196
    },
    {
        "bookingid": 3795
    },
    {
        "bookingid": 1810
    },
    {
        "bookingid": 2535
    },
    {
        "bookingid": 910
    },
    {
        "bookingid": 70
    },
    {
        "bookingid": 856
    },
    {
        "bookingid": 1253
    },
    {
        "bookingid": 3154
    },
    {
        "bookingid": 3808
    },
    {
        "bookingid": 4137
    },
    {
        "bookingid": 1955
    },
    {
        "bookingid": 3864
    },
    {
        "bookingid": 3720
    },
    {
        "bookingid": 1389
    },
    {
        "bookingid": 3325
    },
    {
        "bookingid": 3466
    },
    {
        "bookingid": 3249
    },
    {
        "bookingid": 2515
    },
    {
        "bookingid": 2471
    },
    {
        "bookingid": 260
    },
    {
        "bookingid": 1382
    },
    {
        "bookingid": 108
    },
    {
        "bookingid": 2764
    },
    {
        "bookingid": 1075
    },
    {
        "bookingid": 3630
    },
    {
        "bookingid": 2297
    },
    {
        "bookingid": 1579
    },
    {
        "bookingid": 3779
    },
    {
        "bookingid": 3829
    },
    {
        "bookingid": 3433
    },
    {
        "bookingid": 2037
    },
    {
        "bookingid": 616
    },
    {
        "bookingid": 3030
    },
    {
        "bookingid": 435
    },
    {
        "bookingid": 2731
    },
    {
        "bookingid": 3673
    },
    {
        "bookingid": 138
    },
    {
        "bookingid": 2479
    },
    {
        "bookingid": 2773
    },
    {
        "bookingid": 532
    },
    {
        "bookingid": 3820
    },
    {
        "bookingid": 2759
    },
    {
        "bookingid": 2740
    },
    {
        "bookingid": 225
    },
    {
        "bookingid": 3174
    },
    {
        "bookingid": 2092
    },
    {
        "bookingid": 4493
    },
    {
        "bookingid": 4152
    },
    {
        "bookingid": 3170
    },
    {
        "bookingid": 531
    },
    {
        "bookingid": 764
    },
    {
        "bookingid": 1014
    },
    {
        "bookingid": 3541
    },
    {
        "bookingid": 3708
    },
    {
        "bookingid": 2790
    },
    {
        "bookingid": 570
    },
    {
        "bookingid": 2923
    },
    {
        "bookingid": 1010
    },
    {
        "bookingid": 1962
    },
    {
        "bookingid": 4522
    },
    {
        "bookingid": 2537
    },
    {
        "bookingid": 599
    },
    {
        "bookingid": 261
    },
    {
        "bookingid": 3495
    },
    {
        "bookingid": 3318
    },
    {
        "bookingid": 4406
    },
    {
        "bookingid": 1877
    },
    {
        "bookingid": 3591
    },
    {
        "bookingid": 1370
    },
    {
        "bookingid": 1722
    },
    {
        "bookingid": 3034
    },
    {
        "bookingid": 2412
    },
    {
        "bookingid": 2293
    },
    {
        "bookingid": 2979
    },
    {
        "bookingid": 3102
    },
    {
        "bookingid": 3840
    },
    {
        "bookingid": 4470
    },
    {
        "bookingid": 594
    },
    {
        "bookingid": 3392
    },
    {
        "bookingid": 2329
    },
    {
        "bookingid": 3542
    },
    {
        "bookingid": 18
    },
    {
        "bookingid": 3584
    },
    {
        "bookingid": 2841
    },
    {
        "bookingid": 4207
    },
    {
        "bookingid": 4233
    },
    {
        "bookingid": 2750
    },
    {
        "bookingid": 3999
    },
    {
        "bookingid": 1705
    },
    {
        "bookingid": 2126
    },
    {
        "bookingid": 1365
    },
    {
        "bookingid": 4000
    },
    {
        "bookingid": 1627
    },
    {
        "bookingid": 1835
    },
    {
        "bookingid": 1311
    },
    {
        "bookingid": 385
    },
    {
        "bookingid": 1552
    },
    {
        "bookingid": 366
    },
    {
        "bookingid": 311
    },
    {
        "bookingid": 2821
    },
    {
        "bookingid": 2367
    },
    {
        "bookingid": 914
    },
    {
        "bookingid": 1544
    },
    {
        "bookingid": 2451
    },
    {
        "bookingid": 2621
    },
    {
        "bookingid": 2824
    },
    {
        "bookingid": 3901
    },
    {
        "bookingid": 665
    },
    {
        "bookingid": 4441
    },
    {
        "bookingid": 1035
    },
    {
        "bookingid": 2081
    },
    {
        "bookingid": 1456
    },
    {
        "bookingid": 2930
    },
    {
        "bookingid": 1150
    },
    {
        "bookingid": 2111
    },
    {
        "bookingid": 638
    },
    {
        "bookingid": 1712
    },
    {
        "bookingid": 3742
    },
    {
        "bookingid": 3649
    },
    {
        "bookingid": 611
    },
    {
        "bookingid": 1710
    },
    {
        "bookingid": 346
    },
    {
        "bookingid": 2012
    },
    {
        "bookingid": 1687
    },
    {
        "bookingid": 3124
    },
    {
        "bookingid": 3193
    },
    {
        "bookingid": 4219
    },
    {
        "bookingid": 3778
    },
    {
        "bookingid": 2896
    },
    {
        "bookingid": 1560
    },
    {
        "bookingid": 3485
    },
    {
        "bookingid": 3682
    },
    {
        "bookingid": 2779
    },
    {
        "bookingid": 2952
    },
    {
        "bookingid": 3056
    },
    {
        "bookingid": 128
    },
    {
        "bookingid": 2058
    },
    {
        "bookingid": 4336
    },
    {
        "bookingid": 845
    },
    {
        "bookingid": 1583
    },
    {
        "bookingid": 4144
    },
    {
        "bookingid": 921
    },
    {
        "bookingid": 4304
    },
    {
        "bookingid": 3561
    },
    {
        "bookingid": 3529
    },
    {
        "bookingid": 1349
    },
    {
        "bookingid": 2953
    },
    {
        "bookingid": 3063
    },
    {
        "bookingid": 3336
    },
    {
        "bookingid": 3671
    },
    {
        "bookingid": 4070
    },
    {
        "bookingid": 2275
    },
    {
        "bookingid": 4023
    },
    {
        "bookingid": 1631
    },
    {
        "bookingid": 183
    },
    {
        "bookingid": 971
    },
    {
        "bookingid": 2927
    },
    {
        "bookingid": 648
    },
    {
        "bookingid": 2911
    },
    {
        "bookingid": 4039
    },
    {
        "bookingid": 3230
    },
    {
        "bookingid": 4347
    },
    {
        "bookingid": 2664
    },
    {
        "bookingid": 3724
    },
    {
        "bookingid": 2324
    },
    {
        "bookingid": 1043
    },
    {
        "bookingid": 2068
    },
    {
        "bookingid": 1326
    },
    {
        "bookingid": 4046
    },
    {
        "bookingid": 3162
    },
    {
        "bookingid": 4253
    },
    {
        "bookingid": 4431
    },
    {
        "bookingid": 2188
    },
    {
        "bookingid": 3428
    },
    {
        "bookingid": 4150
    },
    {
        "bookingid": 3763
    },
    {
        "bookingid": 751
    },
    {
        "bookingid": 3481
    },
    {
        "bookingid": 3534
    },
    {
        "bookingid": 3099
    },
    {
        "bookingid": 3240
    },
    {
        "bookingid": 3860
    },
    {
        "bookingid": 1492
    },
    {
        "bookingid": 2879
    },
    {
        "bookingid": 3074
    },
    {
        "bookingid": 3618
    },
    {
        "bookingid": 1846
    },
    {
        "bookingid": 2289
    },
    {
        "bookingid": 4424
    },
    {
        "bookingid": 4021
    },
    {
        "bookingid": 4216
    },
    {
        "bookingid": 3747
    },
    {
        "bookingid": 1430
    },
    {
        "bookingid": 2395
    },
    {
        "bookingid": 2847
    },
    {
        "bookingid": 3609
    },
    {
        "bookingid": 377
    },
    {
        "bookingid": 1594
    },
    {
        "bookingid": 1939
    },
    {
        "bookingid": 2736
    },
    {
        "bookingid": 3522
    },
    {
        "bookingid": 1898
    },
    {
        "bookingid": 3040
    },
    {
        "bookingid": 977
    },
    {
        "bookingid": 384
    },
    {
        "bookingid": 585
    },
    {
        "bookingid": 3261
    },
    {
        "bookingid": 857
    },
    {
        "bookingid": 3589
    },
    {
        "bookingid": 1645
    },
    {
        "bookingid": 2153
    },
    {
        "bookingid": 3954
    },
    {
        "bookingid": 3344
    },
    {
        "bookingid": 2477
    },
    {
        "bookingid": 2210
    },
    {
        "bookingid": 2195
    },
    {
        "bookingid": 1212
    },
    {
        "bookingid": 1979
    },
    {
        "bookingid": 2439
    },
    {
        "bookingid": 2134
    },
    {
        "bookingid": 743
    },
    {
        "bookingid": 642
    },
    {
        "bookingid": 1359
    },
    {
        "bookingid": 2989
    },
    {
        "bookingid": 1839
    },
    {
        "bookingid": 1060
    },
    {
        "bookingid": 498
    },
    {
        "bookingid": 2440
    },
    {
        "bookingid": 2176
    },
    {
        "bookingid": 4019
    },
    {
        "bookingid": 1069
    },
    {
        "bookingid": 1149
    },
    {
        "bookingid": 1161
    },
    {
        "bookingid": 3281
    },
    {
        "bookingid": 839
    },
    {
        "bookingid": 2400
    },
    {
        "bookingid": 4243
    },
    {
        "bookingid": 1624
    },
    {
        "bookingid": 4381
    },
    {
        "bookingid": 3601
    },
    {
        "bookingid": 173
    },
    {
        "bookingid": 3151
    },
    {
        "bookingid": 2245
    },
    {
        "bookingid": 1186
    },
    {
        "bookingid": 251
    },
    {
        "bookingid": 1959
    },
    {
        "bookingid": 3733
    },
    {
        "bookingid": 297
    },
    {
        "bookingid": 4454
    },
    {
        "bookingid": 874
    },
    {
        "bookingid": 2963
    },
    {
        "bookingid": 1173
    },
    {
        "bookingid": 2958
    },
    {
        "bookingid": 3753
    },
    {
        "bookingid": 2755
    },
    {
        "bookingid": 2716
    },
    {
        "bookingid": 1092
    },
    {
        "bookingid": 1298
    },
    {
        "bookingid": 3060
    },
    {
        "bookingid": 1739
    },
    {
        "bookingid": 313
    },
    {
        "bookingid": 1610
    },
    {
        "bookingid": 3718
    },
    {
        "bookingid": 4043
    },
    {
        "bookingid": 1080
    },
    {
        "bookingid": 2391
    },
    {
        "bookingid": 428
    },
    {
        "bookingid": 3667
    },
    {
        "bookingid": 3381
    },
    {
        "bookingid": 4339
    },
    {
        "bookingid": 4400
    },
    {
        "bookingid": 4282
    },
    {
        "bookingid": 1469
    },
    {
        "bookingid": 1074
    },
    {
        "bookingid": 151
    },
    {
        "bookingid": 2083
    },
    {
        "bookingid": 494
    },
    {
        "bookingid": 3799
    },
    {
        "bookingid": 4122
    },
    {
        "bookingid": 3372
    },
    {
        "bookingid": 1319
    },
    {
        "bookingid": 1811
    },
    {
        "bookingid": 3951
    },
    {
        "bookingid": 2435
    },
    {
        "bookingid": 4109
    },
    {
        "bookingid": 226
    },
    {
        "bookingid": 1803
    },
    {
        "bookingid": 962
    },
    {
        "bookingid": 270
    },
    {
        "bookingid": 1180
    },
    {
        "bookingid": 3844
    },
    {
        "bookingid": 4491
    },
    {
        "bookingid": 3358
    },
    {
        "bookingid": 1950
    },
    {
        "bookingid": 3289
    },
    {
        "bookingid": 651
    },
    {
        "bookingid": 3475
    },
    {
        "bookingid": 2401
    },
    {
        "bookingid": 2512
    },
    {
        "bookingid": 3362
    },
    {
        "bookingid": 1379
    },
    {
        "bookingid": 250
    },
    {
        "bookingid": 3620
    },
    {
        "bookingid": 2349
    },
    {
        "bookingid": 44
    },
    {
        "bookingid": 1223
    },
    {
        "bookingid": 4051
    },
    {
        "bookingid": 800
    },
    {
        "bookingid": 1316
    },
    {
        "bookingid": 490
    },
    {
        "bookingid": 709
    },
    {
        "bookingid": 3692
    },
    {
        "bookingid": 2972
    },
    {
        "bookingid": 1943
    },
    {
        "bookingid": 1944
    },
    {
        "bookingid": 4244
    },
    {
        "bookingid": 4085
    },
    {
        "bookingid": 187
    },
    {
        "bookingid": 2984
    },
    {
        "bookingid": 1321
    },
    {
        "bookingid": 28
    },
    {
        "bookingid": 1777
    },
    {
        "bookingid": 3308
    },
    {
        "bookingid": 219
    },
    {
        "bookingid": 2603
    },
    {
        "bookingid": 3780
    },
    {
        "bookingid": 2996
    },
    {
        "bookingid": 4100
    },
    {
        "bookingid": 2959
    },
    {
        "bookingid": 2174
    },
    {
        "bookingid": 2566
    },
    {
        "bookingid": 2444
    },
    {
        "bookingid": 2849
    },
    {
        "bookingid": 990
    },
    {
        "bookingid": 198
    },
    {
        "bookingid": 4263
    },
    {
        "bookingid": 2712
    },
    {
        "bookingid": 978
    },
    {
        "bookingid": 3767
    },
    {
        "bookingid": 3937
    },
    {
        "bookingid": 2045
    },
    {
        "bookingid": 71
    },
    {
        "bookingid": 4310
    },
    {
        "bookingid": 2499
    },
    {
        "bookingid": 1467
    },
    {
        "bookingid": 45
    },
    {
        "bookingid": 4063
    },
    {
        "bookingid": 1770
    },
    {
        "bookingid": 1188
    },
    {
        "bookingid": 1746
    },
    {
        "bookingid": 2616
    },
    {
        "bookingid": 2939
    },
    {
        "bookingid": 2925
    },
    {
        "bookingid": 3862
    },
    {
        "bookingid": 882
    },
    {
        "bookingid": 1795
    },
    {
        "bookingid": 690
    },
    {
        "bookingid": 2789
    },
    {
        "bookingid": 3764
    },
    {
        "bookingid": 3449
    },
    {
        "bookingid": 3421
    },
    {
        "bookingid": 2562
    },
    {
        "bookingid": 2053
    },
    {
        "bookingid": 3887
    },
    {
        "bookingid": 1513
    },
    {
        "bookingid": 3383
    },
    {
        "bookingid": 422
    },
    {
        "bookingid": 3794
    },
    {
        "bookingid": 3876
    },
    {
        "bookingid": 376
    },
    {
        "bookingid": 2942
    },
    {
        "bookingid": 1322
    },
    {
        "bookingid": 2915
    },
    {
        "bookingid": 1312
    },
    {
        "bookingid": 3906
    },
    {
        "bookingid": 3109
    },
    {
        "bookingid": 843
    },
    {
        "bookingid": 440
    },
    {
        "bookingid": 4220
    },
    {
        "bookingid": 2268
    },
    {
        "bookingid": 681
    },
    {
        "bookingid": 1872
    },
    {
        "bookingid": 680
    },
    {
        "bookingid": 1625
    },
    {
        "bookingid": 4432
    },
    {
        "bookingid": 418
    },
    {
        "bookingid": 3850
    },
    {
        "bookingid": 3225
    },
    {
        "bookingid": 2228
    },
    {
        "bookingid": 1545
    },
    {
        "bookingid": 2219
    },
    {
        "bookingid": 2019
    },
    {
        "bookingid": 3652
    },
    {
        "bookingid": 1935
    },
    {
        "bookingid": 1775
    },
    {
        "bookingid": 267
    },
    {
        "bookingid": 3085
    },
    {
        "bookingid": 1576
    },
    {
        "bookingid": 2233
    },
    {
        "bookingid": 1289
    },
    {
        "bookingid": 3053
    },
    {
        "bookingid": 4032
    },
    {
        "bookingid": 4038
    },
    {
        "bookingid": 777
    },
    {
        "bookingid": 2968
    },
    {
        "bookingid": 3599
    },
    {
        "bookingid": 4231
    },
    {
        "bookingid": 246
    },
    {
        "bookingid": 1636
    },
    {
        "bookingid": 1884
    },
    {
        "bookingid": 3278
    },
    {
        "bookingid": 2783
    },
    {
        "bookingid": 895
    },
    {
        "bookingid": 3445
    },
    {
        "bookingid": 2809
    },
    {
        "bookingid": 272
    },
    {
        "bookingid": 59
    },
    {
        "bookingid": 3566
    },
    {
        "bookingid": 1731
    },
    {
        "bookingid": 2165
    },
    {
        "bookingid": 4436
    },
    {
        "bookingid": 1411
    },
    {
        "bookingid": 3181
    },
    {
        "bookingid": 505
    },
    {
        "bookingid": 1781
    },
    {
        "bookingid": 880
    },
    {
        "bookingid": 1572
    },
    {
        "bookingid": 4519
    },
    {
        "bookingid": 2269
    },
    {
        "bookingid": 2715
    },
    {
        "bookingid": 3629
    },
    {
        "bookingid": 2026
    },
    {
        "bookingid": 341
    },
    {
        "bookingid": 4391
    },
    {
        "bookingid": 517
    },
    {
        "bookingid": 1376
    },
    {
        "bookingid": 2218
    },
    {
        "bookingid": 3944
    },
    {
        "bookingid": 3410
    },
    {
        "bookingid": 1829
    },
    {
        "bookingid": 1804
    },
    {
        "bookingid": 222
    },
    {
        "bookingid": 672
    },
    {
        "bookingid": 2677
    },
    {
        "bookingid": 3985
    },
    {
        "bookingid": 3643
    },
    {
        "bookingid": 381
    },
    {
        "bookingid": 2629
    },
    {
        "bookingid": 2211
    },
    {
        "bookingid": 2361
    },
    {
        "bookingid": 2243
    },
    {
        "bookingid": 3970
    },
    {
        "bookingid": 1605
    },
    {
        "bookingid": 1584
    },
    {
        "bookingid": 3909
    },
    {
        "bookingid": 1032
    },
    {
        "bookingid": 749
    },
    {
        "bookingid": 3874
    },
    {
        "bookingid": 1924
    },
    {
        "bookingid": 1590
    },
    {
        "bookingid": 1815
    },
    {
        "bookingid": 3042
    },
    {
        "bookingid": 1720
    },
    {
        "bookingid": 3116
    },
    {
        "bookingid": 1606
    },
    {
        "bookingid": 2552
    },
    {
        "bookingid": 4117
    },
    {
        "bookingid": 1108
    },
    {
        "bookingid": 2093
    },
    {
        "bookingid": 4393
    },
    {
        "bookingid": 352
    },
    {
        "bookingid": 445
    },
    {
        "bookingid": 1055
    },
    {
        "bookingid": 1239
    },
    {
        "bookingid": 2159
    },
    {
        "bookingid": 2086
    },
    {
        "bookingid": 2634
    },
    {
        "bookingid": 692
    },
    {
        "bookingid": 4370
    },
    {
        "bookingid": 2406
    },
    {
        "bookingid": 2786
    },
    {
        "bookingid": 4059
    },
    {
        "bookingid": 2223
    },
    {
        "bookingid": 2378
    },
    {
        "bookingid": 1386
    },
    {
        "bookingid": 273
    },
    {
        "bookingid": 2898
    },
    {
        "bookingid": 1001
    },
    {
        "bookingid": 961
    },
    {
        "bookingid": 1371
    },
    {
        "bookingid": 1881
    },
    {
        "bookingid": 182
    },
    {
        "bookingid": 1502
    },
    {
        "bookingid": 637
    },
    {
        "bookingid": 2817
    },
    {
        "bookingid": 559
    },
    {
        "bookingid": 645
    },
    {
        "bookingid": 231
    },
    {
        "bookingid": 1672
    },
    {
        "bookingid": 486
    },
    {
        "bookingid": 4240
    },
    {
        "bookingid": 436
    },
    {
        "bookingid": 4172
    },
    {
        "bookingid": 2924
    },
    {
        "bookingid": 2908
    },
    {
        "bookingid": 62
    },
    {
        "bookingid": 1070
    },
    {
        "bookingid": 101
    },
    {
        "bookingid": 3248
    },
    {
        "bookingid": 2230
    },
    {
        "bookingid": 2246
    },
    {
        "bookingid": 1157
    },
    {
        "bookingid": 2582
    },
    {
        "bookingid": 908
    },
    {
        "bookingid": 2213
    },
    {
        "bookingid": 4228
    },
    {
        "bookingid": 577
    },
    {
        "bookingid": 1057
    },
    {
        "bookingid": 1506
    },
    {
        "bookingid": 13
    },
    {
        "bookingid": 1241
    },
    {
        "bookingid": 1159
    },
    {
        "bookingid": 1542
    },
    {
        "bookingid": 2614
    },
    {
        "bookingid": 3612
    },
    {
        "bookingid": 2900
    },
    {
        "bookingid": 1649
    },
    {
        "bookingid": 3409
    },
    {
        "bookingid": 2676
    },
    {
        "bookingid": 218
    },
    {
        "bookingid": 1958
    },
    {
        "bookingid": 2077
    },
    {
        "bookingid": 2432
    },
    {
        "bookingid": 1295
    },
    {
        "bookingid": 1535
    },
    {
        "bookingid": 1951
    },
    {
        "bookingid": 3086
    },
    {
        "bookingid": 3211
    },
    {
        "bookingid": 3801
    },
    {
        "bookingid": 2571
    },
    {
        "bookingid": 657
    },
    {
        "bookingid": 1779
    },
    {
        "bookingid": 3262
    },
    {
        "bookingid": 3863
    },
    {
        "bookingid": 3701
    },
    {
        "bookingid": 988
    },
    {
        "bookingid": 2864
    },
    {
        "bookingid": 3917
    },
    {
        "bookingid": 3303
    },
    {
        "bookingid": 3666
    },
    {
        "bookingid": 542
    },
    {
        "bookingid": 934
    },
    {
        "bookingid": 300
    },
    {
        "bookingid": 2887
    },
    {
        "bookingid": 3545
    },
    {
        "bookingid": 2209
    },
    {
        "bookingid": 2868
    },
    {
        "bookingid": 1665
    },
    {
        "bookingid": 4341
    },
    {
        "bookingid": 46
    },
    {
        "bookingid": 1257
    },
    {
        "bookingid": 1234
    },
    {
        "bookingid": 1541
    },
    {
        "bookingid": 1451
    },
    {
        "bookingid": 2801
    },
    {
        "bookingid": 2084
    },
    {
        "bookingid": 2601
    },
    {
        "bookingid": 3430
    },
    {
        "bookingid": 1071
    },
    {
        "bookingid": 1446
    },
    {
        "bookingid": 1969
    },
    {
        "bookingid": 4208
    },
    {
        "bookingid": 3508
    },
    {
        "bookingid": 4426
    },
    {
        "bookingid": 4015
    },
    {
        "bookingid": 865
    },
    {
        "bookingid": 3889
    },
    {
        "bookingid": 1558
    },
    {
        "bookingid": 2104
    },
    {
        "bookingid": 91
    },
    {
        "bookingid": 1614
    },
    {
        "bookingid": 3214
    },
    {
        "bookingid": 19
    },
    {
        "bookingid": 2705
    },
    {
        "bookingid": 607
    },
    {
        "bookingid": 4366
    },
    {
        "bookingid": 1268
    },
    {
        "bookingid": 356
    },
    {
        "bookingid": 2120
    },
    {
        "bookingid": 2881
    },
    {
        "bookingid": 3509
    },
    {
        "bookingid": 1086
    },
    {
        "bookingid": 3135
    },
    {
        "bookingid": 601
    },
    {
        "bookingid": 3880
    },
    {
        "bookingid": 1511
    },
    {
        "bookingid": 765
    },
    {
        "bookingid": 1993
    },
    {
        "bookingid": 3721
    },
    {
        "bookingid": 316
    },
    {
        "bookingid": 4258
    },
    {
        "bookingid": 704
    },
    {
        "bookingid": 2433
    },
    {
        "bookingid": 2588
    },
    {
        "bookingid": 544
    },
    {
        "bookingid": 4196
    },
    {
        "bookingid": 2018
    },
    {
        "bookingid": 2132
    },
    {
        "bookingid": 2318
    },
    {
        "bookingid": 1126
    },
    {
        "bookingid": 4411
    },
    {
        "bookingid": 2049
    },
    {
        "bookingid": 244
    },
    {
        "bookingid": 1046
    },
    {
        "bookingid": 2041
    },
    {
        "bookingid": 1547
    },
    {
        "bookingid": 325
    },
    {
        "bookingid": 1344
    },
    {
        "bookingid": 4168
    },
    {
        "bookingid": 459
    },
    {
        "bookingid": 3938
    },
    {
        "bookingid": 811
    },
    {
        "bookingid": 1422
    },
    {
        "bookingid": 2459
    },
    {
        "bookingid": 2128
    },
    {
        "bookingid": 970
    },
    {
        "bookingid": 2661
    },
    {
        "bookingid": 1185
    },
    {
        "bookingid": 2262
    },
    {
        "bookingid": 511
    },
    {
        "bookingid": 2642
    },
    {
        "bookingid": 3919
    },
    {
        "bookingid": 1865
    },
    {
        "bookingid": 3476
    },
    {
        "bookingid": 3875
    },
    {
        "bookingid": 3587
    },
    {
        "bookingid": 1858
    },
    {
        "bookingid": 2029
    },
    {
        "bookingid": 393
    },
    {
        "bookingid": 1448
    },
    {
        "bookingid": 2860
    },
    {
        "bookingid": 1356
    },
    {
        "bookingid": 3771
    },
    {
        "bookingid": 2916
    },
    {
        "bookingid": 889
    },
    {
        "bookingid": 1527
    },
    {
        "bookingid": 2306
    },
    {
        "bookingid": 3315
    },
    {
        "bookingid": 2279
    },
    {
        "bookingid": 399
    },
    {
        "bookingid": 2360
    },
    {
        "bookingid": 1428
    },
    {
        "bookingid": 602
    },
    {
        "bookingid": 3046
    },
    {
        "bookingid": 1573
    },
    {
        "bookingid": 4418
    },
    {
        "bookingid": 363
    },
    {
        "bookingid": 4037
    },
    {
        "bookingid": 2581
    },
    {
        "bookingid": 4484
    },
    {
        "bookingid": 4427
    },
    {
        "bookingid": 4052
    },
    {
        "bookingid": 1930
    },
    {
        "bookingid": 1309
    },
    {
        "bookingid": 4022
    },
    {
        "bookingid": 4498
    },
    {
        "bookingid": 1305
    },
    {
        "bookingid": 4385
    },
    {
        "bookingid": 2855
    },
    {
        "bookingid": 1589
    },
    {
        "bookingid": 322
    },
    {
        "bookingid": 3805
    },
    {
        "bookingid": 2969
    },
    {
        "bookingid": 3990
    },
    {
        "bookingid": 2267
    },
    {
        "bookingid": 925
    },
    {
        "bookingid": 3573
    },
    {
        "bookingid": 277
    },
    {
        "bookingid": 3663
    },
    {
        "bookingid": 2201
    },
    {
        "bookingid": 2671
    },
    {
        "bookingid": 253
    },
    {
        "bookingid": 3825
    },
    {
        "bookingid": 2756
    },
    {
        "bookingid": 3285
    },
    {
        "bookingid": 1501
    },
    {
        "bookingid": 3914
    },
    {
        "bookingid": 3321
    },
    {
        "bookingid": 3104
    },
    {
        "bookingid": 796
    },
    {
        "bookingid": 1400
    },
    {
        "bookingid": 3622
    },
    {
        "bookingid": 3003
    },
    {
        "bookingid": 1423
    },
    {
        "bookingid": 1131
    },
    {
        "bookingid": 2032
    },
    {
        "bookingid": 3991
    },
    {
        "bookingid": 1671
    },
    {
        "bookingid": 872
    },
    {
        "bookingid": 1367
    },
    {
        "bookingid": 3069
    },
    {
        "bookingid": 1626
    },
    {
        "bookingid": 1914
    },
    {
        "bookingid": 3817
    },
    {
        "bookingid": 106
    },
    {
        "bookingid": 3758
    },
    {
        "bookingid": 2427
    },
    {
        "bookingid": 367
    },
    {
        "bookingid": 3580
    },
    {
        "bookingid": 245
    },
    {
        "bookingid": 2560
    },
    {
        "bookingid": 2284
    },
    {
        "bookingid": 66
    },
    {
        "bookingid": 7
    },
    {
        "bookingid": 4075
    },
    {
        "bookingid": 278
    },
    {
        "bookingid": 3425
    },
    {
        "bookingid": 2862
    },
    {
        "bookingid": 3472
    },
    {
        "bookingid": 2606
    },
    {
        "bookingid": 3624
    },
    {
        "bookingid": 2815
    },
    {
        "bookingid": 4345
    },
    {
        "bookingid": 207
    },
    {
        "bookingid": 994
    },
    {
        "bookingid": 3272
    },
    {
        "bookingid": 110
    },
    {
        "bookingid": 1338
    },
    {
        "bookingid": 2472
    },
    {
        "bookingid": 807
    },
    {
        "bookingid": 3020
    },
    {
        "bookingid": 80
    },
    {
        "bookingid": 3669
    },
    {
        "bookingid": 3640
    },
    {
        "bookingid": 2941
    },
    {
        "bookingid": 3082
    },
    {
        "bookingid": 2891
    },
    {
        "bookingid": 4165
    },
    {
        "bookingid": 54
    },
    {
        "bookingid": 1004
    },
    {
        "bookingid": 40
    },
    {
        "bookingid": 2490
    },
    {
        "bookingid": 4419
    },
    {
        "bookingid": 2999
    },
    {
        "bookingid": 4002
    },
    {
        "bookingid": 4132
    },
    {
        "bookingid": 1200
    },
    {
        "bookingid": 310
    },
    {
        "bookingid": 2742
    },
    {
        "bookingid": 1674
    },
    {
        "bookingid": 1003
    },
    {
        "bookingid": 4361
    },
    {
        "bookingid": 1603
    },
    {
        "bookingid": 415
    },
    {
        "bookingid": 2232
    },
    {
        "bookingid": 3929
    },
    {
        "bookingid": 817
    },
    {
        "bookingid": 4306
    },
    {
        "bookingid": 2198
    },
    {
        "bookingid": 2383
    },
    {
        "bookingid": 400
    },
    {
        "bookingid": 4497
    },
    {
        "bookingid": 2912
    },
    {
        "bookingid": 4186
    },
    {
        "bookingid": 2062
    },
    {
        "bookingid": 3686
    },
    {
        "bookingid": 2031
    },
    {
        "bookingid": 17
    },
    {
        "bookingid": 3090
    },
    {
        "bookingid": 3370
    },
    {
        "bookingid": 1410
    },
    {
        "bookingid": 1821
    },
    {
        "bookingid": 2370
    },
    {
        "bookingid": 2613
    },
    {
        "bookingid": 2837
    },
    {
        "bookingid": 4202
    },
    {
        "bookingid": 63
    },
    {
        "bookingid": 2005
    },
    {
        "bookingid": 2148
    },
    {
        "bookingid": 4111
    },
    {
        "bookingid": 1824
    },
    {
        "bookingid": 243
    },
    {
        "bookingid": 2697
    },
    {
        "bookingid": 3870
    },
    {
        "bookingid": 2752
    },
    {
        "bookingid": 2902
    },
    {
        "bookingid": 1307
    },
    {
        "bookingid": 3913
    },
    {
        "bookingid": 369
    },
    {
        "bookingid": 878
    },
    {
        "bookingid": 750
    },
    {
        "bookingid": 170
    },
    {
        "bookingid": 1184
    },
    {
        "bookingid": 4365
    },
    {
        "bookingid": 790
    },
    {
        "bookingid": 233
    },
    {
        "bookingid": 405
    },
    {
        "bookingid": 4057
    },
    {
        "bookingid": 1407
    },
    {
        "bookingid": 3202
    },
    {
        "bookingid": 4093
    },
    {
        "bookingid": 4271
    },
    {
        "bookingid": 998
    },
    {
        "bookingid": 3304
    },
    {
        "bookingid": 1232
    },
    {
        "bookingid": 3197
    },
    {
        "bookingid": 1500
    },
    {
        "bookingid": 2569
    },
    {
        "bookingid": 2097
    },
    {
        "bookingid": 772
    },
    {
        "bookingid": 727
    },
    {
        "bookingid": 1790
    },
    {
        "bookingid": 1972
    },
    {
        "bookingid": 1554
    },
    {
        "bookingid": 3856
    },
    {
        "bookingid": 801
    },
    {
        "bookingid": 553
    },
    {
        "bookingid": 2069
    },
    {
        "bookingid": 2799
    },
    {
        "bookingid": 1169
    },
    {
        "bookingid": 3427
    },
    {
        "bookingid": 2753
    },
    {
        "bookingid": 688
    },
    {
        "bookingid": 2825
    },
    {
        "bookingid": 3218
    },
    {
        "bookingid": 1695
    },
    {
        "bookingid": 3847
    },
    {
        "bookingid": 2163
    },
    {
        "bookingid": 3355
    },
    {
        "bookingid": 3980
    },
    {
        "bookingid": 555
    },
    {
        "bookingid": 2394
    },
    {
        "bookingid": 3567
    },
    {
        "bookingid": 2816
    },
    {
        "bookingid": 1836
    },
    {
        "bookingid": 1539
    },
    {
        "bookingid": 2345
    },
    {
        "bookingid": 2531
    },
    {
        "bookingid": 827
    },
    {
        "bookingid": 1826
    },
    {
        "bookingid": 676
    },
    {
        "bookingid": 2497
    },
    {
        "bookingid": 3948
    },
    {
        "bookingid": 1691
    },
    {
        "bookingid": 869
    },
    {
        "bookingid": 2099
    },
    {
        "bookingid": 844
    },
    {
        "bookingid": 2468
    },
    {
        "bookingid": 4373
    },
    {
        "bookingid": 4177
    },
    {
        "bookingid": 3004
    },
    {
        "bookingid": 1792
    },
    {
        "bookingid": 4517
    },
    {
        "bookingid": 1961
    },
    {
        "bookingid": 1380
    },
    {
        "bookingid": 1717
    },
    {
        "bookingid": 2565
    },
    {
        "bookingid": 6
    },
    {
        "bookingid": 1531
    },
    {
        "bookingid": 875
    },
    {
        "bookingid": 1764
    },
    {
        "bookingid": 3565
    },
    {
        "bookingid": 2852
    },
    {
        "bookingid": 2292
    },
    {
        "bookingid": 4020
    },
    {
        "bookingid": 1136
    },
    {
        "bookingid": 3714
    },
    {
        "bookingid": 4247
    },
    {
        "bookingid": 3637
    },
    {
        "bookingid": 4105
    },
    {
        "bookingid": 1737
    },
    {
        "bookingid": 1932
    },
    {
        "bookingid": 4171
    },
    {
        "bookingid": 1490
    },
    {
        "bookingid": 2525
    },
    {
        "bookingid": 980
    },
    {
        "bookingid": 4128
    },
    {
        "bookingid": 979
    },
    {
        "bookingid": 1978
    },
    {
        "bookingid": 1738
    },
    {
        "bookingid": 3339
    },
    {
        "bookingid": 2985
    },
    {
        "bookingid": 64
    },
    {
        "bookingid": 3785
    },
    {
        "bookingid": 587
    },
    {
        "bookingid": 2184
    },
    {
        "bookingid": 706
    },
    {
        "bookingid": 283
    },
    {
        "bookingid": 1822
    },
    {
        "bookingid": 1984
    },
    {
        "bookingid": 4242
    },
    {
        "bookingid": 2830
    },
    {
        "bookingid": 3706
    },
    {
        "bookingid": 2307
    },
    {
        "bookingid": 16
    },
    {
        "bookingid": 339
    },
    {
        "bookingid": 1820
    },
    {
        "bookingid": 148
    },
    {
        "bookingid": 4156
    },
    {
        "bookingid": 3853
    },
    {
        "bookingid": 451
    },
    {
        "bookingid": 1008
    },
    {
        "bookingid": 113
    },
    {
        "bookingid": 1885
    },
    {
        "bookingid": 785
    },
    {
        "bookingid": 3080
    },
    {
        "bookingid": 4159
    },
    {
        "bookingid": 420
    },
    {
        "bookingid": 2179
    },
    {
        "bookingid": 1475
    },
    {
        "bookingid": 4123
    },
    {
        "bookingid": 3821
    },
    {
        "bookingid": 3894
    },
    {
        "bookingid": 1276
    },
    {
        "bookingid": 2409
    },
    {
        "bookingid": 2719
    },
    {
        "bookingid": 2633
    },
    {
        "bookingid": 2507
    },
    {
        "bookingid": 4329
    },
    {
        "bookingid": 2185
    },
    {
        "bookingid": 2085
    },
    {
        "bookingid": 1033
    },
    {
        "bookingid": 1859
    },
    {
        "bookingid": 4273
    },
    {
        "bookingid": 1054
    },
    {
        "bookingid": 2520
    },
    {
        "bookingid": 2498
    },
    {
        "bookingid": 3676
    },
    {
        "bookingid": 1238
    },
    {
        "bookingid": 3559
    },
    {
        "bookingid": 3736
    },
    {
        "bookingid": 1373
    },
    {
        "bookingid": 1221
    },
    {
        "bookingid": 996
    },
    {
        "bookingid": 4316
    },
    {
        "bookingid": 3228
    },
    {
        "bookingid": 3815
    },
    {
        "bookingid": 1277
    },
    {
        "bookingid": 3977
    },
    {
        "bookingid": 2873
    },
    {
        "bookingid": 1536
    },
    {
        "bookingid": 3905
    },
    {
        "bookingid": 335
    },
    {
        "bookingid": 3548
    },
    {
        "bookingid": 2777
    },
    {
        "bookingid": 378
    },
    {
        "bookingid": 1566
    },
    {
        "bookingid": 3910
    },
    {
        "bookingid": 1081
    },
    {
        "bookingid": 3515
    },
    {
        "bookingid": 2295
    },
    {
        "bookingid": 1876
    },
    {
        "bookingid": 265
    },
    {
        "bookingid": 666
    },
    {
        "bookingid": 1785
    },
    {
        "bookingid": 596
    },
    {
        "bookingid": 237
    },
    {
        "bookingid": 3569
    },
    {
        "bookingid": 1416
    },
    {
        "bookingid": 65
    },
    {
        "bookingid": 2283
    },
    {
        "bookingid": 4516
    },
    {
        "bookingid": 3117
    },
    {
        "bookingid": 554
    },
    {
        "bookingid": 3143
    },
    {
        "bookingid": 160
    },
    {
        "bookingid": 3101
    },
    {
        "bookingid": 3479
    },
    {
        "bookingid": 3334
    },
    {
        "bookingid": 4443
    },
    {
        "bookingid": 1434
    },
    {
        "bookingid": 4249
    },
    {
        "bookingid": 463
    },
    {
        "bookingid": 53
    },
    {
        "bookingid": 4204
    },
    {
        "bookingid": 1247
    },
    {
        "bookingid": 4446
    },
    {
        "bookingid": 2364
    },
    {
        "bookingid": 2493
    },
    {
        "bookingid": 2940
    },
    {
        "bookingid": 1310
    },
    {
        "bookingid": 3024
    },
    {
        "bookingid": 2656
    },
    {
        "bookingid": 4278
    },
    {
        "bookingid": 775
    },
    {
        "bookingid": 3546
    },
    {
        "bookingid": 1505
    },
    {
        "bookingid": 2078
    },
    {
        "bookingid": 551
    },
    {
        "bookingid": 677
    },
    {
        "bookingid": 2711
    },
    {
        "bookingid": 3388
    },
    {
        "bookingid": 411
    },
    {
        "bookingid": 3979
    },
    {
        "bookingid": 1087
    },
    {
        "bookingid": 3775
    },
    {
        "bookingid": 2686
    },
    {
        "bookingid": 68
    },
    {
        "bookingid": 1886
    },
    {
        "bookingid": 3033
    },
    {
        "bookingid": 1988
    },
    {
        "bookingid": 1438
    },
    {
        "bookingid": 1473
    },
    {
        "bookingid": 1425
    },
    {
        "bookingid": 3264
    },
    {
        "bookingid": 1725
    },
    {
        "bookingid": 3707
    },
    {
        "bookingid": 4103
    },
    {
        "bookingid": 3134
    },
    {
        "bookingid": 2434
    },
    {
        "bookingid": 1834
    },
    {
        "bookingid": 1233
    },
    {
        "bookingid": 1340
    },
    {
        "bookingid": 2885
    },
    {
        "bookingid": 1568
    },
    {
        "bookingid": 852
    },
    {
        "bookingid": 3793
    },
    {
        "bookingid": 564
    },
    {
        "bookingid": 3679
    },
    {
        "bookingid": 1101
    },
    {
        "bookingid": 3243
    },
    {
        "bookingid": 454
    },
    {
        "bookingid": 815
    },
    {
        "bookingid": 4340
    },
    {
        "bookingid": 2461
    },
    {
        "bookingid": 120
    },
    {
        "bookingid": 1866
    },
    {
        "bookingid": 3955
    },
    {
        "bookingid": 824
    },
    {
        "bookingid": 1199
    },
    {
        "bookingid": 360
    },
    {
        "bookingid": 2090
    },
    {
        "bookingid": 3806
    },
    {
        "bookingid": 3274
    },
    {
        "bookingid": 2446
    },
    {
        "bookingid": 3699
    },
    {
        "bookingid": 167
    },
    {
        "bookingid": 1115
    },
    {
        "bookingid": 1523
    },
    {
        "bookingid": 3688
    },
    {
        "bookingid": 78
    },
    {
        "bookingid": 481
    },
    {
        "bookingid": 736
    },
    {
        "bookingid": 707
    },
    {
        "bookingid": 1648
    },
    {
        "bookingid": 123
    },
    {
        "bookingid": 3277
    },
    {
        "bookingid": 2002
    },
    {
        "bookingid": 3394
    },
    {
        "bookingid": 2543
    },
    {
        "bookingid": 1602
    },
    {
        "bookingid": 1187
    },
    {
        "bookingid": 1028
    },
    {
        "bookingid": 1049
    },
    {
        "bookingid": 595
    },
    {
        "bookingid": 3182
    },
    {
        "bookingid": 744
    },
    {
        "bookingid": 4110
    },
    {
        "bookingid": 2372
    },
    {
        "bookingid": 4450
    },
    {
        "bookingid": 2728
    },
    {
        "bookingid": 1170
    },
    {
        "bookingid": 2831
    },
    {
        "bookingid": 3898
    },
    {
        "bookingid": 1791
    },
    {
        "bookingid": 3595
    },
    {
        "bookingid": 3921
    },
    {
        "bookingid": 442
    },
    {
        "bookingid": 295
    },
    {
        "bookingid": 439
    },
    {
        "bookingid": 1203
    },
    {
        "bookingid": 3586
    },
    {
        "bookingid": 3463
    },
    {
        "bookingid": 3298
    },
    {
        "bookingid": 2221
    },
    {
        "bookingid": 3311
    },
    {
        "bookingid": 42
    },
    {
        "bookingid": 2647
    },
    {
        "bookingid": 1909
    },
    {
        "bookingid": 1317
    },
    {
        "bookingid": 847
    },
    {
        "bookingid": 2481
    },
    {
        "bookingid": 3097
    },
    {
        "bookingid": 2131
    },
    {
        "bookingid": 2417
    },
    {
        "bookingid": 3460
    },
    {
        "bookingid": 100
    },
    {
        "bookingid": 3199
    },
    {
        "bookingid": 3340
    },
    {
        "bookingid": 2685
    },
    {
        "bookingid": 2675
    },
    {
        "bookingid": 1664
    },
    {
        "bookingid": 2259
    },
    {
        "bookingid": 285
    },
    {
        "bookingid": 3019
    },
    {
        "bookingid": 140
    },
    {
        "bookingid": 69
    },
    {
        "bookingid": 1026
    },
    {
        "bookingid": 1058
    },
    {
        "bookingid": 4189
    },
    {
        "bookingid": 3188
    },
    {
        "bookingid": 1318
    },
    {
        "bookingid": 1398
    },
    {
        "bookingid": 171
    },
    {
        "bookingid": 3632
    },
    {
        "bookingid": 456
    },
    {
        "bookingid": 3347
    },
    {
        "bookingid": 1481
    },
    {
        "bookingid": 2294
    },
    {
        "bookingid": 2352
    },
    {
        "bookingid": 1728
    },
    {
        "bookingid": 893
    },
    {
        "bookingid": 3330
    },
    {
        "bookingid": 1974
    },
    {
        "bookingid": 1154
    },
    {
        "bookingid": 1707
    },
    {
        "bookingid": 349
    },
    {
        "bookingid": 4077
    },
    {
        "bookingid": 319
    },
    {
        "bookingid": 1765
    },
    {
        "bookingid": 1134
    },
    {
        "bookingid": 3391
    },
    {
        "bookingid": 769
    },
    {
        "bookingid": 959
    },
    {
        "bookingid": 3171
    },
    {
        "bookingid": 2033
    },
    {
        "bookingid": 2607
    },
    {
        "bookingid": 1607
    },
    {
        "bookingid": 3677
    },
    {
        "bookingid": 723
    },
    {
        "bookingid": 2485
    },
    {
        "bookingid": 2528
    },
    {
        "bookingid": 2240
    },
    {
        "bookingid": 1642
    },
    {
        "bookingid": 881
    },
    {
        "bookingid": 4147
    },
    {
        "bookingid": 3366
    },
    {
        "bookingid": 2281
    },
    {
        "bookingid": 2014
    },
    {
        "bookingid": 3831
    },
    {
        "bookingid": 1038
    },
    {
        "bookingid": 3290
    },
    {
        "bookingid": 165
    },
    {
        "bookingid": 1563
    },
    {
        "bookingid": 3010
    },
    {
        "bookingid": 608
    },
    {
        "bookingid": 2678
    },
    {
        "bookingid": 2840
    },
    {
        "bookingid": 4003
    },
    {
        "bookingid": 2650
    },
    {
        "bookingid": 1588
    },
    {
        "bookingid": 794
    },
    {
        "bookingid": 408
    },
    {
        "bookingid": 2516
    },
    {
        "bookingid": 1701
    },
    {
        "bookingid": 2043
    },
    {
        "bookingid": 4237
    },
    {
        "bookingid": 357
    },
    {
        "bookingid": 1020
    },
    {
        "bookingid": 431
    },
    {
        "bookingid": 928
    },
    {
        "bookingid": 1845
    },
    {
        "bookingid": 3191
    },
    {
        "bookingid": 1991
    },
    {
        "bookingid": 4472
    },
    {
        "bookingid": 1006
    },
    {
        "bookingid": 2822
    },
    {
        "bookingid": 288
    },
    {
        "bookingid": 4254
    },
    {
        "bookingid": 3583
    },
    {
        "bookingid": 2977
    },
    {
        "bookingid": 3244
    },
    {
        "bookingid": 1167
    },
    {
        "bookingid": 1945
    },
    {
        "bookingid": 1565
    },
    {
        "bookingid": 3155
    },
    {
        "bookingid": 4087
    },
    {
        "bookingid": 1518
    },
    {
        "bookingid": 2397
    },
    {
        "bookingid": 4
    },
    {
        "bookingid": 2593
    },
    {
        "bookingid": 1848
    },
    {
        "bookingid": 2327
    },
    {
        "bookingid": 686
    },
    {
        "bookingid": 1733
    },
    {
        "bookingid": 4379
    },
    {
        "bookingid": 3266
    },
    {
        "bookingid": 3895
    },
    {
        "bookingid": 2388
    },
    {
        "bookingid": 271
    },
    {
        "bookingid": 1612
    },
    {
        "bookingid": 2701
    },
    {
        "bookingid": 1031
    },
    {
        "bookingid": 3750
    },
    {
        "bookingid": 3920
    },
    {
        "bookingid": 3748
    },
    {
        "bookingid": 2161
    },
    {
        "bookingid": 2280
    },
    {
        "bookingid": 1967
    },
    {
        "bookingid": 4275
    },
    {
        "bookingid": 4201
    },
    {
        "bookingid": 1818
    },
    {
        "bookingid": 4148
    },
    {
        "bookingid": 898
    },
    {
        "bookingid": 1439
    },
    {
        "bookingid": 4437
    },
    {
        "bookingid": 4483
    },
    {
        "bookingid": 2022
    },
    {
        "bookingid": 3490
    },
    {
        "bookingid": 628
    },
    {
        "bookingid": 290
    },
    {
        "bookingid": 4386
    },
    {
        "bookingid": 29
    },
    {
        "bookingid": 301
    },
    {
        "bookingid": 1530
    },
    {
        "bookingid": 2994
    },
    {
        "bookingid": 164
    },
    {
        "bookingid": 1754
    },
    {
        "bookingid": 1812
    },
    {
        "bookingid": 1197
    },
    {
        "bookingid": 2059
    },
    {
        "bookingid": 3079
    },
    {
        "bookingid": 851
    },
    {
        "bookingid": 4520
    },
    {
        "bookingid": 3417
    },
    {
        "bookingid": 2649
    },
    {
        "bookingid": 1786
    },
    {
        "bookingid": 2405
    },
    {
        "bookingid": 4510
    },
    {
        "bookingid": 3073
    },
    {
        "bookingid": 1426
    },
    {
        "bookingid": 4160
    },
    {
        "bookingid": 3752
    },
    {
        "bookingid": 4108
    },
    {
        "bookingid": 2241
    },
    {
        "bookingid": 1540
    },
    {
        "bookingid": 4322
    },
    {
        "bookingid": 2382
    },
    {
        "bookingid": 1220
    },
    {
        "bookingid": 90
    },
    {
        "bookingid": 1986
    },
    {
        "bookingid": 3401
    },
    {
        "bookingid": 4489
    },
    {
        "bookingid": 4331
    },
    {
        "bookingid": 1328
    },
    {
        "bookingid": 3770
    },
    {
        "bookingid": 1065
    },
    {
        "bookingid": 591
    },
    {
        "bookingid": 4349
    },
    {
        "bookingid": 3418
    },
    {
        "bookingid": 3128
    },
    {
        "bookingid": 1663
    },
    {
        "bookingid": 3205
    },
    {
        "bookingid": 2
    },
    {
        "bookingid": 336
    },
    {
        "bookingid": 3749
    },
    {
        "bookingid": 3971
    },
    {
        "bookingid": 3786
    },
    {
        "bookingid": 1512
    },
    {
        "bookingid": 1273
    },
    {
        "bookingid": 4257
    },
    {
        "bookingid": 1529
    },
    {
        "bookingid": 1280
    },
    {
        "bookingid": 1179
    },
    {
        "bookingid": 3005
    },
    {
        "bookingid": 3300
    },
    {
        "bookingid": 2521
    },
    {
        "bookingid": 943
    },
    {
        "bookingid": 1922
    },
    {
        "bookingid": 808
    },
    {
        "bookingid": 174
    },
    {
        "bookingid": 2630
    },
    {
        "bookingid": 632
    },
    {
        "bookingid": 135
    },
    {
        "bookingid": 2709
    },
    {
        "bookingid": 3125
    },
    {
        "bookingid": 3934
    },
    {
        "bookingid": 4018
    },
    {
        "bookingid": 1112
    },
    {
        "bookingid": 1230
    },
    {
        "bookingid": 2987
    },
    {
        "bookingid": 2487
    },
    {
        "bookingid": 3208
    },
    {
        "bookingid": 3827
    },
    {
        "bookingid": 1037
    },
    {
        "bookingid": 8
    },
    {
        "bookingid": 1641
    },
    {
        "bookingid": 2369
    },
    {
        "bookingid": 1052
    },
    {
        "bookingid": 812
    },
    {
        "bookingid": 4460
    },
    {
        "bookingid": 3312
    },
    {
        "bookingid": 3499
    },
    {
        "bookingid": 2746
    },
    {
        "bookingid": 2986
    },
    {
        "bookingid": 4086
    },
    {
        "bookingid": 10
    },
    {
        "bookingid": 3727
    },
    {
        "bookingid": 1334
    },
    {
        "bookingid": 1580
    },
    {
        "bookingid": 2604
    },
    {
        "bookingid": 1954
    },
    {
        "bookingid": 3751
    },
    {
        "bookingid": 3389
    },
    {
        "bookingid": 489
    },
    {
        "bookingid": 2672
    },
    {
        "bookingid": 3700
    },
    {
        "bookingid": 3450
    },
    {
        "bookingid": 1034
    },
    {
        "bookingid": 9
    },
    {
        "bookingid": 304
    },
    {
        "bookingid": 3160
    },
    {
        "bookingid": 1485
    },
    {
        "bookingid": 1798
    },
    {
        "bookingid": 2918
    },
    {
        "bookingid": 860
    },
    {
        "bookingid": 81
    },
    {
        "bookingid": 3719
    },
    {
        "bookingid": 3960
    },
    {
        "bookingid": 3633
    },
    {
        "bookingid": 4035
    },
    {
        "bookingid": 2392
    },
    {
        "bookingid": 2009
    },
    {
        "bookingid": 2146
    },
    {
        "bookingid": 156
    },
    {
        "bookingid": 4485
    },
    {
        "bookingid": 1966
    },
    {
        "bookingid": 2340
    },
    {
        "bookingid": 2314
    },
    {
        "bookingid": 4091
    },
    {
        "bookingid": 3997
    },
    {
        "bookingid": 1163
    },
    {
        "bookingid": 2478
    },
    {
        "bookingid": 2025
    },
    {
        "bookingid": 22
    },
    {
        "bookingid": 1587
    },
    {
        "bookingid": 2662
    },
    {
        "bookingid": 831
    },
    {
        "bookingid": 1869
    },
    {
        "bookingid": 2109
    },
    {
        "bookingid": 2423
    },
    {
        "bookingid": 3564
    },
    {
        "bookingid": 286
    },
    {
        "bookingid": 1852
    },
    {
        "bookingid": 3054
    },
    {
        "bookingid": 2763
    },
    {
        "bookingid": 4010
    },
    {
        "bookingid": 4239
    },
    {
        "bookingid": 2806
    },
    {
        "bookingid": 1854
    },
    {
        "bookingid": 861
    },
    {
        "bookingid": 778
    },
    {
        "bookingid": 1994
    },
    {
        "bookingid": 3361
    },
    {
        "bookingid": 2379
    },
    {
        "bookingid": 1543
    },
    {
        "bookingid": 1521
    },
    {
        "bookingid": 2710
    },
    {
        "bookingid": 993
    },
    {
        "bookingid": 2946
    },
    {
        "bookingid": 2021
    },
    {
        "bookingid": 3662
    },
    {
        "bookingid": 421
    },
    {
        "bookingid": 1064
    },
    {
        "bookingid": 3743
    },
    {
        "bookingid": 130
    },
    {
        "bookingid": 1017
    },
    {
        "bookingid": 522
    },
    {
        "bookingid": 3287
    },
    {
        "bookingid": 4324
    },
    {
        "bookingid": 2206
    },
    {
        "bookingid": 4371
    },
    {
        "bookingid": 434
    },
    {
        "bookingid": 3342
    },
    {
        "bookingid": 99
    },
    {
        "bookingid": 3760
    },
    {
        "bookingid": 2610
    },
    {
        "bookingid": 86
    },
    {
        "bookingid": 701
    },
    {
        "bookingid": 4028
    },
    {
        "bookingid": 4114
    },
    {
        "bookingid": 3319
    },
    {
        "bookingid": 1656
    },
    {
        "bookingid": 39
    },
    {
        "bookingid": 3869
    },
    {
        "bookingid": 920
    },
    {
        "bookingid": 2420
    },
    {
        "bookingid": 1383
    },
    {
        "bookingid": 1417
    },
    {
        "bookingid": 2416
    },
    {
        "bookingid": 4209
    },
    {
        "bookingid": 3397
    },
    {
        "bookingid": 950
    },
    {
        "bookingid": 4350
    },
    {
        "bookingid": 1704
    },
    {
        "bookingid": 4456
    },
    {
        "bookingid": 2503
    },
    {
        "bookingid": 2065
    },
    {
        "bookingid": 3987
    },
    {
        "bookingid": 1361
    },
    {
        "bookingid": 2871
    },
    {
        "bookingid": 3436
    },
    {
        "bookingid": 2619
    },
    {
        "bookingid": 3757
    },
    {
        "bookingid": 4066
    },
    {
        "bookingid": 3746
    },
    {
        "bookingid": 2106
    },
    {
        "bookingid": 3627
    },
    {
        "bookingid": 2047
    },
    {
        "bookingid": 3350
    },
    {
        "bookingid": 2476
    },
    {
        "bookingid": 2620
    },
    {
        "bookingid": 3493
    },
    {
        "bookingid": 2338
    },
    {
        "bookingid": 2453
    },
    {
        "bookingid": 4357
    },
    {
        "bookingid": 3190
    },
    {
        "bookingid": 3018
    },
    {
        "bookingid": 3411
    },
    {
        "bookingid": 3077
    },
    {
        "bookingid": 1283
    },
    {
        "bookingid": 1351
    },
    {
        "bookingid": 4363
    },
    {
        "bookingid": 50
    },
    {
        "bookingid": 478
    },
    {
        "bookingid": 4195
    },
    {
        "bookingid": 1175
    },
    {
        "bookingid": 574
    },
    {
        "bookingid": 3915
    },
    {
        "bookingid": 3442
    },
    {
        "bookingid": 1403
    },
    {
        "bookingid": 370
    },
    {
        "bookingid": 788
    },
    {
        "bookingid": 4465
    },
    {
        "bookingid": 3292
    },
    {
        "bookingid": 3854
    },
    {
        "bookingid": 2626
    },
    {
        "bookingid": 2414
    },
    {
        "bookingid": 4268
    },
    {
        "bookingid": 1285
    },
    {
        "bookingid": 1960
    },
    {
        "bookingid": 4397
    },
    {
        "bookingid": 2893
    },
    {
        "bookingid": 3215
    },
    {
        "bookingid": 1366
    },
    {
        "bookingid": 3337
    },
    {
        "bookingid": 1567
    },
    {
        "bookingid": 2761
    },
    {
        "bookingid": 2813
    },
    {
        "bookingid": 1041
    },
    {
        "bookingid": 3604
    },
    {
        "bookingid": 2839
    },
    {
        "bookingid": 4250
    },
    {
        "bookingid": 1171
    },
    {
        "bookingid": 2475
    },
    {
        "bookingid": 2867
    },
    {
        "bookingid": 4290
    },
    {
        "bookingid": 3284
    },
    {
        "bookingid": 2519
    },
    {
        "bookingid": 396
    },
    {
        "bookingid": 679
    },
    {
        "bookingid": 395
    },
    {
        "bookingid": 512
    },
    {
        "bookingid": 2426
    },
    {
        "bookingid": 125
    },
    {
        "bookingid": 206
    },
    {
        "bookingid": 4135
    },
    {
        "bookingid": 3836
    },
    {
        "bookingid": 3236
    },
    {
        "bookingid": 1198
    },
    {
        "bookingid": 3539
    },
    {
        "bookingid": 3138
    },
    {
        "bookingid": 3952
    },
    {
        "bookingid": 2792
    },
    {
        "bookingid": 2682
    },
    {
        "bookingid": 4222
    },
    {
        "bookingid": 3602
    },
    {
        "bookingid": 634
    },
    {
        "bookingid": 2578
    },
    {
        "bookingid": 264
    },
    {
        "bookingid": 3641
    },
    {
        "bookingid": 763
    },
    {
        "bookingid": 4166
    },
    {
        "bookingid": 2883
    },
    {
        "bookingid": 2572
    },
    {
        "bookingid": 1151
    },
    {
        "bookingid": 1679
    },
    {
        "bookingid": 3582
    },
    {
        "bookingid": 3773
    },
    {
        "bookingid": 883
    },
    {
        "bookingid": 580
    },
    {
        "bookingid": 1222
    },
    {
        "bookingid": 2438
    },
    {
        "bookingid": 1209
    },
    {
        "bookingid": 2038
    },
    {
        "bookingid": 2373
    },
    {
        "bookingid": 1888
    },
    {
        "bookingid": 1856
    },
    {
        "bookingid": 487
    },
    {
        "bookingid": 4120
    },
    {
        "bookingid": 3972
    },
    {
        "bookingid": 3132
    },
    {
        "bookingid": 3789
    },
    {
        "bookingid": 3251
    },
    {
        "bookingid": 2544
    },
    {
        "bookingid": 2235
    },
    {
        "bookingid": 3006
    },
    {
        "bookingid": 220
    },
    {
        "bookingid": 386
    },
    {
        "bookingid": 4125
    },
    {
        "bookingid": 4352
    },
    {
        "bookingid": 4102
    },
    {
        "bookingid": 2130
    },
    {
        "bookingid": 3570
    },
    {
        "bookingid": 3454
    },
    {
        "bookingid": 3959
    },
    {
        "bookingid": 3693
    },
    {
        "bookingid": 1141
    },
    {
        "bookingid": 2312
    },
    {
        "bookingid": 4343
    },
    {
        "bookingid": 3296
    },
    {
        "bookingid": 3899
    },
    {
        "bookingid": 3512
    },
    {
        "bookingid": 1056
    },
    {
        "bookingid": 3616
    },
    {
        "bookingid": 185
    },
    {
        "bookingid": 1479
    },
    {
        "bookingid": 2044
    },
    {
        "bookingid": 4440
    },
    {
        "bookingid": 533
    },
    {
        "bookingid": 1088
    },
    {
        "bookingid": 3469
    },
    {
        "bookingid": 3932
    },
    {
        "bookingid": 2321
    },
    {
        "bookingid": 3229
    },
    {
        "bookingid": 1628
    },
    {
        "bookingid": 946
    },
    {
        "bookingid": 2006
    },
    {
        "bookingid": 2123
    },
    {
        "bookingid": 3027
    },
    {
        "bookingid": 3178
    },
    {
        "bookingid": 323
    },
    {
        "bookingid": 2337
    },
    {
        "bookingid": 2291
    },
    {
        "bookingid": 3702
    },
    {
        "bookingid": 2139
    },
    {
        "bookingid": 1689
    },
    {
        "bookingid": 4482
    },
    {
        "bookingid": 2238
    },
    {
        "bookingid": 3021
    },
    {
        "bookingid": 2118
    },
    {
        "bookingid": 858
    },
    {
        "bookingid": 1574
    },
    {
        "bookingid": 2667
    },
    {
        "bookingid": 758
    },
    {
        "bookingid": 2332
    },
    {
        "bookingid": 1714
    },
    {
        "bookingid": 2489
    },
    {
        "bookingid": 3651
    },
    {
        "bookingid": 3164
    },
    {
        "bookingid": 691
    },
    {
        "bookingid": 3420
    },
    {
        "bookingid": 2484
    },
    {
        "bookingid": 4170
    },
    {
        "bookingid": 2782
    },
    {
        "bookingid": 2413
    },
    {
        "bookingid": 3648
    },
    {
        "bookingid": 3322
    },
    {
        "bookingid": 3498
    },
    {
        "bookingid": 2253
    },
    {
        "bookingid": 1437
    },
    {
        "bookingid": 3730
    },
    {
        "bookingid": 500
    },
    {
        "bookingid": 2767
    },
    {
        "bookingid": 317
    },
    {
        "bookingid": 2258
    },
    {
        "bookingid": 2690
    },
    {
        "bookingid": 1524
    },
    {
        "bookingid": 576
    },
    {
        "bookingid": 239
    },
    {
        "bookingid": 2020
    },
    {
        "bookingid": 1975
    },
    {
        "bookingid": 43
    },
    {
        "bookingid": 660
    },
    {
        "bookingid": 1098
    },
    {
        "bookingid": 671
    },
    {
        "bookingid": 1561
    },
    {
        "bookingid": 1912
    },
    {
        "bookingid": 353
    },
    {
        "bookingid": 103
    },
    {
        "bookingid": 3093
    },
    {
        "bookingid": 507
    },
    {
        "bookingid": 2556
    },
    {
        "bookingid": 4420
    },
    {
        "bookingid": 4285
    },
    {
        "bookingid": 842
    },
    {
        "bookingid": 712
    },
    {
        "bookingid": 2000
    },
    {
        "bookingid": 1760
    },
    {
        "bookingid": 4232
    },
    {
        "bookingid": 1250
    },
    {
        "bookingid": 2186
    },
    {
        "bookingid": 3830
    },
    {
        "bookingid": 3940
    },
    {
        "bookingid": 3668
    },
    {
        "bookingid": 4509
    },
    {
        "bookingid": 2595
    },
    {
        "bookingid": 1620
    },
    {
        "bookingid": 114
    },
    {
        "bookingid": 761
    },
    {
        "bookingid": 2602
    },
    {
        "bookingid": 4355
    },
    {
        "bookingid": 1863
    },
    {
        "bookingid": 2173
    },
    {
        "bookingid": 4013
    },
    {
        "bookingid": 3689
    },
    {
        "bookingid": 4084
    },
    {
        "bookingid": 3610
    },
    {
        "bookingid": 1740
    },
    {
        "bookingid": 4410
    },
    {
        "bookingid": 1358
    },
    {
        "bookingid": 1508
    },
    {
        "bookingid": 3761
    },
    {
        "bookingid": 2467
    },
    {
        "bookingid": 3424
    },
    {
        "bookingid": 1453
    },
    {
        "bookingid": 4458
    },
    {
        "bookingid": 3772
    },
    {
        "bookingid": 2164
    },
    {
        "bookingid": 4184
    },
    {
        "bookingid": 163
    },
    {
        "bookingid": 2231
    },
    {
        "bookingid": 38
    },
    {
        "bookingid": 1683
    },
    {
        "bookingid": 4076
    },
    {
        "bookingid": 3396
    },
    {
        "bookingid": 4155
    },
    {
        "bookingid": 619
    },
    {
        "bookingid": 2263
    },
    {
        "bookingid": 3892
    },
    {
        "bookingid": 3323
    },
    {
        "bookingid": 2857
    },
    {
        "bookingid": 1301
    },
    {
        "bookingid": 3834
    },
    {
        "bookingid": 3196
    },
    {
        "bookingid": 3645
    },
    {
        "bookingid": 2594
    },
    {
        "bookingid": 2063
    },
    {
        "bookingid": 562
    },
    {
        "bookingid": 603
    },
    {
        "bookingid": 1693
    },
    {
        "bookingid": 3271
    },
    {
        "bookingid": 2226
    },
    {
        "bookingid": 1286
    },
    {
        "bookingid": 3973
    },
    {
        "bookingid": 2691
    },
    {
        "bookingid": 4178
    },
    {
        "bookingid": 146
    },
    {
        "bookingid": 3412
    },
    {
        "bookingid": 4401
    },
    {
        "bookingid": 1333
    },
    {
        "bookingid": 2424
    },
    {
        "bookingid": 1066
    },
    {
        "bookingid": 2098
    },
    {
        "bookingid": 1686
    },
    {
        "bookingid": 2408
    },
    {
        "bookingid": 1145
    },
    {
        "bookingid": 1073
    },
    {
        "bookingid": 3796
    },
    {
        "bookingid": 915
    },
    {
        "bookingid": 56
    },
    {
        "bookingid": 3062
    },
    {
        "bookingid": 2730
    },
    {
        "bookingid": 258
    },
    {
        "bookingid": 1652
    },
    {
        "bookingid": 2155
    },
    {
        "bookingid": 4372
    },
    {
        "bookingid": 2894
    },
    {
        "bookingid": 3377
    },
    {
        "bookingid": 412
    },
    {
        "bookingid": 2122
    },
    {
        "bookingid": 1684
    },
    {
        "bookingid": 1282
    },
    {
        "bookingid": 3835
    },
    {
        "bookingid": 2737
    },
    {
        "bookingid": 4142
    },
    {
        "bookingid": 199
    },
    {
        "bookingid": 945
    },
    {
        "bookingid": 4116
    },
    {
        "bookingid": 3461
    },
    {
        "bookingid": 4161
    },
    {
        "bookingid": 4499
    },
    {
        "bookingid": 390
    },
    {
        "bookingid": 2089
    },
    {
        "bookingid": 3480
    },
    {
        "bookingid": 282
    },
    {
        "bookingid": 571
    },
    {
        "bookingid": 1878
    },
    {
        "bookingid": 757
    },
    {
        "bookingid": 1441
    },
    {
        "bookingid": 3059
    },
    {
        "bookingid": 3694
    },
    {
        "bookingid": 4227
    },
    {
        "bookingid": 2137
    },
    {
        "bookingid": 3943
    },
    {
        "bookingid": 867
    },
    {
        "bookingid": 1103
    },
    {
        "bookingid": 1375
    },
    {
        "bookingid": 4235
    },
    {
        "bookingid": 3888
    },
    {
        "bookingid": 3167
    },
    {
        "bookingid": 4031
    },
    {
        "bookingid": 190
    },
    {
        "bookingid": 2579
    },
    {
        "bookingid": 1245
    },
    {
        "bookingid": 4300
    },
    {
        "bookingid": 4495
    },
    {
        "bookingid": 1867
    },
    {
        "bookingid": 1440
    },
    {
        "bookingid": 1181
    },
    {
        "bookingid": 2997
    },
    {
        "bookingid": 1397
    },
    {
        "bookingid": 640
    },
    {
        "bookingid": 438
    },
    {
        "bookingid": 2171
    },
    {
        "bookingid": 3055
    },
    {
        "bookingid": 2149
    },
    {
        "bookingid": 3967
    },
    {
        "bookingid": 825
    },
    {
        "bookingid": 1830
    },
    {
        "bookingid": 1498
    },
    {
        "bookingid": 3532
    },
    {
        "bookingid": 1880
    },
    {
        "bookingid": 154
    },
    {
        "bookingid": 991
    },
    {
        "bookingid": 2194
    },
    {
        "bookingid": 2095
    },
    {
        "bookingid": 3269
    },
    {
        "bookingid": 1139
    },
    {
        "bookingid": 767
    },
    {
        "bookingid": 3824
    },
    {
        "bookingid": 3557
    },
    {
        "bookingid": 2587
    },
    {
        "bookingid": 4045
    },
    {
        "bookingid": 3486
    },
    {
        "bookingid": 4154
    },
    {
        "bookingid": 793
    },
    {
        "bookingid": 896
    },
    {
        "bookingid": 169
    },
    {
        "bookingid": 2393
    },
    {
        "bookingid": 2652
    },
    {
        "bookingid": 1575
    },
    {
        "bookingid": 2347
    },
    {
        "bookingid": 806
    },
    {
        "bookingid": 1190
    },
    {
        "bookingid": 1194
    },
    {
        "bookingid": 89
    },
    {
        "bookingid": 720
    },
    {
        "bookingid": 1774
    },
    {
        "bookingid": 4213
    },
    {
        "bookingid": 4303
    },
    {
        "bookingid": 3413
    },
    {
        "bookingid": 4505
    },
    {
        "bookingid": 1072
    },
    {
        "bookingid": 2220
    },
    {
        "bookingid": 2458
    },
    {
        "bookingid": 4504
    },
    {
        "bookingid": 3781
    },
    {
        "bookingid": 3646
    },
    {
        "bookingid": 4141
    },
    {
        "bookingid": 2061
    },
    {
        "bookingid": 4403
    },
    {
        "bookingid": 205
    },
    {
        "bookingid": 2624
    },
    {
        "bookingid": 2743
    },
    {
        "bookingid": 2901
    },
    {
        "bookingid": 1353
    },
    {
        "bookingid": 98
    },
    {
        "bookingid": 1629
    },
    {
        "bookingid": 2376
    },
    {
        "bookingid": 1927
    },
    {
        "bookingid": 79
    },
    {
        "bookingid": 1392
    },
    {
        "bookingid": 3483
    },
    {
        "bookingid": 3665
    },
    {
        "bookingid": 4089
    },
    {
        "bookingid": 1413
    },
    {
        "bookingid": 2823
    },
    {
        "bookingid": 1789
    },
    {
        "bookingid": 238
    },
    {
        "bookingid": 4291
    },
    {
        "bookingid": 1119
    },
    {
        "bookingid": 2931
    },
    {
        "bookingid": 1482
    },
    {
        "bookingid": 2208
    },
    {
        "bookingid": 3653
    },
    {
        "bookingid": 109
    },
    {
        "bookingid": 3816
    },
    {
        "bookingid": 2331
    },
    {
        "bookingid": 1613
    },
    {
        "bookingid": 102
    },
    {
        "bookingid": 269
    },
    {
        "bookingid": 433
    },
    {
        "bookingid": 673
    },
    {
        "bookingid": 1039
    },
    {
        "bookingid": 1992
    },
    {
        "bookingid": 3845
    },
    {
        "bookingid": 3581
    },
    {
        "bookingid": 1211
    },
    {
        "bookingid": 1915
    },
    {
        "bookingid": 4090
    },
    {
        "bookingid": 4251
    },
    {
        "bookingid": 710
    },
    {
        "bookingid": 1700
    },
    {
        "bookingid": 1748
    },
    {
        "bookingid": 2039
    },
    {
        "bookingid": 2425
    },
    {
        "bookingid": 4477
    },
    {
        "bookingid": 3931
    },
    {
        "bookingid": 306
    },
    {
        "bookingid": 2558
    },
    {
        "bookingid": 1240
    },
    {
        "bookingid": 739
    },
    {
        "bookingid": 2073
    },
    {
        "bookingid": 4296
    },
    {
        "bookingid": 3061
    },
    {
        "bookingid": 2843
    },
    {
        "bookingid": 2328
    },
    {
        "bookingid": 4129
    },
    {
        "bookingid": 2450
    },
    {
        "bookingid": 1153
    },
    {
        "bookingid": 2771
    },
    {
        "bookingid": 4508
    },
    {
        "bookingid": 3139
    },
    {
        "bookingid": 3588
    },
    {
        "bookingid": 1217
    },
    {
        "bookingid": 2244
    },
    {
        "bookingid": 967
    },
    {
        "bookingid": 1466
    },
    {
        "bookingid": 2725
    },
    {
        "bookingid": 5
    },
    {
        "bookingid": 2142
    },
    {
        "bookingid": 3654
    },
    {
        "bookingid": 3112
    },
    {
        "bookingid": 2334
    },
    {
        "bookingid": 468
    },
    {
        "bookingid": 2688
    },
    {
        "bookingid": 4267
    },
    {
        "bookingid": 3886
    },
    {
        "bookingid": 2794
    },
    {
        "bookingid": 3431
    },
    {
        "bookingid": 1697
    },
    {
        "bookingid": 523
    },
    {
        "bookingid": 1708
    },
    {
        "bookingid": 4264
    },
    {
        "bookingid": 901
    },
    {
        "bookingid": 1842
    },
    {
        "bookingid": 4004
    },
    {
        "bookingid": 234
    },
    {
        "bookingid": 2762
    },
    {
        "bookingid": 2776
    },
    {
        "bookingid": 1896
    },
    {
        "bookingid": 3482
    },
    {
        "bookingid": 4288
    },
    {
        "bookingid": 3100
    },
    {
        "bookingid": 1405
    },
    {
        "bookingid": 694
    },
    {
        "bookingid": 401
    },
    {
        "bookingid": 1460
    },
    {
        "bookingid": 3533
    },
    {
        "bookingid": 1696
    },
    {
        "bookingid": 693
    },
    {
        "bookingid": 2848
    },
    {
        "bookingid": 2798
    },
    {
        "bookingid": 4354
    },
    {
        "bookingid": 178
    },
    {
        "bookingid": 3576
    },
    {
        "bookingid": 958
    },
    {
        "bookingid": 3223
    },
    {
        "bookingid": 504
    },
    {
        "bookingid": 3607
    },
    {
        "bookingid": 4315
    },
    {
        "bookingid": 3995
    },
    {
        "bookingid": 1051
    },
    {
        "bookingid": 1000
    },
    {
        "bookingid": 157
    },
    {
        "bookingid": 3078
    },
    {
        "bookingid": 492
    },
    {
        "bookingid": 2820
    },
    {
        "bookingid": 713
    },
    {
        "bookingid": 3369
    },
    {
        "bookingid": 417
    },
    {
        "bookingid": 2797
    },
    {
        "bookingid": 149
    },
    {
        "bookingid": 2308
    },
    {
        "bookingid": 1861
    },
    {
        "bookingid": 1262
    },
    {
        "bookingid": 3553
    },
    {
        "bookingid": 137
    },
    {
        "bookingid": 465
    },
    {
        "bookingid": 575
    },
    {
        "bookingid": 4479
    },
    {
        "bookingid": 1489
    },
    {
        "bookingid": 1143
    },
    {
        "bookingid": 407
    },
    {
        "bookingid": 1288
    },
    {
        "bookingid": 4398
    },
    {
        "bookingid": 87
    },
    {
        "bookingid": 1019
    },
    {
        "bookingid": 2303
    },
    {
        "bookingid": 1632
    },
    {
        "bookingid": 696
    },
    {
        "bookingid": 1609
    },
    {
        "bookingid": 583
    },
    {
        "bookingid": 3267
    },
    {
        "bookingid": 830
    },
    {
        "bookingid": 2846
    },
    {
        "bookingid": 394
    },
    {
        "bookingid": 3788
    },
    {
        "bookingid": 565
    },
    {
        "bookingid": 4151
    },
    {
        "bookingid": 95
    },
    {
        "bookingid": 1593
    },
    {
        "bookingid": 2325
    },
    {
        "bookingid": 884
    },
    {
        "bookingid": 927
    },
    {
        "bookingid": 1900
    },
    {
        "bookingid": 3811
    },
    {
        "bookingid": 1332
    },
    {
        "bookingid": 1673
    },
    {
        "bookingid": 730
    },
    {
        "bookingid": 4176
    },
    {
        "bookingid": 4012
    },
    {
        "bookingid": 216
    },
    {
        "bookingid": 2615
    },
    {
        "bookingid": 1904
    },
    {
        "bookingid": 1666
    },
    {
        "bookingid": 3234
    },
    {
        "bookingid": 3996
    },
    {
        "bookingid": 738
    },
    {
        "bookingid": 3252
    },
    {
        "bookingid": 835
    },
    {
        "bookingid": 3735
    },
    {
        "bookingid": 620
    },
    {
        "bookingid": 266
    },
    {
        "bookingid": 3156
    },
    {
        "bookingid": 4360
    },
    {
        "bookingid": 1091
    },
    {
        "bookingid": 2403
    },
    {
        "bookingid": 836
    },
    {
        "bookingid": 3194
    },
    {
        "bookingid": 4326
    },
    {
        "bookingid": 2197
    },
    {
        "bookingid": 3242
    },
    {
        "bookingid": 2637
    },
    {
        "bookingid": 782
    },
    {
        "bookingid": 4069
    },
    {
        "bookingid": 3540
    },
    {
        "bookingid": 530
    },
    {
        "bookingid": 4358
    },
    {
        "bookingid": 1894
    },
    {
        "bookingid": 15
    },
    {
        "bookingid": 3275
    },
    {
        "bookingid": 1942
    },
    {
        "bookingid": 2145
    },
    {
        "bookingid": 2865
    },
    {
        "bookingid": 828
    },
    {
        "bookingid": 2882
    },
    {
        "bookingid": 3217
    },
    {
        "bookingid": 2807
    },
    {
        "bookingid": 4318
    },
    {
        "bookingid": 1514
    },
    {
        "bookingid": 177
    },
    {
        "bookingid": 3324
    },
    {
        "bookingid": 528
    },
    {
        "bookingid": 127
    },
    {
        "bookingid": 529
    },
    {
        "bookingid": 1493
    },
    {
        "bookingid": 4321
    },
    {
        "bookingid": 4276
    },
    {
        "bookingid": 4073
    },
    {
        "bookingid": 4187
    },
    {
        "bookingid": 3011
    },
    {
        "bookingid": 3108
    },
    {
        "bookingid": 4190
    },
    {
        "bookingid": 2812
    },
    {
        "bookingid": 3697
    },
    {
        "bookingid": 2296
    },
    {
        "bookingid": 2909
    },
    {
        "bookingid": 4328
    },
    {
        "bookingid": 668
    },
    {
        "bookingid": 1205
    },
    {
        "bookingid": 4131
    },
    {
        "bookingid": 2419
    },
    {
        "bookingid": 1793
    },
    {
        "bookingid": 4044
    },
    {
        "bookingid": 2532
    },
    {
        "bookingid": 3547
    },
    {
        "bookingid": 1095
    },
    {
        "bookingid": 561
    },
    {
        "bookingid": 745
    },
    {
        "bookingid": 2067
    },
    {
        "bookingid": 1082
    },
    {
        "bookingid": 493
    },
    {
        "bookingid": 1009
    },
    {
        "bookingid": 2966
    },
    {
        "bookingid": 3241
    },
    {
        "bookingid": 1507
    },
    {
        "bookingid": 1274
    },
    {
        "bookingid": 2721
    },
    {
        "bookingid": 2554
    },
    {
        "bookingid": 4317
    },
    {
        "bookingid": 2362
    },
    {
        "bookingid": 1487
    },
    {
        "bookingid": 4448
    },
    {
        "bookingid": 2540
    },
    {
        "bookingid": 2784
    },
    {
        "bookingid": 3966
    },
    {
        "bookingid": 2354
    },
    {
        "bookingid": 3939
    },
    {
        "bookingid": 191
    },
    {
        "bookingid": 2480
    },
    {
        "bookingid": 2899
    },
    {
        "bookingid": 3838
    },
    {
        "bookingid": 1658
    },
    {
        "bookingid": 315
    },
    {
        "bookingid": 3393
    },
    {
        "bookingid": 1794
    },
    {
        "bookingid": 3407
    },
    {
        "bookingid": 3744
    },
    {
        "bookingid": 3371
    },
    {
        "bookingid": 257
    },
    {
        "bookingid": 3473
    },
    {
        "bookingid": 1218
    },
    {
        "bookingid": 3068
    },
    {
        "bookingid": 1158
    },
    {
        "bookingid": 4478
    },
    {
        "bookingid": 1936
    },
    {
        "bookingid": 3183
    },
    {
        "bookingid": 1651
    },
    {
        "bookingid": 4136
    },
    {
        "bookingid": 1281
    },
    {
        "bookingid": 1814
    },
    {
        "bookingid": 2580
    },
    {
        "bookingid": 3455
    },
    {
        "bookingid": 1734
    },
    {
        "bookingid": 212
    },
    {
        "bookingid": 699
    },
    {
        "bookingid": 2596
    },
    {
        "bookingid": 1290
    },
    {
        "bookingid": 3233
    },
    {
        "bookingid": 2884
    },
    {
        "bookingid": 2905
    },
    {
        "bookingid": 2589
    },
    {
        "bookingid": 124
    },
    {
        "bookingid": 450
    },
    {
        "bookingid": 1928
    },
    {
        "bookingid": 1369
    },
    {
        "bookingid": 3353
    },
    {
        "bookingid": 1938
    },
    {
        "bookingid": 4464
    },
    {
        "bookingid": 654
    },
    {
        "bookingid": 3036
    },
    {
        "bookingid": 4173
    },
    {
        "bookingid": 457
    },
    {
        "bookingid": 2640
    },
    {
        "bookingid": 1711
    },
    {
        "bookingid": 1555
    },
    {
        "bookingid": 1873
    },
    {
        "bookingid": 545
    },
    {
        "bookingid": 3918
    },
    {
        "bookingid": 3440
    },
    {
        "bookingid": 568
    },
    {
        "bookingid": 1346
    },
    {
        "bookingid": 3683
    },
    {
        "bookingid": 823
    },
    {
        "bookingid": 987
    },
    {
        "bookingid": 622
    },
    {
        "bookingid": 2182
    },
    {
        "bookingid": 1140
    },
    {
        "bookingid": 631
    },
    {
        "bookingid": 4256
    },
    {
        "bookingid": 2741
    },
    {
        "bookingid": 331
    },
    {
        "bookingid": 3259
    },
    {
        "bookingid": 3924
    },
    {
        "bookingid": 3432
    },
    {
        "bookingid": 2110
    },
    {
        "bookingid": 343
    },
    {
        "bookingid": 1343
    },
    {
        "bookingid": 3385
    },
    {
        "bookingid": 279
    },
    {
        "bookingid": 548
    },
    {
        "bookingid": 2703
    },
    {
        "bookingid": 4071
    },
    {
        "bookingid": 557
    },
    {
        "bookingid": 1244
    },
    {
        "bookingid": 104
    },
    {
        "bookingid": 4444
    },
    {
        "bookingid": 471
    },
    {
        "bookingid": 520
    },
    {
        "bookingid": 791
    },
    {
        "bookingid": 3491
    },
    {
        "bookingid": 2300
    },
    {
        "bookingid": 1214
    },
    {
        "bookingid": 662
    },
    {
        "bookingid": 4040
    },
    {
        "bookingid": 3089
    },
    {
        "bookingid": 1491
    },
    {
        "bookingid": 1045
    },
    {
        "bookingid": 2339
    },
    {
        "bookingid": 3883
    },
    {
        "bookingid": 1193
    },
    {
        "bookingid": 2133
    },
    {
        "bookingid": 819
    },
    {
        "bookingid": 4325
    },
    {
        "bookingid": 1432
    },
    {
        "bookingid": 4513
    },
    {
        "bookingid": 2116
    },
    {
        "bookingid": 2724
    },
    {
        "bookingid": 3882
    },
    {
        "bookingid": 2429
    },
    {
        "bookingid": 2674
    },
    {
        "bookingid": 3551
    },
    {
        "bookingid": 2625
    },
    {
        "bookingid": 414
    },
    {
        "bookingid": 3419
    },
    {
        "bookingid": 647
    },
    {
        "bookingid": 4466
    },
    {
        "bookingid": 2536
    },
    {
        "bookingid": 4423
    },
    {
        "bookingid": 1729
    },
    {
        "bookingid": 1921
    },
    {
        "bookingid": 217
    },
    {
        "bookingid": 2464
    },
    {
        "bookingid": 3168
    },
    {
        "bookingid": 954
    },
    {
        "bookingid": 3096
    },
    {
        "bookingid": 2555
    },
    {
        "bookingid": 3163
    },
    {
        "bookingid": 121
    },
    {
        "bookingid": 210
    },
    {
        "bookingid": 3048
    },
    {
        "bookingid": 1528
    },
    {
        "bookingid": 3608
    },
    {
        "bookingid": 2390
    },
    {
        "bookingid": 4001
    },
    {
        "bookingid": 930
    },
    {
        "bookingid": 541
    },
    {
        "bookingid": 2668
    },
    {
        "bookingid": 2934
    },
    {
        "bookingid": 953
    },
    {
        "bookingid": 1287
    },
    {
        "bookingid": 2875
    },
    {
        "bookingid": 372
    },
    {
        "bookingid": 2492
    },
    {
        "bookingid": 4121
    },
    {
        "bookingid": 821
    },
    {
        "bookingid": 2568
    },
    {
        "bookingid": 2473
    },
    {
        "bookingid": 1600
    },
    {
        "bookingid": 2788
    },
    {
        "bookingid": 1767
    },
    {
        "bookingid": 4380
    },
    {
        "bookingid": 2684
    },
    {
        "bookingid": 73
    },
    {
        "bookingid": 1755
    },
    {
        "bookingid": 1464
    },
    {
        "bookingid": 2692
    },
    {
        "bookingid": 4215
    },
    {
        "bookingid": 3506
    },
    {
        "bookingid": 840
    },
    {
        "bookingid": 3348
    },
    {
        "bookingid": 2215
    },
    {
        "bookingid": 3435
    },
    {
        "bookingid": 1291
    },
    {
        "bookingid": 2954
    },
    {
        "bookingid": 1331
    },
    {
        "bookingid": 3766
    },
    {
        "bookingid": 2844
    },
    {
        "bookingid": 1374
    },
    {
        "bookingid": 2070
    },
    {
        "bookingid": 626
    },
    {
        "bookingid": 2465
    },
    {
        "bookingid": 3173
    },
    {
        "bookingid": 3327
    },
    {
        "bookingid": 798
    },
    {
        "bookingid": 374
    },
    {
        "bookingid": 364
    },
    {
        "bookingid": 97
    },
    {
        "bookingid": 2522
    },
    {
        "bookingid": 3307
    },
    {
        "bookingid": 20
    },
    {
        "bookingid": 4200
    },
    {
        "bookingid": 388
    },
    {
        "bookingid": 58
    },
    {
        "bookingid": 1745
    },
    {
        "bookingid": 547
    },
    {
        "bookingid": 2557
    },
    {
        "bookingid": 4095
    },
    {
        "bookingid": 2833
    },
    {
        "bookingid": 116
    },
    {
        "bookingid": 2577
    },
    {
        "bookingid": 52
    },
    {
        "bookingid": 180
    },
    {
        "bookingid": 1661
    },
    {
        "bookingid": 3818
    },
    {
        "bookingid": 2217
    },
    {
        "bookingid": 1390
    },
    {
        "bookingid": 4473
    },
    {
        "bookingid": 1709
    },
    {
        "bookingid": 252
    },
    {
        "bookingid": 539
    },
    {
        "bookingid": 3123
    },
    {
        "bookingid": 351
    },
    {
        "bookingid": 3467
    },
    {
        "bookingid": 3002
    },
    {
        "bookingid": 179
    },
    {
        "bookingid": 2350
    },
    {
        "bookingid": 4414
    },
    {
        "bookingid": 3617
    },
    {
        "bookingid": 1128
    },
    {
        "bookingid": 2732
    },
    {
        "bookingid": 3614
    },
    {
        "bookingid": 1470
    },
    {
        "bookingid": 3265
    },
    {
        "bookingid": 1799
    },
    {
        "bookingid": 30
    },
    {
        "bookingid": 189
    },
    {
        "bookingid": 3861
    },
    {
        "bookingid": 2768
    },
    {
        "bookingid": 3238
    },
    {
        "bookingid": 4030
    },
    {
        "bookingid": 142
    },
    {
        "bookingid": 1747
    },
    {
        "bookingid": 4416
    },
    {
        "bookingid": 256
    },
    {
        "bookingid": 2659
    },
    {
        "bookingid": 3712
    },
    {
        "bookingid": 3946
    },
    {
        "bookingid": 2586
    },
    {
        "bookingid": 3153
    },
    {
        "bookingid": 2695
    },
    {
        "bookingid": 1130
    },
    {
        "bookingid": 2255
    },
    {
        "bookingid": 4175
    },
    {
        "bookingid": 784
    },
    {
        "bookingid": 1713
    },
    {
        "bookingid": 94
    },
    {
        "bookingid": 593
    },
    {
        "bookingid": 3028
    },
    {
        "bookingid": 2247
    },
    {
        "bookingid": 526
    },
    {
        "bookingid": 968
    },
    {
        "bookingid": 1164
    },
    {
        "bookingid": 479
    },
    {
        "bookingid": 982
    },
    {
        "bookingid": 2315
    },
    {
        "bookingid": 644
    },
    {
        "bookingid": 3405
    },
    {
        "bookingid": 2288
    },
    {
        "bookingid": 3514
    },
    {
        "bookingid": 4439
    },
    {
        "bookingid": 3295
    },
    {
        "bookingid": 3159
    },
    {
        "bookingid": 2947
    },
    {
        "bookingid": 2538
    },
    {
        "bookingid": 3739
    },
    {
        "bookingid": 441
    },
    {
        "bookingid": 3343
    },
    {
        "bookingid": 4074
    },
    {
        "bookingid": 3568
    },
    {
        "bookingid": 1783
    },
    {
        "bookingid": 496
    },
    {
        "bookingid": 3598
    },
    {
        "bookingid": 3142
    },
    {
        "bookingid": 639
    },
    {
        "bookingid": 4459
    },
    {
        "bookingid": 3356
    },
    {
        "bookingid": 3111
    },
    {
        "bookingid": 2991
    },
    {
        "bookingid": 3680
    },
    {
        "bookingid": 4274
    },
    {
        "bookingid": 327
    },
    {
        "bookingid": 1299
    },
    {
        "bookingid": 2936
    },
    {
        "bookingid": 4503
    },
    {
        "bookingid": 1999
    },
    {
        "bookingid": 3574
    },
    {
        "bookingid": 3558
    },
    {
        "bookingid": 4226
    },
    {
        "bookingid": 3605
    },
    {
        "bookingid": 406
    },
    {
        "bookingid": 3209
    },
    {
        "bookingid": 4127
    },
    {
        "bookingid": 1270
    },
    {
        "bookingid": 2644
    },
    {
        "bookingid": 762
    },
    {
        "bookingid": 3022
    },
    {
        "bookingid": 2960
    },
    {
        "bookingid": 2080
    },
    {
        "bookingid": 4364
    },
    {
        "bookingid": 4262
    },
    {
        "bookingid": 3531
    },
    {
        "bookingid": 1890
    },
    {
        "bookingid": 3451
    },
    {
        "bookingid": 818
    },
    {
        "bookingid": 302
    },
    {
        "bookingid": 4260
    },
    {
        "bookingid": 3922
    },
    {
        "bookingid": 4143
    },
    {
        "bookingid": 1148
    },
    {
        "bookingid": 715
    },
    {
        "bookingid": 447
    },
    {
        "bookingid": 3157
    },
    {
        "bookingid": 3092
    },
    {
        "bookingid": 1079
    },
    {
        "bookingid": 4199
    },
    {
        "bookingid": 1113
    },
    {
        "bookingid": 2358
    },
    {
        "bookingid": 4471
    },
    {
        "bookingid": 3907
    },
    {
        "bookingid": 292
    },
    {
        "bookingid": 2645
    },
    {
        "bookingid": 2542
    },
    {
        "bookingid": 4375
    },
    {
        "bookingid": 2169
    },
    {
        "bookingid": 4234
    },
    {
        "bookingid": 3511
    },
    {
        "bookingid": 2237
    },
    {
        "bookingid": 3729
    },
    {
        "bookingid": 2500
    },
    {
        "bookingid": 1941
    },
    {
        "bookingid": 3935
    },
    {
        "bookingid": 3013
    },
    {
        "bookingid": 4292
    },
    {
        "bookingid": 3782
    },
    {
        "bookingid": 2643
    },
    {
        "bookingid": 2190
    },
    {
        "bookingid": 1621
    },
    {
        "bookingid": 1827
    },
    {
        "bookingid": 1758
    },
    {
        "bookingid": 2071
    },
    {
        "bookingid": 1201
    },
    {
        "bookingid": 4115
    },
    {
        "bookingid": 3301
    },
    {
        "bookingid": 3900
    },
    {
        "bookingid": 3043
    },
    {
        "bookingid": 864
    },
    {
        "bookingid": 2597
    },
    {
        "bookingid": 3871
    },
    {
        "bookingid": 1548
    },
    {
        "bookingid": 31
    },
    {
        "bookingid": 3456
    },
    {
        "bookingid": 663
    },
    {
        "bookingid": 944
    },
    {
        "bookingid": 2285
    },
    {
        "bookingid": 1971
    },
    {
        "bookingid": 3981
    },
    {
        "bookingid": 14
    },
    {
        "bookingid": 152
    },
    {
        "bookingid": 2836
    },
    {
        "bookingid": 2928
    },
    {
        "bookingid": 2224
    },
    {
        "bookingid": 1788
    },
    {
        "bookingid": 1224
    },
    {
        "bookingid": 3331
    },
    {
        "bookingid": 2048
    },
    {
        "bookingid": 2699
    },
    {
        "bookingid": 3227
    },
    {
        "bookingid": 2008
    },
    {
        "bookingid": 387
    },
    {
        "bookingid": 3212
    },
    {
        "bookingid": 2261
    },
    {
        "bookingid": 997
    },
    {
        "bookingid": 556
    },
    {
        "bookingid": 1215
    },
    {
        "bookingid": 2641
    },
    {
        "bookingid": 3095
    },
    {
        "bookingid": 195
    },
    {
        "bookingid": 196
    },
    {
        "bookingid": 656
    },
    {
        "bookingid": 2669
    },
    {
        "bookingid": 4157
    },
    {
        "bookingid": 2638
    },
    {
        "bookingid": 3282
    },
    {
        "bookingid": 538
    },
    {
        "bookingid": 2112
    },
    {
        "bookingid": 3530
    },
    {
        "bookingid": 1347
    },
    {
        "bookingid": 72
    },
    {
        "bookingid": 1024
    },
    {
        "bookingid": 610
    },
    {
        "bookingid": 2945
    },
    {
        "bookingid": 2529
    },
    {
        "bookingid": 483
    },
    {
        "bookingid": 48
    },
    {
        "bookingid": 4029
    },
    {
        "bookingid": 2199
    },
    {
        "bookingid": 516
    },
    {
        "bookingid": 3247
    },
    {
        "bookingid": 4065
    },
    {
        "bookingid": 2248
    },
    {
        "bookingid": 2276
    },
    {
        "bookingid": 1897
    },
    {
        "bookingid": 1104
    },
    {
        "bookingid": 2457
    },
    {
        "bookingid": 192
    },
    {
        "bookingid": 3852
    },
    {
        "bookingid": 303
    },
    {
        "bookingid": 35
    },
    {
        "bookingid": 1646
    },
    {
        "bookingid": 2344
    },
    {
        "bookingid": 2698
    },
    {
        "bookingid": 1337
    },
    {
        "bookingid": 1085
    },
    {
        "bookingid": 773
    },
    {
        "bookingid": 424
    },
    {
        "bookingid": 779
    },
    {
        "bookingid": 1917
    },
    {
        "bookingid": 4394
    },
    {
        "bookingid": 2738
    },
    {
        "bookingid": 833
    },
    {
        "bookingid": 3328
    },
    {
        "bookingid": 4392
    },
    {
        "bookingid": 3698
    },
    {
        "bookingid": 3731
    },
    {
        "bookingid": 2015
    },
    {
        "bookingid": 2274
    },
    {
        "bookingid": 3725
    },
    {
        "bookingid": 3644
    },
    {
        "bookingid": 714
    },
    {
        "bookingid": 3945
    },
    {
        "bookingid": 3814
    },
    {
        "bookingid": 2105
    },
    {
        "bookingid": 1450
    },
    {
        "bookingid": 3363
    },
    {
        "bookingid": 4106
    },
    {
        "bookingid": 4295
    },
    {
        "bookingid": 2514
    },
    {
        "bookingid": 929
    },
    {
        "bookingid": 473
    },
    {
        "bookingid": 1761
    },
    {
        "bookingid": 1449
    },
    {
        "bookingid": 4412
    },
    {
        "bookingid": 3110
    },
    {
        "bookingid": 510
    },
    {
        "bookingid": 1308
    },
    {
        "bookingid": 938
    },
    {
        "bookingid": 3051
    },
    {
        "bookingid": 630
    },
    {
        "bookingid": 2046
    },
    {
        "bookingid": 650
    },
    {
        "bookingid": 2343
    },
    {
        "bookingid": 838
    },
    {
        "bookingid": 4425
    },
    {
        "bookingid": 1226
    },
    {
        "bookingid": 703
    },
    {
        "bookingid": 228
    }
]
]]></system-out>
  </testcase>
</testsuite>