<?xml version="1.0" encoding="UTF-8"?>
<testsuite xmlns:xsi="http://www.w3.org/2001/XMLSchema-instance" xsi:noNamespaceSchemaLocation="https://maven.apache.org/surefire/maven-surefire-plugin/xsd/surefire-test-report-3.0.xsd" version="3.0" name="ApiTest" time="10.361" tests="8" errors="0" skipped="0" failures="0">
  <properties>
    <property name="java.specification.version" value="21"/>
    <property name="sun.cpu.isalist" value="amd64"/>
    <property name="sun.jnu.encoding" value="Cp1251"/>
    <property name="java.class.path" value="C:\Users\Sergey\IdeaProjects\RestAssured\target\test-classes;C:\Users\Sergey\IdeaProjects\RestAssured\target\classes;C:\Users\Sergey\.m2\repository\org\junit\jupiter\junit-jupiter-params\5.9.2\junit-jupiter-params-5.9.2.jar;C:\Users\Sergey\.m2\repository\org\apiguardian\apiguardian-api\1.1.2\apiguardian-api-1.1.2.jar;C:\Users\Sergey\.m2\repository\io\qameta\allure\allure-rest-assured\2.24.0\allure-rest-assured-2.24.0.jar;C:\Users\Sergey\.m2\repository\io\qameta\allure\allure-attachments\2.24.0\allure-attachments-2.24.0.jar;C:\Users\Sergey\.m2\repository\io\qameta\allure\allure-java-commons\2.24.0\allure-java-commons-2.24.0.jar;C:\Users\Sergey\.m2\repository\org\slf4j\slf4j-api\1.7.36\slf4j-api-1.7.36.jar;C:\Users\Sergey\.m2\repository\io\qameta\allure\allure-model\2.24.0\allure-model-2.24.0.jar;C:\Users\Sergey\.m2\repository\org\freemarker\freemarker\2.3.31\freemarker-2.3.31.jar;C:\Users\Sergey\.m2\repository\io\qameta\allure\allure-junit5\2.24.0\allure-junit5-2.24.0.jar;C:\Users\Sergey\.m2\repository\io\qameta\allure\allure-junit-platform\2.24.0\allure-junit-platform-2.24.0.jar;C:\Users\Sergey\.m2\repository\io\qameta\allure\allure-test-filter\2.24.0\allure-test-filter-2.24.0.jar;C:\Users\Sergey\.m2\repository\org\junit\platform\junit-platform-launcher\1.9.2\junit-platform-launcher-1.9.2.jar;C:\Users\Sergey\.m2\repository\io\rest-assured\rest-assured\5.3.0\rest-assured-5.3.0.jar;C:\Users\Sergey\.m2\repository\org\apache\groovy\groovy\4.0.6\groovy-4.0.6.jar;C:\Users\Sergey\.m2\repository\org\apache\groovy\groovy-xml\4.0.6\groovy-xml-4.0.6.jar;C:\Users\Sergey\.m2\repository\org\apache\httpcomponents\httpclient\4.5.13\httpclient-4.5.13.jar;C:\Users\Sergey\.m2\repository\org\apache\httpcomponents\httpcore\4.4.13\httpcore-4.4.13.jar;C:\Users\Sergey\.m2\repository\commons-logging\commons-logging\1.2\commons-logging-1.2.jar;C:\Users\Sergey\.m2\repository\commons-codec\commons-codec\1.11\commons-codec-1.11.jar;C:\Users\Sergey\.m2\repository\org\apache\httpcomponents\httpmime\4.5.13\httpmime-4.5.13.jar;C:\Users\Sergey\.m2\repository\org\ccil\cowan\tagsoup\tagsoup\1.2.1\tagsoup-1.2.1.jar;C:\Users\Sergey\.m2\repository\io\rest-assured\json-path\5.3.0\json-path-5.3.0.jar;C:\Users\Sergey\.m2\repository\org\apache\groovy\groovy-json\4.0.6\groovy-json-4.0.6.jar;C:\Users\Sergey\.m2\repository\io\rest-assured\rest-assured-common\5.3.0\rest-assured-common-5.3.0.jar;C:\Users\Sergey\.m2\repository\io\rest-assured\xml-path\5.3.0\xml-path-5.3.0.jar;C:\Users\Sergey\.m2\repository\org\apache\commons\commons-lang3\3.11\commons-lang3-3.11.jar;C:\Users\Sergey\.m2\repository\org\hamcrest\hamcrest\2.2\hamcrest-2.2.jar;C:\Users\Sergey\.m2\repository\org\junit\jupiter\junit-jupiter-api\5.9.2\junit-jupiter-api-5.9.2.jar;C:\Users\Sergey\.m2\repository\org\opentest4j\opentest4j\1.2.0\opentest4j-1.2.0.jar;C:\Users\Sergey\.m2\repository\org\junit\platform\junit-platform-commons\1.9.2\junit-platform-commons-1.9.2.jar;C:\Users\Sergey\.m2\repository\org\junit\jupiter\junit-jupiter-engine\5.9.2\junit-jupiter-engine-5.9.2.jar;C:\Users\Sergey\.m2\repository\org\junit\platform\junit-platform-engine\1.9.2\junit-platform-engine-1.9.2.jar;"/>
    <property name="java.vm.vendor" value="Oracle Corporation"/>
    <property name="sun.arch.data.model" value="64"/>
    <property name="user.variant" value=""/>
    <property name="java.vendor.url" value="https://java.oracle.com/"/>
    <property name="user.timezone" value="Europe/Volgograd"/>
    <property name="user.country.format" value="RU"/>
    <property name="os.name" value="Windows 11"/>
    <property name="java.vm.specification.version" value="21"/>
    <property name="sun.java.launcher" value="SUN_STANDARD"/>
    <property name="user.country" value="GB"/>
    <property name="sun.boot.library.path" value="C:\Program Files\Java\jdk-21\bin"/>
    <property name="sun.java.command" value="C:\Users\Sergey\AppData\Local\Temp\surefire14827736027692285629\surefirebooter-20250623151955852_3.jar C:\Users\Sergey\AppData\Local\Temp\surefire14827736027692285629 2025-06-23T15-19-55_655-jvmRun1 surefire-20250623151955852_1tmp surefire_0-20250623151955852_2tmp"/>
    <property name="jdk.debug" value="release"/>
    <property name="surefire.test.class.path" value="C:\Users\Sergey\IdeaProjects\RestAssured\target\test-classes;C:\Users\Sergey\IdeaProjects\RestAssured\target\classes;C:\Users\Sergey\.m2\repository\org\junit\jupiter\junit-jupiter-params\5.9.2\junit-jupiter-params-5.9.2.jar;C:\Users\Sergey\.m2\repository\org\apiguardian\apiguardian-api\1.1.2\apiguardian-api-1.1.2.jar;C:\Users\Sergey\.m2\repository\io\qameta\allure\allure-rest-assured\2.24.0\allure-rest-assured-2.24.0.jar;C:\Users\Sergey\.m2\repository\io\qameta\allure\allure-attachments\2.24.0\allure-attachments-2.24.0.jar;C:\Users\Sergey\.m2\repository\io\qameta\allure\allure-java-commons\2.24.0\allure-java-commons-2.24.0.jar;C:\Users\Sergey\.m2\repository\org\slf4j\slf4j-api\1.7.36\slf4j-api-1.7.36.jar;C:\Users\Sergey\.m2\repository\io\qameta\allure\allure-model\2.24.0\allure-model-2.24.0.jar;C:\Users\Sergey\.m2\repository\org\freemarker\freemarker\2.3.31\freemarker-2.3.31.jar;C:\Users\Sergey\.m2\repository\io\qameta\allure\allure-junit5\2.24.0\allure-junit5-2.24.0.jar;C:\Users\Sergey\.m2\repository\io\qameta\allure\allure-junit-platform\2.24.0\allure-junit-platform-2.24.0.jar;C:\Users\Sergey\.m2\repository\io\qameta\allure\allure-test-filter\2.24.0\allure-test-filter-2.24.0.jar;C:\Users\Sergey\.m2\repository\org\junit\platform\junit-platform-launcher\1.9.2\junit-platform-launcher-1.9.2.jar;C:\Users\Sergey\.m2\repository\io\rest-assured\rest-assured\5.3.0\rest-assured-5.3.0.jar;C:\Users\Sergey\.m2\repository\org\apache\groovy\groovy\4.0.6\groovy-4.0.6.jar;C:\Users\Sergey\.m2\repository\org\apache\groovy\groovy-xml\4.0.6\groovy-xml-4.0.6.jar;C:\Users\Sergey\.m2\repository\org\apache\httpcomponents\httpclient\4.5.13\httpclient-4.5.13.jar;C:\Users\Sergey\.m2\repository\org\apache\httpcomponents\httpcore\4.4.13\httpcore-4.4.13.jar;C:\Users\Sergey\.m2\repository\commons-logging\commons-logging\1.2\commons-logging-1.2.jar;C:\Users\Sergey\.m2\repository\commons-codec\commons-codec\1.11\commons-codec-1.11.jar;C:\Users\Sergey\.m2\repository\org\apache\httpcomponents\httpmime\4.5.13\httpmime-4.5.13.jar;C:\Users\Sergey\.m2\repository\org\ccil\cowan\tagsoup\tagsoup\1.2.1\tagsoup-1.2.1.jar;C:\Users\Sergey\.m2\repository\io\rest-assured\json-path\5.3.0\json-path-5.3.0.jar;C:\Users\Sergey\.m2\repository\org\apache\groovy\groovy-json\4.0.6\groovy-json-4.0.6.jar;C:\Users\Sergey\.m2\repository\io\rest-assured\rest-assured-common\5.3.0\rest-assured-common-5.3.0.jar;C:\Users\Sergey\.m2\repository\io\rest-assured\xml-path\5.3.0\xml-path-5.3.0.jar;C:\Users\Sergey\.m2\repository\org\apache\commons\commons-lang3\3.11\commons-lang3-3.11.jar;C:\Users\Sergey\.m2\repository\org\hamcrest\hamcrest\2.2\hamcrest-2.2.jar;C:\Users\Sergey\.m2\repository\org\junit\jupiter\junit-jupiter-api\5.9.2\junit-jupiter-api-5.9.2.jar;C:\Users\Sergey\.m2\repository\org\opentest4j\opentest4j\1.2.0\opentest4j-1.2.0.jar;C:\Users\Sergey\.m2\repository\org\junit\platform\junit-platform-commons\1.9.2\junit-platform-commons-1.9.2.jar;C:\Users\Sergey\.m2\repository\org\junit\jupiter\junit-jupiter-engine\5.9.2\junit-jupiter-engine-5.9.2.jar;C:\Users\Sergey\.m2\repository\org\junit\platform\junit-platform-engine\1.9.2\junit-platform-engine-1.9.2.jar;"/>
    <property name="sun.cpu.endian" value="little"/>
    <property name="user.home" value="C:\Users\Sergey"/>
    <property name="user.language" value="en"/>
    <property name="java.specification.vendor" value="Oracle Corporation"/>
    <property name="java.version.date" value="2025-04-15"/>
    <property name="java.home" value="C:\Program Files\Java\jdk-21"/>
    <property name="file.separator" value="\"/>
    <property name="basedir" value="C:\Users\Sergey\IdeaProjects\RestAssured"/>
    <property name="java.vm.compressedOopsMode" value="Zero based"/>
    <property name="line.separator" value="&#10;"/>
    <property name="java.vm.specification.vendor" value="Oracle Corporation"/>
    <property name="java.specification.name" value="Java Platform API Specification"/>
    <property name="surefire.real.class.path" value="C:\Users\Sergey\AppData\Local\Temp\surefire14827736027692285629\surefirebooter-20250623151955852_3.jar"/>
    <property name="user.script" value=""/>
    <property name="sun.management.compiler" value="HotSpot 64-Bit Tiered Compilers"/>
    <property name="java.runtime.version" value="21.0.7+8-LTS-245"/>
    <property name="user.name" value="Sergey"/>
    <property name="stdout.encoding" value="Cp1251"/>
    <property name="path.separator" value=";"/>
    <property name="os.version" value="10.0"/>
    <property name="java.runtime.name" value="Java(TM) SE Runtime Environment"/>
    <property name="file.encoding" value="UTF-8"/>
    <property name="java.vm.name" value="Java HotSpot(TM) 64-Bit Server VM"/>
    <property name="localRepository" value="C:\Users\Sergey\.m2\repository"/>
    <property name="java.vendor.url.bug" value="https://bugreport.java.com/bugreport/"/>
    <property name="java.io.tmpdir" value="C:\Users\Sergey\AppData\Local\Temp\"/>
    <property name="java.version" value="21.0.7"/>
    <property name="user.dir" value="C:\Users\Sergey\IdeaProjects\RestAssured"/>
    <property name="os.arch" value="amd64"/>
    <property name="java.vm.specification.name" value="Java Virtual Machine Specification"/>
    <property name="user.language.format" value="ru"/>
    <property name="sun.os.patch.level" value=""/>
    <property name="native.encoding" value="Cp1251"/>
    <property name="java.library.path" value="C:\Program Files\Java\jdk-21\bin;C:\WINDOWS\Sun\Java\bin;C:\WINDOWS\system32;C:\WINDOWS;C:\Program Files\Common Files\Oracle\Java\javapath;C:\sql_course\dbhomeXE\bin;C:\Program Files\apache-maven-3.9.9\bin;C:\Program Files\dotnet\;C:\Program Files\nodejs\;C:\Program Files (x86)\NVIDIA Corporation\PhysX\Common;C:\ProgramData\Jenkins\.jenkins\tools\hudson.plugins.gradle.GradleInstallation\Gradle_7.2\bin\gradle;C:\ProgramData\Microsoft\Windows\Start Menu\Programs\Node.js\Node.js command prompt.lnk;C:\Program Files\Git\cmd;C:\WINDOWS\system32;C:\WINDOWS;C:\WINDOWS\System32\Wbem;C:\WINDOWS\System32\WindowsPowerShell\v1.0\;C:\WINDOWS\System32\OpenSSH\;%JAVA_HOME%\bin;C:\Program Files\Cloudflare\Cloudflare WARP\;C:\Program Files\allure-2.34.0\bin;C:\Users\Sergey\AppData\Local\Programs\Python\Python312\Scripts\;C:\Users\Sergey\AppData\Local\Programs\Python\Python312\;C:\Users\Sergey\AppData\Local\Programs\Python\Python311\Scripts\;C:\Users\Sergey\AppData\Local\Programs\Python\Python311\;C:\Users\Sergey\.dotnet\tools;C:\Users\Sergey\AppData\Roaming\npm;C:\Users\Sergey\AppData\Local\Programs\Microsoft VS Code\bin;C:\ProgramData\Jenkins\.jenkins\tools\hudson.plugins.gradle.GradleInstallation\Gradle_7.2\bin;C:\ProgramData\Microsoft\Windows\Start Menu\Programs\Node.js\Node.js command prompt.lnk;C:\Program Files\JetBrains\IntelliJ IDEA 2020.3.3\bin;;C:\Users\Sergey\AppData\Local\Microsoft\WindowsApps;C:\Program Files\Java\jdk-21\bin;C:\Program Files\apache-maven-3.9.9\bin\bin;;."/>
    <property name="java.vm.info" value="mixed mode, sharing"/>
    <property name="stderr.encoding" value="Cp1251"/>
    <property name="java.vendor" value="Oracle Corporation"/>
    <property name="java.vm.version" value="21.0.7+8-LTS-245"/>
    <property name="sun.io.unicode.encoding" value="UnicodeLittle"/>
    <property name="java.class.version" value="65.0"/>
  </properties>
  <testcase name="GetToken" classname="ApiTest" time="1.124">
    <system-out><![CDATA[{
    "token": "40cb0594b16cd05"
}
]]></system-out>
    <system-err><![CDATA[SLF4J: Failed to load class "org.slf4j.impl.StaticLoggerBinder".
SLF4J: Defaulting to no-operation (NOP) logger implementation
SLF4J: See http://www.slf4j.org/codes.html#StaticLoggerBinder for further details.
]]></system-err>
  </testcase>
  <testcase name="createBooking" classname="ApiTest" time="0.683">
    <system-out><![CDATA[{
    "bookingid": 4611,
    "booking": {
        "firstname": "Jim",
        "lastname": "Brown",
        "totalprice": 111,
        "depositpaid": true,
        "bookingdates": {
            "checkin": "2018-01-01",
            "checkout": "2019-01-01"
        }
    }
}
]]></system-out>
  </testcase>
  <testcase name="updateBooking" classname="ApiTest" time="0.73">
    <system-out><![CDATA[{
    "firstname": "James",
    "lastname": "Brown",
    "totalprice": 111,
    "depositpaid": true,
    "bookingdates": {
        "checkin": "2018-01-01",
        "checkout": "2019-01-01"
    }
}
]]></system-out>
  </testcase>
  <testcase name="partialUpdateBooking" classname="ApiTest" time="0.76">
    <system-out><![CDATA[{
    "firstname": "Jack",
    "lastname": "Bro",
    "totalprice": 111,
    "depositpaid": true,
    "bookingdates": {
        "checkin": "2018-01-01",
        "checkout": "2019-01-01"
    }
}
]]></system-out>
  </testcase>
  <testcase name="deleteBooking" classname="ApiTest" time="0.723">
    <system-out><![CDATA[Created
]]></system-out>
  </testcase>
  <testcase name="healthCheck" classname="ApiTest" time="0.771">
    <system-out><![CDATA[Created
]]></system-out>
  </testcase>
  <testcase name="GetBooking" classname="ApiTest" time="1.221">
    <system-out><![CDATA[[
    {
        "bookingid": 3848
    },
    {
        "bookingid": 2186
    },
    {
        "bookingid": 439
    },
    {
        "bookingid": 1215
    },
    {
        "bookingid": 1024
    },
    {
        "bookingid": 209
    },
    {
        "bookingid": 3420
    },
    {
        "bookingid": 4256
    },
    {
        "bookingid": 650
    },
    {
        "bookingid": 4509
    },
    {
        "bookingid": 2949
    },
    {
        "bookingid": 1392
    },
    {
        "bookingid": 1790
    },
    {
        "bookingid": 2416
    },
    {
        "bookingid": 2222
    },
    {
        "bookingid": 1287
    },
    {
        "bookingid": 4088
    },
    {
        "bookingid": 4633
    },
    {
        "bookingid": 3627
    },
    {
        "bookingid": 964
    },
    {
        "bookingid": 4327
    },
    {
        "bookingid": 1559
    },
    {
        "bookingid": 1879
    },
    {
        "bookingid": 1804
    },
    {
        "bookingid": 1956
    },
    {
        "bookingid": 3074
    },
    {
        "bookingid": 4596
    },
    {
        "bookingid": 3772
    },
    {
        "bookingid": 2048
    },
    {
        "bookingid": 2726
    },
    {
        "bookingid": 1060
    },
    {
        "bookingid": 2545
    },
    {
        "bookingid": 1808
    },
    {
        "bookingid": 3546
    },
    {
        "bookingid": 4342
    },
    {
        "bookingid": 4176
    },
    {
        "bookingid": 2435
    },
    {
        "bookingid": 4048
    },
    {
        "bookingid": 1580
    },
    {
        "bookingid": 2864
    },
    {
        "bookingid": 4198
    },
    {
        "bookingid": 35
    },
    {
        "bookingid": 3806
    },
    {
        "bookingid": 4153
    },
    {
        "bookingid": 741
    },
    {
        "bookingid": 968
    },
    {
        "bookingid": 3760
    },
    {
        "bookingid": 3100
    },
    {
        "bookingid": 3107
    },
    {
        "bookingid": 1575
    },
    {
        "bookingid": 4485
    },
    {
        "bookingid": 1819
    },
    {
        "bookingid": 3879
    },
    {
        "bookingid": 1729
    },
    {
        "bookingid": 4161
    },
    {
        "bookingid": 933
    },
    {
        "bookingid": 3899
    },
    {
        "bookingid": 590
    },
    {
        "bookingid": 2750
    },
    {
        "bookingid": 1721
    },
    {
        "bookingid": 3398
    },
    {
        "bookingid": 3324
    },
    {
        "bookingid": 3739
    },
    {
        "bookingid": 330
    },
    {
        "bookingid": 435
    },
    {
        "bookingid": 1377
    },
    {
        "bookingid": 4114
    },
    {
        "bookingid": 792
    },
    {
        "bookingid": 2442
    },
    {
        "bookingid": 2765
    },
    {
        "bookingid": 712
    },
    {
        "bookingid": 3040
    },
    {
        "bookingid": 2245
    },
    {
        "bookingid": 2784
    },
    {
        "bookingid": 3448
    },
    {
        "bookingid": 1813
    },
    {
        "bookingid": 1742
    },
    {
        "bookingid": 2355
    },
    {
        "bookingid": 1713
    },
    {
        "bookingid": 2067
    },
    {
        "bookingid": 1805
    },
    {
        "bookingid": 4121
    },
    {
        "bookingid": 3206
    },
    {
        "bookingid": 2633
    },
    {
        "bookingid": 1999
    },
    {
        "bookingid": 660
    },
    {
        "bookingid": 204
    },
    {
        "bookingid": 3470
    },
    {
        "bookingid": 3589
    },
    {
        "bookingid": 4420
    },
    {
        "bookingid": 4419
    },
    {
        "bookingid": 4588
    },
    {
        "bookingid": 3149
    },
    {
        "bookingid": 3241
    },
    {
        "bookingid": 157
    },
    {
        "bookingid": 3504
    },
    {
        "bookingid": 1673
    },
    {
        "bookingid": 3460
    },
    {
        "bookingid": 4373
    },
    {
        "bookingid": 3367
    },
    {
        "bookingid": 194
    },
    {
        "bookingid": 3788
    },
    {
        "bookingid": 886
    },
    {
        "bookingid": 1005
    },
    {
        "bookingid": 878
    },
    {
        "bookingid": 1396
    },
    {
        "bookingid": 327
    },
    {
        "bookingid": 2116
    },
    {
        "bookingid": 3323
    },
    {
        "bookingid": 3426
    },
    {
        "bookingid": 4071
    },
    {
        "bookingid": 2117
    },
    {
        "bookingid": 3409
    },
    {
        "bookingid": 2148
    },
    {
        "bookingid": 3825
    },
    {
        "bookingid": 3978
    },
    {
        "bookingid": 1262
    },
    {
        "bookingid": 1660
    },
    {
        "bookingid": 4528
    },
    {
        "bookingid": 1583
    },
    {
        "bookingid": 3753
    },
    {
        "bookingid": 945
    },
    {
        "bookingid": 3280
    },
    {
        "bookingid": 2499
    },
    {
        "bookingid": 3148
    },
    {
        "bookingid": 957
    },
    {
        "bookingid": 1471
    },
    {
        "bookingid": 3300
    },
    {
        "bookingid": 3995
    },
    {
        "bookingid": 581
    },
    {
        "bookingid": 4062
    },
    {
        "bookingid": 4338
    },
    {
        "bookingid": 4135
    },
    {
        "bookingid": 1711
    },
    {
        "bookingid": 1283
    },
    {
        "bookingid": 337
    },
    {
        "bookingid": 3571
    },
    {
        "bookingid": 1211
    },
    {
        "bookingid": 1297
    },
    {
        "bookingid": 1610
    },
    {
        "bookingid": 3715
    },
    {
        "bookingid": 1582
    },
    {
        "bookingid": 4589
    },
    {
        "bookingid": 2507
    },
    {
        "bookingid": 1279
    },
    {
        "bookingid": 1395
    },
    {
        "bookingid": 2079
    },
    {
        "bookingid": 2274
    },
    {
        "bookingid": 1987
    },
    {
        "bookingid": 2483
    },
    {
        "bookingid": 1761
    },
    {
        "bookingid": 4343
    },
    {
        "bookingid": 4387
    },
    {
        "bookingid": 1707
    },
    {
        "bookingid": 3566
    },
    {
        "bookingid": 3158
    },
    {
        "bookingid": 2049
    },
    {
        "bookingid": 1936
    },
    {
        "bookingid": 2061
    },
    {
        "bookingid": 1731
    },
    {
        "bookingid": 1860
    },
    {
        "bookingid": 1381
    },
    {
        "bookingid": 4428
    },
    {
        "bookingid": 4427
    },
    {
        "bookingid": 1612
    },
    {
        "bookingid": 1458
    },
    {
        "bookingid": 4578
    },
    {
        "bookingid": 1541
    },
    {
        "bookingid": 1877
    },
    {
        "bookingid": 1302
    },
    {
        "bookingid": 603
    },
    {
        "bookingid": 3867
    },
    {
        "bookingid": 193
    },
    {
        "bookingid": 1896
    },
    {
        "bookingid": 2601
    },
    {
        "bookingid": 981
    },
    {
        "bookingid": 2384
    },
    {
        "bookingid": 3639
    },
    {
        "bookingid": 4584
    },
    {
        "bookingid": 374
    },
    {
        "bookingid": 1136
    },
    {
        "bookingid": 2848
    },
    {
        "bookingid": 4137
    },
    {
        "bookingid": 2725
    },
    {
        "bookingid": 2912
    },
    {
        "bookingid": 1141
    },
    {
        "bookingid": 3371
    },
    {
        "bookingid": 3417
    },
    {
        "bookingid": 4211
    },
    {
        "bookingid": 1529
    },
    {
        "bookingid": 4306
    },
    {
        "bookingid": 3336
    },
    {
        "bookingid": 265
    },
    {
        "bookingid": 449
    },
    {
        "bookingid": 2782
    },
    {
        "bookingid": 2614
    },
    {
        "bookingid": 2114
    },
    {
        "bookingid": 2478
    },
    {
        "bookingid": 3823
    },
    {
        "bookingid": 1171
    },
    {
        "bookingid": 672
    },
    {
        "bookingid": 29
    },
    {
        "bookingid": 2022
    },
    {
        "bookingid": 2163
    },
    {
        "bookingid": 334
    },
    {
        "bookingid": 57
    },
    {
        "bookingid": 1010
    },
    {
        "bookingid": 3726
    },
    {
        "bookingid": 4249
    },
    {
        "bookingid": 2095
    },
    {
        "bookingid": 2237
    },
    {
        "bookingid": 3252
    },
    {
        "bookingid": 2993
    },
    {
        "bookingid": 2922
    },
    {
        "bookingid": 562
    },
    {
        "bookingid": 1065
    },
    {
        "bookingid": 2128
    },
    {
        "bookingid": 4493
    },
    {
        "bookingid": 2768
    },
    {
        "bookingid": 2006
    },
    {
        "bookingid": 4396
    },
    {
        "bookingid": 4472
    },
    {
        "bookingid": 1846
    },
    {
        "bookingid": 2385
    },
    {
        "bookingid": 3679
    },
    {
        "bookingid": 1507
    },
    {
        "bookingid": 3389
    },
    {
        "bookingid": 1172
    },
    {
        "bookingid": 982
    },
    {
        "bookingid": 19
    },
    {
        "bookingid": 3199
    },
    {
        "bookingid": 1590
    },
    {
        "bookingid": 1219
    },
    {
        "bookingid": 4513
    },
    {
        "bookingid": 2145
    },
    {
        "bookingid": 1513
    },
    {
        "bookingid": 2436
    },
    {
        "bookingid": 403
    },
    {
        "bookingid": 4583
    },
    {
        "bookingid": 4477
    },
    {
        "bookingid": 3603
    },
    {
        "bookingid": 4083
    },
    {
        "bookingid": 3395
    },
    {
        "bookingid": 2194
    },
    {
        "bookingid": 659
    },
    {
        "bookingid": 795
    },
    {
        "bookingid": 4150
    },
    {
        "bookingid": 3528
    },
    {
        "bookingid": 478
    },
    {
        "bookingid": 3019
    },
    {
        "bookingid": 4586
    },
    {
        "bookingid": 1301
    },
    {
        "bookingid": 809
    },
    {
        "bookingid": 2624
    },
    {
        "bookingid": 4348
    },
    {
        "bookingid": 1181
    },
    {
        "bookingid": 2008
    },
    {
        "bookingid": 1599
    },
    {
        "bookingid": 4358
    },
    {
        "bookingid": 402
    },
    {
        "bookingid": 4047
    },
    {
        "bookingid": 3072
    },
    {
        "bookingid": 545
    },
    {
        "bookingid": 3082
    },
    {
        "bookingid": 4494
    },
    {
        "bookingid": 4507
    },
    {
        "bookingid": 3003
    },
    {
        "bookingid": 84
    },
    {
        "bookingid": 4479
    },
    {
        "bookingid": 37
    },
    {
        "bookingid": 2984
    },
    {
        "bookingid": 3556
    },
    {
        "bookingid": 2904
    },
    {
        "bookingid": 1078
    },
    {
        "bookingid": 5
    },
    {
        "bookingid": 1006
    },
    {
        "bookingid": 3322
    },
    {
        "bookingid": 3400
    },
    {
        "bookingid": 2579
    },
    {
        "bookingid": 186
    },
    {
        "bookingid": 2747
    },
    {
        "bookingid": 3588
    },
    {
        "bookingid": 2107
    },
    {
        "bookingid": 3129
    },
    {
        "bookingid": 2193
    },
    {
        "bookingid": 1939
    },
    {
        "bookingid": 4068
    },
    {
        "bookingid": 3660
    },
    {
        "bookingid": 4312
    },
    {
        "bookingid": 4102
    },
    {
        "bookingid": 1175
    },
    {
        "bookingid": 4568
    },
    {
        "bookingid": 1061
    },
    {
        "bookingid": 1056
    },
    {
        "bookingid": 454
    },
    {
        "bookingid": 2541
    },
    {
        "bookingid": 3483
    },
    {
        "bookingid": 633
    },
    {
        "bookingid": 1844
    },
    {
        "bookingid": 3610
    },
    {
        "bookingid": 2582
    },
    {
        "bookingid": 2748
    },
    {
        "bookingid": 4028
    },
    {
        "bookingid": 2647
    },
    {
        "bookingid": 3292
    },
    {
        "bookingid": 2336
    },
    {
        "bookingid": 1639
    },
    {
        "bookingid": 924
    },
    {
        "bookingid": 3343
    },
    {
        "bookingid": 452
    },
    {
        "bookingid": 4267
    },
    {
        "bookingid": 3441
    },
    {
        "bookingid": 1192
    },
    {
        "bookingid": 2674
    },
    {
        "bookingid": 2665
    },
    {
        "bookingid": 2981
    },
    {
        "bookingid": 2424
    },
    {
        "bookingid": 4059
    },
    {
        "bookingid": 1523
    },
    {
        "bookingid": 1938
    },
    {
        "bookingid": 355
    },
    {
        "bookingid": 4194
    },
    {
        "bookingid": 1346
    },
    {
        "bookingid": 1162
    },
    {
        "bookingid": 1701
    },
    {
        "bookingid": 2898
    },
    {
        "bookingid": 270
    },
    {
        "bookingid": 2293
    },
    {
        "bookingid": 951
    },
    {
        "bookingid": 4050
    },
    {
        "bookingid": 1096
    },
    {
        "bookingid": 95
    },
    {
        "bookingid": 1475
    },
    {
        "bookingid": 2655
    },
    {
        "bookingid": 2616
    },
    {
        "bookingid": 1811
    },
    {
        "bookingid": 3762
    },
    {
        "bookingid": 536
    },
    {
        "bookingid": 3051
    },
    {
        "bookingid": 11
    },
    {
        "bookingid": 2220
    },
    {
        "bookingid": 1595
    },
    {
        "bookingid": 1568
    },
    {
        "bookingid": 3154
    },
    {
        "bookingid": 1082
    },
    {
        "bookingid": 4506
    },
    {
        "bookingid": 2644
    },
    {
        "bookingid": 4435
    },
    {
        "bookingid": 2835
    },
    {
        "bookingid": 2440
    },
    {
        "bookingid": 166
    },
    {
        "bookingid": 1628
    },
    {
        "bookingid": 1766
    },
    {
        "bookingid": 2696
    },
    {
        "bookingid": 2795
    },
    {
        "bookingid": 2758
    },
    {
        "bookingid": 2785
    },
    {
        "bookingid": 3851
    },
    {
        "bookingid": 4483
    },
    {
        "bookingid": 3884
    },
    {
        "bookingid": 3452
    },
    {
        "bookingid": 1467
    },
    {
        "bookingid": 488
    },
    {
        "bookingid": 43
    },
    {
        "bookingid": 1183
    },
    {
        "bookingid": 1305
    },
    {
        "bookingid": 3087
    },
    {
        "bookingid": 4325
    },
    {
        "bookingid": 2816
    },
    {
        "bookingid": 908
    },
    {
        "bookingid": 1489
    },
    {
        "bookingid": 4497
    },
    {
        "bookingid": 2373
    },
    {
        "bookingid": 1650
    },
    {
        "bookingid": 4405
    },
    {
        "bookingid": 2475
    },
    {
        "bookingid": 4647
    },
    {
        "bookingid": 1995
    },
    {
        "bookingid": 1013
    },
    {
        "bookingid": 1694
    },
    {
        "bookingid": 1787
    },
    {
        "bookingid": 2528
    },
    {
        "bookingid": 901
    },
    {
        "bookingid": 2309
    },
    {
        "bookingid": 500
    },
    {
        "bookingid": 354
    },
    {
        "bookingid": 179
    },
    {
        "bookingid": 3406
    },
    {
        "bookingid": 367
    },
    {
        "bookingid": 4379
    },
    {
        "bookingid": 758
    },
    {
        "bookingid": 376
    },
    {
        "bookingid": 1062
    },
    {
        "bookingid": 662
    },
    {
        "bookingid": 572
    },
    {
        "bookingid": 1830
    },
    {
        "bookingid": 2831
    },
    {
        "bookingid": 2091
    },
    {
        "bookingid": 766
    },
    {
        "bookingid": 2642
    },
    {
        "bookingid": 564
    },
    {
        "bookingid": 1435
    },
    {
        "bookingid": 1075
    },
    {
        "bookingid": 2257
    },
    {
        "bookingid": 701
    },
    {
        "bookingid": 505
    },
    {
        "bookingid": 1337
    },
    {
        "bookingid": 4252
    },
    {
        "bookingid": 4246
    },
    {
        "bookingid": 3050
    },
    {
        "bookingid": 3667
    },
    {
        "bookingid": 2470
    },
    {
        "bookingid": 4330
    },
    {
        "bookingid": 260
    },
    {
        "bookingid": 4026
    },
    {
        "bookingid": 2987
    },
    {
        "bookingid": 1040
    },
    {
        "bookingid": 4007
    },
    {
        "bookingid": 2043
    },
    {
        "bookingid": 2060
    },
    {
        "bookingid": 2477
    },
    {
        "bookingid": 2915
    },
    {
        "bookingid": 885
    },
    {
        "bookingid": 2419
    },
    {
        "bookingid": 343
    },
    {
        "bookingid": 1852
    },
    {
        "bookingid": 1241
    },
    {
        "bookingid": 576
    },
    {
        "bookingid": 1457
    },
    {
        "bookingid": 3578
    },
    {
        "bookingid": 279
    },
    {
        "bookingid": 1452
    },
    {
        "bookingid": 1206
    },
    {
        "bookingid": 2172
    },
    {
        "bookingid": 867
    },
    {
        "bookingid": 624
    },
    {
        "bookingid": 1794
    },
    {
        "bookingid": 290
    },
    {
        "bookingid": 4173
    },
    {
        "bookingid": 1561
    },
    {
        "bookingid": 1050
    },
    {
        "bookingid": 2321
    },
    {
        "bookingid": 2730
    },
    {
        "bookingid": 4002
    },
    {
        "bookingid": 4095
    },
    {
        "bookingid": 1791
    },
    {
        "bookingid": 2358
    },
    {
        "bookingid": 1637
    },
    {
        "bookingid": 3486
    },
    {
        "bookingid": 2365
    },
    {
        "bookingid": 987
    },
    {
        "bookingid": 3783
    },
    {
        "bookingid": 3215
    },
    {
        "bookingid": 2861
    },
    {
        "bookingid": 4452
    },
    {
        "bookingid": 4015
    },
    {
        "bookingid": 2896
    },
    {
        "bookingid": 4391
    },
    {
        "bookingid": 3358
    },
    {
        "bookingid": 2594
    },
    {
        "bookingid": 799
    },
    {
        "bookingid": 2548
    },
    {
        "bookingid": 3174
    },
    {
        "bookingid": 3636
    },
    {
        "bookingid": 4289
    },
    {
        "bookingid": 2162
    },
    {
        "bookingid": 2626
    },
    {
        "bookingid": 2732
    },
    {
        "bookingid": 1090
    },
    {
        "bookingid": 4125
    },
    {
        "bookingid": 2734
    },
    {
        "bookingid": 612
    },
    {
        "bookingid": 1695
    },
    {
        "bookingid": 163
    },
    {
        "bookingid": 1476
    },
    {
        "bookingid": 518
    },
    {
        "bookingid": 90
    },
    {
        "bookingid": 152
    },
    {
        "bookingid": 3585
    },
    {
        "bookingid": 3012
    },
    {
        "bookingid": 2461
    },
    {
        "bookingid": 3000
    },
    {
        "bookingid": 3356
    },
    {
        "bookingid": 2303
    },
    {
        "bookingid": 2938
    },
    {
        "bookingid": 3198
    },
    {
        "bookingid": 1332
    },
    {
        "bookingid": 2055
    },
    {
        "bookingid": 2806
    },
    {
        "bookingid": 1231
    },
    {
        "bookingid": 1233
    },
    {
        "bookingid": 2512
    },
    {
        "bookingid": 2803
    },
    {
        "bookingid": 676
    },
    {
        "bookingid": 686
    },
    {
        "bookingid": 4260
    },
    {
        "bookingid": 1781
    },
    {
        "bookingid": 1527
    },
    {
        "bookingid": 1880
    },
    {
        "bookingid": 2584
    },
    {
        "bookingid": 471
    },
    {
        "bookingid": 3618
    },
    {
        "bookingid": 4174
    },
    {
        "bookingid": 1678
    },
    {
        "bookingid": 1431
    },
    {
        "bookingid": 1855
    },
    {
        "bookingid": 2251
    },
    {
        "bookingid": 3038
    },
    {
        "bookingid": 3404
    },
    {
        "bookingid": 921
    },
    {
        "bookingid": 1200
    },
    {
        "bookingid": 1757
    },
    {
        "bookingid": 1366
    },
    {
        "bookingid": 2280
    },
    {
        "bookingid": 1913
    },
    {
        "bookingid": 2832
    },
    {
        "bookingid": 3041
    },
    {
        "bookingid": 2225
    },
    {
        "bookingid": 2347
    },
    {
        "bookingid": 4020
    },
    {
        "bookingid": 2191
    },
    {
        "bookingid": 3268
    },
    {
        "bookingid": 2801
    },
    {
        "bookingid": 773
    },
    {
        "bookingid": 1581
    },
    {
        "bookingid": 656
    },
    {
        "bookingid": 675
    },
    {
        "bookingid": 278
    },
    {
        "bookingid": 4165
    },
    {
        "bookingid": 1574
    },
    {
        "bookingid": 1182
    },
    {
        "bookingid": 4442
    },
    {
        "bookingid": 412
    },
    {
        "bookingid": 2233
    },
    {
        "bookingid": 2345
    },
    {
        "bookingid": 3126
    },
    {
        "bookingid": 747
    },
    {
        "bookingid": 3454
    },
    {
        "bookingid": 729
    },
    {
        "bookingid": 861
    },
    {
        "bookingid": 1935
    },
    {
        "bookingid": 2151
    },
    {
        "bookingid": 674
    },
    {
        "bookingid": 2126
    },
    {
        "bookingid": 2327
    },
    {
        "bookingid": 4155
    },
    {
        "bookingid": 1908
    },
    {
        "bookingid": 3142
    },
    {
        "bookingid": 1468
    },
    {
        "bookingid": 3510
    },
    {
        "bookingid": 1641
    },
    {
        "bookingid": 3765
    },
    {
        "bookingid": 3896
    },
    {
        "bookingid": 23
    },
    {
        "bookingid": 755
    },
    {
        "bookingid": 4380
    },
    {
        "bookingid": 4066
    },
    {
        "bookingid": 1777
    },
    {
        "bookingid": 3696
    },
    {
        "bookingid": 2482
    },
    {
        "bookingid": 396
    },
    {
        "bookingid": 3945
    },
    {
        "bookingid": 2228
    },
    {
        "bookingid": 276
    },
    {
        "bookingid": 3530
    },
    {
        "bookingid": 2547
    },
    {
        "bookingid": 28
    },
    {
        "bookingid": 531
    },
    {
        "bookingid": 2388
    },
    {
        "bookingid": 2484
    },
    {
        "bookingid": 4023
    },
    {
        "bookingid": 623
    },
    {
        "bookingid": 2823
    },
    {
        "bookingid": 4631
    },
    {
        "bookingid": 1902
    },
    {
        "bookingid": 3497
    },
    {
        "bookingid": 2846
    },
    {
        "bookingid": 693
    },
    {
        "bookingid": 501
    },
    {
        "bookingid": 2859
    },
    {
        "bookingid": 2638
    },
    {
        "bookingid": 359
    },
    {
        "bookingid": 3847
    },
    {
        "bookingid": 3205
    },
    {
        "bookingid": 558
    },
    {
        "bookingid": 2609
    },
    {
        "bookingid": 3516
    },
    {
        "bookingid": 940
    },
    {
        "bookingid": 3976
    },
    {
        "bookingid": 1871
    },
    {
        "bookingid": 175
    },
    {
        "bookingid": 1111
    },
    {
        "bookingid": 2054
    },
    {
        "bookingid": 3255
    },
    {
        "bookingid": 4270
    },
    {
        "bookingid": 2701
    },
    {
        "bookingid": 2263
    },
    {
        "bookingid": 2218
    },
    {
        "bookingid": 1401
    },
    {
        "bookingid": 697
    },
    {
        "bookingid": 1081
    },
    {
        "bookingid": 4294
    },
    {
        "bookingid": 13
    },
    {
        "bookingid": 2439
    },
    {
        "bookingid": 1910
    },
    {
        "bookingid": 1816
    },
    {
        "bookingid": 3301
    },
    {
        "bookingid": 3632
    },
    {
        "bookingid": 3244
    },
    {
        "bookingid": 2503
    },
    {
        "bookingid": 770
    },
    {
        "bookingid": 649
    },
    {
        "bookingid": 1112
    },
    {
        "bookingid": 2574
    },
    {
        "bookingid": 4566
    },
    {
        "bookingid": 655
    },
    {
        "bookingid": 1540
    },
    {
        "bookingid": 1118
    },
    {
        "bookingid": 3650
    },
    {
        "bookingid": 1028
    },
    {
        "bookingid": 4228
    },
    {
        "bookingid": 1015
    },
    {
        "bookingid": 91
    },
    {
        "bookingid": 3397
    },
    {
        "bookingid": 2488
    },
    {
        "bookingid": 1425
    },
    {
        "bookingid": 926
    },
    {
        "bookingid": 984
    },
    {
        "bookingid": 3906
    },
    {
        "bookingid": 2907
    },
    {
        "bookingid": 489
    },
    {
        "bookingid": 720
    },
    {
        "bookingid": 1197
    },
    {
        "bookingid": 1214
    },
    {
        "bookingid": 1556
    },
    {
        "bookingid": 2105
    },
    {
        "bookingid": 2629
    },
    {
        "bookingid": 1504
    },
    {
        "bookingid": 3423
    },
    {
        "bookingid": 742
    },
    {
        "bookingid": 1309
    },
    {
        "bookingid": 3342
    },
    {
        "bookingid": 116
    },
    {
        "bookingid": 632
    },
    {
        "bookingid": 4394
    },
    {
        "bookingid": 3820
    },
    {
        "bookingid": 123
    },
    {
        "bookingid": 2667
    },
    {
        "bookingid": 389
    },
    {
        "bookingid": 3810
    },
    {
        "bookingid": 2564
    },
    {
        "bookingid": 1716
    },
    {
        "bookingid": 17
    },
    {
        "bookingid": 931
    },
    {
        "bookingid": 4274
    },
    {
        "bookingid": 1878
    },
    {
        "bookingid": 3731
    },
    {
        "bookingid": 4351
    },
    {
        "bookingid": 1890
    },
    {
        "bookingid": 3997
    },
    {
        "bookingid": 1881
    },
    {
        "bookingid": 1915
    },
    {
        "bookingid": 907
    },
    {
        "bookingid": 4344
    },
    {
        "bookingid": 3641
    },
    {
        "bookingid": 3684
    },
    {
        "bookingid": 1663
    },
    {
        "bookingid": 3944
    },
    {
        "bookingid": 864
    },
    {
        "bookingid": 2184
    },
    {
        "bookingid": 382
    },
    {
        "bookingid": 66
    },
    {
        "bookingid": 3800
    },
    {
        "bookingid": 600
    },
    {
        "bookingid": 3384
    },
    {
        "bookingid": 4621
    },
    {
        "bookingid": 3711
    },
    {
        "bookingid": 249
    },
    {
        "bookingid": 1150
    },
    {
        "bookingid": 3768
    },
    {
        "bookingid": 2897
    },
    {
        "bookingid": 321
    },
    {
        "bookingid": 4183
    },
    {
        "bookingid": 158
    },
    {
        "bookingid": 1178
    },
    {
        "bookingid": 1266
    },
    {
        "bookingid": 1020
    },
    {
        "bookingid": 239
    },
    {
        "bookingid": 538
    },
    {
        "bookingid": 1088
    },
    {
        "bookingid": 4273
    },
    {
        "bookingid": 4558
    },
    {
        "bookingid": 2946
    },
    {
        "bookingid": 3710
    },
    {
        "bookingid": 2458
    },
    {
        "bookingid": 3797
    },
    {
        "bookingid": 2154
    },
    {
        "bookingid": 2820
    },
    {
        "bookingid": 3828
    },
    {
        "bookingid": 4060
    },
    {
        "bookingid": 3709
    },
    {
        "bookingid": 549
    },
    {
        "bookingid": 4370
    },
    {
        "bookingid": 2569
    },
    {
        "bookingid": 3662
    },
    {
        "bookingid": 3934
    },
    {
        "bookingid": 3536
    },
    {
        "bookingid": 475
    },
    {
        "bookingid": 3701
    },
    {
        "bookingid": 3819
    },
    {
        "bookingid": 4248
    },
    {
        "bookingid": 2809
    },
    {
        "bookingid": 548
    },
    {
        "bookingid": 3487
    },
    {
        "bookingid": 1317
    },
    {
        "bookingid": 859
    },
    {
        "bookingid": 791
    },
    {
        "bookingid": 4179
    },
    {
        "bookingid": 1977
    },
    {
        "bookingid": 1763
    },
    {
        "bookingid": 4001
    },
    {
        "bookingid": 2120
    },
    {
        "bookingid": 4355
    },
    {
        "bookingid": 219
    },
    {
        "bookingid": 3493
    },
    {
        "bookingid": 86
    },
    {
        "bookingid": 3380
    },
    {
        "bookingid": 3640
    },
    {
        "bookingid": 4230
    },
    {
        "bookingid": 4213
    },
    {
        "bookingid": 4170
    },
    {
        "bookingid": 512
    },
    {
        "bookingid": 2654
    },
    {
        "bookingid": 1034
    },
    {
        "bookingid": 4424
    },
    {
        "bookingid": 3046
    },
    {
        "bookingid": 1832
    },
    {
        "bookingid": 1303
    },
    {
        "bookingid": 1542
    },
    {
        "bookingid": 3492
    },
    {
        "bookingid": 2290
    },
    {
        "bookingid": 1450
    },
    {
        "bookingid": 4386
    },
    {
        "bookingid": 3954
    },
    {
        "bookingid": 1131
    },
    {
        "bookingid": 1530
    },
    {
        "bookingid": 1942
    },
    {
        "bookingid": 3579
    },
    {
        "bookingid": 3606
    },
    {
        "bookingid": 4130
    },
    {
        "bookingid": 753
    },
    {
        "bookingid": 879
    },
    {
        "bookingid": 34
    },
    {
        "bookingid": 1269
    },
    {
        "bookingid": 1746
    },
    {
        "bookingid": 1796
    },
    {
        "bookingid": 1348
    },
    {
        "bookingid": 3057
    },
    {
        "bookingid": 2678
    },
    {
        "bookingid": 4278
    },
    {
        "bookingid": 995
    },
    {
        "bookingid": 3299
    },
    {
        "bookingid": 1827
    },
    {
        "bookingid": 4233
    },
    {
        "bookingid": 2427
    },
    {
        "bookingid": 692
    },
    {
        "bookingid": 3210
    },
    {
        "bookingid": 2777
    },
    {
        "bookingid": 2368
    },
    {
        "bookingid": 4575
    },
    {
        "bookingid": 4158
    },
    {
        "bookingid": 1201
    },
    {
        "bookingid": 843
    },
    {
        "bookingid": 2179
    },
    {
        "bookingid": 4545
    },
    {
        "bookingid": 390
    },
    {
        "bookingid": 1264
    },
    {
        "bookingid": 4439
    },
    {
        "bookingid": 4587
    },
    {
        "bookingid": 4280
    },
    {
        "bookingid": 3902
    },
    {
        "bookingid": 1562
    },
    {
        "bookingid": 963
    },
    {
        "bookingid": 1810
    },
    {
        "bookingid": 3968
    },
    {
        "bookingid": 3795
    },
    {
        "bookingid": 3283
    },
    {
        "bookingid": 202
    },
    {
        "bookingid": 1798
    },
    {
        "bookingid": 3208
    },
    {
        "bookingid": 1113
    },
    {
        "bookingid": 1918
    },
    {
        "bookingid": 3903
    },
    {
        "bookingid": 18
    },
    {
        "bookingid": 2064
    },
    {
        "bookingid": 976
    },
    {
        "bookingid": 1446
    },
    {
        "bookingid": 2312
    },
    {
        "bookingid": 4576
    },
    {
        "bookingid": 2506
    },
    {
        "bookingid": 1154
    },
    {
        "bookingid": 3778
    },
    {
        "bookingid": 1239
    },
    {
        "bookingid": 895
    },
    {
        "bookingid": 4334
    },
    {
        "bookingid": 1033
    },
    {
        "bookingid": 2988
    },
    {
        "bookingid": 2583
    },
    {
        "bookingid": 3597
    },
    {
        "bookingid": 4616
    },
    {
        "bookingid": 60
    },
    {
        "bookingid": 24
    },
    {
        "bookingid": 54
    },
    {
        "bookingid": 919
    },
    {
        "bookingid": 2361
    },
    {
        "bookingid": 2736
    },
    {
        "bookingid": 4305
    },
    {
        "bookingid": 2326
    },
    {
        "bookingid": 2994
    },
    {
        "bookingid": 3491
    },
    {
        "bookingid": 953
    },
    {
        "bookingid": 3729
    },
    {
        "bookingid": 4234
    },
    {
        "bookingid": 848
    },
    {
        "bookingid": 3373
    },
    {
        "bookingid": 2745
    },
    {
        "bookingid": 1734
    },
    {
        "bookingid": 1620
    },
    {
        "bookingid": 1703
    },
    {
        "bookingid": 281
    },
    {
        "bookingid": 1740
    },
    {
        "bookingid": 3258
    },
    {
        "bookingid": 3717
    },
    {
        "bookingid": 1839
    },
    {
        "bookingid": 4169
    },
    {
        "bookingid": 3700
    },
    {
        "bookingid": 1324
    },
    {
        "bookingid": 778
    },
    {
        "bookingid": 2910
    },
    {
        "bookingid": 3928
    },
    {
        "bookingid": 2234
    },
    {
        "bookingid": 2124
    },
    {
        "bookingid": 4433
    },
    {
        "bookingid": 870
    },
    {
        "bookingid": 2921
    },
    {
        "bookingid": 3096
    },
    {
        "bookingid": 3227
    },
    {
        "bookingid": 409
    },
    {
        "bookingid": 487
    },
    {
        "bookingid": 3683
    },
    {
        "bookingid": 2431
    },
    {
        "bookingid": 653
    },
    {
        "bookingid": 3021
    },
    {
        "bookingid": 2230
    },
    {
        "bookingid": 304
    },
    {
        "bookingid": 264
    },
    {
        "bookingid": 1693
    },
    {
        "bookingid": 3742
    },
    {
        "bookingid": 2892
    },
    {
        "bookingid": 4555
    },
    {
        "bookingid": 3069
    },
    {
        "bookingid": 2103
    },
    {
        "bookingid": 2975
    },
    {
        "bookingid": 3005
    },
    {
        "bookingid": 3980
    },
    {
        "bookingid": 3866
    },
    {
        "bookingid": 3249
    },
    {
        "bookingid": 3393
    },
    {
        "bookingid": 4403
    },
    {
        "bookingid": 939
    },
    {
        "bookingid": 1417
    },
    {
        "bookingid": 1229
    },
    {
        "bookingid": 1160
    },
    {
        "bookingid": 915
    },
    {
        "bookingid": 4027
    },
    {
        "bookingid": 925
    },
    {
        "bookingid": 1344
    },
    {
        "bookingid": 4162
    },
    {
        "bookingid": 863
    },
    {
        "bookingid": 1365
    },
    {
        "bookingid": 4430
    },
    {
        "bookingid": 4478
    },
    {
        "bookingid": 3007
    },
    {
        "bookingid": 3656
    },
    {
        "bookingid": 3626
    },
    {
        "bookingid": 4055
    },
    {
        "bookingid": 345
    },
    {
        "bookingid": 638
    },
    {
        "bookingid": 1589
    },
    {
        "bookingid": 835
    },
    {
        "bookingid": 2460
    },
    {
        "bookingid": 216
    },
    {
        "bookingid": 1668
    },
    {
        "bookingid": 3123
    },
    {
        "bookingid": 1948
    },
    {
        "bookingid": 2636
    },
    {
        "bookingid": 1993
    },
    {
        "bookingid": 3580
    },
    {
        "bookingid": 2779
    },
    {
        "bookingid": 2101
    },
    {
        "bookingid": 648
    },
    {
        "bookingid": 1892
    },
    {
        "bookingid": 668
    },
    {
        "bookingid": 903
    },
    {
        "bookingid": 912
    },
    {
        "bookingid": 3236
    },
    {
        "bookingid": 3766
    },
    {
        "bookingid": 3794
    },
    {
        "bookingid": 551
    },
    {
        "bookingid": 238
    },
    {
        "bookingid": 3664
    },
    {
        "bookingid": 385
    },
    {
        "bookingid": 2753
    },
    {
        "bookingid": 3066
    },
    {
        "bookingid": 1209
    },
    {
        "bookingid": 437
    },
    {
        "bookingid": 2036
    },
    {
        "bookingid": 4375
    },
    {
        "bookingid": 2332
    },
    {
        "bookingid": 735
    },
    {
        "bookingid": 284
    },
    {
        "bookingid": 1962
    },
    {
        "bookingid": 3596
    },
    {
        "bookingid": 4302
    },
    {
        "bookingid": 3308
    },
    {
        "bookingid": 2469
    },
    {
        "bookingid": 3648
    },
    {
        "bookingid": 10
    },
    {
        "bookingid": 408
    },
    {
        "bookingid": 1760
    },
    {
        "bookingid": 4393
    },
    {
        "bookingid": 3625
    },
    {
        "bookingid": 834
    },
    {
        "bookingid": 267
    },
    {
        "bookingid": 413
    },
    {
        "bookingid": 3274
    },
    {
        "bookingid": 2996
    },
    {
        "bookingid": 1353
    },
    {
        "bookingid": 4120
    },
    {
        "bookingid": 3366
    },
    {
        "bookingid": 1218
    },
    {
        "bookingid": 3056
    },
    {
        "bookingid": 2526
    },
    {
        "bookingid": 3948
    },
    {
        "bookingid": 2903
    },
    {
        "bookingid": 1422
    },
    {
        "bookingid": 514
    },
    {
        "bookingid": 3669
    },
    {
        "bookingid": 3414
    },
    {
        "bookingid": 2631
    },
    {
        "bookingid": 3792
    },
    {
        "bookingid": 2084
    },
    {
        "bookingid": 3521
    },
    {
        "bookingid": 2694
    },
    {
        "bookingid": 314
    },
    {
        "bookingid": 3160
    },
    {
        "bookingid": 1247
    },
    {
        "bookingid": 1667
    },
    {
        "bookingid": 3964
    },
    {
        "bookingid": 2817
    },
    {
        "bookingid": 2362
    },
    {
        "bookingid": 4409
    },
    {
        "bookingid": 4421
    },
    {
        "bookingid": 3101
    },
    {
        "bookingid": 2843
    },
    {
        "bookingid": 677
    },
    {
        "bookingid": 1535
    },
    {
        "bookingid": 3815
    },
    {
        "bookingid": 3562
    },
    {
        "bookingid": 2791
    },
    {
        "bookingid": 800
    },
    {
        "bookingid": 3166
    },
    {
        "bookingid": 2555
    },
    {
        "bookingid": 4580
    },
    {
        "bookingid": 2606
    },
    {
        "bookingid": 977
    },
    {
        "bookingid": 4284
    },
    {
        "bookingid": 4134
    },
    {
        "bookingid": 3425
    },
    {
        "bookingid": 508
    },
    {
        "bookingid": 3026
    },
    {
        "bookingid": 125
    },
    {
        "bookingid": 1263
    },
    {
        "bookingid": 467
    },
    {
        "bookingid": 3237
    },
    {
        "bookingid": 31
    },
    {
        "bookingid": 3743
    },
    {
        "bookingid": 4142
    },
    {
        "bookingid": 3498
    },
    {
        "bookingid": 1928
    },
    {
        "bookingid": 3759
    },
    {
        "bookingid": 3178
    },
    {
        "bookingid": 3771
    },
    {
        "bookingid": 2934
    },
    {
        "bookingid": 2641
    },
    {
        "bookingid": 1138
    },
    {
        "bookingid": 4560
    },
    {
        "bookingid": 3108
    },
    {
        "bookingid": 3836
    },
    {
        "bookingid": 183
    },
    {
        "bookingid": 4210
    },
    {
        "bookingid": 3687
    },
    {
        "bookingid": 1609
    },
    {
        "bookingid": 3028
    },
    {
        "bookingid": 4511
    },
    {
        "bookingid": 1866
    },
    {
        "bookingid": 3116
    },
    {
        "bookingid": 3730
    },
    {
        "bookingid": 2870
    },
    {
        "bookingid": 2221
    },
    {
        "bookingid": 1406
    },
    {
        "bookingid": 4009
    },
    {
        "bookingid": 1570
    },
    {
        "bookingid": 3091
    },
    {
        "bookingid": 357
    },
    {
        "bookingid": 3780
    },
    {
        "bookingid": 379
    },
    {
        "bookingid": 1490
    },
    {
        "bookingid": 2952
    },
    {
        "bookingid": 1018
    },
    {
        "bookingid": 172
    },
    {
        "bookingid": 941
    },
    {
        "bookingid": 2757
    },
    {
        "bookingid": 373
    },
    {
        "bookingid": 305
    },
    {
        "bookingid": 1984
    },
    {
        "bookingid": 3153
    },
    {
        "bookingid": 877
    },
    {
        "bookingid": 2961
    },
    {
        "bookingid": 2570
    },
    {
        "bookingid": 988
    },
    {
        "bookingid": 341
    },
    {
        "bookingid": 481
    },
    {
        "bookingid": 1567
    },
    {
        "bookingid": 542
    },
    {
        "bookingid": 1440
    },
    {
        "bookingid": 3722
    },
    {
        "bookingid": 102
    },
    {
        "bookingid": 3961
    },
    {
        "bookingid": 707
    },
    {
        "bookingid": 4406
    },
    {
        "bookingid": 4296
    },
    {
        "bookingid": 2352
    },
    {
        "bookingid": 1268
    },
    {
        "bookingid": 3439
    },
    {
        "bookingid": 613
    },
    {
        "bookingid": 1922
    },
    {
        "bookingid": 3226
    },
    {
        "bookingid": 3076
    },
    {
        "bookingid": 4547
    },
    {
        "bookingid": 2792
    },
    {
        "bookingid": 2463
    },
    {
        "bookingid": 2973
    },
    {
        "bookingid": 3267
    },
    {
        "bookingid": 1924
    },
    {
        "bookingid": 2318
    },
    {
        "bookingid": 3173
    },
    {
        "bookingid": 1220
    },
    {
        "bookingid": 2940
    },
    {
        "bookingid": 2926
    },
    {
        "bookingid": 4115
    },
    {
        "bookingid": 525
    },
    {
        "bookingid": 349
    },
    {
        "bookingid": 3413
    },
    {
        "bookingid": 3666
    },
    {
        "bookingid": 1072
    },
    {
        "bookingid": 4644
    },
    {
        "bookingid": 4390
    },
    {
        "bookingid": 1000
    },
    {
        "bookingid": 3659
    },
    {
        "bookingid": 3999
    },
    {
        "bookingid": 634
    },
    {
        "bookingid": 422
    },
    {
        "bookingid": 3070
    },
    {
        "bookingid": 4453
    },
    {
        "bookingid": 3773
    },
    {
        "bookingid": 4459
    },
    {
        "bookingid": 1194
    },
    {
        "bookingid": 2058
    },
    {
        "bookingid": 96
    },
    {
        "bookingid": 3965
    },
    {
        "bookingid": 1603
    },
    {
        "bookingid": 1973
    },
    {
        "bookingid": 1208
    },
    {
        "bookingid": 1290
    },
    {
        "bookingid": 1943
    },
    {
        "bookingid": 1897
    },
    {
        "bookingid": 1361
    },
    {
        "bookingid": 3912
    },
    {
        "bookingid": 3856
    },
    {
        "bookingid": 1370
    },
    {
        "bookingid": 111
    },
    {
        "bookingid": 3519
    },
    {
        "bookingid": 2724
    },
    {
        "bookingid": 1350
    },
    {
        "bookingid": 2432
    },
    {
        "bookingid": 9
    },
    {
        "bookingid": 2535
    },
    {
        "bookingid": 2886
    },
    {
        "bookingid": 3193
    },
    {
        "bookingid": 2717
    },
    {
        "bookingid": 4366
    },
    {
        "bookingid": 3061
    },
    {
        "bookingid": 3392
    },
    {
        "bookingid": 2773
    },
    {
        "bookingid": 1043
    },
    {
        "bookingid": 1907
    },
    {
        "bookingid": 3570
    },
    {
        "bookingid": 3359
    },
    {
        "bookingid": 618
    },
    {
        "bookingid": 1416
    },
    {
        "bookingid": 2306
    },
    {
        "bookingid": 1823
    },
    {
        "bookingid": 3908
    },
    {
        "bookingid": 1886
    },
    {
        "bookingid": 4140
    },
    {
        "bookingid": 3938
    },
    {
        "bookingid": 307
    },
    {
        "bookingid": 36
    },
    {
        "bookingid": 2025
    },
    {
        "bookingid": 2578
    },
    {
        "bookingid": 4510
    },
    {
        "bookingid": 3313
    },
    {
        "bookingid": 2273
    },
    {
        "bookingid": 1826
    },
    {
        "bookingid": 444
    },
    {
        "bookingid": 3897
    },
    {
        "bookingid": 2188
    },
    {
        "bookingid": 3352
    },
    {
        "bookingid": 932
    },
    {
        "bookingid": 781
    },
    {
        "bookingid": 578
    },
    {
        "bookingid": 1997
    },
    {
        "bookingid": 1509
    },
    {
        "bookingid": 4594
    },
    {
        "bookingid": 1276
    },
    {
        "bookingid": 3084
    },
    {
        "bookingid": 2080
    },
    {
        "bookingid": 3860
    },
    {
        "bookingid": 906
    },
    {
        "bookingid": 4595
    },
    {
        "bookingid": 3360
    },
    {
        "bookingid": 4484
    },
    {
        "bookingid": 1899
    },
    {
        "bookingid": 3831
    },
    {
        "bookingid": 3181
    },
    {
        "bookingid": 1414
    },
    {
        "bookingid": 1747
    },
    {
        "bookingid": 3649
    },
    {
        "bookingid": 406
    },
    {
        "bookingid": 1792
    },
    {
        "bookingid": 3777
    },
    {
        "bookingid": 928
    },
    {
        "bookingid": 3738
    },
    {
        "bookingid": 2575
    },
    {
        "bookingid": 4614
    },
    {
        "bookingid": 400
    },
    {
        "bookingid": 3372
    },
    {
        "bookingid": 824
    },
    {
        "bookingid": 4332
    },
    {
        "bookingid": 737
    },
    {
        "bookingid": 4113
    },
    {
        "bookingid": 4501
    },
    {
        "bookingid": 772
    },
    {
        "bookingid": 2441
    },
    {
        "bookingid": 416
    },
    {
        "bookingid": 1167
    },
    {
        "bookingid": 1329
    },
    {
        "bookingid": 3063
    },
    {
        "bookingid": 2448
    },
    {
        "bookingid": 4322
    },
    {
        "bookingid": 3286
    },
    {
        "bookingid": 3689
    },
    {
        "bookingid": 424
    },
    {
        "bookingid": 4385
    },
    {
        "bookingid": 873
    },
    {
        "bookingid": 902
    },
    {
        "bookingid": 2272
    },
    {
        "bookingid": 4613
    },
    {
        "bookingid": 2098
    },
    {
        "bookingid": 4354
    },
    {
        "bookingid": 1818
    },
    {
        "bookingid": 4522
    },
    {
        "bookingid": 3427
    },
    {
        "bookingid": 746
    },
    {
        "bookingid": 1296
    },
    {
        "bookingid": 433
    },
    {
        "bookingid": 2490
    },
    {
        "bookingid": 1258
    },
    {
        "bookingid": 2494
    },
    {
        "bookingid": 1829
    },
    {
        "bookingid": 4653
    },
    {
        "bookingid": 763
    },
    {
        "bookingid": 2027
    },
    {
        "bookingid": 2020
    },
    {
        "bookingid": 1170
    },
    {
        "bookingid": 4468
    },
    {
        "bookingid": 4042
    },
    {
        "bookingid": 436
    },
    {
        "bookingid": 2310
    },
    {
        "bookingid": 2522
    },
    {
        "bookingid": 1634
    },
    {
        "bookingid": 344
    },
    {
        "bookingid": 1932
    },
    {
        "bookingid": 2339
    },
    {
        "bookingid": 1098
    },
    {
        "bookingid": 1643
    },
    {
        "bookingid": 1064
    },
    {
        "bookingid": 2951
    },
    {
        "bookingid": 881
    },
    {
        "bookingid": 944
    },
    {
        "bookingid": 2445
    },
    {
        "bookingid": 3020
    },
    {
        "bookingid": 1503
    },
    {
        "bookingid": 1555
    },
    {
        "bookingid": 167
    },
    {
        "bookingid": 2515
    },
    {
        "bookingid": 4574
    },
    {
        "bookingid": 743
    },
    {
        "bookingid": 642
    },
    {
        "bookingid": 4108
    },
    {
        "bookingid": 3553
    },
    {
        "bookingid": 2044
    },
    {
        "bookingid": 4195
    },
    {
        "bookingid": 4552
    },
    {
        "bookingid": 1115
    },
    {
        "bookingid": 3958
    },
    {
        "bookingid": 2314
    },
    {
        "bookingid": 4398
    },
    {
        "bookingid": 434
    },
    {
        "bookingid": 2149
    },
    {
        "bookingid": 3117
    },
    {
        "bookingid": 4200
    },
    {
        "bookingid": 993
    },
    {
        "bookingid": 4615
    },
    {
        "bookingid": 380
    },
    {
        "bookingid": 3320
    },
    {
        "bookingid": 2686
    },
    {
        "bookingid": 561
    },
    {
        "bookingid": 2409
    },
    {
        "bookingid": 1651
    },
    {
        "bookingid": 2472
    },
    {
        "bookingid": 1683
    },
    {
        "bookingid": 1754
    },
    {
        "bookingid": 1140
    },
    {
        "bookingid": 2349
    },
    {
        "bookingid": 145
    },
    {
        "bookingid": 4328
    },
    {
        "bookingid": 3527
    },
    {
        "bookingid": 1736
    },
    {
        "bookingid": 3156
    },
    {
        "bookingid": 2648
    },
    {
        "bookingid": 1850
    },
    {
        "bookingid": 2967
    },
    {
        "bookingid": 2040
    },
    {
        "bookingid": 1474
    },
    {
        "bookingid": 3437
    },
    {
        "bookingid": 67
    },
    {
        "bookingid": 4577
    },
    {
        "bookingid": 1107
    },
    {
        "bookingid": 601
    },
    {
        "bookingid": 431
    },
    {
        "bookingid": 2930
    },
    {
        "bookingid": 628
    },
    {
        "bookingid": 1505
    },
    {
        "bookingid": 4446
    },
    {
        "bookingid": 811
    },
    {
        "bookingid": 1146
    },
    {
        "bookingid": 3011
    },
    {
        "bookingid": 1
    },
    {
        "bookingid": 1893
    },
    {
        "bookingid": 1622
    },
    {
        "bookingid": 1674
    },
    {
        "bookingid": 1046
    },
    {
        "bookingid": 852
    },
    {
        "bookingid": 4012
    },
    {
        "bookingid": 4103
    },
    {
        "bookingid": 3520
    },
    {
        "bookingid": 4645
    },
    {
        "bookingid": 1657
    },
    {
        "bookingid": 715
    },
    {
        "bookingid": 1646
    },
    {
        "bookingid": 4605
    },
    {
        "bookingid": 587
    },
    {
        "bookingid": 2324
    },
    {
        "bookingid": 38
    },
    {
        "bookingid": 4250
    },
    {
        "bookingid": 350
    },
    {
        "bookingid": 326
    },
    {
        "bookingid": 4034
    },
    {
        "bookingid": 836
    },
    {
        "bookingid": 1390
    },
    {
        "bookingid": 494
    },
    {
        "bookingid": 812
    },
    {
        "bookingid": 1901
    },
    {
        "bookingid": 4287
    },
    {
        "bookingid": 4315
    },
    {
        "bookingid": 4565
    },
    {
        "bookingid": 227
    },
    {
        "bookingid": 1448
    },
    {
        "bookingid": 1840
    },
    {
        "bookingid": 140
    },
    {
        "bookingid": 2668
    },
    {
        "bookingid": 1607
    },
    {
        "bookingid": 589
    },
    {
        "bookingid": 3957
    },
    {
        "bookingid": 1277
    },
    {
        "bookingid": 4092
    },
    {
        "bookingid": 788
    },
    {
        "bookingid": 2554
    },
    {
        "bookingid": 1205
    },
    {
        "bookingid": 4180
    },
    {
        "bookingid": 511
    },
    {
        "bookingid": 2367
    },
    {
        "bookingid": 150
    },
    {
        "bookingid": 3152
    },
    {
        "bookingid": 2909
    },
    {
        "bookingid": 3250
    },
    {
        "bookingid": 1486
    },
    {
        "bookingid": 4519
    },
    {
        "bookingid": 767
    },
    {
        "bookingid": 461
    },
    {
        "bookingid": 3878
    },
    {
        "bookingid": 620
    },
    {
        "bookingid": 2224
    },
    {
        "bookingid": 3440
    },
    {
        "bookingid": 3184
    },
    {
        "bookingid": 269
    },
    {
        "bookingid": 2087
    },
    {
        "bookingid": 311
    },
    {
        "bookingid": 4489
    },
    {
        "bookingid": 3833
    },
    {
        "bookingid": 1246
    },
    {
        "bookingid": 1184
    },
    {
        "bookingid": 3018
    },
    {
        "bookingid": 3219
    },
    {
        "bookingid": 70
    },
    {
        "bookingid": 1117
    },
    {
        "bookingid": 3829
    },
    {
        "bookingid": 3873
    },
    {
        "bookingid": 3671
    },
    {
        "bookingid": 2935
    },
    {
        "bookingid": 1515
    },
    {
        "bookingid": 2617
    },
    {
        "bookingid": 466
    },
    {
        "bookingid": 1212
    },
    {
        "bookingid": 261
    },
    {
        "bookingid": 1588
    },
    {
        "bookingid": 3992
    },
    {
        "bookingid": 4206
    },
    {
        "bookingid": 78
    },
    {
        "bookingid": 786
    },
    {
        "bookingid": 539
    },
    {
        "bookingid": 994
    },
    {
        "bookingid": 647
    },
    {
        "bookingid": 4471
    },
    {
        "bookingid": 2041
    },
    {
        "bookingid": 4321
    },
    {
        "bookingid": 1797
    },
    {
        "bookingid": 288
    },
    {
        "bookingid": 3171
    },
    {
        "bookingid": 2217
    },
    {
        "bookingid": 716
    },
    {
        "bookingid": 2446
    },
    {
        "bookingid": 3803
    },
    {
        "bookingid": 4077
    },
    {
        "bookingid": 3881
    },
    {
        "bookingid": 180
    },
    {
        "bookingid": 1076
    },
    {
        "bookingid": 3390
    },
    {
        "bookingid": 25
    },
    {
        "bookingid": 1049
    },
    {
        "bookingid": 3499
    },
    {
        "bookingid": 569
    },
    {
        "bookingid": 1441
    },
    {
        "bookingid": 2169
    },
    {
        "bookingid": 2073
    },
    {
        "bookingid": 591
    },
    {
        "bookingid": 2247
    },
    {
        "bookingid": 1196
    },
    {
        "bookingid": 3891
    },
    {
        "bookingid": 785
    },
    {
        "bookingid": 3876
    },
    {
        "bookingid": 4171
    },
    {
        "bookingid": 3535
    },
    {
        "bookingid": 1783
    },
    {
        "bookingid": 727
    },
    {
        "bookingid": 3151
    },
    {
        "bookingid": 3094
    },
    {
        "bookingid": 4523
    },
    {
        "bookingid": 2343
    },
    {
        "bookingid": 893
    },
    {
        "bookingid": 961
    },
    {
        "bookingid": 4081
    },
    {
        "bookingid": 687
    },
    {
        "bookingid": 1838
    },
    {
        "bookingid": 830
    },
    {
        "bookingid": 4215
    },
    {
        "bookingid": 4360
    },
    {
        "bookingid": 3732
    },
    {
        "bookingid": 1558
    },
    {
        "bookingid": 1300
    },
    {
        "bookingid": 1101
    },
    {
        "bookingid": 1025
    },
    {
        "bookingid": 4652
    },
    {
        "bookingid": 4238
    },
    {
        "bookingid": 1039
    },
    {
        "bookingid": 3240
    },
    {
        "bookingid": 3698
    },
    {
        "bookingid": 764
    },
    {
        "bookingid": 3113
    },
    {
        "bookingid": 991
    },
    {
        "bookingid": 1621
    },
    {
        "bookingid": 2666
    },
    {
        "bookingid": 3
    },
    {
        "bookingid": 1152
    },
    {
        "bookingid": 48
    },
    {
        "bookingid": 3295
    },
    {
        "bookingid": 210
    },
    {
        "bookingid": 3921
    },
    {
        "bookingid": 2392
    },
    {
        "bookingid": 3548
    },
    {
        "bookingid": 440
    },
    {
        "bookingid": 2533
    },
    {
        "bookingid": 2403
    },
    {
        "bookingid": 3942
    },
    {
        "bookingid": 762
    },
    {
        "bookingid": 2320
    },
    {
        "bookingid": 1751
    },
    {
        "bookingid": 3567
    },
    {
        "bookingid": 609
    },
    {
        "bookingid": 2259
    },
    {
        "bookingid": 3407
    },
    {
        "bookingid": 2808
    },
    {
        "bookingid": 196
    },
    {
        "bookingid": 722
    },
    {
        "bookingid": 1615
    },
    {
        "bookingid": 2226
    },
    {
        "bookingid": 621
    },
    {
        "bookingid": 1793
    },
    {
        "bookingid": 965
    },
    {
        "bookingid": 2168
    },
    {
        "bookingid": 1420
    },
    {
        "bookingid": 818
    },
    {
        "bookingid": 1511
    },
    {
        "bookingid": 1917
    },
    {
        "bookingid": 98
    },
    {
        "bookingid": 394
    },
    {
        "bookingid": 4099
    },
    {
        "bookingid": 1190
    },
    {
        "bookingid": 3480
    },
    {
        "bookingid": 1069
    },
    {
        "bookingid": 639
    },
    {
        "bookingid": 1824
    },
    {
        "bookingid": 2051
    },
    {
        "bookingid": 2901
    },
    {
        "bookingid": 2649
    },
    {
        "bookingid": 2598
    },
    {
        "bookingid": 2802
    },
    {
        "bookingid": 3139
    },
    {
        "bookingid": 2330
    },
    {
        "bookingid": 1553
    },
    {
        "bookingid": 3471
    },
    {
        "bookingid": 2764
    },
    {
        "bookingid": 4006
    },
    {
        "bookingid": 147
    },
    {
        "bookingid": 45
    },
    {
        "bookingid": 749
    },
    {
        "bookingid": 521
    },
    {
        "bookingid": 3433
    },
    {
        "bookingid": 833
    },
    {
        "bookingid": 4622
    },
    {
        "bookingid": 814
    },
    {
        "bookingid": 1624
    },
    {
        "bookingid": 1967
    },
    {
        "bookingid": 3869
    },
    {
        "bookingid": 4535
    },
    {
        "bookingid": 2723
    },
    {
        "bookingid": 3808
    },
    {
        "bookingid": 3064
    },
    {
        "bookingid": 1525
    },
    {
        "bookingid": 2775
    },
    {
        "bookingid": 1544
    },
    {
        "bookingid": 4617
    },
    {
        "bookingid": 141
    },
    {
        "bookingid": 3688
    },
    {
        "bookingid": 1094
    },
    {
        "bookingid": 3353
    },
    {
        "bookingid": 1640
    },
    {
        "bookingid": 3034
    },
    {
        "bookingid": 856
    },
    {
        "bookingid": 3075
    },
    {
        "bookingid": 1769
    },
    {
        "bookingid": 1403
    },
    {
        "bookingid": 1723
    },
    {
        "bookingid": 3745
    },
    {
        "bookingid": 1726
    },
    {
        "bookingid": 3779
    },
    {
        "bookingid": 2788
    },
    {
        "bookingid": 1730
    },
    {
        "bookingid": 3033
    },
    {
        "bookingid": 3967
    },
    {
        "bookingid": 4056
    },
    {
        "bookingid": 1071
    },
    {
        "bookingid": 1874
    },
    {
        "bookingid": 679
    },
    {
        "bookingid": 358
    },
    {
        "bookingid": 1312
    },
    {
        "bookingid": 691
    },
    {
        "bookingid": 3525
    },
    {
        "bookingid": 3514
    },
    {
        "bookingid": 2069
    },
    {
        "bookingid": 3624
    },
    {
        "bookingid": 2707
    },
    {
        "bookingid": 451
    },
    {
        "bookingid": 1341
    },
    {
        "bookingid": 880
    },
    {
        "bookingid": 960
    },
    {
        "bookingid": 3138
    },
    {
        "bookingid": 3581
    },
    {
        "bookingid": 100
    },
    {
        "bookingid": 1280
    },
    {
        "bookingid": 2523
    },
    {
        "bookingid": 33
    },
    {
        "bookingid": 4000
    },
    {
        "bookingid": 3875
    },
    {
        "bookingid": 2407
    },
    {
        "bookingid": 1644
    },
    {
        "bookingid": 1739
    },
    {
        "bookingid": 3532
    },
    {
        "bookingid": 3620
    },
    {
        "bookingid": 2540
    },
    {
        "bookingid": 1745
    },
    {
        "bookingid": 1499
    },
    {
        "bookingid": 3782
    },
    {
        "bookingid": 971
    },
    {
        "bookingid": 4004
    },
    {
        "bookingid": 1120
    },
    {
        "bookingid": 244
    },
    {
        "bookingid": 1712
    },
    {
        "bookingid": 1519
    },
    {
        "bookingid": 3791
    },
    {
        "bookingid": 292
    },
    {
        "bookingid": 2479
    },
    {
        "bookingid": 1528
    },
    {
        "bookingid": 1195
    },
    {
        "bookingid": 3203
    },
    {
        "bookingid": 455
    },
    {
        "bookingid": 1706
    },
    {
        "bookingid": 1369
    },
    {
        "bookingid": 2706
    },
    {
        "bookingid": 3144
    },
    {
        "bookingid": 2056
    },
    {
        "bookingid": 4189
    },
    {
        "bookingid": 3631
    },
    {
        "bookingid": 2744
    },
    {
        "bookingid": 2211
    },
    {
        "bookingid": 200
    },
    {
        "bookingid": 1293
    },
    {
        "bookingid": 160
    },
    {
        "bookingid": 1288
    },
    {
        "bookingid": 40
    },
    {
        "bookingid": 2588
    },
    {
        "bookingid": 4090
    },
    {
        "bookingid": 1336
    },
    {
        "bookingid": 1464
    },
    {
        "bookingid": 2836
    },
    {
        "bookingid": 2767
    },
    {
        "bookingid": 3165
    },
    {
        "bookingid": 3913
    },
    {
        "bookingid": 407
    },
    {
        "bookingid": 2026
    },
    {
        "bookingid": 553
    },
    {
        "bookingid": 711
    },
    {
        "bookingid": 1687
    },
    {
        "bookingid": 4286
    },
    {
        "bookingid": 388
    },
    {
        "bookingid": 3479
    },
    {
        "bookingid": 262
    },
    {
        "bookingid": 1517
    },
    {
        "bookingid": 4531
    },
    {
        "bookingid": 2883
    },
    {
        "bookingid": 1026
    },
    {
        "bookingid": 4598
    },
    {
        "bookingid": 3466
    },
    {
        "bookingid": 4443
    },
    {
        "bookingid": 3141
    },
    {
        "bookingid": 2177
    },
    {
        "bookingid": 2046
    },
    {
        "bookingid": 4205
    },
    {
        "bookingid": 482
    },
    {
        "bookingid": 989
    },
    {
        "bookingid": 1867
    },
    {
        "bookingid": 3168
    },
    {
        "bookingid": 1510
    },
    {
        "bookingid": 2687
    },
    {
        "bookingid": 2258
    },
    {
        "bookingid": 1137
    },
    {
        "bookingid": 386
    },
    {
        "bookingid": 365
    },
    {
        "bookingid": 3917
    },
    {
        "bookingid": 1724
    },
    {
        "bookingid": 2759
    },
    {
        "bookingid": 3109
    },
    {
        "bookingid": 4534
    },
    {
        "bookingid": 370
    },
    {
        "bookingid": 2867
    },
    {
        "bookingid": 4458
    },
    {
        "bookingid": 415
    },
    {
        "bookingid": 2155
    },
    {
        "bookingid": 4627
    },
    {
        "bookingid": 4272
    },
    {
        "bookingid": 2866
    },
    {
        "bookingid": 2567
    },
    {
        "bookingid": 3550
    },
    {
        "bookingid": 3834
    },
    {
        "bookingid": 2451
    },
    {
        "bookingid": 1681
    },
    {
        "bookingid": 4217
    },
    {
        "bookingid": 3217
    },
    {
        "bookingid": 1389
    },
    {
        "bookingid": 4352
    },
    {
        "bookingid": 2714
    },
    {
        "bookingid": 340
    },
    {
        "bookingid": 4364
    },
    {
        "bookingid": 1895
    },
    {
        "bookingid": 1947
    },
    {
        "bookingid": 1004
    },
    {
        "bookingid": 4172
    },
    {
        "bookingid": 353
    },
    {
        "bookingid": 20
    },
    {
        "bookingid": 208
    },
    {
        "bookingid": 2962
    },
    {
        "bookingid": 2673
    },
    {
        "bookingid": 2756
    },
    {
        "bookingid": 1087
    },
    {
        "bookingid": 1822
    },
    {
        "bookingid": 3438
    },
    {
        "bookingid": 2980
    },
    {
        "bookingid": 473
    },
    {
        "bookingid": 1147
    },
    {
        "bookingid": 4336
    },
    {
        "bookingid": 1625
    },
    {
        "bookingid": 3434
    },
    {
        "bookingid": 1130
    },
    {
        "bookingid": 1143
    },
    {
        "bookingid": 567
    },
    {
        "bookingid": 4281
    },
    {
        "bookingid": 1418
    },
    {
        "bookingid": 1273
    },
    {
        "bookingid": 274
    },
    {
        "bookingid": 728
    },
    {
        "bookingid": 1631
    },
    {
        "bookingid": 3868
    },
    {
        "bookingid": 1863
    },
    {
        "bookingid": 154
    },
    {
        "bookingid": 291
    },
    {
        "bookingid": 1168
    },
    {
        "bookingid": 4166
    },
    {
        "bookingid": 1051
    },
    {
        "bookingid": 483
    },
    {
        "bookingid": 4339
    },
    {
        "bookingid": 2268
    },
    {
        "bookingid": 1164
    },
    {
        "bookingid": 1954
    },
    {
        "bookingid": 1727
    },
    {
        "bookingid": 2287
    },
    {
        "bookingid": 2374
    },
    {
        "bookingid": 97
    },
    {
        "bookingid": 1225
    },
    {
        "bookingid": 3013
    },
    {
        "bookingid": 1775
    },
    {
        "bookingid": 1105
    },
    {
        "bookingid": 2082
    },
    {
        "bookingid": 27
    },
    {
        "bookingid": 604
    },
    {
        "bookingid": 4202
    },
    {
        "bookingid": 1658
    },
    {
        "bookingid": 4639
    },
    {
        "bookingid": 224
    },
    {
        "bookingid": 821
    },
    {
        "bookingid": 81
    },
    {
        "bookingid": 2837
    },
    {
        "bookingid": 3256
    },
    {
        "bookingid": 1835
    },
    {
        "bookingid": 1594
    },
    {
        "bookingid": 2627
    },
    {
        "bookingid": 2603
    },
    {
        "bookingid": 946
    },
    {
        "bookingid": 4624
    },
    {
        "bookingid": 441
    },
    {
        "bookingid": 661
    },
    {
        "bookingid": 3599
    },
    {
        "bookingid": 3555
    },
    {
        "bookingid": 2762
    },
    {
        "bookingid": 118
    },
    {
        "bookingid": 237
    },
    {
        "bookingid": 740
    },
    {
        "bookingid": 1748
    },
    {
        "bookingid": 845
    },
    {
        "bookingid": 2001
    },
    {
        "bookingid": 3266
    },
    {
        "bookingid": 4371
    },
    {
        "bookingid": 2063
    },
    {
        "bookingid": 3212
    },
    {
        "bookingid": 4411
    },
    {
        "bookingid": 2018
    },
    {
        "bookingid": 3495
    },
    {
        "bookingid": 3909
    },
    {
        "bookingid": 3169
    },
    {
        "bookingid": 255
    },
    {
        "bookingid": 4251
    },
    {
        "bookingid": 2414
    },
    {
        "bookingid": 3229
    },
    {
        "bookingid": 429
    },
    {
        "bookingid": 2591
    },
    {
        "bookingid": 2974
    },
    {
        "bookingid": 3842
    },
    {
        "bookingid": 217
    },
    {
        "bookingid": 3405
    },
    {
        "bookingid": 776
    },
    {
        "bookingid": 1965
    },
    {
        "bookingid": 4054
    },
    {
        "bookingid": 3505
    },
    {
        "bookingid": 318
    },
    {
        "bookingid": 1014
    },
    {
        "bookingid": 3695
    },
    {
        "bookingid": 1070
    },
    {
        "bookingid": 3646
    },
    {
        "bookingid": 3068
    },
    {
        "bookingid": 2465
    },
    {
        "bookingid": 2702
    },
    {
        "bookingid": 2261
    },
    {
        "bookingid": 860
    },
    {
        "bookingid": 854
    },
    {
        "bookingid": 3708
    },
    {
        "bookingid": 2514
    },
    {
        "bookingid": 1230
    },
    {
        "bookingid": 1986
    },
    {
        "bookingid": 55
    },
    {
        "bookingid": 3943
    },
    {
        "bookingid": 3243
    },
    {
        "bookingid": 897
    },
    {
        "bookingid": 4203
    },
    {
        "bookingid": 2146
    },
    {
        "bookingid": 1274
    },
    {
        "bookingid": 2643
    },
    {
        "bookingid": 3326
    },
    {
        "bookingid": 3986
    },
    {
        "bookingid": 1432
    },
    {
        "bookingid": 952
    },
    {
        "bookingid": 1428
    },
    {
        "bookingid": 105
    },
    {
        "bookingid": 2486
    },
    {
        "bookingid": 3951
    },
    {
        "bookingid": 2396
    },
    {
        "bookingid": 827
    },
    {
        "bookingid": 1144
    },
    {
        "bookingid": 1842
    },
    {
        "bookingid": 3289
    },
    {
        "bookingid": 2538
    },
    {
        "bookingid": 4288
    },
    {
        "bookingid": 3814
    },
    {
        "bookingid": 319
    },
    {
        "bookingid": 683
    },
    {
        "bookingid": 684
    },
    {
        "bookingid": 2394
    },
    {
        "bookingid": 3078
    },
    {
        "bookingid": 2077
    },
    {
        "bookingid": 3157
    },
    {
        "bookingid": 324
    },
    {
        "bookingid": 4450
    },
    {
        "bookingid": 2354
    },
    {
        "bookingid": 3311
    },
    {
        "bookingid": 3542
    },
    {
        "bookingid": 760
    },
    {
        "bookingid": 1434
    },
    {
        "bookingid": 1946
    },
    {
        "bookingid": 4473
    },
    {
        "bookingid": 3378
    },
    {
        "bookingid": 2204
    },
    {
        "bookingid": 2513
    },
    {
        "bookingid": 2134
    },
    {
        "bookingid": 524
    },
    {
        "bookingid": 2000
    },
    {
        "bookingid": 459
    },
    {
        "bookingid": 3558
    },
    {
        "bookingid": 888
    },
    {
        "bookingid": 215
    },
    {
        "bookingid": 2659
    },
    {
        "bookingid": 254
    },
    {
        "bookingid": 1470
    },
    {
        "bookingid": 119
    },
    {
        "bookingid": 2821
    },
    {
        "bookingid": 1307
    },
    {
        "bookingid": 1399
    },
    {
        "bookingid": 3307
    },
    {
        "bookingid": 2737
    },
    {
        "bookingid": 3694
    },
    {
        "bookingid": 182
    },
    {
        "bookingid": 1055
    },
    {
        "bookingid": 2602
    },
    {
        "bookingid": 3348
    },
    {
        "bookingid": 4003
    },
    {
        "bookingid": 3085
    },
    {
        "bookingid": 12
    },
    {
        "bookingid": 2012
    },
    {
        "bookingid": 1232
    },
    {
        "bookingid": 1645
    },
    {
        "bookingid": 2136
    },
    {
        "bookingid": 2876
    },
    {
        "bookingid": 1155
    },
    {
        "bookingid": 3279
    },
    {
        "bookingid": 4279
    },
    {
        "bookingid": 3734
    },
    {
        "bookingid": 114
    },
    {
        "bookingid": 448
    },
    {
        "bookingid": 3907
    },
    {
        "bookingid": 527
    },
    {
        "bookingid": 1083
    },
    {
        "bookingid": 2183
    },
    {
        "bookingid": 221
    },
    {
        "bookingid": 4258
    },
    {
        "bookingid": 1598
    },
    {
        "bookingid": 3682
    },
    {
        "bookingid": 560
    },
    {
        "bookingid": 2182
    },
    {
        "bookingid": 1964
    },
    {
        "bookingid": 2941
    },
    {
        "bookingid": 1831
    },
    {
        "bookingid": 3524
    },
    {
        "bookingid": 2391
    },
    {
        "bookingid": 4571
    },
    {
        "bookingid": 109
    },
    {
        "bookingid": 3937
    },
    {
        "bookingid": 21
    },
    {
        "bookingid": 162
    },
    {
        "bookingid": 2799
    },
    {
        "bookingid": 4196
    },
    {
        "bookingid": 4337
    },
    {
        "bookingid": 4563
    },
    {
        "bookingid": 654
    },
    {
        "bookingid": 2711
    },
    {
        "bookingid": 3592
    },
    {
        "bookingid": 177
    },
    {
        "bookingid": 813
    },
    {
        "bookingid": 4293
    },
    {
        "bookingid": 725
    },
    {
        "bookingid": 1872
    },
    {
        "bookingid": 759
    },
    {
        "bookingid": 4495
    },
    {
        "bookingid": 4029
    },
    {
        "bookingid": 1342
    },
    {
        "bookingid": 3751
    },
    {
        "bookingid": 2498
    },
    {
        "bookingid": 4323
    },
    {
        "bookingid": 4307
    },
    {
        "bookingid": 2787
    },
    {
        "bookingid": 3798
    },
    {
        "bookingid": 1109
    },
    {
        "bookingid": 4129
    },
    {
        "bookingid": 2209
    },
    {
        "bookingid": 3105
    },
    {
        "bookingid": 3533
    },
    {
        "bookingid": 2979
    },
    {
        "bookingid": 3981
    },
    {
        "bookingid": 15
    },
    {
        "bookingid": 1063
    },
    {
        "bookingid": 2074
    },
    {
        "bookingid": 1110
    },
    {
        "bookingid": 72
    },
    {
        "bookingid": 3863
    },
    {
        "bookingid": 3933
    },
    {
        "bookingid": 1285
    },
    {
        "bookingid": 1308
    },
    {
        "bookingid": 844
    },
    {
        "bookingid": 4362
    },
    {
        "bookingid": 3088
    },
    {
        "bookingid": 2693
    },
    {
        "bookingid": 608
    },
    {
        "bookingid": 1132
    },
    {
        "bookingid": 1349
    },
    {
        "bookingid": 704
    },
    {
        "bookingid": 4503
    },
    {
        "bookingid": 3916
    },
    {
        "bookingid": 3461
    },
    {
        "bookingid": 2420
    },
    {
        "bookingid": 3890
    },
    {
        "bookingid": 3925
    },
    {
        "bookingid": 894
    },
    {
        "bookingid": 3547
    },
    {
        "bookingid": 2700
    },
    {
        "bookingid": 153
    },
    {
        "bookingid": 4557
    },
    {
        "bookingid": 226
    },
    {
        "bookingid": 2215
    },
    {
        "bookingid": 4221
    },
    {
        "bookingid": 1116
    },
    {
        "bookingid": 4359
    },
    {
        "bookingid": 2916
    },
    {
        "bookingid": 1718
    },
    {
        "bookingid": 1316
    },
    {
        "bookingid": 2447
    },
    {
        "bookingid": 688
    },
    {
        "bookingid": 3310
    },
    {
        "bookingid": 2677
    },
    {
        "bookingid": 3235
    },
    {
        "bookingid": 934
    },
    {
        "bookingid": 3467
    },
    {
        "bookingid": 2873
    },
    {
        "bookingid": 522
    },
    {
        "bookingid": 3915
    },
    {
        "bookingid": 3002
    },
    {
        "bookingid": 2106
    },
    {
        "bookingid": 3211
    },
    {
        "bookingid": 3044
    },
    {
        "bookingid": 909
    },
    {
        "bookingid": 2622
    },
    {
        "bookingid": 3538
    },
    {
        "bookingid": 4311
    },
    {
        "bookingid": 197
    },
    {
        "bookingid": 2453
    },
    {
        "bookingid": 338
    },
    {
        "bookingid": 4299
    },
    {
        "bookingid": 2112
    },
    {
        "bookingid": 1491
    },
    {
        "bookingid": 3045
    },
    {
        "bookingid": 4567
    },
    {
        "bookingid": 272
    },
    {
        "bookingid": 4225
    },
    {
        "bookingid": 2240
    },
    {
        "bookingid": 496
    },
    {
        "bookingid": 4192
    },
    {
        "bookingid": 1451
    },
    {
        "bookingid": 2356
    },
    {
        "bookingid": 3959
    },
    {
        "bookingid": 2239
    },
    {
        "bookingid": 2267
    },
    {
        "bookingid": 2770
    },
    {
        "bookingid": 721
    },
    {
        "bookingid": 364
    },
    {
        "bookingid": 418
    },
    {
        "bookingid": 2919
    },
    {
        "bookingid": 4554
    },
    {
        "bookingid": 3889
    },
    {
        "bookingid": 397
    },
    {
        "bookingid": 1199
    },
    {
        "bookingid": 4089
    },
    {
        "bookingid": 3222
    },
    {
        "bookingid": 2871
    },
    {
        "bookingid": 3431
    },
    {
        "bookingid": 1009
    },
    {
        "bookingid": 1934
    },
    {
        "bookingid": 2893
    },
    {
        "bookingid": 1498
    },
    {
        "bookingid": 3377
    },
    {
        "bookingid": 2865
    },
    {
        "bookingid": 1980
    },
    {
        "bookingid": 1495
    },
    {
        "bookingid": 4008
    },
    {
        "bookingid": 8
    },
    {
        "bookingid": 949
    },
    {
        "bookingid": 1161
    },
    {
        "bookingid": 381
    },
    {
        "bookingid": 3746
    },
    {
        "bookingid": 253
    },
    {
        "bookingid": 2708
    },
    {
        "bookingid": 1338
    },
    {
        "bookingid": 3835
    },
    {
        "bookingid": 2473
    },
    {
        "bookingid": 1768
    },
    {
        "bookingid": 2111
    },
    {
        "bookingid": 3994
    },
    {
        "bookingid": 1084
    },
    {
        "bookingid": 1684
    },
    {
        "bookingid": 2608
    },
    {
        "bookingid": 2348
    },
    {
        "bookingid": 1387
    },
    {
        "bookingid": 2943
    },
    {
        "bookingid": 165
    },
    {
        "bookingid": 2281
    },
    {
        "bookingid": 705
    },
    {
        "bookingid": 2956
    },
    {
        "bookingid": 4254
    },
    {
        "bookingid": 3478
    },
    {
        "bookingid": 779
    },
    {
        "bookingid": 356
    },
    {
        "bookingid": 1484
    },
    {
        "bookingid": 4164
    },
    {
        "bookingid": 2376
    },
    {
        "bookingid": 144
    },
    {
        "bookingid": 2929
    },
    {
        "bookingid": 4335
    },
    {
        "bookingid": 3850
    },
    {
        "bookingid": 4461
    },
    {
        "bookingid": 3853
    },
    {
        "bookingid": 798
    },
    {
        "bookingid": 3067
    },
    {
        "bookingid": 2170
    },
    {
        "bookingid": 1636
    },
    {
        "bookingid": 4591
    },
    {
        "bookingid": 4116
    },
    {
        "bookingid": 3191
    },
    {
        "bookingid": 2142
    },
    {
        "bookingid": 1185
    },
    {
        "bookingid": 2426
    },
    {
        "bookingid": 139
    },
    {
        "bookingid": 3278
    },
    {
        "bookingid": 575
    },
    {
        "bookingid": 4549
    },
    {
        "bookingid": 4490
    },
    {
        "bookingid": 3690
    },
    {
        "bookingid": 1837
    },
    {
        "bookingid": 1848
    },
    {
        "bookingid": 2662
    },
    {
        "bookingid": 3287
    },
    {
        "bookingid": 2544
    },
    {
        "bookingid": 667
    },
    {
        "bookingid": 2840
    },
    {
        "bookingid": 3541
    },
    {
        "bookingid": 1453
    },
    {
        "bookingid": 3449
    },
    {
        "bookingid": 671
    },
    {
        "bookingid": 543
    },
    {
        "bookingid": 3172
    },
    {
        "bookingid": 1165
    },
    {
        "bookingid": 3658
    },
    {
        "bookingid": 4451
    },
    {
        "bookingid": 533
    },
    {
        "bookingid": 2794
    },
    {
        "bookingid": 3693
    },
    {
        "bookingid": 1286
    },
    {
        "bookingid": 1354
    },
    {
        "bookingid": 2398
    },
    {
        "bookingid": 4520
    },
    {
        "bookingid": 1876
    },
    {
        "bookingid": 313
    },
    {
        "bookingid": 1371
    },
    {
        "bookingid": 1238
    },
    {
        "bookingid": 1579
    },
    {
        "bookingid": 629
    },
    {
        "bookingid": 4131
    },
    {
        "bookingid": 3140
    },
    {
        "bookingid": 312
    },
    {
        "bookingid": 3147
    },
    {
        "bookingid": 580
    },
    {
        "bookingid": 442
    },
    {
        "bookingid": 2199
    },
    {
        "bookingid": 1534
    },
    {
        "bookingid": 2279
    },
    {
        "bookingid": 2242
    },
    {
        "bookingid": 841
    },
    {
        "bookingid": 3675
    },
    {
        "bookingid": 2399
    },
    {
        "bookingid": 2928
    },
    {
        "bookingid": 297
    },
    {
        "bookingid": 1372
    },
    {
        "bookingid": 958
    },
    {
        "bookingid": 1549
    },
    {
        "bookingid": 2960
    },
    {
        "bookingid": 2121
    },
    {
        "bookingid": 2379
    },
    {
        "bookingid": 146
    },
    {
        "bookingid": 2166
    },
    {
        "bookingid": 2474
    },
    {
        "bookingid": 1923
    },
    {
        "bookingid": 3845
    },
    {
        "bookingid": 49
    },
    {
        "bookingid": 2296
    },
    {
        "bookingid": 4402
    },
    {
        "bookingid": 3465
    },
    {
        "bookingid": 1016
    },
    {
        "bookingid": 3855
    },
    {
        "bookingid": 3576
    },
    {
        "bookingid": 891
    },
    {
        "bookingid": 3645
    },
    {
        "bookingid": 456
    },
    {
        "bookingid": 4101
    },
    {
        "bookingid": 3594
    },
    {
        "bookingid": 690
    },
    {
        "bookingid": 1012
    },
    {
        "bookingid": 3949
    },
    {
        "bookingid": 4372
    },
    {
        "bookingid": 3914
    },
    {
        "bookingid": 2650
    },
    {
        "bookingid": 1958
    },
    {
        "bookingid": 3004
    },
    {
        "bookingid": 2100
    },
    {
        "bookingid": 2751
    },
    {
        "bookingid": 771
    },
    {
        "bookingid": 233
    },
    {
        "bookingid": 1343
    },
    {
        "bookingid": 4075
    },
    {
        "bookingid": 178
    },
    {
        "bookingid": 3339
    },
    {
        "bookingid": 4465
    },
    {
        "bookingid": 700
    },
    {
        "bookingid": 804
    },
    {
        "bookingid": 4285
    },
    {
        "bookingid": 1179
    },
    {
        "bookingid": 2133
    },
    {
        "bookingid": 3920
    },
    {
        "bookingid": 3721
    },
    {
        "bookingid": 1125
    },
    {
        "bookingid": 4216
    },
    {
        "bookingid": 969
    },
    {
        "bookingid": 2140
    },
    {
        "bookingid": 4070
    },
    {
        "bookingid": 1633
    },
    {
        "bookingid": 1439
    },
    {
        "bookingid": 325
    },
    {
        "bookingid": 617
    },
    {
        "bookingid": 2858
    },
    {
        "bookingid": 3720
    },
    {
        "bookingid": 2241
    },
    {
        "bookingid": 124
    },
    {
        "bookingid": 151
    },
    {
        "bookingid": 3574
    },
    {
        "bookingid": 1358
    },
    {
        "bookingid": 3702
    },
    {
        "bookingid": 1224
    },
    {
        "bookingid": 3892
    },
    {
        "bookingid": 2828
    },
    {
        "bookingid": 1710
    },
    {
        "bookingid": 4076
    },
    {
        "bookingid": 3185
    },
    {
        "bookingid": 4467
    },
    {
        "bookingid": 2260
    },
    {
        "bookingid": 1812
    },
    {
        "bookingid": 3655
    },
    {
        "bookingid": 4542
    },
    {
        "bookingid": 2317
    },
    {
        "bookingid": 4466
    },
    {
        "bookingid": 82
    },
    {
        "bookingid": 4551
    },
    {
        "bookingid": 2917
    },
    {
        "bookingid": 3288
    },
    {
        "bookingid": 3455
    },
    {
        "bookingid": 1442
    },
    {
        "bookingid": 1601
    },
    {
        "bookingid": 1124
    },
    {
        "bookingid": 819
    },
    {
        "bookingid": 4219
    },
    {
        "bookingid": 1156
    },
    {
        "bookingid": 4381
    },
    {
        "bookingid": 2521
    },
    {
        "bookingid": 1714
    },
    {
        "bookingid": 831
    },
    {
        "bookingid": 2452
    },
    {
        "bookingid": 2671
    },
    {
        "bookingid": 2214
    },
    {
        "bookingid": 499
    },
    {
        "bookingid": 3099
    },
    {
        "bookingid": 1383
    },
    {
        "bookingid": 523
    },
    {
        "bookingid": 1764
    },
    {
        "bookingid": 1257
    },
    {
        "bookingid": 2108
    },
    {
        "bookingid": 4369
    },
    {
        "bookingid": 93
    },
    {
        "bookingid": 541
    },
    {
        "bookingid": 556
    },
    {
        "bookingid": 3857
    },
    {
        "bookingid": 252
    },
    {
        "bookingid": 3464
    },
    {
        "bookingid": 1077
    },
    {
        "bookingid": 4590
    },
    {
        "bookingid": 1750
    },
    {
        "bookingid": 1042
    },
    {
        "bookingid": 1862
    },
    {
        "bookingid": 3273
    },
    {
        "bookingid": 1423
    },
    {
        "bookingid": 1904
    },
    {
        "bookingid": 2612
    },
    {
        "bookingid": 2275
    },
    {
        "bookingid": 2845
    },
    {
        "bookingid": 1941
    },
    {
        "bookingid": 4651
    },
    {
        "bookingid": 914
    },
    {
        "bookingid": 1520
    },
    {
        "bookingid": 101
    },
    {
        "bookingid": 1048
    },
    {
        "bookingid": 3095
    },
    {
        "bookingid": 2406
    },
    {
        "bookingid": 1251
    },
    {
        "bookingid": 3190
    },
    {
        "bookingid": 3262
    },
    {
        "bookingid": 2229
    },
    {
        "bookingid": 605
    },
    {
        "bookingid": 810
    },
    {
        "bookingid": 287
    },
    {
        "bookingid": 3272
    },
    {
        "bookingid": 4154
    },
    {
        "bookingid": 2557
    },
    {
        "bookingid": 1968
    },
    {
        "bookingid": 2847
    },
    {
        "bookingid": 2190
    },
    {
        "bookingid": 797
    },
    {
        "bookingid": 517
    },
    {
        "bookingid": 303
    },
    {
        "bookingid": 1526
    },
    {
        "bookingid": 1411
    },
    {
        "bookingid": 3950
    },
    {
        "bookingid": 2369
    },
    {
        "bookingid": 2551
    },
    {
        "bookingid": 4408
    },
    {
        "bookingid": 2511
    },
    {
        "bookingid": 775
    },
    {
        "bookingid": 1705
    },
    {
        "bookingid": 1889
    },
    {
        "bookingid": 4041
    },
    {
        "bookingid": 4190
    },
    {
        "bookingid": 1627
    },
    {
        "bookingid": 3077
    },
    {
        "bookingid": 4637
    },
    {
        "bookingid": 2879
    },
    {
        "bookingid": 4043
    },
    {
        "bookingid": 3591
    },
    {
        "bookingid": 3202
    },
    {
        "bookingid": 4541
    },
    {
        "bookingid": 299
    },
    {
        "bookingid": 4147
    },
    {
        "bookingid": 4623
    },
    {
        "bookingid": 133
    },
    {
        "bookingid": 2454
    },
    {
        "bookingid": 2637
    },
    {
        "bookingid": 3136
    },
    {
        "bookingid": 41
    },
    {
        "bookingid": 840
    },
    {
        "bookingid": 2430
    },
    {
        "bookingid": 2947
    },
    {
        "bookingid": 1920
    },
    {
        "bookingid": 3482
    },
    {
        "bookingid": 2683
    },
    {
        "bookingid": 4612
    },
    {
        "bookingid": 3122
    },
    {
        "bookingid": 736
    },
    {
        "bookingid": 7
    },
    {
        "bookingid": 3665
    },
    {
        "bookingid": 1788
    },
    {
        "bookingid": 967
    },
    {
        "bookingid": 2600
    },
    {
        "bookingid": 1054
    },
    {
        "bookingid": 3785
    },
    {
        "bookingid": 3508
    },
    {
        "bookingid": 3276
    },
    {
        "bookingid": 6
    },
    {
        "bookingid": 1356
    },
    {
        "bookingid": 1949
    },
    {
        "bookingid": 2880
    },
    {
        "bookingid": 2291
    },
    {
        "bookingid": 3428
    },
    {
        "bookingid": 582
    },
    {
        "bookingid": 2772
    },
    {
        "bookingid": 1438
    },
    {
        "bookingid": 1539
    },
    {
        "bookingid": 2577
    },
    {
        "bookingid": 3385
    },
    {
        "bookingid": 4
    },
    {
        "bookingid": 3663
    },
    {
        "bookingid": 2285
    },
    {
        "bookingid": 4021
    },
    {
        "bookingid": 3079
    },
    {
        "bookingid": 3341
    },
    {
        "bookingid": 3120
    },
    {
        "bookingid": 3330
    },
    {
        "bookingid": 4544
    },
    {
        "bookingid": 806
    },
    {
        "bookingid": 3634
    },
    {
        "bookingid": 2127
    },
    {
        "bookingid": 857
    },
    {
        "bookingid": 3054
    },
    {
        "bookingid": 2695
    },
    {
        "bookingid": 2561
    },
    {
        "bookingid": 3763
    },
    {
        "bookingid": 1368
    },
    {
        "bookingid": 171
    },
    {
        "bookingid": 2304
    },
    {
        "bookingid": 4107
    },
    {
        "bookingid": 2894
    },
    {
        "bookingid": 4124
    },
    {
        "bookingid": 115
    },
    {
        "bookingid": 3727
    },
    {
        "bookingid": 2731
    },
    {
        "bookingid": 839
    },
    {
        "bookingid": 1616
    },
    {
        "bookingid": 1799
    },
    {
        "bookingid": 469
    },
    {
        "bookingid": 3328
    },
    {
        "bookingid": 85
    },
    {
        "bookingid": 3630
    },
    {
        "bookingid": 3362
    },
    {
        "bookingid": 2585
    },
    {
        "bookingid": 2728
    },
    {
        "bookingid": 868
    },
    {
        "bookingid": 2595
    },
    {
        "bookingid": 1719
    },
    {
        "bookingid": 1606
    },
    {
        "bookingid": 282
    },
    {
        "bookingid": 131
    },
    {
        "bookingid": 713
    },
    {
        "bookingid": 4492
    },
    {
        "bookingid": 4188
    },
    {
        "bookingid": 858
    },
    {
        "bookingid": 3386
    },
    {
        "bookingid": 2589
    },
    {
        "bookingid": 1912
    },
    {
        "bookingid": 4415
    },
    {
        "bookingid": 3989
    },
    {
        "bookingid": 112
    },
    {
        "bookingid": 547
    },
    {
        "bookingid": 930
    },
    {
        "bookingid": 3271
    },
    {
        "bookingid": 169
    },
    {
        "bookingid": 1256
    },
    {
        "bookingid": 2581
    },
    {
        "bookingid": 3977
    },
    {
        "bookingid": 3612
    },
    {
        "bookingid": 2553
    },
    {
        "bookingid": 3035
    },
    {
        "bookingid": 3282
    },
    {
        "bookingid": 2305
    },
    {
        "bookingid": 2389
    },
    {
        "bookingid": 417
    },
    {
        "bookingid": 1538
    },
    {
        "bookingid": 2741
    },
    {
        "bookingid": 665
    },
    {
        "bookingid": 1909
    },
    {
        "bookingid": 2610
    },
    {
        "bookingid": 108
    },
    {
        "bookingid": 4257
    },
    {
        "bookingid": 3801
    },
    {
        "bookingid": 1516
    },
    {
        "bookingid": 39
    },
    {
        "bookingid": 3652
    },
    {
        "bookingid": 3195
    },
    {
        "bookingid": 1617
    },
    {
        "bookingid": 1391
    },
    {
        "bookingid": 464
    },
    {
        "bookingid": 3408
    },
    {
        "bookingid": 2508
    },
    {
        "bookingid": 529
    },
    {
        "bookingid": 2329
    },
    {
        "bookingid": 3412
    },
    {
        "bookingid": 59
    },
    {
        "bookingid": 3676
    },
    {
        "bookingid": 3130
    },
    {
        "bookingid": 1191
    },
    {
        "bookingid": 3974
    },
    {
        "bookingid": 3490
    },
    {
        "bookingid": 777
    },
    {
        "bookingid": 3609
    },
    {
        "bookingid": 1608
    },
    {
        "bookingid": 3411
    },
    {
        "bookingid": 1961
    },
    {
        "bookingid": 2814
    },
    {
        "bookingid": 2
    },
    {
        "bookingid": 1666
    },
    {
        "bookingid": 1758
    },
    {
        "bookingid": 1359
    },
    {
        "bookingid": 2219
    },
    {
        "bookingid": 2885
    },
    {
        "bookingid": 1479
    },
    {
        "bookingid": 3029
    },
    {
        "bookingid": 3214
    },
    {
        "bookingid": 3047
    },
    {
        "bookingid": 4496
    },
    {
        "bookingid": 520
    },
    {
        "bookingid": 468
    },
    {
        "bookingid": 1903
    },
    {
        "bookingid": 3747
    },
    {
        "bookingid": 458
    },
    {
        "bookingid": 1771
    },
    {
        "bookingid": 4480
    },
    {
        "bookingid": 4073
    },
    {
        "bookingid": 1362
    },
    {
        "bookingid": 3333
    },
    {
        "bookingid": 2699
    },
    {
        "bookingid": 4640
    },
    {
        "bookingid": 4486
    },
    {
        "bookingid": 3901
    },
    {
        "bookingid": 3513
    },
    {
        "bookingid": 2034
    },
    {
        "bookingid": 4400
    },
    {
        "bookingid": 1022
    },
    {
        "bookingid": 401
    },
    {
        "bookingid": 248
    },
    {
        "bookingid": 4638
    },
    {
        "bookingid": 3234
    },
    {
        "bookingid": 2742
    },
    {
        "bookingid": 1226
    },
    {
        "bookingid": 1989
    },
    {
        "bookingid": 597
    },
    {
        "bookingid": 4301
    },
    {
        "bookingid": 1979
    },
    {
        "bookingid": 4632
    },
    {
        "bookingid": 2297
    },
    {
        "bookingid": 333
    },
    {
        "bookingid": 2030
    },
    {
        "bookingid": 4245
    },
    {
        "bookingid": 640
    },
    {
        "bookingid": 4201
    },
    {
        "bookingid": 4032
    },
    {
        "bookingid": 4087
    },
    {
        "bookingid": 4128
    },
    {
        "bookingid": 1234
    },
    {
        "bookingid": 2487
    },
    {
        "bookingid": 3135
    },
    {
        "bookingid": 846
    },
    {
        "bookingid": 3187
    },
    {
        "bookingid": 3446
    },
    {
        "bookingid": 2715
    },
    {
        "bookingid": 847
    },
    {
        "bookingid": 3953
    },
    {
        "bookingid": 3225
    },
    {
        "bookingid": 3357
    },
    {
        "bookingid": 3573
    },
    {
        "bookingid": 4080
    },
    {
        "bookingid": 268
    },
    {
        "bookingid": 296
    },
    {
        "bookingid": 2024
    },
    {
        "bookingid": 2689
    },
    {
        "bookingid": 3114
    },
    {
        "bookingid": 4136
    },
    {
        "bookingid": 1536
    },
    {
        "bookingid": 2050
    },
    {
        "bookingid": 1969
    },
    {
        "bookingid": 2370
    },
    {
        "bookingid": 3347
    },
    {
        "bookingid": 2176
    },
    {
        "bookingid": 2252
    },
    {
        "bookingid": 2680
    },
    {
        "bookingid": 920
    },
    {
        "bookingid": 3253
    },
    {
        "bookingid": 1988
    },
    {
        "bookingid": 4156
    },
    {
        "bookingid": 3807
    },
    {
        "bookingid": 331
    },
    {
        "bookingid": 4143
    },
    {
        "bookingid": 2363
    },
    {
        "bookingid": 2749
    },
    {
        "bookingid": 974
    },
    {
        "bookingid": 3443
    },
    {
        "bookingid": 4236
    },
    {
        "bookingid": 2999
    },
    {
        "bookingid": 4082
    },
    {
        "bookingid": 320
    },
    {
        "bookingid": 3329
    },
    {
        "bookingid": 3515
    },
    {
        "bookingid": 3757
    },
    {
        "bookingid": 2076
    },
    {
        "bookingid": 351
    },
    {
        "bookingid": 130
    },
    {
        "bookingid": 1198
    },
    {
        "bookingid": 4069
    },
    {
        "bookingid": 50
    },
    {
        "bookingid": 2411
    },
    {
        "bookingid": 1314
    },
    {
        "bookingid": 3673
    },
    {
        "bookingid": 1699
    },
    {
        "bookingid": 2175
    },
    {
        "bookingid": 4436
    },
    {
        "bookingid": 980
    },
    {
        "bookingid": 1691
    },
    {
        "bookingid": 3422
    },
    {
        "bookingid": 73
    },
    {
        "bookingid": 4061
    },
    {
        "bookingid": 4593
    },
    {
        "bookingid": 2196
    },
    {
        "bookingid": 4227
    },
    {
        "bookingid": 1773
    },
    {
        "bookingid": 1281
    },
    {
        "bookingid": 1091
    },
    {
        "bookingid": 3973
    },
    {
        "bookingid": 184
    },
    {
        "bookingid": 4152
    },
    {
        "bookingid": 2719
    },
    {
        "bookingid": 3971
    },
    {
        "bookingid": 4543
    },
    {
        "bookingid": 627
    },
    {
        "bookingid": 2139
    },
    {
        "bookingid": 4096
    },
    {
        "bookingid": 4186
    },
    {
        "bookingid": 4378
    },
    {
        "bookingid": 3092
    },
    {
        "bookingid": 218
    },
    {
        "bookingid": 1187
    },
    {
        "bookingid": 3127
    },
    {
        "bookingid": 1037
    },
    {
        "bookingid": 4182
    },
    {
        "bookingid": 1310
    },
    {
        "bookingid": 4237
    },
    {
        "bookingid": 2491
    },
    {
        "bookingid": 2119
    },
    {
        "bookingid": 1252
    },
    {
        "bookingid": 913
    },
    {
        "bookingid": 4517
    },
    {
        "bookingid": 2811
    },
    {
        "bookingid": 2278
    },
    {
        "bookingid": 2520
    },
    {
        "bookingid": 2129
    },
    {
        "bookingid": 3263
    },
    {
        "bookingid": 4318
    },
    {
        "bookingid": 3723
    },
    {
        "bookingid": 4536
    },
    {
        "bookingid": 2047
    },
    {
        "bookingid": 3345
    },
    {
        "bookingid": 3600
    },
    {
        "bookingid": 3885
    },
    {
        "bookingid": 2539
    },
    {
        "bookingid": 3703
    },
    {
        "bookingid": 368
    },
    {
        "bookingid": 2400
    },
    {
        "bookingid": 1882
    },
    {
        "bookingid": 3988
    },
    {
        "bookingid": 3182
    },
    {
        "bookingid": 3837
    },
    {
        "bookingid": 4438
    },
    {
        "bookingid": 3293
    },
    {
        "bookingid": 1032
    },
    {
        "bookingid": 4392
    },
    {
        "bookingid": 3586
    },
    {
        "bookingid": 3864
    },
    {
        "bookingid": 16
    },
    {
        "bookingid": 1404
    },
    {
        "bookingid": 1244
    },
    {
        "bookingid": 726
    },
    {
        "bookingid": 2834
    },
    {
        "bookingid": 2906
    },
    {
        "bookingid": 2425
    },
    {
        "bookingid": 3615
    },
    {
        "bookingid": 1584
    },
    {
        "bookingid": 2739
    },
    {
        "bookingid": 1127
    },
    {
        "bookingid": 1552
    },
    {
        "bookingid": 1447
    },
    {
        "bookingid": 129
    },
    {
        "bookingid": 2620
    },
    {
        "bookingid": 4313
    },
    {
        "bookingid": 2615
    },
    {
        "bookingid": 1930
    },
    {
        "bookingid": 231
    },
    {
        "bookingid": 1217
    },
    {
        "bookingid": 4502
    },
    {
        "bookingid": 871
    },
    {
        "bookingid": 709
    },
    {
        "bookingid": 1981
    },
    {
        "bookingid": 4629
    },
    {
        "bookingid": 1672
    },
    {
        "bookingid": 2244
    },
    {
        "bookingid": 584
    },
    {
        "bookingid": 203
    },
    {
        "bookingid": 285
    },
    {
        "bookingid": 1492
    },
    {
        "bookingid": 2208
    },
    {
        "bookingid": 689
    },
    {
        "bookingid": 1481
    },
    {
        "bookingid": 1284
    },
    {
        "bookingid": 2161
    },
    {
        "bookingid": 2855
    },
    {
        "bookingid": 2944
    },
    {
        "bookingid": 4604
    },
    {
        "bookingid": 1952
    },
    {
        "bookingid": 2007
    },
    {
        "bookingid": 1688
    },
    {
        "bookingid": 2778
    },
    {
        "bookingid": 586
    },
    {
        "bookingid": 421
    },
    {
        "bookingid": 3102
    },
    {
        "bookingid": 2844
    },
    {
        "bookingid": 4044
    },
    {
        "bookingid": 1335
    },
    {
        "bookingid": 3619
    },
    {
        "bookingid": 3402
    },
    {
        "bookingid": 1407
    },
    {
        "bookingid": 3265
    },
    {
        "bookingid": 1397
    },
    {
        "bookingid": 1859
    },
    {
        "bookingid": 3488
    },
    {
        "bookingid": 3473
    },
    {
        "bookingid": 2563
    },
    {
        "bookingid": 2038
    },
    {
        "bookingid": 3298
    },
    {
        "bookingid": 477
    },
    {
        "bookingid": 2066
    },
    {
        "bookingid": 1887
    },
    {
        "bookingid": 1851
    },
    {
        "bookingid": 3872
    },
    {
        "bookingid": 748
    },
    {
        "bookingid": 2094
    },
    {
        "bookingid": 1330
    },
    {
        "bookingid": 306
    },
    {
        "bookingid": 3716
    },
    {
        "bookingid": 3073
    },
    {
        "bookingid": 4144
    },
    {
        "bookingid": 3368
    },
    {
        "bookingid": 3990
    },
    {
        "bookingid": 3861
    },
    {
        "bookingid": 2798
    },
    {
        "bookingid": 2818
    },
    {
        "bookingid": 1576
    },
    {
        "bookingid": 1696
    },
    {
        "bookingid": 750
    },
    {
        "bookingid": 484
    },
    {
        "bookingid": 3228
    },
    {
        "bookingid": 3246
    },
    {
        "bookingid": 4425
    },
    {
        "bookingid": 2621
    },
    {
        "bookingid": 3260
    },
    {
        "bookingid": 4141
    },
    {
        "bookingid": 2997
    },
    {
        "bookingid": 4240
    },
    {
        "bookingid": 2035
    },
    {
        "bookingid": 375
    },
    {
        "bookingid": 92
    },
    {
        "bookingid": 4456
    },
    {
        "bookingid": 2954
    },
    {
        "bookingid": 2685
    },
    {
        "bookingid": 4253
    },
    {
        "bookingid": 4264
    },
    {
        "bookingid": 1100
    },
    {
        "bookingid": 22
    },
    {
        "bookingid": 1158
    },
    {
        "bookingid": 425
    },
    {
        "bookingid": 3223
    },
    {
        "bookingid": 2853
    },
    {
        "bookingid": 3918
    },
    {
        "bookingid": 1770
    },
    {
        "bookingid": 2932
    },
    {
        "bookingid": 2390
    },
    {
        "bookingid": 1755
    },
    {
        "bookingid": 232
    },
    {
        "bookingid": 2152
    },
    {
        "bookingid": 1653
    },
    {
        "bookingid": 782
    },
    {
        "bookingid": 2410
    },
    {
        "bookingid": 887
    },
    {
        "bookingid": 3841
    },
    {
        "bookingid": 1875
    },
    {
        "bookingid": 1738
    },
    {
        "bookingid": 2156
    },
    {
        "bookingid": 3351
    },
    {
        "bookingid": 4525
    },
    {
        "bookingid": 14
    },
    {
        "bookingid": 4601
    },
    {
        "bookingid": 4223
    },
    {
        "bookingid": 1222
    },
    {
        "bookingid": 2560
    },
    {
        "bookingid": 1983
    },
    {
        "bookingid": 1128
    },
    {
        "bookingid": 2913
    },
    {
        "bookingid": 4049
    },
    {
        "bookingid": 506
    },
    {
        "bookingid": 2377
    },
    {
        "bookingid": 4349
    },
    {
        "bookingid": 236
    },
    {
        "bookingid": 4035
    },
    {
        "bookingid": 3335
    },
    {
        "bookingid": 83
    },
    {
        "bookingid": 189
    },
    {
        "bookingid": 4561
    },
    {
        "bookingid": 3560
    },
    {
        "bookingid": 2660
    },
    {
        "bookingid": 1679
    },
    {
        "bookingid": 3338
    },
    {
        "bookingid": 2013
    },
    {
        "bookingid": 4098
    },
    {
        "bookingid": 3605
    },
    {
        "bookingid": 2088
    },
    {
        "bookingid": 360
    },
    {
        "bookingid": 2331
    },
    {
        "bookingid": 1099
    },
    {
        "bookingid": 2206
    },
    {
        "bookingid": 1384
    },
    {
        "bookingid": 103
    },
    {
        "bookingid": 138
    },
    {
        "bookingid": 2822
    },
    {
        "bookingid": 1807
    },
    {
        "bookingid": 2457
    },
    {
        "bookingid": 4033
    },
    {
        "bookingid": 423
    },
    {
        "bookingid": 1412
    },
    {
        "bookingid": 3131
    },
    {
        "bookingid": 3613
    },
    {
        "bookingid": 3822
    },
    {
        "bookingid": 2205
    },
    {
        "bookingid": 2295
    },
    {
        "bookingid": 606
    },
    {
        "bookingid": 2653
    },
    {
        "bookingid": 1959
    },
    {
        "bookingid": 4110
    },
    {
        "bookingid": 3379
    },
    {
        "bookingid": 2333
    },
    {
        "bookingid": 1661
    },
    {
        "bookingid": 2957
    },
    {
        "bookingid": 51
    },
    {
        "bookingid": 730
    },
    {
        "bookingid": 4320
    },
    {
        "bookingid": 1569
    },
    {
        "bookingid": 3565
    },
    {
        "bookingid": 950
    },
    {
        "bookingid": 3014
    },
    {
        "bookingid": 1649
    },
    {
        "bookingid": 2972
    },
    {
        "bookingid": 2202
    },
    {
        "bookingid": 4407
    },
    {
        "bookingid": 3787
    },
    {
        "bookingid": 3496
    },
    {
        "bookingid": 4508
    },
    {
        "bookingid": 1402
    },
    {
        "bookingid": 1926
    },
    {
        "bookingid": 2705
    },
    {
        "bookingid": 4208
    },
    {
        "bookingid": 1626
    },
    {
        "bookingid": 387
    },
    {
        "bookingid": 2852
    },
    {
        "bookingid": 2810
    },
    {
        "bookingid": 3453
    },
    {
        "bookingid": 3559
    },
    {
        "bookingid": 3318
    },
    {
        "bookingid": 289
    },
    {
        "bookingid": 1174
    },
    {
        "bookingid": 789
    },
    {
        "bookingid": 635
    },
    {
        "bookingid": 699
    },
    {
        "bookingid": 2383
    },
    {
        "bookingid": 4609
    },
    {
        "bookingid": 121
    },
    {
        "bookingid": 3383
    },
    {
        "bookingid": 1357
    },
    {
        "bookingid": 643
    },
    {
        "bookingid": 206
    },
    {
        "bookingid": 3365
    },
    {
        "bookingid": 3854
    },
    {
        "bookingid": 4086
    },
    {
        "bookingid": 937
    },
    {
        "bookingid": 3577
    },
    {
        "bookingid": 1778
    },
    {
        "bookingid": 243
    },
    {
        "bookingid": 528
    },
    {
        "bookingid": 3923
    },
    {
        "bookingid": 570
    },
    {
        "bookingid": 4526
    },
    {
        "bookingid": 2378
    },
    {
        "bookingid": 3132
    },
    {
        "bookingid": 2718
    },
    {
        "bookingid": 4630
    },
    {
        "bookingid": 3161
    },
    {
        "bookingid": 2532
    },
    {
        "bookingid": 3927
    },
    {
        "bookingid": 3551
    },
    {
        "bookingid": 1864
    },
    {
        "bookingid": 2019
    },
    {
        "bookingid": 2086
    },
    {
        "bookingid": 3032
    },
    {
        "bookingid": 1664
    },
    {
        "bookingid": 2141
    },
    {
        "bookingid": 611
    },
    {
        "bookingid": 2413
    },
    {
        "bookingid": 2562
    },
    {
        "bookingid": 490
    },
    {
        "bookingid": 2464
    },
    {
        "bookingid": 4018
    },
    {
        "bookingid": 2679
    },
    {
        "bookingid": 2418
    },
    {
        "bookingid": 592
    },
    {
        "bookingid": 212
    },
    {
        "bookingid": 3189
    },
    {
        "bookingid": 1478
    },
    {
        "bookingid": 1548
    },
    {
        "bookingid": 3472
    },
    {
        "bookingid": 1465
    },
    {
        "bookingid": 3218
    },
    {
        "bookingid": 58
    },
    {
        "bookingid": 2889
    },
    {
        "bookingid": 2118
    },
    {
        "bookingid": 2397
    },
    {
        "bookingid": 256
    },
    {
        "bookingid": 756
    },
    {
        "bookingid": 626
    },
    {
        "bookingid": 134
    },
    {
        "bookingid": 696
    },
    {
        "bookingid": 1597
    },
    {
        "bookingid": 2302
    },
    {
        "bookingid": 3477
    },
    {
        "bookingid": 1456
    },
    {
        "bookingid": 4416
    },
    {
        "bookingid": 2815
    },
    {
        "bookingid": 1240
    },
    {
        "bookingid": 2989
    },
    {
        "bookingid": 4418
    },
    {
        "bookingid": 2016
    },
    {
        "bookingid": 1483
    },
    {
        "bookingid": 1547
    },
    {
        "bookingid": 2033
    },
    {
        "bookingid": 1031
    },
    {
        "bookingid": 3764
    },
    {
        "bookingid": 4229
    },
    {
        "bookingid": 126
    },
    {
        "bookingid": 1057
    },
    {
        "bookingid": 4065
    },
    {
        "bookingid": 3705
    },
    {
        "bookingid": 1974
    },
    {
        "bookingid": 1134
    },
    {
        "bookingid": 1472
    },
    {
        "bookingid": 4365
    },
    {
        "bookingid": 2072
    },
    {
        "bookingid": 1375
    },
    {
        "bookingid": 4445
    },
    {
        "bookingid": 3749
    },
    {
        "bookingid": 820
    },
    {
        "bookingid": 4036
    },
    {
        "bookingid": 2684
    },
    {
        "bookingid": 1853
    },
    {
        "bookingid": 2881
    },
    {
        "bookingid": 2968
    },
    {
        "bookingid": 1656
    },
    {
        "bookingid": 4447
    },
    {
        "bookingid": 3459
    },
    {
        "bookingid": 2269
    },
    {
        "bookingid": 1780
    },
    {
        "bookingid": 1250
    },
    {
        "bookingid": 132
    },
    {
        "bookingid": 1856
    },
    {
        "bookingid": 803
    },
    {
        "bookingid": 245
    },
    {
        "bookingid": 1521
    },
    {
        "bookingid": 3611
    },
    {
        "bookingid": 1591
    },
    {
        "bookingid": 4295
    },
    {
        "bookingid": 3474
    },
    {
        "bookingid": 794
    },
    {
        "bookingid": 2527
    },
    {
        "bookingid": 2716
    },
    {
        "bookingid": 1497
    },
    {
        "bookingid": 3305
    },
    {
        "bookingid": 1564
    },
    {
        "bookingid": 2712
    },
    {
        "bookingid": 1097
    },
    {
        "bookingid": 3817
    },
    {
        "bookingid": 4505
    },
    {
        "bookingid": 2597
    },
    {
        "bookingid": 1733
    },
    {
        "bookingid": 443
    },
    {
        "bookingid": 2338
    },
    {
        "bookingid": 2529
    },
    {
        "bookingid": 2976
    },
    {
        "bookingid": 2404
    },
    {
        "bookingid": 3882
    },
    {
        "bookingid": 2097
    },
    {
        "bookingid": 1123
    },
    {
        "bookingid": 1677
    },
    {
        "bookingid": 4440
    },
    {
        "bookingid": 2985
    },
    {
        "bookingid": 3319
    },
    {
        "bookingid": 3317
    },
    {
        "bookingid": 3175
    },
    {
        "bookingid": 2501
    },
    {
        "bookingid": 4357
    },
    {
        "bookingid": 2381
    },
    {
        "bookingid": 3090
    },
    {
        "bookingid": 2572
    },
    {
        "bookingid": 3844
    },
    {
        "bookingid": 2004
    },
    {
        "bookingid": 3309
    },
    {
        "bookingid": 825
    },
    {
        "bookingid": 2068
    },
    {
        "bookingid": 4084
    },
    {
        "bookingid": 2253
    },
    {
        "bookingid": 566
    },
    {
        "bookingid": 3350
    },
    {
        "bookingid": 266
    },
    {
        "bookingid": 4529
    },
    {
        "bookingid": 1253
    },
    {
        "bookingid": 242
    },
    {
        "bookingid": 2763
    },
    {
        "bookingid": 2841
    },
    {
        "bookingid": 1604
    },
    {
        "bookingid": 3112
    },
    {
        "bookingid": 3714
    },
    {
        "bookingid": 3230
    },
    {
        "bookingid": 3804
    },
    {
        "bookingid": 1437
    },
    {
        "bookingid": 3930
    },
    {
        "bookingid": 63
    },
    {
        "bookingid": 2645
    },
    {
        "bookingid": 1319
    },
    {
        "bookingid": 2197
    },
    {
        "bookingid": 3523
    },
    {
        "bookingid": 1744
    },
    {
        "bookingid": 509
    },
    {
        "bookingid": 3984
    },
    {
        "bookingid": 181
    },
    {
        "bookingid": 3827
    },
    {
        "bookingid": 2135
    },
    {
        "bookingid": 3604
    },
    {
        "bookingid": 460
    },
    {
        "bookingid": 3744
    },
    {
        "bookingid": 3394
    },
    {
        "bookingid": 2157
    },
    {
        "bookingid": 4308
    },
    {
        "bookingid": 4148
    },
    {
        "bookingid": 2014
    },
    {
        "bookingid": 1326
    },
    {
        "bookingid": 1461
    },
    {
        "bookingid": 2178
    },
    {
        "bookingid": 2986
    },
    {
        "bookingid": 1315
    },
    {
        "bookingid": 64
    },
    {
        "bookingid": 1966
    },
    {
        "bookingid": 1245
    },
    {
        "bookingid": 1299
    },
    {
        "bookingid": 678
    },
    {
        "bookingid": 853
    },
    {
        "bookingid": 1027
    },
    {
        "bookingid": 298
    },
    {
        "bookingid": 79
    },
    {
        "bookingid": 2132
    },
    {
        "bookingid": 1318
    },
    {
        "bookingid": 3200
    },
    {
        "bookingid": 1003
    },
    {
        "bookingid": 2092
    },
    {
        "bookingid": 1409
    },
    {
        "bookingid": 3735
    },
    {
        "bookingid": 4516
    },
    {
        "bookingid": 2953
    },
    {
        "bookingid": 2656
    },
    {
        "bookingid": 332
    },
    {
        "bookingid": 2593
    },
    {
        "bookingid": 2201
    },
    {
        "bookingid": 4263
    },
    {
        "bookingid": 4422
    },
    {
        "bookingid": 3887
    },
    {
        "bookingid": 1817
    },
    {
        "bookingid": 2534
    },
    {
        "bookingid": 3053
    },
    {
        "bookingid": 979
    },
    {
        "bookingid": 4185
    },
    {
        "bookingid": 3637
    },
    {
        "bookingid": 3059
    },
    {
        "bookingid": 2130
    },
    {
        "bookingid": 918
    },
    {
        "bookingid": 2874
    },
    {
        "bookingid": 2254
    },
    {
        "bookingid": 395
    },
    {
        "bookingid": 2692
    },
    {
        "bookingid": 2323
    },
    {
        "bookingid": 4646
    },
    {
        "bookingid": 3936
    },
    {
        "bookingid": 2360
    },
    {
        "bookingid": 892
    },
    {
        "bookingid": 1373
    },
    {
        "bookingid": 2890
    },
    {
        "bookingid": 1424
    },
    {
        "bookingid": 2630
    },
    {
        "bookingid": 1427
    },
    {
        "bookingid": 2495
    },
    {
        "bookingid": 1001
    },
    {
        "bookingid": 75
    },
    {
        "bookingid": 3039
    },
    {
        "bookingid": 2875
    },
    {
        "bookingid": 4643
    },
    {
        "bookingid": 69
    },
    {
        "bookingid": 4432
    },
    {
        "bookingid": 4222
    },
    {
        "bookingid": 666
    },
    {
        "bookingid": 554
    },
    {
        "bookingid": 199
    },
    {
        "bookingid": 1029
    },
    {
        "bookingid": 2729
    },
    {
        "bookingid": 3963
    },
    {
        "bookingid": 2505
    },
    {
        "bookingid": 3327
    },
    {
        "bookingid": 3242
    },
    {
        "bookingid": 1454
    },
    {
        "bookingid": 1709
    },
    {
        "bookingid": 4022
    },
    {
        "bookingid": 1801
    },
    {
        "bookingid": 3621
    },
    {
        "bookingid": 2672
    },
    {
        "bookingid": 1379
    },
    {
        "bookingid": 1294
    },
    {
        "bookingid": 2249
    },
    {
        "bookingid": 3458
    },
    {
        "bookingid": 593
    },
    {
        "bookingid": 4650
    },
    {
        "bookingid": 211
    },
    {
        "bookingid": 2342
    },
    {
        "bookingid": 734
    },
    {
        "bookingid": 495
    },
    {
        "bookingid": 4039
    },
    {
        "bookingid": 1929
    },
    {
        "bookingid": 3931
    },
    {
        "bookingid": 4345
    },
    {
        "bookingid": 3017
    },
    {
        "bookingid": 2884
    },
    {
        "bookingid": 805
    },
    {
        "bookingid": 3540
    },
    {
        "bookingid": 2115
    },
    {
        "bookingid": 1149
    },
    {
        "bookingid": 3238
    },
    {
        "bookingid": 1648
    },
    {
        "bookingid": 3563
    },
    {
        "bookingid": 4607
    },
    {
        "bookingid": 2283
    },
    {
        "bookingid": 4460
    },
    {
        "bookingid": 317
    },
    {
        "bookingid": 3022
    },
    {
        "bookingid": 1501
    },
    {
        "bookingid": 4241
    },
    {
        "bookingid": 503
    },
    {
        "bookingid": 3935
    },
    {
        "bookingid": 342
    },
    {
        "bookingid": 1378
    },
    {
        "bookingid": 2982
    },
    {
        "bookingid": 4275
    },
    {
        "bookingid": 251
    },
    {
        "bookingid": 4539
    },
    {
        "bookingid": 1960
    },
    {
        "bookingid": 708
    },
    {
        "bookingid": 3511
    },
    {
        "bookingid": 3304
    },
    {
        "bookingid": 2031
    },
    {
        "bookingid": 2634
    },
    {
        "bookingid": 3374
    },
    {
        "bookingid": 3970
    },
    {
        "bookingid": 1331
    },
    {
        "bookingid": 2925
    },
    {
        "bookingid": 2937
    },
    {
        "bookingid": 1671
    },
    {
        "bookingid": 943
    },
    {
        "bookingid": 2790
    },
    {
        "bookingid": 4317
    },
    {
        "bookingid": 948
    },
    {
        "bookingid": 2970
    },
    {
        "bookingid": 2663
    },
    {
        "bookingid": 1573
    },
    {
        "bookingid": 826
    },
    {
        "bookingid": 594
    },
    {
        "bookingid": 535
    },
    {
        "bookingid": 4269
    },
    {
        "bookingid": 3756
    },
    {
        "bookingid": 3572
    },
    {
        "bookingid": 2421
    },
    {
        "bookingid": 2516
    },
    {
        "bookingid": 3447
    },
    {
        "bookingid": 3027
    },
    {
        "bookingid": 4017
    },
    {
        "bookingid": 74
    },
    {
        "bookingid": 900
    },
    {
        "bookingid": 2804
    },
    {
        "bookingid": 42
    },
    {
        "bookingid": 2340
    },
    {
        "bookingid": 1487
    },
    {
        "bookingid": 3900
    },
    {
        "bookingid": 1689
    },
    {
        "bookingid": 3985
    },
    {
        "bookingid": 4602
    },
    {
        "bookingid": 2462
    },
    {
        "bookingid": 2556
    },
    {
        "bookingid": 3008
    },
    {
        "bookingid": 2236
    },
    {
        "bookingid": 4122
    },
    {
        "bookingid": 4530
    },
    {
        "bookingid": 3832
    },
    {
        "bookingid": 3055
    },
    {
        "bookingid": 4119
    },
    {
        "bookingid": 997
    },
    {
        "bookingid": 1698
    },
    {
        "bookingid": 1845
    },
    {
        "bookingid": 719
    },
    {
        "bookingid": 2923
    },
    {
        "bookingid": 1270
    },
    {
        "bookingid": 1460
    },
    {
        "bookingid": 4384
    },
    {
        "bookingid": 2860
    },
    {
        "bookingid": 2829
    },
    {
        "bookingid": 3811
    },
    {
        "bookingid": 1267
    },
    {
        "bookingid": 4167
    },
    {
        "bookingid": 1260
    },
    {
        "bookingid": 3312
    },
    {
        "bookingid": 3741
    },
    {
        "bookingid": 996
    },
    {
        "bookingid": 1325
    },
    {
        "bookingid": 4457
    },
    {
        "bookingid": 2189
    },
    {
        "bookingid": 641
    },
    {
        "bookingid": 4413
    },
    {
        "bookingid": 3121
    },
    {
        "bookingid": 973
    },
    {
        "bookingid": 3502
    },
    {
        "bookingid": 2966
    },
    {
        "bookingid": 2266
    },
    {
        "bookingid": 1998
    },
    {
        "bookingid": 2781
    },
    {
        "bookingid": 3294
    },
    {
        "bookingid": 3419
    },
    {
        "bookingid": 2160
    },
    {
        "bookingid": 1779
    },
    {
        "bookingid": 2311
    },
    {
        "bookingid": 4266
    },
    {
        "bookingid": 874
    },
    {
        "bookingid": 428
    },
    {
        "bookingid": 3432
    },
    {
        "bookingid": 4628
    },
    {
        "bookingid": 3544
    },
    {
        "bookingid": 4014
    },
    {
        "bookingid": 4300
    },
    {
        "bookingid": 2826
    },
    {
        "bookingid": 573
    },
    {
        "bookingid": 4053
    },
    {
        "bookingid": 510
    },
    {
        "bookingid": 2207
    },
    {
        "bookingid": 191
    },
    {
        "bookingid": 1386
    },
    {
        "bookingid": 225
    },
    {
        "bookingid": 230
    },
    {
        "bookingid": 1976
    },
    {
        "bookingid": 4537
    },
    {
        "bookingid": 2549
    },
    {
        "bookingid": 2294
    },
    {
        "bookingid": 2493
    },
    {
        "bookingid": 2433
    },
    {
        "bookingid": 4572
    },
    {
        "bookingid": 52
    },
    {
        "bookingid": 1092
    },
    {
        "bookingid": 3106
    },
    {
        "bookingid": 1950
    },
    {
        "bookingid": 3507
    },
    {
        "bookingid": 3595
    },
    {
        "bookingid": 2346
    },
    {
        "bookingid": 1865
    },
    {
        "bookingid": 555
    },
    {
        "bookingid": 1619
    },
    {
        "bookingid": 2298
    },
    {
        "bookingid": 46
    },
    {
        "bookingid": 2854
    },
    {
        "bookingid": 3750
    },
    {
        "bookingid": 187
    },
    {
        "bookingid": 3651
    },
    {
        "bookingid": 2566
    },
    {
        "bookingid": 3159
    },
    {
        "bookingid": 168
    },
    {
        "bookingid": 598
    },
    {
        "bookingid": 3775
    },
    {
        "bookingid": 3638
    },
    {
        "bookingid": 2286
    },
    {
        "bookingid": 474
    },
    {
        "bookingid": 2895
    },
    {
        "bookingid": 2964
    },
    {
        "bookingid": 876
    },
    {
        "bookingid": 4109
    },
    {
        "bookingid": 371
    },
    {
        "bookingid": 2497
    },
    {
        "bookingid": 1045
    },
    {
        "bookingid": 3192
    },
    {
        "bookingid": 2167
    },
    {
        "bookingid": 1563
    },
    {
        "bookingid": 1323
    },
    {
        "bookingid": 4239
    },
    {
        "bookingid": 3180
    },
    {
        "bookingid": 3818
    },
    {
        "bookingid": 1991
    },
    {
        "bookingid": 302
    },
    {
        "bookingid": 2010
    },
    {
        "bookingid": 4474
    },
    {
        "bookingid": 3678
    },
    {
        "bookingid": 610
    },
    {
        "bookingid": 2308
    },
    {
        "bookingid": 3681
    },
    {
        "bookingid": 493
    },
    {
        "bookingid": 1106
    },
    {
        "bookingid": 1786
    },
    {
        "bookingid": 2083
    },
    {
        "bookingid": 4104
    }
]
]]></system-out>
  </testcase>
  <testcase name="GetBookingIds" classname="ApiTest" time="1.136">
    <system-out><![CDATA[[
    {
        "bookingid": 3848
    },
    {
        "bookingid": 2186
    },
    {
        "bookingid": 439
    },
    {
        "bookingid": 1215
    },
    {
        "bookingid": 1024
    },
    {
        "bookingid": 209
    },
    {
        "bookingid": 3420
    },
    {
        "bookingid": 4256
    },
    {
        "bookingid": 650
    },
    {
        "bookingid": 4509
    },
    {
        "bookingid": 2949
    },
    {
        "bookingid": 1392
    },
    {
        "bookingid": 1790
    },
    {
        "bookingid": 2416
    },
    {
        "bookingid": 2222
    },
    {
        "bookingid": 1287
    },
    {
        "bookingid": 4088
    },
    {
        "bookingid": 4633
    },
    {
        "bookingid": 3627
    },
    {
        "bookingid": 964
    },
    {
        "bookingid": 4327
    },
    {
        "bookingid": 1559
    },
    {
        "bookingid": 1879
    },
    {
        "bookingid": 1804
    },
    {
        "bookingid": 1956
    },
    {
        "bookingid": 3074
    },
    {
        "bookingid": 4596
    },
    {
        "bookingid": 3772
    },
    {
        "bookingid": 2048
    },
    {
        "bookingid": 2726
    },
    {
        "bookingid": 1060
    },
    {
        "bookingid": 2545
    },
    {
        "bookingid": 1808
    },
    {
        "bookingid": 3546
    },
    {
        "bookingid": 4342
    },
    {
        "bookingid": 4176
    },
    {
        "bookingid": 2435
    },
    {
        "bookingid": 4048
    },
    {
        "bookingid": 1580
    },
    {
        "bookingid": 2864
    },
    {
        "bookingid": 4198
    },
    {
        "bookingid": 35
    },
    {
        "bookingid": 3806
    },
    {
        "bookingid": 4153
    },
    {
        "bookingid": 741
    },
    {
        "bookingid": 968
    },
    {
        "bookingid": 3760
    },
    {
        "bookingid": 3100
    },
    {
        "bookingid": 3107
    },
    {
        "bookingid": 1575
    },
    {
        "bookingid": 4485
    },
    {
        "bookingid": 1819
    },
    {
        "bookingid": 3879
    },
    {
        "bookingid": 1729
    },
    {
        "bookingid": 4161
    },
    {
        "bookingid": 933
    },
    {
        "bookingid": 3899
    },
    {
        "bookingid": 590
    },
    {
        "bookingid": 2750
    },
    {
        "bookingid": 1721
    },
    {
        "bookingid": 3398
    },
    {
        "bookingid": 3324
    },
    {
        "bookingid": 3739
    },
    {
        "bookingid": 330
    },
    {
        "bookingid": 435
    },
    {
        "bookingid": 1377
    },
    {
        "bookingid": 4114
    },
    {
        "bookingid": 792
    },
    {
        "bookingid": 2442
    },
    {
        "bookingid": 2765
    },
    {
        "bookingid": 712
    },
    {
        "bookingid": 3040
    },
    {
        "bookingid": 2245
    },
    {
        "bookingid": 2784
    },
    {
        "bookingid": 3448
    },
    {
        "bookingid": 1813
    },
    {
        "bookingid": 1742
    },
    {
        "bookingid": 2355
    },
    {
        "bookingid": 1713
    },
    {
        "bookingid": 2067
    },
    {
        "bookingid": 1805
    },
    {
        "bookingid": 4121
    },
    {
        "bookingid": 3206
    },
    {
        "bookingid": 2633
    },
    {
        "bookingid": 1999
    },
    {
        "bookingid": 660
    },
    {
        "bookingid": 204
    },
    {
        "bookingid": 3470
    },
    {
        "bookingid": 3589
    },
    {
        "bookingid": 4420
    },
    {
        "bookingid": 4419
    },
    {
        "bookingid": 4588
    },
    {
        "bookingid": 3149
    },
    {
        "bookingid": 3241
    },
    {
        "bookingid": 157
    },
    {
        "bookingid": 3504
    },
    {
        "bookingid": 1673
    },
    {
        "bookingid": 3460
    },
    {
        "bookingid": 4373
    },
    {
        "bookingid": 3367
    },
    {
        "bookingid": 194
    },
    {
        "bookingid": 3788
    },
    {
        "bookingid": 886
    },
    {
        "bookingid": 1005
    },
    {
        "bookingid": 878
    },
    {
        "bookingid": 1396
    },
    {
        "bookingid": 327
    },
    {
        "bookingid": 2116
    },
    {
        "bookingid": 3323
    },
    {
        "bookingid": 3426
    },
    {
        "bookingid": 4071
    },
    {
        "bookingid": 2117
    },
    {
        "bookingid": 3409
    },
    {
        "bookingid": 2148
    },
    {
        "bookingid": 3825
    },
    {
        "bookingid": 3978
    },
    {
        "bookingid": 1262
    },
    {
        "bookingid": 1660
    },
    {
        "bookingid": 4528
    },
    {
        "bookingid": 1583
    },
    {
        "bookingid": 3753
    },
    {
        "bookingid": 945
    },
    {
        "bookingid": 3280
    },
    {
        "bookingid": 2499
    },
    {
        "bookingid": 3148
    },
    {
        "bookingid": 957
    },
    {
        "bookingid": 1471
    },
    {
        "bookingid": 3300
    },
    {
        "bookingid": 3995
    },
    {
        "bookingid": 581
    },
    {
        "bookingid": 4062
    },
    {
        "bookingid": 4338
    },
    {
        "bookingid": 4135
    },
    {
        "bookingid": 1711
    },
    {
        "bookingid": 1283
    },
    {
        "bookingid": 337
    },
    {
        "bookingid": 3571
    },
    {
        "bookingid": 1211
    },
    {
        "bookingid": 1297
    },
    {
        "bookingid": 1610
    },
    {
        "bookingid": 3715
    },
    {
        "bookingid": 1582
    },
    {
        "bookingid": 4589
    },
    {
        "bookingid": 2507
    },
    {
        "bookingid": 1279
    },
    {
        "bookingid": 1395
    },
    {
        "bookingid": 2079
    },
    {
        "bookingid": 2274
    },
    {
        "bookingid": 1987
    },
    {
        "bookingid": 2483
    },
    {
        "bookingid": 1761
    },
    {
        "bookingid": 4343
    },
    {
        "bookingid": 4387
    },
    {
        "bookingid": 1707
    },
    {
        "bookingid": 3566
    },
    {
        "bookingid": 3158
    },
    {
        "bookingid": 2049
    },
    {
        "bookingid": 1936
    },
    {
        "bookingid": 2061
    },
    {
        "bookingid": 1731
    },
    {
        "bookingid": 1860
    },
    {
        "bookingid": 1381
    },
    {
        "bookingid": 4428
    },
    {
        "bookingid": 4427
    },
    {
        "bookingid": 1612
    },
    {
        "bookingid": 1458
    },
    {
        "bookingid": 4578
    },
    {
        "bookingid": 1541
    },
    {
        "bookingid": 1877
    },
    {
        "bookingid": 1302
    },
    {
        "bookingid": 603
    },
    {
        "bookingid": 3867
    },
    {
        "bookingid": 193
    },
    {
        "bookingid": 1896
    },
    {
        "bookingid": 2601
    },
    {
        "bookingid": 981
    },
    {
        "bookingid": 2384
    },
    {
        "bookingid": 3639
    },
    {
        "bookingid": 4584
    },
    {
        "bookingid": 374
    },
    {
        "bookingid": 1136
    },
    {
        "bookingid": 2848
    },
    {
        "bookingid": 4137
    },
    {
        "bookingid": 2725
    },
    {
        "bookingid": 2912
    },
    {
        "bookingid": 1141
    },
    {
        "bookingid": 3371
    },
    {
        "bookingid": 3417
    },
    {
        "bookingid": 4211
    },
    {
        "bookingid": 1529
    },
    {
        "bookingid": 4306
    },
    {
        "bookingid": 3336
    },
    {
        "bookingid": 265
    },
    {
        "bookingid": 449
    },
    {
        "bookingid": 2782
    },
    {
        "bookingid": 2614
    },
    {
        "bookingid": 2114
    },
    {
        "bookingid": 2478
    },
    {
        "bookingid": 3823
    },
    {
        "bookingid": 1171
    },
    {
        "bookingid": 672
    },
    {
        "bookingid": 29
    },
    {
        "bookingid": 2022
    },
    {
        "bookingid": 2163
    },
    {
        "bookingid": 334
    },
    {
        "bookingid": 57
    },
    {
        "bookingid": 1010
    },
    {
        "bookingid": 3726
    },
    {
        "bookingid": 4249
    },
    {
        "bookingid": 2095
    },
    {
        "bookingid": 2237
    },
    {
        "bookingid": 3252
    },
    {
        "bookingid": 2993
    },
    {
        "bookingid": 2922
    },
    {
        "bookingid": 562
    },
    {
        "bookingid": 1065
    },
    {
        "bookingid": 2128
    },
    {
        "bookingid": 4493
    },
    {
        "bookingid": 2768
    },
    {
        "bookingid": 2006
    },
    {
        "bookingid": 4396
    },
    {
        "bookingid": 4472
    },
    {
        "bookingid": 1846
    },
    {
        "bookingid": 2385
    },
    {
        "bookingid": 3679
    },
    {
        "bookingid": 1507
    },
    {
        "bookingid": 3389
    },
    {
        "bookingid": 1172
    },
    {
        "bookingid": 982
    },
    {
        "bookingid": 19
    },
    {
        "bookingid": 3199
    },
    {
        "bookingid": 1590
    },
    {
        "bookingid": 1219
    },
    {
        "bookingid": 4513
    },
    {
        "bookingid": 2145
    },
    {
        "bookingid": 1513
    },
    {
        "bookingid": 2436
    },
    {
        "bookingid": 403
    },
    {
        "bookingid": 4583
    },
    {
        "bookingid": 4477
    },
    {
        "bookingid": 3603
    },
    {
        "bookingid": 4083
    },
    {
        "bookingid": 3395
    },
    {
        "bookingid": 2194
    },
    {
        "bookingid": 659
    },
    {
        "bookingid": 795
    },
    {
        "bookingid": 4150
    },
    {
        "bookingid": 3528
    },
    {
        "bookingid": 478
    },
    {
        "bookingid": 3019
    },
    {
        "bookingid": 4586
    },
    {
        "bookingid": 1301
    },
    {
        "bookingid": 809
    },
    {
        "bookingid": 2624
    },
    {
        "bookingid": 4348
    },
    {
        "bookingid": 1181
    },
    {
        "bookingid": 2008
    },
    {
        "bookingid": 1599
    },
    {
        "bookingid": 4358
    },
    {
        "bookingid": 402
    },
    {
        "bookingid": 4047
    },
    {
        "bookingid": 3072
    },
    {
        "bookingid": 545
    },
    {
        "bookingid": 3082
    },
    {
        "bookingid": 4494
    },
    {
        "bookingid": 4507
    },
    {
        "bookingid": 3003
    },
    {
        "bookingid": 84
    },
    {
        "bookingid": 4479
    },
    {
        "bookingid": 37
    },
    {
        "bookingid": 2984
    },
    {
        "bookingid": 3556
    },
    {
        "bookingid": 2904
    },
    {
        "bookingid": 1078
    },
    {
        "bookingid": 5
    },
    {
        "bookingid": 1006
    },
    {
        "bookingid": 3322
    },
    {
        "bookingid": 3400
    },
    {
        "bookingid": 2579
    },
    {
        "bookingid": 186
    },
    {
        "bookingid": 2747
    },
    {
        "bookingid": 3588
    },
    {
        "bookingid": 2107
    },
    {
        "bookingid": 3129
    },
    {
        "bookingid": 2193
    },
    {
        "bookingid": 1939
    },
    {
        "bookingid": 4068
    },
    {
        "bookingid": 3660
    },
    {
        "bookingid": 4312
    },
    {
        "bookingid": 4102
    },
    {
        "bookingid": 1175
    },
    {
        "bookingid": 4568
    },
    {
        "bookingid": 1061
    },
    {
        "bookingid": 1056
    },
    {
        "bookingid": 454
    },
    {
        "bookingid": 2541
    },
    {
        "bookingid": 3483
    },
    {
        "bookingid": 633
    },
    {
        "bookingid": 1844
    },
    {
        "bookingid": 3610
    },
    {
        "bookingid": 2582
    },
    {
        "bookingid": 2748
    },
    {
        "bookingid": 4028
    },
    {
        "bookingid": 2647
    },
    {
        "bookingid": 3292
    },
    {
        "bookingid": 2336
    },
    {
        "bookingid": 1639
    },
    {
        "bookingid": 924
    },
    {
        "bookingid": 3343
    },
    {
        "bookingid": 452
    },
    {
        "bookingid": 4267
    },
    {
        "bookingid": 3441
    },
    {
        "bookingid": 1192
    },
    {
        "bookingid": 2674
    },
    {
        "bookingid": 2665
    },
    {
        "bookingid": 2981
    },
    {
        "bookingid": 2424
    },
    {
        "bookingid": 4059
    },
    {
        "bookingid": 1523
    },
    {
        "bookingid": 1938
    },
    {
        "bookingid": 355
    },
    {
        "bookingid": 4194
    },
    {
        "bookingid": 1346
    },
    {
        "bookingid": 1162
    },
    {
        "bookingid": 1701
    },
    {
        "bookingid": 2898
    },
    {
        "bookingid": 270
    },
    {
        "bookingid": 2293
    },
    {
        "bookingid": 951
    },
    {
        "bookingid": 4050
    },
    {
        "bookingid": 1096
    },
    {
        "bookingid": 95
    },
    {
        "bookingid": 1475
    },
    {
        "bookingid": 2655
    },
    {
        "bookingid": 2616
    },
    {
        "bookingid": 1811
    },
    {
        "bookingid": 3762
    },
    {
        "bookingid": 536
    },
    {
        "bookingid": 3051
    },
    {
        "bookingid": 11
    },
    {
        "bookingid": 2220
    },
    {
        "bookingid": 1595
    },
    {
        "bookingid": 1568
    },
    {
        "bookingid": 3154
    },
    {
        "bookingid": 1082
    },
    {
        "bookingid": 4506
    },
    {
        "bookingid": 2644
    },
    {
        "bookingid": 4435
    },
    {
        "bookingid": 2835
    },
    {
        "bookingid": 2440
    },
    {
        "bookingid": 166
    },
    {
        "bookingid": 1628
    },
    {
        "bookingid": 1766
    },
    {
        "bookingid": 2696
    },
    {
        "bookingid": 2795
    },
    {
        "bookingid": 2758
    },
    {
        "bookingid": 2785
    },
    {
        "bookingid": 3851
    },
    {
        "bookingid": 4483
    },
    {
        "bookingid": 3884
    },
    {
        "bookingid": 3452
    },
    {
        "bookingid": 1467
    },
    {
        "bookingid": 488
    },
    {
        "bookingid": 43
    },
    {
        "bookingid": 1183
    },
    {
        "bookingid": 1305
    },
    {
        "bookingid": 3087
    },
    {
        "bookingid": 4325
    },
    {
        "bookingid": 2816
    },
    {
        "bookingid": 908
    },
    {
        "bookingid": 1489
    },
    {
        "bookingid": 4497
    },
    {
        "bookingid": 2373
    },
    {
        "bookingid": 1650
    },
    {
        "bookingid": 4405
    },
    {
        "bookingid": 2475
    },
    {
        "bookingid": 4647
    },
    {
        "bookingid": 1995
    },
    {
        "bookingid": 1013
    },
    {
        "bookingid": 1694
    },
    {
        "bookingid": 1787
    },
    {
        "bookingid": 2528
    },
    {
        "bookingid": 901
    },
    {
        "bookingid": 2309
    },
    {
        "bookingid": 500
    },
    {
        "bookingid": 354
    },
    {
        "bookingid": 179
    },
    {
        "bookingid": 3406
    },
    {
        "bookingid": 367
    },
    {
        "bookingid": 4379
    },
    {
        "bookingid": 758
    },
    {
        "bookingid": 376
    },
    {
        "bookingid": 1062
    },
    {
        "bookingid": 662
    },
    {
        "bookingid": 572
    },
    {
        "bookingid": 1830
    },
    {
        "bookingid": 2831
    },
    {
        "bookingid": 2091
    },
    {
        "bookingid": 766
    },
    {
        "bookingid": 2642
    },
    {
        "bookingid": 564
    },
    {
        "bookingid": 1435
    },
    {
        "bookingid": 1075
    },
    {
        "bookingid": 2257
    },
    {
        "bookingid": 701
    },
    {
        "bookingid": 505
    },
    {
        "bookingid": 1337
    },
    {
        "bookingid": 4252
    },
    {
        "bookingid": 4246
    },
    {
        "bookingid": 3050
    },
    {
        "bookingid": 3667
    },
    {
        "bookingid": 2470
    },
    {
        "bookingid": 4330
    },
    {
        "bookingid": 260
    },
    {
        "bookingid": 4026
    },
    {
        "bookingid": 2987
    },
    {
        "bookingid": 1040
    },
    {
        "bookingid": 4007
    },
    {
        "bookingid": 2043
    },
    {
        "bookingid": 2060
    },
    {
        "bookingid": 2477
    },
    {
        "bookingid": 2915
    },
    {
        "bookingid": 885
    },
    {
        "bookingid": 2419
    },
    {
        "bookingid": 343
    },
    {
        "bookingid": 1852
    },
    {
        "bookingid": 1241
    },
    {
        "bookingid": 576
    },
    {
        "bookingid": 1457
    },
    {
        "bookingid": 3578
    },
    {
        "bookingid": 279
    },
    {
        "bookingid": 1452
    },
    {
        "bookingid": 1206
    },
    {
        "bookingid": 2172
    },
    {
        "bookingid": 867
    },
    {
        "bookingid": 624
    },
    {
        "bookingid": 1794
    },
    {
        "bookingid": 290
    },
    {
        "bookingid": 4173
    },
    {
        "bookingid": 1561
    },
    {
        "bookingid": 1050
    },
    {
        "bookingid": 2321
    },
    {
        "bookingid": 2730
    },
    {
        "bookingid": 4002
    },
    {
        "bookingid": 4095
    },
    {
        "bookingid": 1791
    },
    {
        "bookingid": 2358
    },
    {
        "bookingid": 1637
    },
    {
        "bookingid": 3486
    },
    {
        "bookingid": 2365
    },
    {
        "bookingid": 987
    },
    {
        "bookingid": 3783
    },
    {
        "bookingid": 3215
    },
    {
        "bookingid": 2861
    },
    {
        "bookingid": 4452
    },
    {
        "bookingid": 4015
    },
    {
        "bookingid": 2896
    },
    {
        "bookingid": 4391
    },
    {
        "bookingid": 3358
    },
    {
        "bookingid": 2594
    },
    {
        "bookingid": 799
    },
    {
        "bookingid": 2548
    },
    {
        "bookingid": 3174
    },
    {
        "bookingid": 3636
    },
    {
        "bookingid": 4289
    },
    {
        "bookingid": 2162
    },
    {
        "bookingid": 2626
    },
    {
        "bookingid": 2732
    },
    {
        "bookingid": 1090
    },
    {
        "bookingid": 4125
    },
    {
        "bookingid": 2734
    },
    {
        "bookingid": 612
    },
    {
        "bookingid": 1695
    },
    {
        "bookingid": 163
    },
    {
        "bookingid": 1476
    },
    {
        "bookingid": 518
    },
    {
        "bookingid": 90
    },
    {
        "bookingid": 152
    },
    {
        "bookingid": 3585
    },
    {
        "bookingid": 3012
    },
    {
        "bookingid": 2461
    },
    {
        "bookingid": 3000
    },
    {
        "bookingid": 3356
    },
    {
        "bookingid": 2303
    },
    {
        "bookingid": 2938
    },
    {
        "bookingid": 3198
    },
    {
        "bookingid": 1332
    },
    {
        "bookingid": 2055
    },
    {
        "bookingid": 2806
    },
    {
        "bookingid": 1231
    },
    {
        "bookingid": 1233
    },
    {
        "bookingid": 2512
    },
    {
        "bookingid": 2803
    },
    {
        "bookingid": 676
    },
    {
        "bookingid": 686
    },
    {
        "bookingid": 4260
    },
    {
        "bookingid": 1781
    },
    {
        "bookingid": 1527
    },
    {
        "bookingid": 1880
    },
    {
        "bookingid": 2584
    },
    {
        "bookingid": 471
    },
    {
        "bookingid": 3618
    },
    {
        "bookingid": 4174
    },
    {
        "bookingid": 1678
    },
    {
        "bookingid": 1431
    },
    {
        "bookingid": 1855
    },
    {
        "bookingid": 2251
    },
    {
        "bookingid": 3038
    },
    {
        "bookingid": 3404
    },
    {
        "bookingid": 921
    },
    {
        "bookingid": 1200
    },
    {
        "bookingid": 1757
    },
    {
        "bookingid": 1366
    },
    {
        "bookingid": 2280
    },
    {
        "bookingid": 1913
    },
    {
        "bookingid": 2832
    },
    {
        "bookingid": 3041
    },
    {
        "bookingid": 2225
    },
    {
        "bookingid": 2347
    },
    {
        "bookingid": 4020
    },
    {
        "bookingid": 2191
    },
    {
        "bookingid": 3268
    },
    {
        "bookingid": 2801
    },
    {
        "bookingid": 773
    },
    {
        "bookingid": 1581
    },
    {
        "bookingid": 656
    },
    {
        "bookingid": 675
    },
    {
        "bookingid": 278
    },
    {
        "bookingid": 4165
    },
    {
        "bookingid": 1574
    },
    {
        "bookingid": 1182
    },
    {
        "bookingid": 4442
    },
    {
        "bookingid": 412
    },
    {
        "bookingid": 2233
    },
    {
        "bookingid": 2345
    },
    {
        "bookingid": 3126
    },
    {
        "bookingid": 747
    },
    {
        "bookingid": 3454
    },
    {
        "bookingid": 729
    },
    {
        "bookingid": 861
    },
    {
        "bookingid": 1935
    },
    {
        "bookingid": 2151
    },
    {
        "bookingid": 674
    },
    {
        "bookingid": 2126
    },
    {
        "bookingid": 2327
    },
    {
        "bookingid": 4155
    },
    {
        "bookingid": 1908
    },
    {
        "bookingid": 3142
    },
    {
        "bookingid": 1468
    },
    {
        "bookingid": 3510
    },
    {
        "bookingid": 1641
    },
    {
        "bookingid": 3765
    },
    {
        "bookingid": 3896
    },
    {
        "bookingid": 23
    },
    {
        "bookingid": 755
    },
    {
        "bookingid": 4380
    },
    {
        "bookingid": 4066
    },
    {
        "bookingid": 1777
    },
    {
        "bookingid": 3696
    },
    {
        "bookingid": 2482
    },
    {
        "bookingid": 396
    },
    {
        "bookingid": 3945
    },
    {
        "bookingid": 2228
    },
    {
        "bookingid": 276
    },
    {
        "bookingid": 3530
    },
    {
        "bookingid": 2547
    },
    {
        "bookingid": 28
    },
    {
        "bookingid": 531
    },
    {
        "bookingid": 2388
    },
    {
        "bookingid": 2484
    },
    {
        "bookingid": 4023
    },
    {
        "bookingid": 623
    },
    {
        "bookingid": 2823
    },
    {
        "bookingid": 4631
    },
    {
        "bookingid": 1902
    },
    {
        "bookingid": 3497
    },
    {
        "bookingid": 2846
    },
    {
        "bookingid": 693
    },
    {
        "bookingid": 501
    },
    {
        "bookingid": 2859
    },
    {
        "bookingid": 2638
    },
    {
        "bookingid": 359
    },
    {
        "bookingid": 3847
    },
    {
        "bookingid": 3205
    },
    {
        "bookingid": 558
    },
    {
        "bookingid": 2609
    },
    {
        "bookingid": 3516
    },
    {
        "bookingid": 940
    },
    {
        "bookingid": 3976
    },
    {
        "bookingid": 1871
    },
    {
        "bookingid": 175
    },
    {
        "bookingid": 1111
    },
    {
        "bookingid": 2054
    },
    {
        "bookingid": 3255
    },
    {
        "bookingid": 4270
    },
    {
        "bookingid": 2701
    },
    {
        "bookingid": 2263
    },
    {
        "bookingid": 2218
    },
    {
        "bookingid": 1401
    },
    {
        "bookingid": 697
    },
    {
        "bookingid": 1081
    },
    {
        "bookingid": 4294
    },
    {
        "bookingid": 13
    },
    {
        "bookingid": 2439
    },
    {
        "bookingid": 1910
    },
    {
        "bookingid": 1816
    },
    {
        "bookingid": 3301
    },
    {
        "bookingid": 3632
    },
    {
        "bookingid": 3244
    },
    {
        "bookingid": 2503
    },
    {
        "bookingid": 770
    },
    {
        "bookingid": 649
    },
    {
        "bookingid": 1112
    },
    {
        "bookingid": 2574
    },
    {
        "bookingid": 4566
    },
    {
        "bookingid": 655
    },
    {
        "bookingid": 1540
    },
    {
        "bookingid": 1118
    },
    {
        "bookingid": 3650
    },
    {
        "bookingid": 1028
    },
    {
        "bookingid": 4228
    },
    {
        "bookingid": 1015
    },
    {
        "bookingid": 91
    },
    {
        "bookingid": 3397
    },
    {
        "bookingid": 2488
    },
    {
        "bookingid": 1425
    },
    {
        "bookingid": 926
    },
    {
        "bookingid": 984
    },
    {
        "bookingid": 3906
    },
    {
        "bookingid": 2907
    },
    {
        "bookingid": 489
    },
    {
        "bookingid": 720
    },
    {
        "bookingid": 1197
    },
    {
        "bookingid": 1214
    },
    {
        "bookingid": 1556
    },
    {
        "bookingid": 2105
    },
    {
        "bookingid": 2629
    },
    {
        "bookingid": 1504
    },
    {
        "bookingid": 3423
    },
    {
        "bookingid": 742
    },
    {
        "bookingid": 1309
    },
    {
        "bookingid": 3342
    },
    {
        "bookingid": 116
    },
    {
        "bookingid": 632
    },
    {
        "bookingid": 4394
    },
    {
        "bookingid": 3820
    },
    {
        "bookingid": 123
    },
    {
        "bookingid": 2667
    },
    {
        "bookingid": 389
    },
    {
        "bookingid": 3810
    },
    {
        "bookingid": 2564
    },
    {
        "bookingid": 1716
    },
    {
        "bookingid": 17
    },
    {
        "bookingid": 931
    },
    {
        "bookingid": 4274
    },
    {
        "bookingid": 1878
    },
    {
        "bookingid": 3731
    },
    {
        "bookingid": 4351
    },
    {
        "bookingid": 1890
    },
    {
        "bookingid": 3997
    },
    {
        "bookingid": 1881
    },
    {
        "bookingid": 1915
    },
    {
        "bookingid": 907
    },
    {
        "bookingid": 4344
    },
    {
        "bookingid": 3641
    },
    {
        "bookingid": 3684
    },
    {
        "bookingid": 1663
    },
    {
        "bookingid": 3944
    },
    {
        "bookingid": 864
    },
    {
        "bookingid": 2184
    },
    {
        "bookingid": 382
    },
    {
        "bookingid": 66
    },
    {
        "bookingid": 3800
    },
    {
        "bookingid": 600
    },
    {
        "bookingid": 3384
    },
    {
        "bookingid": 4621
    },
    {
        "bookingid": 3711
    },
    {
        "bookingid": 249
    },
    {
        "bookingid": 1150
    },
    {
        "bookingid": 3768
    },
    {
        "bookingid": 2897
    },
    {
        "bookingid": 321
    },
    {
        "bookingid": 4183
    },
    {
        "bookingid": 158
    },
    {
        "bookingid": 1178
    },
    {
        "bookingid": 1266
    },
    {
        "bookingid": 1020
    },
    {
        "bookingid": 239
    },
    {
        "bookingid": 538
    },
    {
        "bookingid": 1088
    },
    {
        "bookingid": 4273
    },
    {
        "bookingid": 4558
    },
    {
        "bookingid": 2946
    },
    {
        "bookingid": 3710
    },
    {
        "bookingid": 2458
    },
    {
        "bookingid": 3797
    },
    {
        "bookingid": 2154
    },
    {
        "bookingid": 2820
    },
    {
        "bookingid": 3828
    },
    {
        "bookingid": 4060
    },
    {
        "bookingid": 3709
    },
    {
        "bookingid": 549
    },
    {
        "bookingid": 4370
    },
    {
        "bookingid": 2569
    },
    {
        "bookingid": 3662
    },
    {
        "bookingid": 3934
    },
    {
        "bookingid": 3536
    },
    {
        "bookingid": 475
    },
    {
        "bookingid": 3701
    },
    {
        "bookingid": 3819
    },
    {
        "bookingid": 4248
    },
    {
        "bookingid": 2809
    },
    {
        "bookingid": 548
    },
    {
        "bookingid": 3487
    },
    {
        "bookingid": 1317
    },
    {
        "bookingid": 859
    },
    {
        "bookingid": 791
    },
    {
        "bookingid": 4179
    },
    {
        "bookingid": 1977
    },
    {
        "bookingid": 1763
    },
    {
        "bookingid": 4001
    },
    {
        "bookingid": 2120
    },
    {
        "bookingid": 4355
    },
    {
        "bookingid": 219
    },
    {
        "bookingid": 3493
    },
    {
        "bookingid": 86
    },
    {
        "bookingid": 3380
    },
    {
        "bookingid": 3640
    },
    {
        "bookingid": 4230
    },
    {
        "bookingid": 4213
    },
    {
        "bookingid": 4170
    },
    {
        "bookingid": 512
    },
    {
        "bookingid": 2654
    },
    {
        "bookingid": 1034
    },
    {
        "bookingid": 4424
    },
    {
        "bookingid": 3046
    },
    {
        "bookingid": 1832
    },
    {
        "bookingid": 1303
    },
    {
        "bookingid": 1542
    },
    {
        "bookingid": 3492
    },
    {
        "bookingid": 2290
    },
    {
        "bookingid": 1450
    },
    {
        "bookingid": 4386
    },
    {
        "bookingid": 3954
    },
    {
        "bookingid": 1131
    },
    {
        "bookingid": 1530
    },
    {
        "bookingid": 1942
    },
    {
        "bookingid": 3579
    },
    {
        "bookingid": 3606
    },
    {
        "bookingid": 4130
    },
    {
        "bookingid": 753
    },
    {
        "bookingid": 879
    },
    {
        "bookingid": 34
    },
    {
        "bookingid": 1269
    },
    {
        "bookingid": 1746
    },
    {
        "bookingid": 1796
    },
    {
        "bookingid": 1348
    },
    {
        "bookingid": 3057
    },
    {
        "bookingid": 2678
    },
    {
        "bookingid": 4278
    },
    {
        "bookingid": 995
    },
    {
        "bookingid": 3299
    },
    {
        "bookingid": 1827
    },
    {
        "bookingid": 4233
    },
    {
        "bookingid": 2427
    },
    {
        "bookingid": 692
    },
    {
        "bookingid": 3210
    },
    {
        "bookingid": 2777
    },
    {
        "bookingid": 2368
    },
    {
        "bookingid": 4575
    },
    {
        "bookingid": 4158
    },
    {
        "bookingid": 1201
    },
    {
        "bookingid": 843
    },
    {
        "bookingid": 2179
    },
    {
        "bookingid": 4545
    },
    {
        "bookingid": 390
    },
    {
        "bookingid": 1264
    },
    {
        "bookingid": 4439
    },
    {
        "bookingid": 4587
    },
    {
        "bookingid": 4280
    },
    {
        "bookingid": 3902
    },
    {
        "bookingid": 1562
    },
    {
        "bookingid": 963
    },
    {
        "bookingid": 1810
    },
    {
        "bookingid": 3968
    },
    {
        "bookingid": 3795
    },
    {
        "bookingid": 3283
    },
    {
        "bookingid": 202
    },
    {
        "bookingid": 1798
    },
    {
        "bookingid": 3208
    },
    {
        "bookingid": 1113
    },
    {
        "bookingid": 1918
    },
    {
        "bookingid": 3903
    },
    {
        "bookingid": 18
    },
    {
        "bookingid": 2064
    },
    {
        "bookingid": 976
    },
    {
        "bookingid": 1446
    },
    {
        "bookingid": 2312
    },
    {
        "bookingid": 4576
    },
    {
        "bookingid": 2506
    },
    {
        "bookingid": 1154
    },
    {
        "bookingid": 3778
    },
    {
        "bookingid": 1239
    },
    {
        "bookingid": 895
    },
    {
        "bookingid": 4334
    },
    {
        "bookingid": 1033
    },
    {
        "bookingid": 2988
    },
    {
        "bookingid": 2583
    },
    {
        "bookingid": 3597
    },
    {
        "bookingid": 4616
    },
    {
        "bookingid": 60
    },
    {
        "bookingid": 24
    },
    {
        "bookingid": 54
    },
    {
        "bookingid": 919
    },
    {
        "bookingid": 2361
    },
    {
        "bookingid": 2736
    },
    {
        "bookingid": 4305
    },
    {
        "bookingid": 2326
    },
    {
        "bookingid": 2994
    },
    {
        "bookingid": 3491
    },
    {
        "bookingid": 953
    },
    {
        "bookingid": 3729
    },
    {
        "bookingid": 4234
    },
    {
        "bookingid": 848
    },
    {
        "bookingid": 3373
    },
    {
        "bookingid": 2745
    },
    {
        "bookingid": 1734
    },
    {
        "bookingid": 1620
    },
    {
        "bookingid": 1703
    },
    {
        "bookingid": 281
    },
    {
        "bookingid": 1740
    },
    {
        "bookingid": 3258
    },
    {
        "bookingid": 3717
    },
    {
        "bookingid": 1839
    },
    {
        "bookingid": 4169
    },
    {
        "bookingid": 3700
    },
    {
        "bookingid": 1324
    },
    {
        "bookingid": 778
    },
    {
        "bookingid": 2910
    },
    {
        "bookingid": 3928
    },
    {
        "bookingid": 2234
    },
    {
        "bookingid": 2124
    },
    {
        "bookingid": 4433
    },
    {
        "bookingid": 870
    },
    {
        "bookingid": 2921
    },
    {
        "bookingid": 3096
    },
    {
        "bookingid": 3227
    },
    {
        "bookingid": 409
    },
    {
        "bookingid": 487
    },
    {
        "bookingid": 3683
    },
    {
        "bookingid": 2431
    },
    {
        "bookingid": 653
    },
    {
        "bookingid": 3021
    },
    {
        "bookingid": 2230
    },
    {
        "bookingid": 304
    },
    {
        "bookingid": 264
    },
    {
        "bookingid": 1693
    },
    {
        "bookingid": 3742
    },
    {
        "bookingid": 2892
    },
    {
        "bookingid": 4555
    },
    {
        "bookingid": 3069
    },
    {
        "bookingid": 2103
    },
    {
        "bookingid": 2975
    },
    {
        "bookingid": 3005
    },
    {
        "bookingid": 3980
    },
    {
        "bookingid": 3866
    },
    {
        "bookingid": 3249
    },
    {
        "bookingid": 3393
    },
    {
        "bookingid": 4403
    },
    {
        "bookingid": 939
    },
    {
        "bookingid": 1417
    },
    {
        "bookingid": 1229
    },
    {
        "bookingid": 1160
    },
    {
        "bookingid": 915
    },
    {
        "bookingid": 4027
    },
    {
        "bookingid": 925
    },
    {
        "bookingid": 1344
    },
    {
        "bookingid": 4162
    },
    {
        "bookingid": 863
    },
    {
        "bookingid": 1365
    },
    {
        "bookingid": 4430
    },
    {
        "bookingid": 4478
    },
    {
        "bookingid": 3007
    },
    {
        "bookingid": 3656
    },
    {
        "bookingid": 3626
    },
    {
        "bookingid": 4055
    },
    {
        "bookingid": 345
    },
    {
        "bookingid": 638
    },
    {
        "bookingid": 1589
    },
    {
        "bookingid": 835
    },
    {
        "bookingid": 2460
    },
    {
        "bookingid": 216
    },
    {
        "bookingid": 1668
    },
    {
        "bookingid": 3123
    },
    {
        "bookingid": 1948
    },
    {
        "bookingid": 2636
    },
    {
        "bookingid": 1993
    },
    {
        "bookingid": 3580
    },
    {
        "bookingid": 2779
    },
    {
        "bookingid": 2101
    },
    {
        "bookingid": 648
    },
    {
        "bookingid": 1892
    },
    {
        "bookingid": 668
    },
    {
        "bookingid": 903
    },
    {
        "bookingid": 912
    },
    {
        "bookingid": 3236
    },
    {
        "bookingid": 3766
    },
    {
        "bookingid": 3794
    },
    {
        "bookingid": 551
    },
    {
        "bookingid": 238
    },
    {
        "bookingid": 3664
    },
    {
        "bookingid": 385
    },
    {
        "bookingid": 2753
    },
    {
        "bookingid": 3066
    },
    {
        "bookingid": 1209
    },
    {
        "bookingid": 437
    },
    {
        "bookingid": 2036
    },
    {
        "bookingid": 4375
    },
    {
        "bookingid": 2332
    },
    {
        "bookingid": 735
    },
    {
        "bookingid": 284
    },
    {
        "bookingid": 1962
    },
    {
        "bookingid": 3596
    },
    {
        "bookingid": 4302
    },
    {
        "bookingid": 3308
    },
    {
        "bookingid": 2469
    },
    {
        "bookingid": 3648
    },
    {
        "bookingid": 10
    },
    {
        "bookingid": 408
    },
    {
        "bookingid": 1760
    },
    {
        "bookingid": 4393
    },
    {
        "bookingid": 3625
    },
    {
        "bookingid": 834
    },
    {
        "bookingid": 267
    },
    {
        "bookingid": 413
    },
    {
        "bookingid": 3274
    },
    {
        "bookingid": 2996
    },
    {
        "bookingid": 1353
    },
    {
        "bookingid": 4120
    },
    {
        "bookingid": 3366
    },
    {
        "bookingid": 1218
    },
    {
        "bookingid": 3056
    },
    {
        "bookingid": 2526
    },
    {
        "bookingid": 3948
    },
    {
        "bookingid": 2903
    },
    {
        "bookingid": 1422
    },
    {
        "bookingid": 514
    },
    {
        "bookingid": 3669
    },
    {
        "bookingid": 3414
    },
    {
        "bookingid": 2631
    },
    {
        "bookingid": 3792
    },
    {
        "bookingid": 2084
    },
    {
        "bookingid": 3521
    },
    {
        "bookingid": 2694
    },
    {
        "bookingid": 314
    },
    {
        "bookingid": 3160
    },
    {
        "bookingid": 1247
    },
    {
        "bookingid": 1667
    },
    {
        "bookingid": 3964
    },
    {
        "bookingid": 2817
    },
    {
        "bookingid": 2362
    },
    {
        "bookingid": 4409
    },
    {
        "bookingid": 4421
    },
    {
        "bookingid": 3101
    },
    {
        "bookingid": 2843
    },
    {
        "bookingid": 677
    },
    {
        "bookingid": 1535
    },
    {
        "bookingid": 3815
    },
    {
        "bookingid": 3562
    },
    {
        "bookingid": 2791
    },
    {
        "bookingid": 800
    },
    {
        "bookingid": 3166
    },
    {
        "bookingid": 2555
    },
    {
        "bookingid": 4580
    },
    {
        "bookingid": 2606
    },
    {
        "bookingid": 977
    },
    {
        "bookingid": 4284
    },
    {
        "bookingid": 4134
    },
    {
        "bookingid": 3425
    },
    {
        "bookingid": 508
    },
    {
        "bookingid": 3026
    },
    {
        "bookingid": 125
    },
    {
        "bookingid": 1263
    },
    {
        "bookingid": 467
    },
    {
        "bookingid": 3237
    },
    {
        "bookingid": 31
    },
    {
        "bookingid": 3743
    },
    {
        "bookingid": 4142
    },
    {
        "bookingid": 3498
    },
    {
        "bookingid": 1928
    },
    {
        "bookingid": 3759
    },
    {
        "bookingid": 3178
    },
    {
        "bookingid": 3771
    },
    {
        "bookingid": 2934
    },
    {
        "bookingid": 2641
    },
    {
        "bookingid": 1138
    },
    {
        "bookingid": 4560
    },
    {
        "bookingid": 3108
    },
    {
        "bookingid": 3836
    },
    {
        "bookingid": 183
    },
    {
        "bookingid": 4210
    },
    {
        "bookingid": 3687
    },
    {
        "bookingid": 1609
    },
    {
        "bookingid": 3028
    },
    {
        "bookingid": 4511
    },
    {
        "bookingid": 1866
    },
    {
        "bookingid": 3116
    },
    {
        "bookingid": 3730
    },
    {
        "bookingid": 2870
    },
    {
        "bookingid": 2221
    },
    {
        "bookingid": 1406
    },
    {
        "bookingid": 4009
    },
    {
        "bookingid": 1570
    },
    {
        "bookingid": 3091
    },
    {
        "bookingid": 357
    },
    {
        "bookingid": 3780
    },
    {
        "bookingid": 379
    },
    {
        "bookingid": 1490
    },
    {
        "bookingid": 2952
    },
    {
        "bookingid": 1018
    },
    {
        "bookingid": 172
    },
    {
        "bookingid": 941
    },
    {
        "bookingid": 2757
    },
    {
        "bookingid": 373
    },
    {
        "bookingid": 305
    },
    {
        "bookingid": 1984
    },
    {
        "bookingid": 3153
    },
    {
        "bookingid": 877
    },
    {
        "bookingid": 2961
    },
    {
        "bookingid": 2570
    },
    {
        "bookingid": 988
    },
    {
        "bookingid": 341
    },
    {
        "bookingid": 481
    },
    {
        "bookingid": 1567
    },
    {
        "bookingid": 542
    },
    {
        "bookingid": 1440
    },
    {
        "bookingid": 3722
    },
    {
        "bookingid": 102
    },
    {
        "bookingid": 3961
    },
    {
        "bookingid": 707
    },
    {
        "bookingid": 4406
    },
    {
        "bookingid": 4296
    },
    {
        "bookingid": 2352
    },
    {
        "bookingid": 1268
    },
    {
        "bookingid": 3439
    },
    {
        "bookingid": 613
    },
    {
        "bookingid": 1922
    },
    {
        "bookingid": 3226
    },
    {
        "bookingid": 3076
    },
    {
        "bookingid": 4547
    },
    {
        "bookingid": 2792
    },
    {
        "bookingid": 2463
    },
    {
        "bookingid": 2973
    },
    {
        "bookingid": 3267
    },
    {
        "bookingid": 1924
    },
    {
        "bookingid": 2318
    },
    {
        "bookingid": 3173
    },
    {
        "bookingid": 1220
    },
    {
        "bookingid": 2940
    },
    {
        "bookingid": 2926
    },
    {
        "bookingid": 4115
    },
    {
        "bookingid": 525
    },
    {
        "bookingid": 349
    },
    {
        "bookingid": 3413
    },
    {
        "bookingid": 3666
    },
    {
        "bookingid": 1072
    },
    {
        "bookingid": 4644
    },
    {
        "bookingid": 4390
    },
    {
        "bookingid": 1000
    },
    {
        "bookingid": 3659
    },
    {
        "bookingid": 3999
    },
    {
        "bookingid": 634
    },
    {
        "bookingid": 422
    },
    {
        "bookingid": 3070
    },
    {
        "bookingid": 4453
    },
    {
        "bookingid": 3773
    },
    {
        "bookingid": 4459
    },
    {
        "bookingid": 1194
    },
    {
        "bookingid": 2058
    },
    {
        "bookingid": 96
    },
    {
        "bookingid": 3965
    },
    {
        "bookingid": 1603
    },
    {
        "bookingid": 1973
    },
    {
        "bookingid": 1208
    },
    {
        "bookingid": 1290
    },
    {
        "bookingid": 1943
    },
    {
        "bookingid": 1897
    },
    {
        "bookingid": 1361
    },
    {
        "bookingid": 3912
    },
    {
        "bookingid": 3856
    },
    {
        "bookingid": 1370
    },
    {
        "bookingid": 111
    },
    {
        "bookingid": 3519
    },
    {
        "bookingid": 2724
    },
    {
        "bookingid": 1350
    },
    {
        "bookingid": 2432
    },
    {
        "bookingid": 9
    },
    {
        "bookingid": 2535
    },
    {
        "bookingid": 2886
    },
    {
        "bookingid": 3193
    },
    {
        "bookingid": 2717
    },
    {
        "bookingid": 4366
    },
    {
        "bookingid": 3061
    },
    {
        "bookingid": 3392
    },
    {
        "bookingid": 2773
    },
    {
        "bookingid": 1043
    },
    {
        "bookingid": 1907
    },
    {
        "bookingid": 3570
    },
    {
        "bookingid": 3359
    },
    {
        "bookingid": 618
    },
    {
        "bookingid": 1416
    },
    {
        "bookingid": 2306
    },
    {
        "bookingid": 1823
    },
    {
        "bookingid": 3908
    },
    {
        "bookingid": 1886
    },
    {
        "bookingid": 4140
    },
    {
        "bookingid": 3938
    },
    {
        "bookingid": 307
    },
    {
        "bookingid": 36
    },
    {
        "bookingid": 2025
    },
    {
        "bookingid": 2578
    },
    {
        "bookingid": 4510
    },
    {
        "bookingid": 3313
    },
    {
        "bookingid": 2273
    },
    {
        "bookingid": 1826
    },
    {
        "bookingid": 444
    },
    {
        "bookingid": 3897
    },
    {
        "bookingid": 2188
    },
    {
        "bookingid": 3352
    },
    {
        "bookingid": 932
    },
    {
        "bookingid": 781
    },
    {
        "bookingid": 578
    },
    {
        "bookingid": 1997
    },
    {
        "bookingid": 1509
    },
    {
        "bookingid": 4594
    },
    {
        "bookingid": 1276
    },
    {
        "bookingid": 3084
    },
    {
        "bookingid": 2080
    },
    {
        "bookingid": 3860
    },
    {
        "bookingid": 906
    },
    {
        "bookingid": 4595
    },
    {
        "bookingid": 3360
    },
    {
        "bookingid": 4484
    },
    {
        "bookingid": 1899
    },
    {
        "bookingid": 3831
    },
    {
        "bookingid": 3181
    },
    {
        "bookingid": 1414
    },
    {
        "bookingid": 1747
    },
    {
        "bookingid": 4657
    },
    {
        "bookingid": 3649
    },
    {
        "bookingid": 406
    },
    {
        "bookingid": 1792
    },
    {
        "bookingid": 3777
    },
    {
        "bookingid": 928
    },
    {
        "bookingid": 3738
    },
    {
        "bookingid": 2575
    },
    {
        "bookingid": 4614
    },
    {
        "bookingid": 400
    },
    {
        "bookingid": 3372
    },
    {
        "bookingid": 824
    },
    {
        "bookingid": 4332
    },
    {
        "bookingid": 737
    },
    {
        "bookingid": 4113
    },
    {
        "bookingid": 4501
    },
    {
        "bookingid": 772
    },
    {
        "bookingid": 2441
    },
    {
        "bookingid": 416
    },
    {
        "bookingid": 1167
    },
    {
        "bookingid": 1329
    },
    {
        "bookingid": 3063
    },
    {
        "bookingid": 2448
    },
    {
        "bookingid": 4322
    },
    {
        "bookingid": 3286
    },
    {
        "bookingid": 3689
    },
    {
        "bookingid": 424
    },
    {
        "bookingid": 4385
    },
    {
        "bookingid": 873
    },
    {
        "bookingid": 902
    },
    {
        "bookingid": 2272
    },
    {
        "bookingid": 4613
    },
    {
        "bookingid": 2098
    },
    {
        "bookingid": 4354
    },
    {
        "bookingid": 1818
    },
    {
        "bookingid": 4522
    },
    {
        "bookingid": 3427
    },
    {
        "bookingid": 746
    },
    {
        "bookingid": 1296
    },
    {
        "bookingid": 433
    },
    {
        "bookingid": 2490
    },
    {
        "bookingid": 1258
    },
    {
        "bookingid": 2494
    },
    {
        "bookingid": 1829
    },
    {
        "bookingid": 4653
    },
    {
        "bookingid": 763
    },
    {
        "bookingid": 2027
    },
    {
        "bookingid": 2020
    },
    {
        "bookingid": 1170
    },
    {
        "bookingid": 4468
    },
    {
        "bookingid": 4042
    },
    {
        "bookingid": 436
    },
    {
        "bookingid": 2310
    },
    {
        "bookingid": 2522
    },
    {
        "bookingid": 1634
    },
    {
        "bookingid": 344
    },
    {
        "bookingid": 1932
    },
    {
        "bookingid": 2339
    },
    {
        "bookingid": 1098
    },
    {
        "bookingid": 1643
    },
    {
        "bookingid": 1064
    },
    {
        "bookingid": 2951
    },
    {
        "bookingid": 881
    },
    {
        "bookingid": 944
    },
    {
        "bookingid": 2445
    },
    {
        "bookingid": 3020
    },
    {
        "bookingid": 1503
    },
    {
        "bookingid": 1555
    },
    {
        "bookingid": 167
    },
    {
        "bookingid": 2515
    },
    {
        "bookingid": 4574
    },
    {
        "bookingid": 743
    },
    {
        "bookingid": 642
    },
    {
        "bookingid": 4108
    },
    {
        "bookingid": 3553
    },
    {
        "bookingid": 2044
    },
    {
        "bookingid": 4195
    },
    {
        "bookingid": 4552
    },
    {
        "bookingid": 1115
    },
    {
        "bookingid": 3958
    },
    {
        "bookingid": 2314
    },
    {
        "bookingid": 4398
    },
    {
        "bookingid": 434
    },
    {
        "bookingid": 2149
    },
    {
        "bookingid": 3117
    },
    {
        "bookingid": 4200
    },
    {
        "bookingid": 993
    },
    {
        "bookingid": 4615
    },
    {
        "bookingid": 380
    },
    {
        "bookingid": 3320
    },
    {
        "bookingid": 2686
    },
    {
        "bookingid": 561
    },
    {
        "bookingid": 2409
    },
    {
        "bookingid": 1651
    },
    {
        "bookingid": 2472
    },
    {
        "bookingid": 1683
    },
    {
        "bookingid": 1754
    },
    {
        "bookingid": 1140
    },
    {
        "bookingid": 2349
    },
    {
        "bookingid": 145
    },
    {
        "bookingid": 4328
    },
    {
        "bookingid": 3527
    },
    {
        "bookingid": 1736
    },
    {
        "bookingid": 3156
    },
    {
        "bookingid": 2648
    },
    {
        "bookingid": 1850
    },
    {
        "bookingid": 2967
    },
    {
        "bookingid": 2040
    },
    {
        "bookingid": 1474
    },
    {
        "bookingid": 3437
    },
    {
        "bookingid": 67
    },
    {
        "bookingid": 4577
    },
    {
        "bookingid": 1107
    },
    {
        "bookingid": 601
    },
    {
        "bookingid": 431
    },
    {
        "bookingid": 2930
    },
    {
        "bookingid": 628
    },
    {
        "bookingid": 1505
    },
    {
        "bookingid": 4446
    },
    {
        "bookingid": 811
    },
    {
        "bookingid": 1146
    },
    {
        "bookingid": 3011
    },
    {
        "bookingid": 1
    },
    {
        "bookingid": 1893
    },
    {
        "bookingid": 1622
    },
    {
        "bookingid": 1674
    },
    {
        "bookingid": 1046
    },
    {
        "bookingid": 852
    },
    {
        "bookingid": 4012
    },
    {
        "bookingid": 4103
    },
    {
        "bookingid": 3520
    },
    {
        "bookingid": 4645
    },
    {
        "bookingid": 1657
    },
    {
        "bookingid": 715
    },
    {
        "bookingid": 1646
    },
    {
        "bookingid": 4605
    },
    {
        "bookingid": 587
    },
    {
        "bookingid": 2324
    },
    {
        "bookingid": 38
    },
    {
        "bookingid": 4250
    },
    {
        "bookingid": 350
    },
    {
        "bookingid": 326
    },
    {
        "bookingid": 4034
    },
    {
        "bookingid": 836
    },
    {
        "bookingid": 1390
    },
    {
        "bookingid": 494
    },
    {
        "bookingid": 812
    },
    {
        "bookingid": 1901
    },
    {
        "bookingid": 4287
    },
    {
        "bookingid": 4315
    },
    {
        "bookingid": 4565
    },
    {
        "bookingid": 227
    },
    {
        "bookingid": 1448
    },
    {
        "bookingid": 1840
    },
    {
        "bookingid": 140
    },
    {
        "bookingid": 2668
    },
    {
        "bookingid": 1607
    },
    {
        "bookingid": 589
    },
    {
        "bookingid": 3957
    },
    {
        "bookingid": 1277
    },
    {
        "bookingid": 4092
    },
    {
        "bookingid": 788
    },
    {
        "bookingid": 2554
    },
    {
        "bookingid": 1205
    },
    {
        "bookingid": 4180
    },
    {
        "bookingid": 511
    },
    {
        "bookingid": 2367
    },
    {
        "bookingid": 150
    },
    {
        "bookingid": 3152
    },
    {
        "bookingid": 2909
    },
    {
        "bookingid": 3250
    },
    {
        "bookingid": 1486
    },
    {
        "bookingid": 4519
    },
    {
        "bookingid": 767
    },
    {
        "bookingid": 461
    },
    {
        "bookingid": 3878
    },
    {
        "bookingid": 620
    },
    {
        "bookingid": 2224
    },
    {
        "bookingid": 3440
    },
    {
        "bookingid": 3184
    },
    {
        "bookingid": 269
    },
    {
        "bookingid": 2087
    },
    {
        "bookingid": 311
    },
    {
        "bookingid": 4489
    },
    {
        "bookingid": 3833
    },
    {
        "bookingid": 1246
    },
    {
        "bookingid": 1184
    },
    {
        "bookingid": 3018
    },
    {
        "bookingid": 3219
    },
    {
        "bookingid": 70
    },
    {
        "bookingid": 1117
    },
    {
        "bookingid": 3829
    },
    {
        "bookingid": 3873
    },
    {
        "bookingid": 3671
    },
    {
        "bookingid": 2935
    },
    {
        "bookingid": 1515
    },
    {
        "bookingid": 2617
    },
    {
        "bookingid": 466
    },
    {
        "bookingid": 1212
    },
    {
        "bookingid": 261
    },
    {
        "bookingid": 1588
    },
    {
        "bookingid": 3992
    },
    {
        "bookingid": 4206
    },
    {
        "bookingid": 78
    },
    {
        "bookingid": 786
    },
    {
        "bookingid": 539
    },
    {
        "bookingid": 994
    },
    {
        "bookingid": 647
    },
    {
        "bookingid": 4471
    },
    {
        "bookingid": 2041
    },
    {
        "bookingid": 4321
    },
    {
        "bookingid": 1797
    },
    {
        "bookingid": 288
    },
    {
        "bookingid": 3171
    },
    {
        "bookingid": 2217
    },
    {
        "bookingid": 716
    },
    {
        "bookingid": 2446
    },
    {
        "bookingid": 3803
    },
    {
        "bookingid": 4077
    },
    {
        "bookingid": 3881
    },
    {
        "bookingid": 180
    },
    {
        "bookingid": 1076
    },
    {
        "bookingid": 3390
    },
    {
        "bookingid": 25
    },
    {
        "bookingid": 1049
    },
    {
        "bookingid": 3499
    },
    {
        "bookingid": 569
    },
    {
        "bookingid": 1441
    },
    {
        "bookingid": 2169
    },
    {
        "bookingid": 2073
    },
    {
        "bookingid": 591
    },
    {
        "bookingid": 2247
    },
    {
        "bookingid": 1196
    },
    {
        "bookingid": 3891
    },
    {
        "bookingid": 785
    },
    {
        "bookingid": 3876
    },
    {
        "bookingid": 4171
    },
    {
        "bookingid": 3535
    },
    {
        "bookingid": 1783
    },
    {
        "bookingid": 727
    },
    {
        "bookingid": 3151
    },
    {
        "bookingid": 3094
    },
    {
        "bookingid": 4523
    },
    {
        "bookingid": 2343
    },
    {
        "bookingid": 893
    },
    {
        "bookingid": 961
    },
    {
        "bookingid": 4081
    },
    {
        "bookingid": 687
    },
    {
        "bookingid": 1838
    },
    {
        "bookingid": 830
    },
    {
        "bookingid": 4215
    },
    {
        "bookingid": 4360
    },
    {
        "bookingid": 3732
    },
    {
        "bookingid": 1558
    },
    {
        "bookingid": 1300
    },
    {
        "bookingid": 1101
    },
    {
        "bookingid": 1025
    },
    {
        "bookingid": 4652
    },
    {
        "bookingid": 4238
    },
    {
        "bookingid": 1039
    },
    {
        "bookingid": 3240
    },
    {
        "bookingid": 3698
    },
    {
        "bookingid": 764
    },
    {
        "bookingid": 3113
    },
    {
        "bookingid": 991
    },
    {
        "bookingid": 1621
    },
    {
        "bookingid": 2666
    },
    {
        "bookingid": 3
    },
    {
        "bookingid": 1152
    },
    {
        "bookingid": 48
    },
    {
        "bookingid": 3295
    },
    {
        "bookingid": 210
    },
    {
        "bookingid": 3921
    },
    {
        "bookingid": 2392
    },
    {
        "bookingid": 3548
    },
    {
        "bookingid": 440
    },
    {
        "bookingid": 4658
    },
    {
        "bookingid": 2533
    },
    {
        "bookingid": 2403
    },
    {
        "bookingid": 3942
    },
    {
        "bookingid": 762
    },
    {
        "bookingid": 2320
    },
    {
        "bookingid": 1751
    },
    {
        "bookingid": 3567
    },
    {
        "bookingid": 609
    },
    {
        "bookingid": 2259
    },
    {
        "bookingid": 3407
    },
    {
        "bookingid": 2808
    },
    {
        "bookingid": 196
    },
    {
        "bookingid": 722
    },
    {
        "bookingid": 1615
    },
    {
        "bookingid": 2226
    },
    {
        "bookingid": 621
    },
    {
        "bookingid": 1793
    },
    {
        "bookingid": 965
    },
    {
        "bookingid": 2168
    },
    {
        "bookingid": 1420
    },
    {
        "bookingid": 818
    },
    {
        "bookingid": 1511
    },
    {
        "bookingid": 1917
    },
    {
        "bookingid": 98
    },
    {
        "bookingid": 394
    },
    {
        "bookingid": 4099
    },
    {
        "bookingid": 1190
    },
    {
        "bookingid": 3480
    },
    {
        "bookingid": 1069
    },
    {
        "bookingid": 639
    },
    {
        "bookingid": 1824
    },
    {
        "bookingid": 2051
    },
    {
        "bookingid": 2901
    },
    {
        "bookingid": 2649
    },
    {
        "bookingid": 2598
    },
    {
        "bookingid": 2802
    },
    {
        "bookingid": 3139
    },
    {
        "bookingid": 2330
    },
    {
        "bookingid": 1553
    },
    {
        "bookingid": 3471
    },
    {
        "bookingid": 2764
    },
    {
        "bookingid": 4006
    },
    {
        "bookingid": 147
    },
    {
        "bookingid": 45
    },
    {
        "bookingid": 749
    },
    {
        "bookingid": 521
    },
    {
        "bookingid": 3433
    },
    {
        "bookingid": 833
    },
    {
        "bookingid": 4622
    },
    {
        "bookingid": 814
    },
    {
        "bookingid": 1624
    },
    {
        "bookingid": 1967
    },
    {
        "bookingid": 3869
    },
    {
        "bookingid": 4535
    },
    {
        "bookingid": 2723
    },
    {
        "bookingid": 3808
    },
    {
        "bookingid": 3064
    },
    {
        "bookingid": 1525
    },
    {
        "bookingid": 2775
    },
    {
        "bookingid": 1544
    },
    {
        "bookingid": 4617
    },
    {
        "bookingid": 141
    },
    {
        "bookingid": 3688
    },
    {
        "bookingid": 1094
    },
    {
        "bookingid": 3353
    },
    {
        "bookingid": 1640
    },
    {
        "bookingid": 3034
    },
    {
        "bookingid": 856
    },
    {
        "bookingid": 3075
    },
    {
        "bookingid": 1769
    },
    {
        "bookingid": 1403
    },
    {
        "bookingid": 1723
    },
    {
        "bookingid": 3745
    },
    {
        "bookingid": 1726
    },
    {
        "bookingid": 3779
    },
    {
        "bookingid": 2788
    },
    {
        "bookingid": 1730
    },
    {
        "bookingid": 3033
    },
    {
        "bookingid": 3967
    },
    {
        "bookingid": 4056
    },
    {
        "bookingid": 1071
    },
    {
        "bookingid": 1874
    },
    {
        "bookingid": 679
    },
    {
        "bookingid": 358
    },
    {
        "bookingid": 1312
    },
    {
        "bookingid": 691
    },
    {
        "bookingid": 3525
    },
    {
        "bookingid": 3514
    },
    {
        "bookingid": 2069
    },
    {
        "bookingid": 3624
    },
    {
        "bookingid": 2707
    },
    {
        "bookingid": 451
    },
    {
        "bookingid": 1341
    },
    {
        "bookingid": 880
    },
    {
        "bookingid": 960
    },
    {
        "bookingid": 3138
    },
    {
        "bookingid": 3581
    },
    {
        "bookingid": 100
    },
    {
        "bookingid": 1280
    },
    {
        "bookingid": 2523
    },
    {
        "bookingid": 33
    },
    {
        "bookingid": 4000
    },
    {
        "bookingid": 3875
    },
    {
        "bookingid": 2407
    },
    {
        "bookingid": 1644
    },
    {
        "bookingid": 1739
    },
    {
        "bookingid": 3532
    },
    {
        "bookingid": 3620
    },
    {
        "bookingid": 2540
    },
    {
        "bookingid": 1745
    },
    {
        "bookingid": 1499
    },
    {
        "bookingid": 3782
    },
    {
        "bookingid": 971
    },
    {
        "bookingid": 4004
    },
    {
        "bookingid": 1120
    },
    {
        "bookingid": 244
    },
    {
        "bookingid": 1712
    },
    {
        "bookingid": 1519
    },
    {
        "bookingid": 3791
    },
    {
        "bookingid": 292
    },
    {
        "bookingid": 2479
    },
    {
        "bookingid": 1528
    },
    {
        "bookingid": 1195
    },
    {
        "bookingid": 3203
    },
    {
        "bookingid": 455
    },
    {
        "bookingid": 1706
    },
    {
        "bookingid": 1369
    },
    {
        "bookingid": 2706
    },
    {
        "bookingid": 3144
    },
    {
        "bookingid": 2056
    },
    {
        "bookingid": 4189
    },
    {
        "bookingid": 3631
    },
    {
        "bookingid": 2744
    },
    {
        "bookingid": 2211
    },
    {
        "bookingid": 200
    },
    {
        "bookingid": 1293
    },
    {
        "bookingid": 160
    },
    {
        "bookingid": 1288
    },
    {
        "bookingid": 40
    },
    {
        "bookingid": 2588
    },
    {
        "bookingid": 4090
    },
    {
        "bookingid": 1336
    },
    {
        "bookingid": 1464
    },
    {
        "bookingid": 2836
    },
    {
        "bookingid": 2767
    },
    {
        "bookingid": 3165
    },
    {
        "bookingid": 3913
    },
    {
        "bookingid": 407
    },
    {
        "bookingid": 2026
    },
    {
        "bookingid": 553
    },
    {
        "bookingid": 711
    },
    {
        "bookingid": 1687
    },
    {
        "bookingid": 4286
    },
    {
        "bookingid": 388
    },
    {
        "bookingid": 3479
    },
    {
        "bookingid": 262
    },
    {
        "bookingid": 1517
    },
    {
        "bookingid": 4531
    },
    {
        "bookingid": 2883
    },
    {
        "bookingid": 1026
    },
    {
        "bookingid": 4598
    },
    {
        "bookingid": 3466
    },
    {
        "bookingid": 4443
    },
    {
        "bookingid": 3141
    },
    {
        "bookingid": 2177
    },
    {
        "bookingid": 2046
    },
    {
        "bookingid": 4205
    },
    {
        "bookingid": 482
    },
    {
        "bookingid": 989
    },
    {
        "bookingid": 1867
    },
    {
        "bookingid": 3168
    },
    {
        "bookingid": 1510
    },
    {
        "bookingid": 2687
    },
    {
        "bookingid": 2258
    },
    {
        "bookingid": 1137
    },
    {
        "bookingid": 386
    },
    {
        "bookingid": 365
    },
    {
        "bookingid": 3917
    },
    {
        "bookingid": 1724
    },
    {
        "bookingid": 2759
    },
    {
        "bookingid": 3109
    },
    {
        "bookingid": 4534
    },
    {
        "bookingid": 370
    },
    {
        "bookingid": 2867
    },
    {
        "bookingid": 4458
    },
    {
        "bookingid": 415
    },
    {
        "bookingid": 2155
    },
    {
        "bookingid": 4627
    },
    {
        "bookingid": 4272
    },
    {
        "bookingid": 2866
    },
    {
        "bookingid": 2567
    },
    {
        "bookingid": 3550
    },
    {
        "bookingid": 3834
    },
    {
        "bookingid": 2451
    },
    {
        "bookingid": 1681
    },
    {
        "bookingid": 4217
    },
    {
        "bookingid": 3217
    },
    {
        "bookingid": 1389
    },
    {
        "bookingid": 4352
    },
    {
        "bookingid": 2714
    },
    {
        "bookingid": 340
    },
    {
        "bookingid": 4364
    },
    {
        "bookingid": 1895
    },
    {
        "bookingid": 1947
    },
    {
        "bookingid": 1004
    },
    {
        "bookingid": 4172
    },
    {
        "bookingid": 353
    },
    {
        "bookingid": 20
    },
    {
        "bookingid": 208
    },
    {
        "bookingid": 2962
    },
    {
        "bookingid": 2673
    },
    {
        "bookingid": 2756
    },
    {
        "bookingid": 1087
    },
    {
        "bookingid": 1822
    },
    {
        "bookingid": 3438
    },
    {
        "bookingid": 2980
    },
    {
        "bookingid": 473
    },
    {
        "bookingid": 1147
    },
    {
        "bookingid": 4336
    },
    {
        "bookingid": 1625
    },
    {
        "bookingid": 3434
    },
    {
        "bookingid": 1130
    },
    {
        "bookingid": 1143
    },
    {
        "bookingid": 567
    },
    {
        "bookingid": 4281
    },
    {
        "bookingid": 1418
    },
    {
        "bookingid": 1273
    },
    {
        "bookingid": 274
    },
    {
        "bookingid": 728
    },
    {
        "bookingid": 1631
    },
    {
        "bookingid": 3868
    },
    {
        "bookingid": 1863
    },
    {
        "bookingid": 154
    },
    {
        "bookingid": 291
    },
    {
        "bookingid": 1168
    },
    {
        "bookingid": 4166
    },
    {
        "bookingid": 1051
    },
    {
        "bookingid": 483
    },
    {
        "bookingid": 4339
    },
    {
        "bookingid": 2268
    },
    {
        "bookingid": 1164
    },
    {
        "bookingid": 1954
    },
    {
        "bookingid": 1727
    },
    {
        "bookingid": 2287
    },
    {
        "bookingid": 2374
    },
    {
        "bookingid": 97
    },
    {
        "bookingid": 1225
    },
    {
        "bookingid": 3013
    },
    {
        "bookingid": 1775
    },
    {
        "bookingid": 1105
    },
    {
        "bookingid": 2082
    },
    {
        "bookingid": 27
    },
    {
        "bookingid": 604
    },
    {
        "bookingid": 4202
    },
    {
        "bookingid": 1658
    },
    {
        "bookingid": 4639
    },
    {
        "bookingid": 224
    },
    {
        "bookingid": 821
    },
    {
        "bookingid": 81
    },
    {
        "bookingid": 2837
    },
    {
        "bookingid": 3256
    },
    {
        "bookingid": 1835
    },
    {
        "bookingid": 1594
    },
    {
        "bookingid": 2627
    },
    {
        "bookingid": 2603
    },
    {
        "bookingid": 946
    },
    {
        "bookingid": 4624
    },
    {
        "bookingid": 441
    },
    {
        "bookingid": 661
    },
    {
        "bookingid": 3599
    },
    {
        "bookingid": 3555
    },
    {
        "bookingid": 2762
    },
    {
        "bookingid": 118
    },
    {
        "bookingid": 237
    },
    {
        "bookingid": 740
    },
    {
        "bookingid": 1748
    },
    {
        "bookingid": 845
    },
    {
        "bookingid": 2001
    },
    {
        "bookingid": 3266
    },
    {
        "bookingid": 4371
    },
    {
        "bookingid": 2063
    },
    {
        "bookingid": 3212
    },
    {
        "bookingid": 4411
    },
    {
        "bookingid": 2018
    },
    {
        "bookingid": 3495
    },
    {
        "bookingid": 3909
    },
    {
        "bookingid": 3169
    },
    {
        "bookingid": 255
    },
    {
        "bookingid": 4251
    },
    {
        "bookingid": 2414
    },
    {
        "bookingid": 3229
    },
    {
        "bookingid": 429
    },
    {
        "bookingid": 2591
    },
    {
        "bookingid": 2974
    },
    {
        "bookingid": 3842
    },
    {
        "bookingid": 217
    },
    {
        "bookingid": 3405
    },
    {
        "bookingid": 776
    },
    {
        "bookingid": 1965
    },
    {
        "bookingid": 4054
    },
    {
        "bookingid": 3505
    },
    {
        "bookingid": 318
    },
    {
        "bookingid": 1014
    },
    {
        "bookingid": 3695
    },
    {
        "bookingid": 1070
    },
    {
        "bookingid": 3646
    },
    {
        "bookingid": 3068
    },
    {
        "bookingid": 2465
    },
    {
        "bookingid": 2702
    },
    {
        "bookingid": 2261
    },
    {
        "bookingid": 860
    },
    {
        "bookingid": 854
    },
    {
        "bookingid": 3708
    },
    {
        "bookingid": 2514
    },
    {
        "bookingid": 1230
    },
    {
        "bookingid": 1986
    },
    {
        "bookingid": 55
    },
    {
        "bookingid": 3943
    },
    {
        "bookingid": 3243
    },
    {
        "bookingid": 897
    },
    {
        "bookingid": 4203
    },
    {
        "bookingid": 2146
    },
    {
        "bookingid": 1274
    },
    {
        "bookingid": 2643
    },
    {
        "bookingid": 3326
    },
    {
        "bookingid": 3986
    },
    {
        "bookingid": 1432
    },
    {
        "bookingid": 952
    },
    {
        "bookingid": 1428
    },
    {
        "bookingid": 105
    },
    {
        "bookingid": 2486
    },
    {
        "bookingid": 3951
    },
    {
        "bookingid": 2396
    },
    {
        "bookingid": 827
    },
    {
        "bookingid": 1144
    },
    {
        "bookingid": 1842
    },
    {
        "bookingid": 3289
    },
    {
        "bookingid": 2538
    },
    {
        "bookingid": 4288
    },
    {
        "bookingid": 3814
    },
    {
        "bookingid": 319
    },
    {
        "bookingid": 683
    },
    {
        "bookingid": 684
    },
    {
        "bookingid": 2394
    },
    {
        "bookingid": 3078
    },
    {
        "bookingid": 2077
    },
    {
        "bookingid": 3157
    },
    {
        "bookingid": 324
    },
    {
        "bookingid": 4450
    },
    {
        "bookingid": 2354
    },
    {
        "bookingid": 3311
    },
    {
        "bookingid": 3542
    },
    {
        "bookingid": 760
    },
    {
        "bookingid": 1434
    },
    {
        "bookingid": 1946
    },
    {
        "bookingid": 4473
    },
    {
        "bookingid": 3378
    },
    {
        "bookingid": 2204
    },
    {
        "bookingid": 2513
    },
    {
        "bookingid": 2134
    },
    {
        "bookingid": 524
    },
    {
        "bookingid": 2000
    },
    {
        "bookingid": 459
    },
    {
        "bookingid": 3558
    },
    {
        "bookingid": 888
    },
    {
        "bookingid": 215
    },
    {
        "bookingid": 2659
    },
    {
        "bookingid": 254
    },
    {
        "bookingid": 1470
    },
    {
        "bookingid": 119
    },
    {
        "bookingid": 2821
    },
    {
        "bookingid": 1307
    },
    {
        "bookingid": 1399
    },
    {
        "bookingid": 3307
    },
    {
        "bookingid": 2737
    },
    {
        "bookingid": 3694
    },
    {
        "bookingid": 182
    },
    {
        "bookingid": 1055
    },
    {
        "bookingid": 2602
    },
    {
        "bookingid": 3348
    },
    {
        "bookingid": 4003
    },
    {
        "bookingid": 3085
    },
    {
        "bookingid": 12
    },
    {
        "bookingid": 2012
    },
    {
        "bookingid": 1232
    },
    {
        "bookingid": 1645
    },
    {
        "bookingid": 2136
    },
    {
        "bookingid": 2876
    },
    {
        "bookingid": 1155
    },
    {
        "bookingid": 3279
    },
    {
        "bookingid": 4279
    },
    {
        "bookingid": 3734
    },
    {
        "bookingid": 114
    },
    {
        "bookingid": 448
    },
    {
        "bookingid": 3907
    },
    {
        "bookingid": 527
    },
    {
        "bookingid": 1083
    },
    {
        "bookingid": 2183
    },
    {
        "bookingid": 221
    },
    {
        "bookingid": 4258
    },
    {
        "bookingid": 1598
    },
    {
        "bookingid": 3682
    },
    {
        "bookingid": 560
    },
    {
        "bookingid": 2182
    },
    {
        "bookingid": 1964
    },
    {
        "bookingid": 2941
    },
    {
        "bookingid": 1831
    },
    {
        "bookingid": 3524
    },
    {
        "bookingid": 2391
    },
    {
        "bookingid": 4571
    },
    {
        "bookingid": 109
    },
    {
        "bookingid": 3937
    },
    {
        "bookingid": 21
    },
    {
        "bookingid": 162
    },
    {
        "bookingid": 2799
    },
    {
        "bookingid": 4196
    },
    {
        "bookingid": 4337
    },
    {
        "bookingid": 4563
    },
    {
        "bookingid": 654
    },
    {
        "bookingid": 2711
    },
    {
        "bookingid": 3592
    },
    {
        "bookingid": 177
    },
    {
        "bookingid": 813
    },
    {
        "bookingid": 4293
    },
    {
        "bookingid": 725
    },
    {
        "bookingid": 1872
    },
    {
        "bookingid": 759
    },
    {
        "bookingid": 4495
    },
    {
        "bookingid": 4029
    },
    {
        "bookingid": 1342
    },
    {
        "bookingid": 3751
    },
    {
        "bookingid": 2498
    },
    {
        "bookingid": 4323
    },
    {
        "bookingid": 4307
    },
    {
        "bookingid": 2787
    },
    {
        "bookingid": 3798
    },
    {
        "bookingid": 1109
    },
    {
        "bookingid": 4129
    },
    {
        "bookingid": 2209
    },
    {
        "bookingid": 3105
    },
    {
        "bookingid": 3533
    },
    {
        "bookingid": 2979
    },
    {
        "bookingid": 3981
    },
    {
        "bookingid": 15
    },
    {
        "bookingid": 1063
    },
    {
        "bookingid": 2074
    },
    {
        "bookingid": 1110
    },
    {
        "bookingid": 72
    },
    {
        "bookingid": 3863
    },
    {
        "bookingid": 3933
    },
    {
        "bookingid": 1285
    },
    {
        "bookingid": 1308
    },
    {
        "bookingid": 844
    },
    {
        "bookingid": 4362
    },
    {
        "bookingid": 3088
    },
    {
        "bookingid": 2693
    },
    {
        "bookingid": 608
    },
    {
        "bookingid": 1132
    },
    {
        "bookingid": 1349
    },
    {
        "bookingid": 704
    },
    {
        "bookingid": 4503
    },
    {
        "bookingid": 3916
    },
    {
        "bookingid": 3461
    },
    {
        "bookingid": 2420
    },
    {
        "bookingid": 3890
    },
    {
        "bookingid": 3925
    },
    {
        "bookingid": 894
    },
    {
        "bookingid": 3547
    },
    {
        "bookingid": 2700
    },
    {
        "bookingid": 153
    },
    {
        "bookingid": 4557
    },
    {
        "bookingid": 226
    },
    {
        "bookingid": 2215
    },
    {
        "bookingid": 4221
    },
    {
        "bookingid": 1116
    },
    {
        "bookingid": 4359
    },
    {
        "bookingid": 2916
    },
    {
        "bookingid": 1718
    },
    {
        "bookingid": 1316
    },
    {
        "bookingid": 2447
    },
    {
        "bookingid": 688
    },
    {
        "bookingid": 3310
    },
    {
        "bookingid": 2677
    },
    {
        "bookingid": 3235
    },
    {
        "bookingid": 934
    },
    {
        "bookingid": 3467
    },
    {
        "bookingid": 2873
    },
    {
        "bookingid": 522
    },
    {
        "bookingid": 3915
    },
    {
        "bookingid": 3002
    },
    {
        "bookingid": 2106
    },
    {
        "bookingid": 3211
    },
    {
        "bookingid": 3044
    },
    {
        "bookingid": 909
    },
    {
        "bookingid": 2622
    },
    {
        "bookingid": 3538
    },
    {
        "bookingid": 4311
    },
    {
        "bookingid": 197
    },
    {
        "bookingid": 2453
    },
    {
        "bookingid": 338
    },
    {
        "bookingid": 4299
    },
    {
        "bookingid": 2112
    },
    {
        "bookingid": 1491
    },
    {
        "bookingid": 3045
    },
    {
        "bookingid": 4567
    },
    {
        "bookingid": 272
    },
    {
        "bookingid": 4225
    },
    {
        "bookingid": 2240
    },
    {
        "bookingid": 496
    },
    {
        "bookingid": 4192
    },
    {
        "bookingid": 1451
    },
    {
        "bookingid": 2356
    },
    {
        "bookingid": 3959
    },
    {
        "bookingid": 2239
    },
    {
        "bookingid": 2267
    },
    {
        "bookingid": 2770
    },
    {
        "bookingid": 721
    },
    {
        "bookingid": 364
    },
    {
        "bookingid": 418
    },
    {
        "bookingid": 2919
    },
    {
        "bookingid": 4554
    },
    {
        "bookingid": 3889
    },
    {
        "bookingid": 397
    },
    {
        "bookingid": 1199
    },
    {
        "bookingid": 4089
    },
    {
        "bookingid": 3222
    },
    {
        "bookingid": 2871
    },
    {
        "bookingid": 3431
    },
    {
        "bookingid": 1009
    },
    {
        "bookingid": 1934
    },
    {
        "bookingid": 2893
    },
    {
        "bookingid": 1498
    },
    {
        "bookingid": 3377
    },
    {
        "bookingid": 2865
    },
    {
        "bookingid": 1980
    },
    {
        "bookingid": 1495
    },
    {
        "bookingid": 4008
    },
    {
        "bookingid": 8
    },
    {
        "bookingid": 949
    },
    {
        "bookingid": 1161
    },
    {
        "bookingid": 381
    },
    {
        "bookingid": 3746
    },
    {
        "bookingid": 253
    },
    {
        "bookingid": 2708
    },
    {
        "bookingid": 1338
    },
    {
        "bookingid": 3835
    },
    {
        "bookingid": 2473
    },
    {
        "bookingid": 1768
    },
    {
        "bookingid": 2111
    },
    {
        "bookingid": 3994
    },
    {
        "bookingid": 1084
    },
    {
        "bookingid": 1684
    },
    {
        "bookingid": 2608
    },
    {
        "bookingid": 2348
    },
    {
        "bookingid": 1387
    },
    {
        "bookingid": 2943
    },
    {
        "bookingid": 165
    },
    {
        "bookingid": 2281
    },
    {
        "bookingid": 705
    },
    {
        "bookingid": 2956
    },
    {
        "bookingid": 4654
    },
    {
        "bookingid": 4254
    },
    {
        "bookingid": 3478
    },
    {
        "bookingid": 779
    },
    {
        "bookingid": 356
    },
    {
        "bookingid": 1484
    },
    {
        "bookingid": 4164
    },
    {
        "bookingid": 2376
    },
    {
        "bookingid": 144
    },
    {
        "bookingid": 2929
    },
    {
        "bookingid": 4335
    },
    {
        "bookingid": 3850
    },
    {
        "bookingid": 4461
    },
    {
        "bookingid": 3853
    },
    {
        "bookingid": 798
    },
    {
        "bookingid": 3067
    },
    {
        "bookingid": 2170
    },
    {
        "bookingid": 1636
    },
    {
        "bookingid": 4591
    },
    {
        "bookingid": 4116
    },
    {
        "bookingid": 3191
    },
    {
        "bookingid": 2142
    },
    {
        "bookingid": 1185
    },
    {
        "bookingid": 2426
    },
    {
        "bookingid": 139
    },
    {
        "bookingid": 3278
    },
    {
        "bookingid": 575
    },
    {
        "bookingid": 4549
    },
    {
        "bookingid": 4490
    },
    {
        "bookingid": 3690
    },
    {
        "bookingid": 1837
    },
    {
        "bookingid": 1848
    },
    {
        "bookingid": 2662
    },
    {
        "bookingid": 3287
    },
    {
        "bookingid": 2544
    },
    {
        "bookingid": 667
    },
    {
        "bookingid": 2840
    },
    {
        "bookingid": 3541
    },
    {
        "bookingid": 1453
    },
    {
        "bookingid": 3449
    },
    {
        "bookingid": 671
    },
    {
        "bookingid": 543
    },
    {
        "bookingid": 3172
    },
    {
        "bookingid": 1165
    },
    {
        "bookingid": 3658
    },
    {
        "bookingid": 4451
    },
    {
        "bookingid": 533
    },
    {
        "bookingid": 2794
    },
    {
        "bookingid": 3693
    },
    {
        "bookingid": 1286
    },
    {
        "bookingid": 1354
    },
    {
        "bookingid": 2398
    },
    {
        "bookingid": 4520
    },
    {
        "bookingid": 1876
    },
    {
        "bookingid": 313
    },
    {
        "bookingid": 1371
    },
    {
        "bookingid": 1238
    },
    {
        "bookingid": 1579
    },
    {
        "bookingid": 629
    },
    {
        "bookingid": 4131
    },
    {
        "bookingid": 3140
    },
    {
        "bookingid": 312
    },
    {
        "bookingid": 3147
    },
    {
        "bookingid": 580
    },
    {
        "bookingid": 442
    },
    {
        "bookingid": 2199
    },
    {
        "bookingid": 1534
    },
    {
        "bookingid": 2279
    },
    {
        "bookingid": 2242
    },
    {
        "bookingid": 841
    },
    {
        "bookingid": 3675
    },
    {
        "bookingid": 2399
    },
    {
        "bookingid": 2928
    },
    {
        "bookingid": 297
    },
    {
        "bookingid": 1372
    },
    {
        "bookingid": 958
    },
    {
        "bookingid": 1549
    },
    {
        "bookingid": 2960
    },
    {
        "bookingid": 2121
    },
    {
        "bookingid": 2379
    },
    {
        "bookingid": 146
    },
    {
        "bookingid": 2166
    },
    {
        "bookingid": 2474
    },
    {
        "bookingid": 1923
    },
    {
        "bookingid": 3845
    },
    {
        "bookingid": 49
    },
    {
        "bookingid": 2296
    },
    {
        "bookingid": 4402
    },
    {
        "bookingid": 3465
    },
    {
        "bookingid": 1016
    },
    {
        "bookingid": 3855
    },
    {
        "bookingid": 3576
    },
    {
        "bookingid": 891
    },
    {
        "bookingid": 3645
    },
    {
        "bookingid": 456
    },
    {
        "bookingid": 4101
    },
    {
        "bookingid": 3594
    },
    {
        "bookingid": 690
    },
    {
        "bookingid": 1012
    },
    {
        "bookingid": 3949
    },
    {
        "bookingid": 4372
    },
    {
        "bookingid": 3914
    },
    {
        "bookingid": 2650
    },
    {
        "bookingid": 1958
    },
    {
        "bookingid": 3004
    },
    {
        "bookingid": 2100
    },
    {
        "bookingid": 2751
    },
    {
        "bookingid": 771
    },
    {
        "bookingid": 233
    },
    {
        "bookingid": 1343
    },
    {
        "bookingid": 4075
    },
    {
        "bookingid": 178
    },
    {
        "bookingid": 3339
    },
    {
        "bookingid": 4465
    },
    {
        "bookingid": 700
    },
    {
        "bookingid": 804
    },
    {
        "bookingid": 4285
    },
    {
        "bookingid": 1179
    },
    {
        "bookingid": 2133
    },
    {
        "bookingid": 3920
    },
    {
        "bookingid": 3721
    },
    {
        "bookingid": 1125
    },
    {
        "bookingid": 4216
    },
    {
        "bookingid": 969
    },
    {
        "bookingid": 2140
    },
    {
        "bookingid": 4070
    },
    {
        "bookingid": 1633
    },
    {
        "bookingid": 1439
    },
    {
        "bookingid": 325
    },
    {
        "bookingid": 617
    },
    {
        "bookingid": 2858
    },
    {
        "bookingid": 3720
    },
    {
        "bookingid": 2241
    },
    {
        "bookingid": 124
    },
    {
        "bookingid": 151
    },
    {
        "bookingid": 3574
    },
    {
        "bookingid": 1358
    },
    {
        "bookingid": 3702
    },
    {
        "bookingid": 1224
    },
    {
        "bookingid": 3892
    },
    {
        "bookingid": 2828
    },
    {
        "bookingid": 1710
    },
    {
        "bookingid": 4076
    },
    {
        "bookingid": 3185
    },
    {
        "bookingid": 4467
    },
    {
        "bookingid": 2260
    },
    {
        "bookingid": 1812
    },
    {
        "bookingid": 3655
    },
    {
        "bookingid": 4542
    },
    {
        "bookingid": 2317
    },
    {
        "bookingid": 4466
    },
    {
        "bookingid": 82
    },
    {
        "bookingid": 4551
    },
    {
        "bookingid": 2917
    },
    {
        "bookingid": 3288
    },
    {
        "bookingid": 3455
    },
    {
        "bookingid": 1442
    },
    {
        "bookingid": 1601
    },
    {
        "bookingid": 1124
    },
    {
        "bookingid": 819
    },
    {
        "bookingid": 4219
    },
    {
        "bookingid": 1156
    },
    {
        "bookingid": 4381
    },
    {
        "bookingid": 2521
    },
    {
        "bookingid": 1714
    },
    {
        "bookingid": 831
    },
    {
        "bookingid": 2452
    },
    {
        "bookingid": 2671
    },
    {
        "bookingid": 2214
    },
    {
        "bookingid": 499
    },
    {
        "bookingid": 3099
    },
    {
        "bookingid": 1383
    },
    {
        "bookingid": 523
    },
    {
        "bookingid": 1764
    },
    {
        "bookingid": 1257
    },
    {
        "bookingid": 2108
    },
    {
        "bookingid": 4369
    },
    {
        "bookingid": 93
    },
    {
        "bookingid": 541
    },
    {
        "bookingid": 556
    },
    {
        "bookingid": 3857
    },
    {
        "bookingid": 252
    },
    {
        "bookingid": 3464
    },
    {
        "bookingid": 1077
    },
    {
        "bookingid": 4590
    },
    {
        "bookingid": 1750
    },
    {
        "bookingid": 1042
    },
    {
        "bookingid": 1862
    },
    {
        "bookingid": 3273
    },
    {
        "bookingid": 1423
    },
    {
        "bookingid": 1904
    },
    {
        "bookingid": 2612
    },
    {
        "bookingid": 2275
    },
    {
        "bookingid": 2845
    },
    {
        "bookingid": 1941
    },
    {
        "bookingid": 4651
    },
    {
        "bookingid": 914
    },
    {
        "bookingid": 1520
    },
    {
        "bookingid": 101
    },
    {
        "bookingid": 1048
    },
    {
        "bookingid": 3095
    },
    {
        "bookingid": 2406
    },
    {
        "bookingid": 1251
    },
    {
        "bookingid": 3190
    },
    {
        "bookingid": 3262
    },
    {
        "bookingid": 2229
    },
    {
        "bookingid": 605
    },
    {
        "bookingid": 810
    },
    {
        "bookingid": 287
    },
    {
        "bookingid": 3272
    },
    {
        "bookingid": 4154
    },
    {
        "bookingid": 2557
    },
    {
        "bookingid": 1968
    },
    {
        "bookingid": 2847
    },
    {
        "bookingid": 2190
    },
    {
        "bookingid": 797
    },
    {
        "bookingid": 517
    },
    {
        "bookingid": 303
    },
    {
        "bookingid": 1526
    },
    {
        "bookingid": 1411
    },
    {
        "bookingid": 3950
    },
    {
        "bookingid": 2369
    },
    {
        "bookingid": 2551
    },
    {
        "bookingid": 4408
    },
    {
        "bookingid": 2511
    },
    {
        "bookingid": 775
    },
    {
        "bookingid": 1705
    },
    {
        "bookingid": 1889
    },
    {
        "bookingid": 4041
    },
    {
        "bookingid": 4190
    },
    {
        "bookingid": 1627
    },
    {
        "bookingid": 3077
    },
    {
        "bookingid": 4637
    },
    {
        "bookingid": 2879
    },
    {
        "bookingid": 4043
    },
    {
        "bookingid": 3591
    },
    {
        "bookingid": 3202
    },
    {
        "bookingid": 4541
    },
    {
        "bookingid": 299
    },
    {
        "bookingid": 4147
    },
    {
        "bookingid": 4623
    },
    {
        "bookingid": 133
    },
    {
        "bookingid": 2454
    },
    {
        "bookingid": 2637
    },
    {
        "bookingid": 3136
    },
    {
        "bookingid": 41
    },
    {
        "bookingid": 840
    },
    {
        "bookingid": 2430
    },
    {
        "bookingid": 2947
    },
    {
        "bookingid": 1920
    },
    {
        "bookingid": 3482
    },
    {
        "bookingid": 2683
    },
    {
        "bookingid": 4612
    },
    {
        "bookingid": 3122
    },
    {
        "bookingid": 736
    },
    {
        "bookingid": 7
    },
    {
        "bookingid": 3665
    },
    {
        "bookingid": 1788
    },
    {
        "bookingid": 967
    },
    {
        "bookingid": 2600
    },
    {
        "bookingid": 1054
    },
    {
        "bookingid": 3785
    },
    {
        "bookingid": 3508
    },
    {
        "bookingid": 3276
    },
    {
        "bookingid": 6
    },
    {
        "bookingid": 1356
    },
    {
        "bookingid": 1949
    },
    {
        "bookingid": 2880
    },
    {
        "bookingid": 2291
    },
    {
        "bookingid": 3428
    },
    {
        "bookingid": 582
    },
    {
        "bookingid": 2772
    },
    {
        "bookingid": 1438
    },
    {
        "bookingid": 1539
    },
    {
        "bookingid": 2577
    },
    {
        "bookingid": 3385
    },
    {
        "bookingid": 4
    },
    {
        "bookingid": 3663
    },
    {
        "bookingid": 2285
    },
    {
        "bookingid": 4021
    },
    {
        "bookingid": 3079
    },
    {
        "bookingid": 3341
    },
    {
        "bookingid": 3120
    },
    {
        "bookingid": 3330
    },
    {
        "bookingid": 4544
    },
    {
        "bookingid": 806
    },
    {
        "bookingid": 4659
    },
    {
        "bookingid": 3634
    },
    {
        "bookingid": 2127
    },
    {
        "bookingid": 857
    },
    {
        "bookingid": 3054
    },
    {
        "bookingid": 2695
    },
    {
        "bookingid": 2561
    },
    {
        "bookingid": 3763
    },
    {
        "bookingid": 1368
    },
    {
        "bookingid": 171
    },
    {
        "bookingid": 2304
    },
    {
        "bookingid": 4107
    },
    {
        "bookingid": 2894
    },
    {
        "bookingid": 4124
    },
    {
        "bookingid": 115
    },
    {
        "bookingid": 3727
    },
    {
        "bookingid": 2731
    },
    {
        "bookingid": 839
    },
    {
        "bookingid": 1616
    },
    {
        "bookingid": 1799
    },
    {
        "bookingid": 469
    },
    {
        "bookingid": 3328
    },
    {
        "bookingid": 85
    },
    {
        "bookingid": 3630
    },
    {
        "bookingid": 3362
    },
    {
        "bookingid": 2585
    },
    {
        "bookingid": 2728
    },
    {
        "bookingid": 868
    },
    {
        "bookingid": 2595
    },
    {
        "bookingid": 1719
    },
    {
        "bookingid": 1606
    },
    {
        "bookingid": 282
    },
    {
        "bookingid": 131
    },
    {
        "bookingid": 713
    },
    {
        "bookingid": 4492
    },
    {
        "bookingid": 4660
    },
    {
        "bookingid": 4188
    },
    {
        "bookingid": 858
    },
    {
        "bookingid": 3386
    },
    {
        "bookingid": 2589
    },
    {
        "bookingid": 1912
    },
    {
        "bookingid": 4415
    },
    {
        "bookingid": 3989
    },
    {
        "bookingid": 112
    },
    {
        "bookingid": 547
    },
    {
        "bookingid": 930
    },
    {
        "bookingid": 3271
    },
    {
        "bookingid": 169
    },
    {
        "bookingid": 1256
    },
    {
        "bookingid": 2581
    },
    {
        "bookingid": 4663
    },
    {
        "bookingid": 3977
    },
    {
        "bookingid": 3612
    },
    {
        "bookingid": 2553
    },
    {
        "bookingid": 3035
    },
    {
        "bookingid": 3282
    },
    {
        "bookingid": 2305
    },
    {
        "bookingid": 2389
    },
    {
        "bookingid": 417
    },
    {
        "bookingid": 1538
    },
    {
        "bookingid": 2741
    },
    {
        "bookingid": 665
    },
    {
        "bookingid": 1909
    },
    {
        "bookingid": 2610
    },
    {
        "bookingid": 108
    },
    {
        "bookingid": 4257
    },
    {
        "bookingid": 3801
    },
    {
        "bookingid": 1516
    },
    {
        "bookingid": 39
    },
    {
        "bookingid": 3652
    },
    {
        "bookingid": 3195
    },
    {
        "bookingid": 1617
    },
    {
        "bookingid": 1391
    },
    {
        "bookingid": 464
    },
    {
        "bookingid": 3408
    },
    {
        "bookingid": 2508
    },
    {
        "bookingid": 529
    },
    {
        "bookingid": 2329
    },
    {
        "bookingid": 3412
    },
    {
        "bookingid": 59
    },
    {
        "bookingid": 3676
    },
    {
        "bookingid": 3130
    },
    {
        "bookingid": 1191
    },
    {
        "bookingid": 3974
    },
    {
        "bookingid": 3490
    },
    {
        "bookingid": 777
    },
    {
        "bookingid": 3609
    },
    {
        "bookingid": 1608
    },
    {
        "bookingid": 3411
    },
    {
        "bookingid": 1961
    },
    {
        "bookingid": 2814
    },
    {
        "bookingid": 2
    },
    {
        "bookingid": 1666
    },
    {
        "bookingid": 1758
    },
    {
        "bookingid": 1359
    },
    {
        "bookingid": 2219
    },
    {
        "bookingid": 2885
    },
    {
        "bookingid": 1479
    },
    {
        "bookingid": 3029
    },
    {
        "bookingid": 3214
    },
    {
        "bookingid": 3047
    },
    {
        "bookingid": 4496
    },
    {
        "bookingid": 520
    },
    {
        "bookingid": 468
    },
    {
        "bookingid": 1903
    },
    {
        "bookingid": 3747
    },
    {
        "bookingid": 458
    },
    {
        "bookingid": 1771
    },
    {
        "bookingid": 4480
    },
    {
        "bookingid": 4073
    },
    {
        "bookingid": 1362
    },
    {
        "bookingid": 3333
    },
    {
        "bookingid": 2699
    },
    {
        "bookingid": 4640
    },
    {
        "bookingid": 4486
    },
    {
        "bookingid": 3901
    },
    {
        "bookingid": 3513
    },
    {
        "bookingid": 2034
    },
    {
        "bookingid": 4400
    },
    {
        "bookingid": 1022
    },
    {
        "bookingid": 401
    },
    {
        "bookingid": 248
    },
    {
        "bookingid": 4638
    },
    {
        "bookingid": 3234
    },
    {
        "bookingid": 2742
    },
    {
        "bookingid": 1226
    },
    {
        "bookingid": 1989
    },
    {
        "bookingid": 597
    },
    {
        "bookingid": 4301
    },
    {
        "bookingid": 1979
    },
    {
        "bookingid": 4632
    },
    {
        "bookingid": 2297
    },
    {
        "bookingid": 333
    },
    {
        "bookingid": 2030
    },
    {
        "bookingid": 4245
    },
    {
        "bookingid": 640
    },
    {
        "bookingid": 4201
    },
    {
        "bookingid": 4032
    },
    {
        "bookingid": 4087
    },
    {
        "bookingid": 4128
    },
    {
        "bookingid": 1234
    },
    {
        "bookingid": 2487
    },
    {
        "bookingid": 3135
    },
    {
        "bookingid": 846
    },
    {
        "bookingid": 3187
    },
    {
        "bookingid": 3446
    },
    {
        "bookingid": 2715
    },
    {
        "bookingid": 847
    },
    {
        "bookingid": 3953
    },
    {
        "bookingid": 3225
    },
    {
        "bookingid": 3357
    },
    {
        "bookingid": 3573
    },
    {
        "bookingid": 4080
    },
    {
        "bookingid": 268
    },
    {
        "bookingid": 296
    },
    {
        "bookingid": 2024
    },
    {
        "bookingid": 2689
    },
    {
        "bookingid": 3114
    },
    {
        "bookingid": 4136
    },
    {
        "bookingid": 1536
    },
    {
        "bookingid": 2050
    },
    {
        "bookingid": 1969
    },
    {
        "bookingid": 2370
    },
    {
        "bookingid": 3347
    },
    {
        "bookingid": 2176
    },
    {
        "bookingid": 2252
    },
    {
        "bookingid": 2680
    },
    {
        "bookingid": 920
    },
    {
        "bookingid": 3253
    },
    {
        "bookingid": 1988
    },
    {
        "bookingid": 4156
    },
    {
        "bookingid": 3807
    },
    {
        "bookingid": 331
    },
    {
        "bookingid": 4143
    },
    {
        "bookingid": 2363
    },
    {
        "bookingid": 2749
    },
    {
        "bookingid": 974
    },
    {
        "bookingid": 3443
    },
    {
        "bookingid": 4236
    },
    {
        "bookingid": 2999
    },
    {
        "bookingid": 4082
    },
    {
        "bookingid": 320
    },
    {
        "bookingid": 3329
    },
    {
        "bookingid": 3515
    },
    {
        "bookingid": 3757
    },
    {
        "bookingid": 2076
    },
    {
        "bookingid": 351
    },
    {
        "bookingid": 130
    },
    {
        "bookingid": 1198
    },
    {
        "bookingid": 4069
    },
    {
        "bookingid": 50
    },
    {
        "bookingid": 2411
    },
    {
        "bookingid": 1314
    },
    {
        "bookingid": 3673
    },
    {
        "bookingid": 1699
    },
    {
        "bookingid": 2175
    },
    {
        "bookingid": 4436
    },
    {
        "bookingid": 980
    },
    {
        "bookingid": 1691
    },
    {
        "bookingid": 3422
    },
    {
        "bookingid": 73
    },
    {
        "bookingid": 4061
    },
    {
        "bookingid": 4593
    },
    {
        "bookingid": 2196
    },
    {
        "bookingid": 4227
    },
    {
        "bookingid": 1773
    },
    {
        "bookingid": 1281
    },
    {
        "bookingid": 1091
    },
    {
        "bookingid": 3973
    },
    {
        "bookingid": 184
    },
    {
        "bookingid": 4152
    },
    {
        "bookingid": 2719
    },
    {
        "bookingid": 3971
    },
    {
        "bookingid": 4543
    },
    {
        "bookingid": 627
    },
    {
        "bookingid": 2139
    },
    {
        "bookingid": 4096
    },
    {
        "bookingid": 4186
    },
    {
        "bookingid": 4378
    },
    {
        "bookingid": 3092
    },
    {
        "bookingid": 218
    },
    {
        "bookingid": 1187
    },
    {
        "bookingid": 3127
    },
    {
        "bookingid": 1037
    },
    {
        "bookingid": 4182
    },
    {
        "bookingid": 1310
    },
    {
        "bookingid": 4237
    },
    {
        "bookingid": 2491
    },
    {
        "bookingid": 2119
    },
    {
        "bookingid": 1252
    },
    {
        "bookingid": 913
    },
    {
        "bookingid": 4517
    },
    {
        "bookingid": 2811
    },
    {
        "bookingid": 2278
    },
    {
        "bookingid": 2520
    },
    {
        "bookingid": 2129
    },
    {
        "bookingid": 3263
    },
    {
        "bookingid": 4318
    },
    {
        "bookingid": 3723
    },
    {
        "bookingid": 4536
    },
    {
        "bookingid": 2047
    },
    {
        "bookingid": 3345
    },
    {
        "bookingid": 3600
    },
    {
        "bookingid": 3885
    },
    {
        "bookingid": 2539
    },
    {
        "bookingid": 3703
    },
    {
        "bookingid": 368
    },
    {
        "bookingid": 2400
    },
    {
        "bookingid": 1882
    },
    {
        "bookingid": 3988
    },
    {
        "bookingid": 3182
    },
    {
        "bookingid": 3837
    },
    {
        "bookingid": 4438
    },
    {
        "bookingid": 3293
    },
    {
        "bookingid": 1032
    },
    {
        "bookingid": 4392
    },
    {
        "bookingid": 3586
    },
    {
        "bookingid": 3864
    },
    {
        "bookingid": 16
    },
    {
        "bookingid": 1404
    },
    {
        "bookingid": 1244
    },
    {
        "bookingid": 726
    },
    {
        "bookingid": 2834
    },
    {
        "bookingid": 2906
    },
    {
        "bookingid": 2425
    },
    {
        "bookingid": 3615
    },
    {
        "bookingid": 1584
    },
    {
        "bookingid": 2739
    },
    {
        "bookingid": 1127
    },
    {
        "bookingid": 1552
    },
    {
        "bookingid": 1447
    },
    {
        "bookingid": 129
    },
    {
        "bookingid": 2620
    },
    {
        "bookingid": 4313
    },
    {
        "bookingid": 2615
    },
    {
        "bookingid": 1930
    },
    {
        "bookingid": 231
    },
    {
        "bookingid": 1217
    },
    {
        "bookingid": 4502
    },
    {
        "bookingid": 871
    },
    {
        "bookingid": 709
    },
    {
        "bookingid": 1981
    },
    {
        "bookingid": 4629
    },
    {
        "bookingid": 1672
    },
    {
        "bookingid": 2244
    },
    {
        "bookingid": 584
    },
    {
        "bookingid": 203
    },
    {
        "bookingid": 285
    },
    {
        "bookingid": 1492
    },
    {
        "bookingid": 2208
    },
    {
        "bookingid": 689
    },
    {
        "bookingid": 1481
    },
    {
        "bookingid": 1284
    },
    {
        "bookingid": 2161
    },
    {
        "bookingid": 2855
    },
    {
        "bookingid": 2944
    },
    {
        "bookingid": 4604
    },
    {
        "bookingid": 1952
    },
    {
        "bookingid": 2007
    },
    {
        "bookingid": 1688
    },
    {
        "bookingid": 2778
    },
    {
        "bookingid": 586
    },
    {
        "bookingid": 421
    },
    {
        "bookingid": 3102
    },
    {
        "bookingid": 2844
    },
    {
        "bookingid": 4044
    },
    {
        "bookingid": 1335
    },
    {
        "bookingid": 3619
    },
    {
        "bookingid": 3402
    },
    {
        "bookingid": 1407
    },
    {
        "bookingid": 3265
    },
    {
        "bookingid": 1397
    },
    {
        "bookingid": 1859
    },
    {
        "bookingid": 3488
    },
    {
        "bookingid": 3473
    },
    {
        "bookingid": 2563
    },
    {
        "bookingid": 2038
    },
    {
        "bookingid": 3298
    },
    {
        "bookingid": 477
    },
    {
        "bookingid": 2066
    },
    {
        "bookingid": 1887
    },
    {
        "bookingid": 1851
    },
    {
        "bookingid": 3872
    },
    {
        "bookingid": 748
    },
    {
        "bookingid": 2094
    },
    {
        "bookingid": 1330
    },
    {
        "bookingid": 306
    },
    {
        "bookingid": 3716
    },
    {
        "bookingid": 3073
    },
    {
        "bookingid": 4144
    },
    {
        "bookingid": 3368
    },
    {
        "bookingid": 3990
    },
    {
        "bookingid": 3861
    },
    {
        "bookingid": 2798
    },
    {
        "bookingid": 2818
    },
    {
        "bookingid": 1576
    },
    {
        "bookingid": 1696
    },
    {
        "bookingid": 750
    },
    {
        "bookingid": 484
    },
    {
        "bookingid": 3228
    },
    {
        "bookingid": 3246
    },
    {
        "bookingid": 4425
    },
    {
        "bookingid": 2621
    },
    {
        "bookingid": 3260
    },
    {
        "bookingid": 4141
    },
    {
        "bookingid": 2997
    },
    {
        "bookingid": 4240
    },
    {
        "bookingid": 2035
    },
    {
        "bookingid": 375
    },
    {
        "bookingid": 92
    },
    {
        "bookingid": 4456
    },
    {
        "bookingid": 2954
    },
    {
        "bookingid": 2685
    },
    {
        "bookingid": 4253
    },
    {
        "bookingid": 4264
    },
    {
        "bookingid": 1100
    },
    {
        "bookingid": 22
    },
    {
        "bookingid": 1158
    },
    {
        "bookingid": 425
    },
    {
        "bookingid": 3223
    },
    {
        "bookingid": 2853
    },
    {
        "bookingid": 3918
    },
    {
        "bookingid": 1770
    },
    {
        "bookingid": 2932
    },
    {
        "bookingid": 2390
    },
    {
        "bookingid": 1755
    },
    {
        "bookingid": 232
    },
    {
        "bookingid": 2152
    },
    {
        "bookingid": 1653
    },
    {
        "bookingid": 782
    },
    {
        "bookingid": 2410
    },
    {
        "bookingid": 887
    },
    {
        "bookingid": 3841
    },
    {
        "bookingid": 1875
    },
    {
        "bookingid": 1738
    },
    {
        "bookingid": 2156
    },
    {
        "bookingid": 3351
    },
    {
        "bookingid": 4525
    },
    {
        "bookingid": 14
    },
    {
        "bookingid": 4601
    },
    {
        "bookingid": 4223
    },
    {
        "bookingid": 1222
    },
    {
        "bookingid": 2560
    },
    {
        "bookingid": 1983
    },
    {
        "bookingid": 1128
    },
    {
        "bookingid": 2913
    },
    {
        "bookingid": 4049
    },
    {
        "bookingid": 506
    },
    {
        "bookingid": 2377
    },
    {
        "bookingid": 4349
    },
    {
        "bookingid": 236
    },
    {
        "bookingid": 4035
    },
    {
        "bookingid": 3335
    },
    {
        "bookingid": 83
    },
    {
        "bookingid": 189
    },
    {
        "bookingid": 4561
    },
    {
        "bookingid": 3560
    },
    {
        "bookingid": 2660
    },
    {
        "bookingid": 1679
    },
    {
        "bookingid": 3338
    },
    {
        "bookingid": 2013
    },
    {
        "bookingid": 4098
    },
    {
        "bookingid": 3605
    },
    {
        "bookingid": 2088
    },
    {
        "bookingid": 360
    },
    {
        "bookingid": 2331
    },
    {
        "bookingid": 1099
    },
    {
        "bookingid": 2206
    },
    {
        "bookingid": 1384
    },
    {
        "bookingid": 103
    },
    {
        "bookingid": 138
    },
    {
        "bookingid": 2822
    },
    {
        "bookingid": 1807
    },
    {
        "bookingid": 2457
    },
    {
        "bookingid": 4033
    },
    {
        "bookingid": 423
    },
    {
        "bookingid": 1412
    },
    {
        "bookingid": 3131
    },
    {
        "bookingid": 3613
    },
    {
        "bookingid": 3822
    },
    {
        "bookingid": 2205
    },
    {
        "bookingid": 2295
    },
    {
        "bookingid": 606
    },
    {
        "bookingid": 2653
    },
    {
        "bookingid": 1959
    },
    {
        "bookingid": 4110
    },
    {
        "bookingid": 3379
    },
    {
        "bookingid": 2333
    },
    {
        "bookingid": 1661
    },
    {
        "bookingid": 2957
    },
    {
        "bookingid": 51
    },
    {
        "bookingid": 730
    },
    {
        "bookingid": 4320
    },
    {
        "bookingid": 1569
    },
    {
        "bookingid": 3565
    },
    {
        "bookingid": 950
    },
    {
        "bookingid": 3014
    },
    {
        "bookingid": 1649
    },
    {
        "bookingid": 2972
    },
    {
        "bookingid": 2202
    },
    {
        "bookingid": 4407
    },
    {
        "bookingid": 3787
    },
    {
        "bookingid": 3496
    },
    {
        "bookingid": 4508
    },
    {
        "bookingid": 1402
    },
    {
        "bookingid": 1926
    },
    {
        "bookingid": 2705
    },
    {
        "bookingid": 4208
    },
    {
        "bookingid": 1626
    },
    {
        "bookingid": 387
    },
    {
        "bookingid": 2852
    },
    {
        "bookingid": 2810
    },
    {
        "bookingid": 3453
    },
    {
        "bookingid": 3559
    },
    {
        "bookingid": 3318
    },
    {
        "bookingid": 289
    },
    {
        "bookingid": 1174
    },
    {
        "bookingid": 789
    },
    {
        "bookingid": 635
    },
    {
        "bookingid": 699
    },
    {
        "bookingid": 2383
    },
    {
        "bookingid": 4609
    },
    {
        "bookingid": 121
    },
    {
        "bookingid": 3383
    },
    {
        "bookingid": 1357
    },
    {
        "bookingid": 643
    },
    {
        "bookingid": 206
    },
    {
        "bookingid": 3365
    },
    {
        "bookingid": 3854
    },
    {
        "bookingid": 4086
    },
    {
        "bookingid": 937
    },
    {
        "bookingid": 3577
    },
    {
        "bookingid": 1778
    },
    {
        "bookingid": 243
    },
    {
        "bookingid": 528
    },
    {
        "bookingid": 3923
    },
    {
        "bookingid": 570
    },
    {
        "bookingid": 4526
    },
    {
        "bookingid": 2378
    },
    {
        "bookingid": 3132
    },
    {
        "bookingid": 2718
    },
    {
        "bookingid": 4630
    },
    {
        "bookingid": 3161
    },
    {
        "bookingid": 2532
    },
    {
        "bookingid": 3927
    },
    {
        "bookingid": 3551
    },
    {
        "bookingid": 1864
    },
    {
        "bookingid": 2019
    },
    {
        "bookingid": 2086
    },
    {
        "bookingid": 3032
    },
    {
        "bookingid": 1664
    },
    {
        "bookingid": 2141
    },
    {
        "bookingid": 611
    },
    {
        "bookingid": 2413
    },
    {
        "bookingid": 2562
    },
    {
        "bookingid": 490
    },
    {
        "bookingid": 2464
    },
    {
        "bookingid": 4018
    },
    {
        "bookingid": 2679
    },
    {
        "bookingid": 2418
    },
    {
        "bookingid": 592
    },
    {
        "bookingid": 212
    },
    {
        "bookingid": 3189
    },
    {
        "bookingid": 1478
    },
    {
        "bookingid": 1548
    },
    {
        "bookingid": 3472
    },
    {
        "bookingid": 1465
    },
    {
        "bookingid": 3218
    },
    {
        "bookingid": 58
    },
    {
        "bookingid": 2889
    },
    {
        "bookingid": 2118
    },
    {
        "bookingid": 2397
    },
    {
        "bookingid": 256
    },
    {
        "bookingid": 756
    },
    {
        "bookingid": 626
    },
    {
        "bookingid": 134
    },
    {
        "bookingid": 696
    },
    {
        "bookingid": 1597
    },
    {
        "bookingid": 2302
    },
    {
        "bookingid": 3477
    },
    {
        "bookingid": 1456
    },
    {
        "bookingid": 4416
    },
    {
        "bookingid": 2815
    },
    {
        "bookingid": 1240
    },
    {
        "bookingid": 2989
    },
    {
        "bookingid": 4418
    },
    {
        "bookingid": 2016
    },
    {
        "bookingid": 1483
    },
    {
        "bookingid": 1547
    },
    {
        "bookingid": 2033
    },
    {
        "bookingid": 1031
    },
    {
        "bookingid": 3764
    },
    {
        "bookingid": 4229
    },
    {
        "bookingid": 126
    },
    {
        "bookingid": 1057
    },
    {
        "bookingid": 4065
    },
    {
        "bookingid": 3705
    },
    {
        "bookingid": 1974
    },
    {
        "bookingid": 1134
    },
    {
        "bookingid": 1472
    },
    {
        "bookingid": 4365
    },
    {
        "bookingid": 2072
    },
    {
        "bookingid": 1375
    },
    {
        "bookingid": 4445
    },
    {
        "bookingid": 3749
    },
    {
        "bookingid": 820
    },
    {
        "bookingid": 4036
    },
    {
        "bookingid": 2684
    },
    {
        "bookingid": 1853
    },
    {
        "bookingid": 2881
    },
    {
        "bookingid": 2968
    },
    {
        "bookingid": 1656
    },
    {
        "bookingid": 4447
    },
    {
        "bookingid": 3459
    },
    {
        "bookingid": 2269
    },
    {
        "bookingid": 1780
    },
    {
        "bookingid": 1250
    },
    {
        "bookingid": 132
    },
    {
        "bookingid": 1856
    },
    {
        "bookingid": 803
    },
    {
        "bookingid": 245
    },
    {
        "bookingid": 1521
    },
    {
        "bookingid": 3611
    },
    {
        "bookingid": 1591
    },
    {
        "bookingid": 4295
    },
    {
        "bookingid": 3474
    },
    {
        "bookingid": 794
    },
    {
        "bookingid": 2527
    },
    {
        "bookingid": 2716
    },
    {
        "bookingid": 1497
    },
    {
        "bookingid": 3305
    },
    {
        "bookingid": 1564
    },
    {
        "bookingid": 2712
    },
    {
        "bookingid": 1097
    },
    {
        "bookingid": 3817
    },
    {
        "bookingid": 4505
    },
    {
        "bookingid": 2597
    },
    {
        "bookingid": 1733
    },
    {
        "bookingid": 443
    },
    {
        "bookingid": 2338
    },
    {
        "bookingid": 2529
    },
    {
        "bookingid": 2976
    },
    {
        "bookingid": 2404
    },
    {
        "bookingid": 3882
    },
    {
        "bookingid": 2097
    },
    {
        "bookingid": 1123
    },
    {
        "bookingid": 1677
    },
    {
        "bookingid": 4440
    },
    {
        "bookingid": 2985
    },
    {
        "bookingid": 3319
    },
    {
        "bookingid": 3317
    },
    {
        "bookingid": 3175
    },
    {
        "bookingid": 2501
    },
    {
        "bookingid": 4357
    },
    {
        "bookingid": 2381
    },
    {
        "bookingid": 3090
    },
    {
        "bookingid": 2572
    },
    {
        "bookingid": 3844
    },
    {
        "bookingid": 2004
    },
    {
        "bookingid": 3309
    },
    {
        "bookingid": 825
    },
    {
        "bookingid": 2068
    },
    {
        "bookingid": 4084
    },
    {
        "bookingid": 2253
    },
    {
        "bookingid": 566
    },
    {
        "bookingid": 3350
    },
    {
        "bookingid": 266
    },
    {
        "bookingid": 4529
    },
    {
        "bookingid": 1253
    },
    {
        "bookingid": 242
    },
    {
        "bookingid": 2763
    },
    {
        "bookingid": 2841
    },
    {
        "bookingid": 1604
    },
    {
        "bookingid": 3112
    },
    {
        "bookingid": 3714
    },
    {
        "bookingid": 3230
    },
    {
        "bookingid": 3804
    },
    {
        "bookingid": 1437
    },
    {
        "bookingid": 3930
    },
    {
        "bookingid": 63
    },
    {
        "bookingid": 2645
    },
    {
        "bookingid": 1319
    },
    {
        "bookingid": 2197
    },
    {
        "bookingid": 3523
    },
    {
        "bookingid": 1744
    },
    {
        "bookingid": 509
    },
    {
        "bookingid": 3984
    },
    {
        "bookingid": 181
    },
    {
        "bookingid": 3827
    },
    {
        "bookingid": 2135
    },
    {
        "bookingid": 3604
    },
    {
        "bookingid": 460
    },
    {
        "bookingid": 3744
    },
    {
        "bookingid": 3394
    },
    {
        "bookingid": 2157
    },
    {
        "bookingid": 4308
    },
    {
        "bookingid": 4148
    },
    {
        "bookingid": 2014
    },
    {
        "bookingid": 1326
    },
    {
        "bookingid": 1461
    },
    {
        "bookingid": 2178
    },
    {
        "bookingid": 2986
    },
    {
        "bookingid": 1315
    },
    {
        "bookingid": 64
    },
    {
        "bookingid": 1966
    },
    {
        "bookingid": 1245
    },
    {
        "bookingid": 1299
    },
    {
        "bookingid": 678
    },
    {
        "bookingid": 853
    },
    {
        "bookingid": 1027
    },
    {
        "bookingid": 298
    },
    {
        "bookingid": 79
    },
    {
        "bookingid": 2132
    },
    {
        "bookingid": 1318
    },
    {
        "bookingid": 3200
    },
    {
        "bookingid": 1003
    },
    {
        "bookingid": 2092
    },
    {
        "bookingid": 1409
    },
    {
        "bookingid": 3735
    },
    {
        "bookingid": 4516
    },
    {
        "bookingid": 2953
    },
    {
        "bookingid": 2656
    },
    {
        "bookingid": 332
    },
    {
        "bookingid": 2593
    },
    {
        "bookingid": 2201
    },
    {
        "bookingid": 4263
    },
    {
        "bookingid": 4422
    },
    {
        "bookingid": 3887
    },
    {
        "bookingid": 1817
    },
    {
        "bookingid": 2534
    },
    {
        "bookingid": 3053
    },
    {
        "bookingid": 979
    },
    {
        "bookingid": 4185
    },
    {
        "bookingid": 3637
    },
    {
        "bookingid": 3059
    },
    {
        "bookingid": 2130
    },
    {
        "bookingid": 918
    },
    {
        "bookingid": 2874
    },
    {
        "bookingid": 2254
    },
    {
        "bookingid": 395
    },
    {
        "bookingid": 2692
    },
    {
        "bookingid": 2323
    },
    {
        "bookingid": 4646
    },
    {
        "bookingid": 3936
    },
    {
        "bookingid": 2360
    },
    {
        "bookingid": 892
    },
    {
        "bookingid": 1373
    },
    {
        "bookingid": 2890
    },
    {
        "bookingid": 1424
    },
    {
        "bookingid": 2630
    },
    {
        "bookingid": 1427
    },
    {
        "bookingid": 2495
    },
    {
        "bookingid": 1001
    },
    {
        "bookingid": 75
    },
    {
        "bookingid": 3039
    },
    {
        "bookingid": 2875
    },
    {
        "bookingid": 4643
    },
    {
        "bookingid": 69
    },
    {
        "bookingid": 4432
    },
    {
        "bookingid": 4222
    },
    {
        "bookingid": 666
    },
    {
        "bookingid": 554
    },
    {
        "bookingid": 199
    },
    {
        "bookingid": 1029
    },
    {
        "bookingid": 2729
    },
    {
        "bookingid": 3963
    },
    {
        "bookingid": 2505
    },
    {
        "bookingid": 3327
    },
    {
        "bookingid": 3242
    },
    {
        "bookingid": 1454
    },
    {
        "bookingid": 1709
    },
    {
        "bookingid": 4022
    },
    {
        "bookingid": 1801
    },
    {
        "bookingid": 3621
    },
    {
        "bookingid": 2672
    },
    {
        "bookingid": 1379
    },
    {
        "bookingid": 1294
    },
    {
        "bookingid": 2249
    },
    {
        "bookingid": 3458
    },
    {
        "bookingid": 593
    },
    {
        "bookingid": 4650
    },
    {
        "bookingid": 211
    },
    {
        "bookingid": 2342
    },
    {
        "bookingid": 734
    },
    {
        "bookingid": 495
    },
    {
        "bookingid": 4039
    },
    {
        "bookingid": 1929
    },
    {
        "bookingid": 3931
    },
    {
        "bookingid": 4345
    },
    {
        "bookingid": 3017
    },
    {
        "bookingid": 2884
    },
    {
        "bookingid": 805
    },
    {
        "bookingid": 3540
    },
    {
        "bookingid": 2115
    },
    {
        "bookingid": 1149
    },
    {
        "bookingid": 3238
    },
    {
        "bookingid": 1648
    },
    {
        "bookingid": 3563
    },
    {
        "bookingid": 4607
    },
    {
        "bookingid": 2283
    },
    {
        "bookingid": 4460
    },
    {
        "bookingid": 317
    },
    {
        "bookingid": 3022
    },
    {
        "bookingid": 1501
    },
    {
        "bookingid": 4241
    },
    {
        "bookingid": 503
    },
    {
        "bookingid": 3935
    },
    {
        "bookingid": 342
    },
    {
        "bookingid": 1378
    },
    {
        "bookingid": 2982
    },
    {
        "bookingid": 4275
    },
    {
        "bookingid": 251
    },
    {
        "bookingid": 4539
    },
    {
        "bookingid": 1960
    },
    {
        "bookingid": 708
    },
    {
        "bookingid": 3511
    },
    {
        "bookingid": 3304
    },
    {
        "bookingid": 2031
    },
    {
        "bookingid": 2634
    },
    {
        "bookingid": 3374
    },
    {
        "bookingid": 3970
    },
    {
        "bookingid": 1331
    },
    {
        "bookingid": 2925
    },
    {
        "bookingid": 2937
    },
    {
        "bookingid": 1671
    },
    {
        "bookingid": 943
    },
    {
        "bookingid": 2790
    },
    {
        "bookingid": 4317
    },
    {
        "bookingid": 948
    },
    {
        "bookingid": 2970
    },
    {
        "bookingid": 2663
    },
    {
        "bookingid": 1573
    },
    {
        "bookingid": 826
    },
    {
        "bookingid": 594
    },
    {
        "bookingid": 535
    },
    {
        "bookingid": 4269
    },
    {
        "bookingid": 3756
    },
    {
        "bookingid": 3572
    },
    {
        "bookingid": 2421
    },
    {
        "bookingid": 2516
    },
    {
        "bookingid": 3447
    },
    {
        "bookingid": 3027
    },
    {
        "bookingid": 4017
    },
    {
        "bookingid": 74
    },
    {
        "bookingid": 900
    },
    {
        "bookingid": 2804
    },
    {
        "bookingid": 42
    },
    {
        "bookingid": 2340
    },
    {
        "bookingid": 1487
    },
    {
        "bookingid": 3900
    },
    {
        "bookingid": 1689
    },
    {
        "bookingid": 3985
    },
    {
        "bookingid": 4602
    },
    {
        "bookingid": 2462
    },
    {
        "bookingid": 2556
    },
    {
        "bookingid": 3008
    },
    {
        "bookingid": 2236
    },
    {
        "bookingid": 4122
    },
    {
        "bookingid": 4530
    },
    {
        "bookingid": 3832
    },
    {
        "bookingid": 3055
    },
    {
        "bookingid": 4119
    },
    {
        "bookingid": 997
    },
    {
        "bookingid": 1698
    },
    {
        "bookingid": 1845
    },
    {
        "bookingid": 719
    },
    {
        "bookingid": 2923
    },
    {
        "bookingid": 1270
    },
    {
        "bookingid": 1460
    },
    {
        "bookingid": 4384
    },
    {
        "bookingid": 2860
    },
    {
        "bookingid": 2829
    },
    {
        "bookingid": 3811
    },
    {
        "bookingid": 1267
    },
    {
        "bookingid": 4167
    },
    {
        "bookingid": 1260
    },
    {
        "bookingid": 3312
    },
    {
        "bookingid": 3741
    },
    {
        "bookingid": 996
    },
    {
        "bookingid": 1325
    },
    {
        "bookingid": 4457
    },
    {
        "bookingid": 2189
    },
    {
        "bookingid": 641
    },
    {
        "bookingid": 4413
    },
    {
        "bookingid": 3121
    },
    {
        "bookingid": 973
    },
    {
        "bookingid": 3502
    },
    {
        "bookingid": 2966
    },
    {
        "bookingid": 2266
    },
    {
        "bookingid": 1998
    },
    {
        "bookingid": 2781
    },
    {
        "bookingid": 3294
    },
    {
        "bookingid": 3419
    },
    {
        "bookingid": 2160
    },
    {
        "bookingid": 1779
    },
    {
        "bookingid": 2311
    },
    {
        "bookingid": 4266
    },
    {
        "bookingid": 874
    },
    {
        "bookingid": 428
    },
    {
        "bookingid": 3432
    },
    {
        "bookingid": 4628
    },
    {
        "bookingid": 3544
    },
    {
        "bookingid": 4014
    },
    {
        "bookingid": 4300
    },
    {
        "bookingid": 2826
    },
    {
        "bookingid": 573
    },
    {
        "bookingid": 4053
    },
    {
        "bookingid": 510
    },
    {
        "bookingid": 2207
    },
    {
        "bookingid": 191
    },
    {
        "bookingid": 1386
    },
    {
        "bookingid": 225
    },
    {
        "bookingid": 230
    },
    {
        "bookingid": 1976
    },
    {
        "bookingid": 4537
    },
    {
        "bookingid": 2549
    },
    {
        "bookingid": 2294
    },
    {
        "bookingid": 2493
    },
    {
        "bookingid": 2433
    },
    {
        "bookingid": 4572
    },
    {
        "bookingid": 52
    },
    {
        "bookingid": 1092
    },
    {
        "bookingid": 3106
    },
    {
        "bookingid": 1950
    },
    {
        "bookingid": 3507
    },
    {
        "bookingid": 3595
    },
    {
        "bookingid": 2346
    },
    {
        "bookingid": 1865
    },
    {
        "bookingid": 555
    },
    {
        "bookingid": 1619
    },
    {
        "bookingid": 2298
    },
    {
        "bookingid": 46
    },
    {
        "bookingid": 2854
    },
    {
        "bookingid": 3750
    },
    {
        "bookingid": 187
    },
    {
        "bookingid": 3651
    },
    {
        "bookingid": 2566
    },
    {
        "bookingid": 3159
    },
    {
        "bookingid": 168
    },
    {
        "bookingid": 598
    },
    {
        "bookingid": 3775
    },
    {
        "bookingid": 3638
    },
    {
        "bookingid": 2286
    },
    {
        "bookingid": 474
    },
    {
        "bookingid": 2895
    },
    {
        "bookingid": 2964
    },
    {
        "bookingid": 876
    },
    {
        "bookingid": 4109
    },
    {
        "bookingid": 371
    },
    {
        "bookingid": 2497
    },
    {
        "bookingid": 1045
    },
    {
        "bookingid": 3192
    },
    {
        "bookingid": 2167
    },
    {
        "bookingid": 1563
    },
    {
        "bookingid": 1323
    },
    {
        "bookingid": 4239
    },
    {
        "bookingid": 3180
    },
    {
        "bookingid": 3818
    },
    {
        "bookingid": 1991
    },
    {
        "bookingid": 302
    },
    {
        "bookingid": 2010
    },
    {
        "bookingid": 4474
    },
    {
        "bookingid": 3678
    },
    {
        "bookingid": 610
    },
    {
        "bookingid": 2308
    },
    {
        "bookingid": 3681
    },
    {
        "bookingid": 493
    },
    {
        "bookingid": 1106
    },
    {
        "bookingid": 1786
    },
    {
        "bookingid": 2083
    },
    {
        "bookingid": 4104
    }
]
]]></system-out>
  </testcase>
</testsuite>